
xcspmd: idm,jdm =   57   52

input file: ../expt_01.0/data/archv.0021_016_00.a
    region: ATLb2.00
blkini: iexpt  =     0
blkini: yrflag =     0
blkini: idm    =    57
blkini: jdm    =    52
blkini: kdm    =    22
blkinr: thbase =    25.0000 sig
blkini: nperfr =     1
blkini: lalolb =    10
blkini: lalogr =     5
blkini: loclab =     4
blkini: locbar =    13
blkini: kpalet =     5
blkinl: smooth =     F
blkinl: mthin  =     T
blkini: i_th   =     2
blkini: iorign =     1
blkini: jorign =    15
blkini: idmp   =    20
blkini: jdmp   =    20
extracting i =    1 ...   20         j =   15 ...   34
 chrsiz =  0.18586954 107.60235 107.60235
... plotting  1 maps per frame
COADS forcing: precip_zero; srelax;                                             
boundary relax; iniflg=2; KPP mixed layer; Jerlov IA;                           
Z(22): dp00/f/x=3m/1.125/12m; ATLb2.00/src_2.1.00_22.                           
12345678901234567890123456789012345678901234567890123456789012345678901234567890
 iversn =  21
 iexpt  =  10
 yrflag =  0
 idm    =  57
 jdm    =  52
field       time step  model day  k  dens        min              max
artype = 1
montg1   =     108000    7200.00  0  0.000  -2.3880370E+00   1.5416452E+01
input  montg1   into montg   
srfhgt   =     108000    7200.00  0  0.000  -8.1892319E+00   6.5884695E+00
input  srfhgt   into srfht   
surflx   =     108000    7200.00  0  0.000  -5.2793207E+02   1.3900906E+02
input  surflx   into surflx  
 time3 =  7200.0 7200.0 7200.0
salflx   =     108000    7200.00  0  0.000  -5.1400308E-02   6.3910098E-03
input  salflx   into salflx  
bl_dpth  =     108000    7200.00  0  0.000   2.9065035E+04   4.0260935E+06
input  bl_dpth  into dpbl    
mix_dpth =     108000    7200.00  0  0.000   2.8966975E+04   4.4041530E+06
input  mix_dpth into dpmixl  
tmix     =     108000    7200.00  0  0.000  -1.9401265E+00   3.1511477E+01
input  tmix     into tmix    
smix     =     108000    7200.00  0  0.000   2.8306360E+01   3.7239616E+01
input  smix     into smix    
thmix    =     108000    7200.00  0  0.000  -8.0970573E+00   2.5685017E+00
input  thmix    into thmix   
umix     =     108000    7200.00  0  0.000  -8.4013861E-01   4.3202648E-01
input  umix     into umix    
vmix     =     108000    7200.00  0  0.000  -2.7984291E-01   7.6682037E-01
input  vmix     into vmix    
u_btrop  =     108000    7200.00  0  0.000  -3.2425368E-01   5.1642954E-01
input  u_btrop  into ubaro   
v_btrop  =     108000    7200.00  0  0.000  -1.4655043E-01   5.3623492E-01
input  v_btrop  into vbaro   
u-vel.   =     108000    7200.00  1 19.500  -9.2772037E-01   4.8688263E-01
input  u-vel.   into u         1
v-vel.   =     108000    7200.00  1 19.500  -4.5999730E-01   7.3470306E-01
input  v-vel.   into v         1
thknss   =     108000    7200.00  1 19.500   2.9418000E+04   2.9418000E+04
input  thknss   into dp        1
temp     =     108000    7200.00  1 19.500  -1.9439366E+00   3.1506077E+01
input  temp     into temp      1
salin    =     108000    7200.00  1 19.500   2.8306360E+01   3.7239765E+01
input  salin    into saln      1
density  =     108000    7200.00  1 19.500  -8.0970573E+00   2.5690188E+00
input  density  into th3d      1
finished reading data for layer 19.50000
u-vel.   =     108000    7200.00  2 20.250  -8.3946538E-01   4.7569683E-01
input  u-vel.   into u         2
v-vel.   =     108000    7200.00  2 20.250  -4.6307650E-01   7.6345980E-01
input  v-vel.   into v         2
thknss   =     108000    7200.00  2 20.250   2.5365605E+04   1.1440030E+05
input  thknss   into dp        2
temp     =     108000    7200.00  2 20.250  -1.9228507E+00   3.1176327E+01
input  temp     into temp      2
salin    =     108000    7200.00  2 20.250   2.8800129E+01   3.7239716E+01
input  salin    into saln      2
density  =     108000    7200.00  2 20.250  -7.7266054E+00   2.5682213E+00
input  density  into th3d      2
finished reading data for layer 20.25000
u-vel.   =     108000    7200.00  3 21.000  -8.0945396E-01   4.7122565E-01
input  u-vel.   into u         3
v-vel.   =     108000    7200.00  3 21.000  -4.6216074E-01   7.8535861E-01
input  v-vel.   into v         3
thknss   =     108000    7200.00  3 21.000   3.2837539E+04   1.6163447E+05
input  thknss   into dp        3
temp     =     108000    7200.00  3 21.000  -1.8927773E+00   3.0967789E+01
input  temp     into temp      3
salin    =     108000    7200.00  3 21.000   3.1913038E+01   3.7239708E+01
input  salin    into saln      3
density  =     108000    7200.00  3 21.000  -4.3854856E+00   2.5679359E+00
input  density  into th3d      3
finished reading data for layer 21.00000
u-vel.   =     108000    7200.00  4 21.750  -7.7909195E-01   4.6915567E-01
input  u-vel.   into u         4
v-vel.   =     108000    7200.00  4 21.750  -4.5667124E-01   8.2797426E-01
input  v-vel.   into v         4
thknss   =     108000    7200.00  4 21.750   4.1886176E+04   1.8399845E+05
input  thknss   into dp        4
temp     =     108000    7200.00  4 21.750  -1.2995541E+00   3.0202200E+01
input  temp     into temp      4
salin    =     108000    7200.00  4 21.750   3.2195583E+01   3.7239697E+01
input  salin    into saln      4
density  =     108000    7200.00  4 21.750  -3.5972586E+00   2.5677905E+00
input  density  into th3d      4
finished reading data for layer 21.75000
u-vel.   =     108000    7200.00  5 22.500  -7.4282944E-01   4.6857110E-01
input  u-vel.   into u         5
v-vel.   =     108000    7200.00  5 22.500  -4.4394442E-01   7.6867557E-01
input  v-vel.   into v         5
thknss   =     108000    7200.00  5 22.500   1.4006010E+04   7.3514525E+05
input  thknss   into dp        5
temp     =     108000    7200.00  5 22.500  -1.2174859E+00   2.9181013E+01
input  temp     into temp      5
salin    =     108000    7200.00  5 22.500   3.2455116E+01   3.7239704E+01
input  salin    into saln      5
density  =     108000    7200.00  5 22.500  -2.9062858E+00   2.5677047E+00
input  density  into th3d      5
finished reading data for layer 22.50000
u-vel.   =     108000    7200.00  6 23.250  -4.9820063E-01   4.6916407E-01
input  u-vel.   into u         6
v-vel.   =     108000    7200.00  6 23.250  -4.8401779E-01   3.4411287E-01
input  v-vel.   into v         6
thknss   =     108000    7200.00  6 23.250   5.2850332E+04   1.5781436E+06
input  thknss   into dp        6
temp     =     108000    7200.00  6 23.250  -7.7910644E-01   2.8309362E+01
input  temp     into temp      6
salin    =     108000    7200.00  6 23.250   3.2631554E+01   3.7238605E+01
input  salin    into saln      6
density  =     108000    7200.00  6 23.250  -2.0405071E+00   2.5676515E+00
input  density  into th3d      6
finished reading data for layer 23.25000
u-vel.   =     108000    7200.00  7 24.000  -4.8263058E-01   5.4686838E-01
input  u-vel.   into u         7
v-vel.   =     108000    7200.00  7 24.000  -4.0186787E-01   9.8865354E-01
input  v-vel.   into v         7
thknss   =     108000    7200.00  7 24.000   1.4702638E+04   1.4545488E+06
input  thknss   into dp        7
temp     =     108000    7200.00  7 24.000  -7.7084804E-01   2.7796625E+01
input  temp     into temp      7
salin    =     108000    7200.00  7 24.000   3.2792088E+01   3.7203590E+01
input  salin    into saln      7
density  =     108000    7200.00  7 24.000  -1.2346998E+00   2.5676196E+00
input  density  into th3d      7
finished reading data for layer 24.00000
u-vel.   =     108000    7200.00  8 24.700  -4.3531609E-01   5.2007508E-01
input  u-vel.   into u         8
v-vel.   =     108000    7200.00  8 24.700  -2.7912709E-01   5.4007065E-01
input  v-vel.   into v         8
thknss   =     108000    7200.00  8 24.700   6.4037102E+04   1.5529274E+06
input  thknss   into dp        8
temp     =     108000    7200.00  8 24.700  -6.9628412E-01   2.5918373E+01
input  temp     into temp      8
salin    =     108000    7200.00  8 24.700   3.3034344E+01   3.7186069E+01
input  salin    into saln      8
density  =     108000    7200.00  8 24.700  -5.3615779E-01   2.5676029E+00
input  density  into th3d      8
finished reading data for layer 24.70000
u-vel.   =     108000    7200.00  9 25.280  -4.3876374E-01   1.0477375E+00
input  u-vel.   into u         9
v-vel.   =     108000    7200.00  9 25.280  -3.0358243E-01   5.3957748E-01
input  v-vel.   into v         9
thknss   =     108000    7200.00  9 25.280   3.6468824E+04   1.6452479E+06
input  thknss   into dp        9
temp     =     108000    7200.00  9 25.280  -4.3566975E-01   2.3796917E+01
input  temp     into temp      9
salin    =     108000    7200.00  9 25.280   3.3130260E+01   3.7081268E+01
input  salin    into saln      9
density  =     108000    7200.00  9 25.280   1.5995350E-01   2.5675981E+00
input  density  into th3d      9
finished reading data for layer 25.28000
u-vel.   =     108000    7200.00 10 25.770  -4.9011222E-01   4.8287690E-01
input  u-vel.   into u        10
v-vel.   =     108000    7200.00 10 25.770  -1.6810617E-01   3.9364511E-01
input  v-vel.   into v        10
thknss   =     108000    7200.00 10 25.770   7.5054469E+04   3.1943738E+06
input  thknss   into dp       10
temp     =     108000    7200.00 10 25.770  -4.3607342E-01   2.1042013E+01
input  temp     into temp     10
salin    =     108000    7200.00 10 25.770   3.3232880E+01   3.6731686E+01
input  salin    into saln     10
density  =     108000    7200.00 10 25.770   6.5810275E-01   2.5676038E+00
input  density  into th3d     10
finished reading data for layer 25.77000
u-vel.   =     108000    7200.00 11 26.180  -4.4726691E-01   4.8928508E-01
input  u-vel.   into u        11
v-vel.   =     108000    7200.00 11 26.180  -2.2686684E-01   7.8500539E-01
input  v-vel.   into v        11
thknss   =     108000    7200.00 11 26.180   1.6094238E+03   3.7808648E+06
input  thknss   into dp       11
temp     =     108000    7200.00 11 26.180  -4.3677652E-01   1.8459009E+01
input  temp     into temp     11
salin    =     108000    7200.00 11 26.180   3.3377312E+01   3.6339409E+01
input  salin    into saln     11
density  =     108000    7200.00 11 26.180   8.9456081E-01   2.5676205E+00
input  density  into th3d     11
finished reading data for layer 26.18000
u-vel.   =     108000    7200.00 12 26.520  -4.5386261E-01   4.9686134E-01
input  u-vel.   into u        12
v-vel.   =     108000    7200.00 12 26.520  -3.4249106E-01   2.3946032E-01
input  v-vel.   into v        12
thknss   =     108000    7200.00 12 26.520   9.3787067E+02   4.4544985E+06
input  thknss   into dp       12
temp     =     108000    7200.00 12 26.520  -4.3779460E-01   1.6619118E+01
input  temp     into temp     12
salin    =     108000    7200.00 12 26.520   3.3472954E+01   3.5977306E+01
input  salin    into saln     12
density  =     108000    7200.00 12 26.520   1.2335159E+00   2.5676486E+00
input  density  into th3d     12
finished reading data for layer 26.52000
u-vel.   =     108000    7200.00 13 26.800  -4.6978530E-01   5.0518483E-01
input  u-vel.   into u        13
v-vel.   =     108000    7200.00 13 26.800  -4.0148148E-01   2.4518465E-01
input  v-vel.   into v        13
thknss   =     108000    7200.00 13 26.800   1.6298145E-09   5.1212135E+06
input  thknss   into dp       13
temp     =     108000    7200.00 13 26.800  -4.4268191E-01   1.5220854E+01
input  temp     into temp     13
salin    =     108000    7200.00 13 26.800   3.3472172E+01   3.5739788E+01
input  salin    into saln     13
density  =     108000    7200.00 13 26.800   1.3881603E+00   2.7323332E+00
input  density  into th3d     13
finished reading data for layer 26.80000
u-vel.   =     108000    7200.00 14 27.030  -4.9036142E-01   5.1064324E-01
input  u-vel.   into u        14
v-vel.   =     108000    7200.00 14 27.030  -4.0193424E-01   2.4549076E-01
input  v-vel.   into v        14
thknss   =     108000    7200.00 14 27.030   0.0000000E+00   4.6922860E+06
input  thknss   into dp       14
temp     =     108000    7200.00 14 27.030   1.1026857E+00   1.3184839E+01
input  temp     into temp     14
salin    =     108000    7200.00 14 27.030   3.3747559E+01   3.5646572E+01
input  salin    into saln     14
density  =     108000    7200.00 14 27.030   1.7845305E+00   2.7345624E+00
input  density  into th3d     14
finished reading data for layer 27.03000
u-vel.   =     108000    7200.00 15 27.220  -5.2845347E-01   5.8103067E-01
input  u-vel.   into u        15
v-vel.   =     108000    7200.00 15 27.220  -4.0193424E-01   4.6461657E-01
input  v-vel.   into v        15
thknss   =     108000    7200.00 15 27.220   0.0000000E+00   3.7581535E+06
input  thknss   into dp       15
temp     =     108000    7200.00 15 27.220   1.1967876E+00   1.1829559E+01
input  temp     into temp     15
salin    =     108000    7200.00 15 27.220   3.3989101E+01   3.5487076E+01
input  salin    into saln     15
density  =     108000    7200.00 15 27.220   1.9714994E+00   2.7363274E+00
input  density  into th3d     15
finished reading data for layer 27.22000
u-vel.   =     108000    7200.00 16 27.380  -6.7536575E-01   2.8075260E-01
input  u-vel.   into u        16
v-vel.   =     108000    7200.00 16 27.380  -4.0193424E-01   2.4415947E-01
input  v-vel.   into v        16
thknss   =     108000    7200.00 16 27.380   0.0000000E+00   5.0544100E+06
input  thknss   into dp       16
temp     =     108000    7200.00 16 27.380   2.0729256E+00   1.0554555E+01
input  temp     into temp     16
salin    =     108000    7200.00 16 27.380   3.4269623E+01   3.5487076E+01
input  salin    into saln     16
density  =     108000    7200.00 16 27.380   2.0496557E+00   2.7173257E+00
input  density  into th3d     16
finished reading data for layer 27.38000
u-vel.   =     108000    7200.00 17 27.520  -3.5370505E-01   4.4477215E-01
input  u-vel.   into u        17
v-vel.   =     108000    7200.00 17 27.520  -4.0193424E-01   2.4562402E-01
input  v-vel.   into v        17
thknss   =     108000    7200.00 17 27.520   0.0000000E+00   4.8233665E+06
input  thknss   into dp       17
temp     =     108000    7200.00 17 27.520   2.9673049E+00   8.9919462E+00
input  temp     into temp     17
salin    =     108000    7200.00 17 27.520   3.4533741E+01   3.5487076E+01
input  salin    into saln     17
density  =     108000    7200.00 17 27.520   2.2936494E+00   2.7766159E+00
input  density  into th3d     17
finished reading data for layer 27.52000
u-vel.   =     108000    7200.00 18 27.640  -3.1391871E-01   2.4923998E-01
input  u-vel.   into u        18
v-vel.   =     108000    7200.00 18 27.640  -4.0193424E-01   2.4562402E-01
input  v-vel.   into v        18
thknss   =     108000    7200.00 18 27.640   0.0000000E+00   4.7129920E+06
input  thknss   into dp       18
temp     =     108000    7200.00 18 27.640   2.1561148E+00   8.9473391E+00
input  temp     into temp     18
salin    =     108000    7200.00 18 27.640   3.4601677E+01   3.5487076E+01
input  salin    into saln     18
density  =     108000    7200.00 18 27.640   2.3330531E+00   2.7949629E+00
input  density  into th3d     18
finished reading data for layer 27.64000
u-vel.   =     108000    7200.00 19 27.740  -7.1031702E-01   2.9497358E-01
input  u-vel.   into u        19
v-vel.   =     108000    7200.00 19 27.740  -4.5897350E-01   2.9385084E-01
input  v-vel.   into v        19
thknss   =     108000    7200.00 19 27.740   0.0000000E+00   1.1087375E+07
input  thknss   into dp       19
temp     =     108000    7200.00 19 27.740   1.2075204E+00   8.2124958E+00
input  temp     into temp     19
salin    =     108000    7200.00 19 27.740   3.4635746E+01   3.5487076E+01
input  salin    into saln     19
density  =     108000    7200.00 19 27.740   2.4493475E+00   2.8198578E+00
input  density  into th3d     19
finished reading data for layer 27.74000
u-vel.   =     108000    7200.00 20 27.820  -6.3265705E-01   2.4923998E-01
input  u-vel.   into u        20
v-vel.   =     108000    7200.00 20 27.820  -5.0446284E-01   2.4562402E-01
input  v-vel.   into v        20
thknss   =     108000    7200.00 20 27.820   0.0000000E+00   1.2503728E+07
input  thknss   into dp       20
temp     =     108000    7200.00 20 27.820   8.0989683E-01   6.8942456E+00
input  temp     into temp     20
salin    =     108000    7200.00 20 27.820   3.4702900E+01   3.5487076E+01
input  salin    into saln     20
density  =     108000    7200.00 20 27.820   2.6884785E+00   2.8803065E+00
input  density  into th3d     20
finished reading data for layer 27.82000
u-vel.   =     108000    7200.00 21 27.880  -3.8784248E-01   3.5069317E-01
input  u-vel.   into u        21
v-vel.   =     108000    7200.00 21 27.880  -4.0979251E-01   3.6765552E-01
input  v-vel.   into v        21
thknss   =     108000    7200.00 21 27.880   0.0000000E+00   2.7192000E+07
input  thknss   into dp       21
temp     =     108000    7200.00 21 27.880  -2.0514186E-01   6.4532018E+00
input  temp     into temp     21
salin    =     108000    7200.00 21 27.880   3.4702900E+01   3.5487076E+01
input  salin    into saln     21
density  =     108000    7200.00 21 27.880   2.8147783E+00   2.9407928E+00
input  density  into th3d     21
finished reading data for layer 27.88000
u-vel.   =     108000    7200.00 22 27.940  -4.2665884E-01   2.6883510E-01
input  u-vel.   into u        22
v-vel.   =     108000    7200.00 22 27.940  -4.0193424E-01   6.4321917E-01
input  v-vel.   into v        22
thknss   =     108000    7200.00 22 27.940   0.0000000E+00   1.1596153E+07
input  thknss   into dp       22
temp     =     108000    7200.00 22 27.940  -1.5618439E+00   5.9953637E+00
input  temp     into temp     22
salin    =     108000    7200.00 22 27.940   3.4702900E+01   3.5487076E+01
input  salin    into saln     22
density  =     108000    7200.00 22 27.940   2.9146059E+00   2.9976511E+00
input  density  into th3d     22
finished reading data for layer 27.94000
North Atlantic topography from ETOPO5 5-minute data set.                       
56 x 51 depth values (idm,jdm = 57,52).                                        
2.0000 deg. mercator resolution, with equat=11.000.                            
lon: 97.000W to 13.000E.  lat: 19.606S to 62.195N.                             
                                                                               
min,max depth =    199.556  5837.000
read North At into depths  
mask North At into coast   
plon:  min,max =       263.00000      375.00000
plat:  min,max =       -19.60579       63.11375
qlon:  min,max =       262.00000      374.00000
qlat:  min,max =       -20.54502       62.65800
ulon:  min,max =       262.00000      374.00000
ulat:  min,max =       -19.60579       63.11375
vlon:  min,max =       263.00000      375.00000
vlat:  min,max =       -20.54502       62.65800

sub-domain assumed to be non-periodic

bigrid called with ii,jj,ii1,jj1 =    20    20    19    19
indxi called with ii,jj,ii1,jj1 =    20    20    19    19
indxj called with ii,jj,ii1,jj1 =    20    20    19    19
indxi called with ii,jj,ii1,jj1 =    20    20    19    19
indxj called with ii,jj,ii1,jj1 =    20    20    19    19
indxi called with ii,jj,ii1,jj1 =    20    20    19    19
indxj called with ii,jj,ii1,jj1 =    20    20    19    19
indxi called with ii,jj,ii1,jj1 =    20    20    19    19
indxj called with ii,jj,ii1,jj1 =    20    20    19    19
      0 island points submerged
 calling portrait PostScript version of opngks
 filename: 010y021w_sub.ps
     defining earth color table: entries    1 --    3
     defining fc100 color table: entries    5 --  104
min -4.57E+01 at  13  19  max  6.72E+01 at  11  12  intvl.,lines  1.00E+01  11
 srfht =  -45.7182 67.18814 10.0
 now plotting:  year  20.00 (jan 16) [01.0H]
blkinr: botqq  =    -1.0000 m
blkinr: flxqq  =    -1.0000 cm
blkinr: empqq  =    -1.0000 mm/day
blkinr: ttrqq  =    -1.0000 deg/day
blkinr: strqq  =    -1.0000 psu/day
blkinr: icvqq  =    -1.0000 
blkinr: ithqq  =    -1.0000 m
blkinr: ictqq  =    -1.0000 deg
blkinr: sshqq  =     2.0000 cm
min -4.57E+01 at  13  19  max  6.72E+01 at  11  12  intvl.,lines  1.00E+01  11
 srfht =  -45.7182 67.18814 2.0
blkinr: center =     0.0000 cm
horplt called with idm,jdm,ii1,jj1 =    20    20    19    19
                        qlo,qhi,qq =-100.000 100.000   2.000
 horiz. map:  sea surf. height   year  20.00 (jan 16) [01.0H] 
horplt calling SET with arguments    0.040    0.960    0.040    0.960
bordplt - qlatlo,qlathi,qlatlon =       5.00     45.00      5.00
bordplt - qlonlo,qlonhi,qlatlon =     260.00    305.00      5.00
                      fflo,ffhi,qq =-100.000 100.000   2.000
 frame advance no.   1
blkinr: bsfqq  =    -1.0000 sv
blkinr: mthrsh =     0.0000 cm
blkinr: bltqq  =    -1.0000 m
blkinr: mltqq  =     6.0000 m
min  1.34E+01 at  18   2  max  2.86E+02 at  19  17  intvl.,lines  2.00E+01  13
horplt called with idm,jdm,ii1,jj1 =    20    20    19    19
                        qlo,qhi,qq =   1.200   1.200   1.200
horplt calling SET with arguments    0.040    0.960    0.040    0.960
blkinr: center =   300.0000 m
horplt called with idm,jdm,ii1,jj1 =    20    20    19    19
                        qlo,qhi,qq =   0.000 600.000   6.000
 horiz. map: mix.layr.thickness  year  20.00 (jan 16) [01.0H] 
horplt calling SET with arguments    0.040    0.960    0.040    0.960
                      fflo,ffhi,qq =   0.000 600.000   6.000
 frame advance no.   2
blkinr: sstqq  =    -1.0000 deg
blkinr: sssqq  =    -1.0000 psu
blkinr: ssdqq  =    -1.0000 sig
blkini: kf     =    -1
blkini: kl     =     1
blkinr: vthrsh =     0.0000 cm
blkinr: infqq  =    -1.0000 m
blkinr: thkqq  =    -1.0000 m
blkinr: temqq  =     0.3000 deg
min  1.82E+01 at  13  19  max  2.79E+01 at  10   2  intvl.,lines  5.00E-01  19
blkinr: center =    15.0000 deg
horplt called with idm,jdm,ii1,jj1 =    20    20    19    19
                        qlo,qhi,qq =   0.000  30.000   0.300
 horiz. map: layer=01   temp     year  20.00 (jan 16) [01.0H] 
horplt calling SET with arguments    0.040    0.960    0.040    0.960
                      fflo,ffhi,qq =   0.000  30.000   0.300
 frame advance no.   3
blkinr: salqq  =     0.0500 psu
blkinr: center =    35.0000 psu
horplt called with idm,jdm,ii1,jj1 =    20    20    19    19
                        qlo,qhi,qq =  32.500  37.500   0.050
 horiz. map: layer=01  salinity  year  20.00 (jan 16) [01.0H] 
horplt calling SET with arguments    0.040    0.960    0.040    0.960
                      fflo,ffhi,qq =  32.500  37.500   0.050
min  3.49E+01 at   9   2  max  3.65E+01 at  19  11  intvl.,lines  1.00E-01  16
 frame advance no.   4
blkinr: tthqq  =    -1.0000 sig
blkinr: sfnqq  =    -1.0000 sv
blkini: kf     =   -21
blkini: kl     =    22
blkinr: vthrsh =     0.0000 cm
blkinr: infqq  =    -1.0000 m
blkinr: thkqq  =    -1.0000 m
blkinr: temqq  =     0.1000 deg
min  2.33E+00 at   9   3  max  2.82E+00 at   8   7  intvl.,lines  5.00E-02   9
blkinr: center =     3.0000 deg
horplt called with idm,jdm,ii1,jj1 =    20    20    19    19
                        qlo,qhi,qq =  -2.000   8.000   0.100
 horiz. map: layer=21   temp     year  20.00 (jan 16) [01.0H] 
horplt calling SET with arguments    0.040    0.960    0.040    0.960
                      fflo,ffhi,qq =  -2.000   8.000   0.100
 frame advance no.   5
blkinr: salqq  =    -1.0000 psu
blkinr: tthqq  =    -1.0000 sig
blkinr: sfnqq  =    -1.0000 sv
min  1.68E+00 at  13   9  max  1.98E+00 at  12  11  intvl.,lines  2.00E-02  14
horplt called with idm,jdm,ii1,jj1 =    20    20    19    19
                        qlo,qhi,qq =  -2.000   8.000   0.100
 horiz. map: layer=22   temp     year  20.00 (jan 16) [01.0H] 
horplt calling SET with arguments    0.040    0.960    0.040    0.960
                      fflo,ffhi,qq =  -2.000   8.000   0.100
 frame advance no.   6
blkini: kf     =     0
blkinr: depth  =   900.0000 m
blkinr: vstep  =     1.0000 
blkinr: velqq  =    -1.0000 cm/s
blkinr: center =     0.0000 cm/s
blkinr: temqq  =     0.4000 deg
blkinr: center =    15.2000 deg
blkinr: salqq  =     0.0750 psu
blkinr: center =    35.0000 psu
blkinr: tthqq  =    -1.0000 sig
blkinr: center =    26.0000 sig
blkini: mxlflg =     2
blkini: kpalet =     2
       defining sst color table: entries  107 --  170
blkini: noisec =     4
blkini: isec   =     4
 next section at  i,lon=    4    -91.00
xsecij - ia,ilo,xlo =     4    3  -91.000
 cross section: temperature merid.sec. 91.00w   year  20.00 (jan 16) [01.0H]
min  5.11E+00 at  11   1  max  2.59E+01 at   7  80  intvl.,lines  1.00E+00  20
xsecij - contour    =   1.0000E+00  5.1093E+00  2.5934E+01
xsecij - qq,qlo,qhi =   4.0000E-01  2.4000E+00  2.8000E+01
colors set to 0.750 0.625 0.500     (color index   3)   ierr =  0
xsecij - ia,ilo,xlo =     4    3  -91.000
 cross section: salinity merid.sec. 91.00w   year  20.00 (jan 16) [01.0H]
min  3.49E+01 at   8  36  max  3.63E+01 at   8  71  intvl.,lines  1.00E-01  13
xsecij - contour    =   1.0000E-01  3.4930E+01  3.6255E+01
xsecij - qq,qlo,qhi =   7.5000E-02  3.2600E+01  3.7400E+01
colors set to 0.750 0.625 0.500     (color index   3)   ierr =  0
 frame advance no.   7
blkini: isec   =     8
 next section at  i,lon=    8    -83.00
xsecij - ia,ilo,xlo =     8    7  -83.000
 cross section: temperature merid.sec. 83.00w   year  20.00 (jan 16) [01.0H]
min  4.86E+00 at  10  12  max  2.75E+01 at   3  80  intvl.,lines  2.00E+00  11
xsecij - contour    =   2.0000E+00  4.8645E+00  2.7535E+01
xsecij - qq,qlo,qhi =   4.0000E-01  2.4000E+00  2.8000E+01
colors set to 0.750 0.625 0.500     (color index   3)   ierr =  0
xsecij - ia,ilo,xlo =     8    7  -83.000
 cross section: salinity merid.sec. 83.00w   year  20.00 (jan 16) [01.0H]
min  3.49E+01 at   5  24  max  3.64E+01 at   4  67  intvl.,lines  1.00E-01  15
xsecij - contour    =   1.0000E-01  3.4890E+01  3.6409E+01
xsecij - qq,qlo,qhi =   7.5000E-02  3.2600E+01  3.7400E+01
colors set to 0.750 0.625 0.500     (color index   3)   ierr =  0
 frame advance no.   8
blkini: isec   =    12
 next section at  i,lon=   12    -75.00
xsecij - ia,ilo,xlo =    12   11  -75.000
 cross section: temperature merid.sec. 75.00w   year  20.00 (jan 16) [01.0H]
min  4.20E+00 at  17  24  max  2.75E+01 at   2  77  intvl.,lines  2.00E+00  11
xsecij - contour    =   2.0000E+00  4.2020E+00  2.7489E+01
xsecij - qq,qlo,qhi =   4.0000E-01  2.4000E+00  2.8000E+01
colors set to 0.750 0.625 0.500     (color index   3)   ierr =  0
xsecij - ia,ilo,xlo =    12   11  -75.000
 cross section: salinity merid.sec. 75.00w   year  20.00 (jan 16) [01.0H]
min  3.48E+01 at   4  25  max  3.64E+01 at   4  68  intvl.,lines  1.00E-01  15
xsecij - contour    =   1.0000E-01  3.4833E+01  3.6430E+01
xsecij - qq,qlo,qhi =   7.5000E-02  3.2600E+01  3.7400E+01
colors set to 0.750 0.625 0.500     (color index   3)   ierr =  0
 frame advance no.   9
blkini: isec   =    16
 next section at  i,lon=   16    -67.00
xsecij - ia,ilo,xlo =    16   15  -67.000
 cross section: temperature merid.sec. 67.00w   year  20.00 (jan 16) [01.0H]
min  4.17E+00 at  19   1  max  2.77E+01 at   3  80  intvl.,lines  2.00E+00  11
xsecij - contour    =   2.0000E+00  4.1704E+00  2.7728E+01
xsecij - qq,qlo,qhi =   4.0000E-01  2.4000E+00  2.8000E+01
colors set to 0.750 0.625 0.500     (color index   3)   ierr =  0
xsecij - ia,ilo,xlo =    16   15  -67.000
 cross section: salinity merid.sec. 67.00w   year  20.00 (jan 16) [01.0H]
min  3.48E+01 at   4   7  max  3.65E+01 at   5  68  intvl.,lines  1.00E-01  17
xsecij - contour    =   1.0000E-01  3.4778E+01  3.6495E+01
xsecij - qq,qlo,qhi =   7.5000E-02  3.2600E+01  3.7400E+01
colors set to 0.750 0.625 0.500     (color index   3)   ierr =  0
 frame advance no.  10
blkini: nojsec =     5
blkini: jsec   =     2
 next section at  j,lat =    2      9.95
xsecij - ja,jla,xla =     2    1    9.950
 cross section: temperature zonal sec.  9.95n   year  20.00 (jan 16) [01.0H]
min  6.08E+00 at  10   1  max  2.79E+01 at  10  80  intvl.,lines  1.00E+00  21
xsecij - contour    =   1.0000E+00  6.0828E+00  2.7906E+01
xsecij - qq,qlo,qhi =   4.0000E-01  2.4000E+00  2.8000E+01
colors set to 0.750 0.625 0.500     (color index   3)   ierr =  0
ATLb2.00,x =     2.440
xsecij - ja,jla,xla =     2    1    9.950
 cross section: salinity zonal sec.  9.95n   year  20.00 (jan 16) [01.0H]
min  3.47E+01 at  19  35  max  3.64E+01 at   9  71  intvl.,lines  1.00E-01  16
xsecij - contour    =   1.0000E-01  3.4703E+01  3.6397E+01
xsecij - qq,qlo,qhi =   7.5000E-02  3.2600E+01  3.7400E+01
colors set to 0.750 0.625 0.500     (color index   3)   ierr =  0
ATLb2.00,x =     2.440
 frame advance no.  11
blkini: jsec   =     6
 next section at  j,lat =    6     17.71
xsecij - ja,jla,xla =     6    5   17.711
 cross section: temperature zonal sec. 17.71n   year  20.00 (jan 16) [01.0H]
min  5.98E+00 at   8   3  max  2.76E+01 at  14  72  intvl.,lines  1.00E+00  21
xsecij - contour    =   1.0000E+00  5.9792E+00  2.7560E+01
xsecij - qq,qlo,qhi =   4.0000E-01  2.4000E+00  2.8000E+01
colors set to 0.750 0.625 0.500     (color index   3)   ierr =  0
xsecij - ja,jla,xla =     6    5   17.711
 cross section: salinity zonal sec. 17.71n   year  20.00 (jan 16) [01.0H]
min  3.48E+01 at  19   1  max  3.66E+01 at  19  68  intvl.,lines  1.00E-01  17
xsecij - contour    =   1.0000E-01  3.4792E+01  3.6573E+01
xsecij - qq,qlo,qhi =   7.5000E-02  3.2600E+01  3.7400E+01
colors set to 0.750 0.625 0.500     (color index   3)   ierr =  0
 frame advance no.  12
blkini: jsec   =    10
 next section at  j,lat =   10     25.15
xsecij - ja,jla,xla =    10    9   25.151
 cross section: temperature zonal sec. 25.15n   year  20.00 (jan 16) [01.0H]
min  4.86E+00 at   8  12  max  2.60E+01 at   1  79  intvl.,lines  1.00E+00  21
xsecij - contour    =   1.0000E+00  4.8645E+00  2.5951E+01
xsecij - qq,qlo,qhi =   4.0000E-01  2.4000E+00  2.8000E+01
colors set to 0.750 0.625 0.500     (color index   3)   ierr =  0
xsecij - ja,jla,xla =    10    9   25.151
 cross section: salinity zonal sec. 25.15n   year  20.00 (jan 16) [01.0H]
min  3.49E+01 at  19   1  max  3.65E+01 at  19  80  intvl.,lines  1.00E-01  16
xsecij - contour    =   1.0000E-01  3.4865E+01  3.6486E+01
xsecij - qq,qlo,qhi =   7.5000E-02  3.2600E+01  3.7400E+01
colors set to 0.750 0.625 0.500     (color index   3)   ierr =  0
 frame advance no.  13
blkini: jsec   =    14
 next section at  j,lat =   14     32.16
xsecij - ja,jla,xla =    14   13   32.164
 cross section: temperature zonal sec. 32.16n   year  20.00 (jan 16) [01.0H]
min  4.24E+00 at  11   1  max  2.47E+01 at  10  79  intvl.,lines  1.00E+00  20
xsecij - contour    =   1.0000E+00  4.2410E+00  2.4682E+01
xsecij - qq,qlo,qhi =   4.0000E-01  2.4000E+00  2.8000E+01
colors set to 0.750 0.625 0.500     (color index   3)   ierr =  0
xsecij - ja,jla,xla =    14   13   32.164
 cross section: salinity zonal sec. 32.16n   year  20.00 (jan 16) [01.0H]
min  3.49E+01 at  15   1  max  3.63E+01 at  19  74  intvl.,lines  1.00E-01  13
xsecij - contour    =   1.0000E-01  3.4942E+01  3.6305E+01
xsecij - qq,qlo,qhi =   7.5000E-02  3.2600E+01  3.7400E+01
colors set to 0.750 0.625 0.500     (color index   3)   ierr =  0
 frame advance no.  14
blkini: jsec   =    18
 next section at  j,lat =   18     38.68
xsecij - ja,jla,xla =    18   17   38.676
 cross section: temperature zonal sec. 38.68n   year  20.00 (jan 16) [01.0H]
min  4.19E+00 at  14   1  max  2.19E+01 at  12  79  intvl.,lines  1.00E+00  17
xsecij - contour    =   1.0000E+00  4.1913E+00  2.1868E+01
xsecij - qq,qlo,qhi =   4.0000E-01  2.4000E+00  2.8000E+01
colors set to 0.750 0.625 0.500     (color index   3)   ierr =  0
xsecij - ja,jla,xla =    18   17   38.676
 cross section: salinity zonal sec. 38.68n   year  20.00 (jan 16) [01.0H]
min  3.50E+01 at  13  30  max  3.62E+01 at  12  70  intvl.,lines  1.00E-01  12
xsecij - contour    =   1.0000E-01  3.4966E+01  3.6207E+01
xsecij - qq,qlo,qhi =   7.5000E-02  3.2600E+01  3.7400E+01
colors set to 0.750 0.625 0.500     (color index   3)   ierr =  0
 frame advance no.  15
STOP: (normal)
