
xcspmd: idm,jdm =   57   52

input file: ../expt_01.0/data/archv.0020_196_00.a
    region: ATLb2.00
blkini: iexpt  =     0
blkini: yrflag =     0
blkini: idm    =    57
blkini: jdm    =    52
blkini: kdm    =    22
blkinr: thbase =    25.0000 sig
blkini: nperfr =     1
blkini: lalolb =    20
blkini: lalogr =    10
blkini: loclab =     4
blkini: locbar =    11
blkini: kpalet =     5
blkinl: smooth =     F
blkinl: mthin  =     T
blkini: i_th   =     2
blkini: iorign =     1
blkini: jorign =     1
blkini: idmp   =     0
blkini: jdmp   =     0
extracting i =    1 ...   57         j =    1 ...   52
 chrsiz =  0.547826 104.04764 94.920654
... plotting  1 maps per frame
COADS forcing: precip_zero; srelax;                                             
boundary relax; iniflg=2; KPP mixed layer; Jerlov IA;                           
Z(22): dp00/f/x=3m/1.125/12m; ATLb2.00/src_2.1.00_22.                           
12345678901234567890123456789012345678901234567890123456789012345678901234567890
 iversn =  21
 iexpt  =  10
 yrflag =  0
 idm    =  57
 jdm    =  52
field       time step  model day  k  dens        min              max
artype = 1
montg1   =     105300    7020.00  0  0.000  -1.7323543E+00   1.5081903E+01
input  montg1   into montg   
srfhgt   =     105300    7020.00  0  0.000  -8.0423594E+00   6.5914545E+00
input  srfhgt   into srfht   
surflx   =     105300    7020.00  0  0.000  -1.1302271E+02   1.4978120E+02
input  surflx   into surflx  
 time3 =  7020.0 7020.0 7020.0
salflx   =     105300    7020.00  0  0.000  -6.8834655E-02   9.5527684E-03
input  salflx   into salflx  
bl_dpth  =     105300    7020.00  0  0.000   2.8690332E+04   7.0034344E+05
input  bl_dpth  into dpbl    
mix_dpth =     105300    7020.00  0  0.000   2.8592271E+04   7.8003756E+05
input  mix_dpth into dpmixl  
tmix     =     105300    7020.00  0  0.000   6.4258113E+00   3.2152699E+01
input  tmix     into tmix    
smix     =     105300    7020.00  0  0.000   2.8489309E+01   3.7251114E+01
input  smix     into smix    
thmix    =     105300    7020.00  0  0.000  -7.6455994E+00   1.9388539E+00
input  thmix    into thmix   
umix     =     105300    7020.00  0  0.000  -9.0677106E-01   6.7244947E-01
input  umix     into umix    
vmix     =     105300    7020.00  0  0.000  -5.9133273E-01   1.1656760E+00
input  vmix     into vmix    
u_btrop  =     105300    7020.00  0  0.000  -3.1419799E-01   4.7472474E-01
input  u_btrop  into ubaro   
v_btrop  =     105300    7020.00  0  0.000  -2.8101215E-01   4.5094499E-01
input  v_btrop  into vbaro   
u-vel.   =     105300    7020.00  1 19.500  -9.3990272E-01   7.0640188E-01
input  u-vel.   into u         1
v-vel.   =     105300    7020.00  1 19.500  -5.4396725E-01   1.1617306E+00
input  v-vel.   into v         1
thknss   =     105300    7020.00  1 19.500   2.9418000E+04   2.9418000E+04
input  thknss   into dp        1
temp     =     105300    7020.00  1 19.500   6.4237719E+00   3.2152699E+01
input  temp     into temp      1
salin    =     105300    7020.00  1 19.500   2.8540184E+01   3.7275261E+01
input  salin    into saln      1
density  =     105300    7020.00  1 19.500  -7.6078453E+00   1.9325775E+00
input  density  into th3d      1
finished reading data for layer 19.50000
u-vel.   =     105300    7020.00  2 20.250  -8.6972946E-01   5.6938726E-01
input  u-vel.   into u         2
v-vel.   =     105300    7020.00  2 20.250  -6.3485789E-01   9.9071568E-01
input  v-vel.   into v         2
thknss   =     105300    7020.00  2 20.250   3.3095250E+04   1.2426506E+05
input  thknss   into dp        2
temp     =     105300    7020.00  2 20.250   4.8055325E+00   3.1915300E+01
input  temp     into temp      2
salin    =     105300    7020.00  2 20.250   3.1005508E+01   3.7274403E+01
input  salin    into saln      2
density  =     105300    7020.00  2 20.250  -5.2642727E+00   1.9356149E+00
input  density  into th3d      2
finished reading data for layer 20.25000
u-vel.   =     105300    7020.00  3 21.000  -8.2150841E-01   6.0772854E-01
input  u-vel.   into u         3
v-vel.   =     105300    7020.00  3 21.000  -5.8297497E-01   9.5849079E-01
input  v-vel.   into v         3
thknss   =     105300    7020.00  3 21.000   2.9455301E+04   1.0754011E+05
input  thknss   into dp        3
temp     =     105300    7020.00  3 21.000   3.2555468E+00   3.1170696E+01
input  temp     into temp      3
salin    =     105300    7020.00  3 21.000   3.1930166E+01   3.7273872E+01
input  salin    into saln      3
density  =     105300    7020.00  3 21.000  -4.2031784E+00   2.0971282E+00
input  density  into th3d      3
finished reading data for layer 21.00000
u-vel.   =     105300    7020.00  4 21.750  -7.8918380E-01   6.2863064E-01
input  u-vel.   into u         4
v-vel.   =     105300    7020.00  4 21.750  -4.4806090E-01   8.2955164E-01
input  v-vel.   into v         4
thknss   =     105300    7020.00  4 21.750   4.1886176E+04   3.5665800E+05
input  thknss   into dp        4
temp     =     105300    7020.00  4 21.750   2.3890975E+00   3.0542198E+01
input  temp     into temp      4
salin    =     105300    7020.00  4 21.750   3.2557434E+01   3.7273430E+01
input  salin    into saln      4
density  =     105300    7020.00  4 21.750  -3.4332907E+00   2.2076457E+00
input  density  into th3d      4
finished reading data for layer 21.75000
u-vel.   =     105300    7020.00  5 22.500  -7.5427234E-01   6.1045140E-01
input  u-vel.   into u         5
v-vel.   =     105300    7020.00  5 22.500  -4.7066703E-01   7.3907357E-01
input  v-vel.   into v         5
thknss   =     105300    7020.00  5 22.500   3.4161658E+03   7.6447944E+05
input  thknss   into dp        5
temp     =     105300    7020.00  5 22.500   1.7115990E+00   3.0343014E+01
input  temp     into temp      5
salin    =     105300    7020.00  5 22.500   3.2882439E+01   3.7273010E+01
input  salin    into saln      5
density  =     105300    7020.00  5 22.500  -3.0774374E+00   2.2952425E+00
input  density  into th3d      5
finished reading data for layer 22.50000
u-vel.   =     105300    7020.00  6 23.250  -8.1530464E-01   7.2300535E-01
input  u-vel.   into u         6
v-vel.   =     105300    7020.00  6 23.250  -6.7274833E-01   6.3635629E-01
input  v-vel.   into v         6
thknss   =     105300    7020.00  6 23.250   4.9916535E+04   1.0421362E+06
input  thknss   into dp        6
temp     =     105300    7020.00  6 23.250   1.3567967E+00   2.8492064E+01
input  temp     into temp      6
salin    =     105300    7020.00  6 23.250   3.3124157E+01   3.7272572E+01
input  salin    into saln      6
density  =     105300    7020.00  6 23.250  -2.4443009E+00   2.3460481E+00
input  density  into th3d      6
finished reading data for layer 23.25000
u-vel.   =     105300    7020.00  7 24.000  -9.0905714E-01   9.3524837E-01
input  u-vel.   into u         7
v-vel.   =     105300    7020.00  7 24.000  -5.1141721E-01   8.4730470E-01
input  v-vel.   into v         7
thknss   =     105300    7020.00  7 24.000   9.3723369E+03   8.8807556E+05
input  thknss   into dp        7
temp     =     105300    7020.00  7 24.000   1.1254518E+00   2.7267202E+01
input  temp     into temp      7
salin    =     105300    7020.00  7 24.000   3.3331028E+01   3.7272072E+01
input  salin    into saln      7
density  =     105300    7020.00  7 24.000  -1.2826076E+00   2.3857715E+00
input  density  into th3d      7
finished reading data for layer 24.00000
u-vel.   =     105300    7020.00  8 24.700  -1.0450557E+00   9.7865283E-01
input  u-vel.   into u         8
v-vel.   =     105300    7020.00  8 24.700  -3.7972242E-01   5.7043064E-01
input  v-vel.   into v         8
thknss   =     105300    7020.00  8 24.700   6.6691484E+04   1.2247259E+06
input  thknss   into dp        8
temp     =     105300    7020.00  8 24.700   7.7728146E-01   2.5659592E+01
input  temp     into temp      8
salin    =     105300    7020.00  8 24.700   3.3490204E+01   3.7132130E+01
input  salin    into saln      8
density  =     105300    7020.00  8 24.700  -7.0578289E-01   2.4184849E+00
input  density  into th3d      8
finished reading data for layer 24.70000
u-vel.   =     105300    7020.00  9 25.280  -1.2538152E+00   1.0945349E+00
input  u-vel.   into u         9
v-vel.   =     105300    7020.00  9 25.280  -4.2973948E-01   5.6429988E-01
input  v-vel.   into v         9
thknss   =     105300    7020.00  9 25.280   1.3975449E+04   1.4072700E+06
input  thknss   into dp        9
temp     =     105300    7020.00  9 25.280   5.2848023E-01   2.4086590E+01
input  temp     into temp      9
salin    =     105300    7020.00  9 25.280   3.3575790E+01   3.7195309E+01
input  salin    into saln      9
density  =     105300    7020.00  9 25.280  -8.4690906E-02   2.4586279E+00
input  density  into th3d      9
finished reading data for layer 25.28000
u-vel.   =     105300    7020.00 10 25.770  -8.9454859E-01   6.5547633E-01
input  u-vel.   into u        10
v-vel.   =     105300    7020.00 10 25.770  -6.6683310E-01   6.1507207E-01
input  v-vel.   into v        10
thknss   =     105300    7020.00 10 25.770   8.0467812E+04   3.7992148E+06
input  thknss   into dp       10
temp     =     105300    7020.00 10 25.770   5.0739300E-01   2.1274055E+01
input  temp     into temp     10
salin    =     105300    7020.00 10 25.770   3.3615894E+01   3.6772812E+01
input  salin    into saln     10
density  =     105300    7020.00 10 25.770   6.2251008E-01   2.5028937E+00
input  density  into th3d     10
finished reading data for layer 25.77000
u-vel.   =     105300    7020.00 11 26.180  -5.4879248E-01   5.3113616E-01
input  u-vel.   into u        11
v-vel.   =     105300    7020.00 11 26.180  -2.7016073E-01   3.6838073E-01
input  v-vel.   into v        11
thknss   =     105300    7020.00 11 26.180   7.5720344E+04   4.1749530E+06
input  thknss   into dp       11
temp     =     105300    7020.00 11 26.180   5.7020772E-01   1.8582340E+01
input  temp     into temp     11
salin    =     105300    7020.00 11 26.180   3.3629898E+01   3.6372620E+01
input  salin    into saln     11
density  =     105300    7020.00 11 26.180   1.0381583E+00   2.5286326E+00
input  density  into th3d     11
finished reading data for layer 26.18000
u-vel.   =     105300    7020.00 12 26.520  -5.4768795E-01   5.3231901E-01
input  u-vel.   into u        12
v-vel.   =     105300    7020.00 12 26.520  -4.6341479E-01   3.2142511E-01
input  v-vel.   into v        12
thknss   =     105300    7020.00 12 26.520   5.5627871E+04   4.5143715E+06
input  thknss   into dp       12
temp     =     105300    7020.00 12 26.520   6.5293676E-01   1.6414715E+01
input  temp     into temp     12
salin    =     105300    7020.00 12 26.520   3.3658588E+01   3.5990826E+01
input  salin    into saln     12
density  =     105300    7020.00 12 26.520   1.2596995E+00   2.5471108E+00
input  density  into th3d     12
finished reading data for layer 26.52000
u-vel.   =     105300    7020.00 13 26.800  -5.4662436E-01   5.3008252E-01
input  u-vel.   into u        13
v-vel.   =     105300    7020.00 13 26.800  -4.4004112E-01   2.8327122E-01
input  v-vel.   into v        13
thknss   =     105300    7020.00 13 26.800   9.7378390E-05   4.8514795E+06
input  thknss   into dp       13
temp     =     105300    7020.00 13 26.800   7.1883541E-01   1.4775775E+01
input  temp     into temp     13
salin    =     105300    7020.00 13 26.800   3.3796841E+01   3.5686573E+01
input  salin    into saln     13
density  =     105300    7020.00 13 26.800   1.4983083E+00   2.5678859E+00
input  density  into th3d     13
finished reading data for layer 26.80000
u-vel.   =     105300    7020.00 14 27.030  -5.1221454E-01   4.8485774E-01
input  u-vel.   into u        14
v-vel.   =     105300    7020.00 14 27.030  -4.4012231E-01   4.4445673E-01
input  v-vel.   into v        14
thknss   =     105300    7020.00 14 27.030   3.9581209E-09   4.9515265E+06
input  thknss   into dp       14
temp     =     105300    7020.00 14 27.030   9.2181444E-01   1.3660891E+01
input  temp     into temp     14
salin    =     105300    7020.00 14 27.030   3.3907932E+01   3.5590176E+01
input  salin    into saln     14
density  =     105300    7020.00 14 27.030   1.6346800E+00   2.5891750E+00
input  density  into th3d     14
finished reading data for layer 27.03000
u-vel.   =     105300    7020.00 15 27.220  -5.7277286E-01   5.9757823E-01
input  u-vel.   into u        15
v-vel.   =     105300    7020.00 15 27.220  -4.4012231E-01   3.2457626E-01
input  v-vel.   into v        15
thknss   =     105300    7020.00 15 27.220   0.0000000E+00   2.8915250E+06
input  thknss   into dp       15
temp     =     105300    7020.00 15 27.220   1.2066691E+00   1.0655537E+01
input  temp     into temp     15
salin    =     105300    7020.00 15 27.220   3.4001759E+01   3.5440201E+01
input  salin    into saln     15
density  =     105300    7020.00 15 27.220   2.0102165E+00   2.6490610E+00
input  density  into th3d     15
finished reading data for layer 27.22000
u-vel.   =     105300    7020.00 16 27.380  -7.7297658E-01   6.1063790E-01
input  u-vel.   into u        16
v-vel.   =     105300    7020.00 16 27.380  -4.4012231E-01   2.7876088E-01
input  v-vel.   into v        16
thknss   =     105300    7020.00 16 27.380   0.0000000E+00   5.2578180E+06
input  thknss   into dp       16
temp     =     105300    7020.00 16 27.380   1.7710241E+00   1.0135424E+01
input  temp     into temp     16
salin    =     105300    7020.00 16 27.380   3.4241467E+01   3.5440201E+01
input  salin    into saln     16
density  =     105300    7020.00 16 27.380   2.0893614E+00   2.7178276E+00
input  density  into th3d     16
finished reading data for layer 27.38000
u-vel.   =     105300    7020.00 17 27.520  -5.1221454E-01   3.6783713E-01
input  u-vel.   into u        17
v-vel.   =     105300    7020.00 17 27.520  -4.4012231E-01   2.1153069E-01
input  v-vel.   into v        17
thknss   =     105300    7020.00 17 27.520   0.0000000E+00   5.3260110E+06
input  thknss   into dp       17
temp     =     105300    7020.00 17 27.520   2.5773296E+00   9.2376261E+00
input  temp     into temp     17
salin    =     105300    7020.00 17 27.520   3.4461861E+01   3.5440201E+01
input  salin    into saln     17
density  =     105300    7020.00 17 27.520   2.2979159E+00   2.7384164E+00
input  density  into th3d     17
finished reading data for layer 27.52000
u-vel.   =     105300    7020.00 18 27.640  -5.1221454E-01   4.3938750E-01
input  u-vel.   into u        18
v-vel.   =     105300    7020.00 18 27.640  -4.4012231E-01   3.5010099E-01
input  v-vel.   into v        18
thknss   =     105300    7020.00 18 27.640   0.0000000E+00   5.1989000E+06
input  thknss   into dp       18
temp     =     105300    7020.00 18 27.640   2.3706610E+00   7.8889694E+00
input  temp     into temp     18
salin    =     105300    7020.00 18 27.640   3.4624107E+01   3.5440201E+01
input  salin    into saln     18
density  =     105300    7020.00 18 27.640   2.3133364E+00   2.7400000E+00
input  density  into th3d     18
finished reading data for layer 27.64000
u-vel.   =     105300    7020.00 19 27.740  -7.1430260E-01   3.0141398E-01
input  u-vel.   into u        19
v-vel.   =     105300    7020.00 19 27.740  -8.4281719E-01   3.7242746E-01
input  v-vel.   into v        19
thknss   =     105300    7020.00 19 27.740   0.0000000E+00   1.1201142E+07
input  thknss   into dp       19
temp     =     105300    7020.00 19 27.740   1.0587543E+00   7.2628632E+00
input  temp     into temp     19
salin    =     105300    7020.00 19 27.740   3.4624107E+01   3.5440201E+01
input  salin    into saln     19
density  =     105300    7020.00 19 27.740   2.5922496E+00   2.8202770E+00
input  density  into th3d     19
finished reading data for layer 27.74000
u-vel.   =     105300    7020.00 20 27.820  -5.9424877E-01   3.0141398E-01
input  u-vel.   into u        20
v-vel.   =     105300    7020.00 20 27.820  -4.4012231E-01   3.7242746E-01
input  v-vel.   into v        20
thknss   =     105300    7020.00 20 27.820   0.0000000E+00   1.1882836E+07
input  thknss   into dp       20
temp     =     105300    7020.00 20 27.820  -2.7487293E-01   7.2127304E+00
input  temp     into temp     20
salin    =     105300    7020.00 20 27.820   3.4624107E+01   3.5440201E+01
input  salin    into saln     20
density  =     105300    7020.00 20 27.820   2.6059501E+00   2.8802207E+00
input  density  into th3d     20
finished reading data for layer 27.82000
u-vel.   =     105300    7020.00 21 27.880  -5.9681445E-01   3.0938390E-01
input  u-vel.   into u        21
v-vel.   =     105300    7020.00 21 27.880  -4.4012231E-01   3.7242746E-01
input  v-vel.   into v        21
thknss   =     105300    7020.00 21 27.880   0.0000000E+00   2.7087160E+07
input  thknss   into dp       21
temp     =     105300    7020.00 21 27.880  -1.6760786E+00   6.1726923E+00
input  temp     into temp     21
salin    =     105300    7020.00 21 27.880   3.4624107E+01   3.5440201E+01
input  salin    into saln     21
density  =     105300    7020.00 21 27.880   2.8219953E+00   2.9400997E+00
input  density  into th3d     21
finished reading data for layer 27.88000
u-vel.   =     105300    7020.00 22 27.940  -5.1221454E-01   3.0141398E-01
input  u-vel.   into u        22
v-vel.   =     105300    7020.00 22 27.940  -4.4012231E-01   3.7242746E-01
input  v-vel.   into v        22
thknss   =     105300    7020.00 22 27.940   0.0000000E+00   1.1589839E+07
input  thknss   into dp       22
temp     =     105300    7020.00 22 27.940  -4.2624121E+00   5.7029500E+00
input  temp     into temp     22
salin    =     105300    7020.00 22 27.940   3.4643459E+01   3.5440201E+01
input  salin    into saln     22
density  =     105300    7020.00 22 27.940   2.8839071E+00   2.9691081E+00
input  density  into th3d     22
finished reading data for layer 27.94000
North Atlantic topography from ETOPO5 5-minute data set.                       
56 x 51 depth values (idm,jdm = 57,52).                                        
2.0000 deg. mercator resolution, with equat=11.000.                            
lon: 97.000W to 13.000E.  lat: 19.606S to 62.195N.                             
                                                                               
min,max depth =    199.556  5837.000
read North At into depths  
mask North At into coast   
plon:  min,max =       263.00000      375.00000
plat:  min,max =       -19.60579       63.11375
qlon:  min,max =       262.00000      374.00000
qlat:  min,max =       -20.54502       62.65800
ulon:  min,max =       262.00000      374.00000
ulat:  min,max =       -19.60579       63.11375
vlon:  min,max =       263.00000      375.00000
vlat:  min,max =       -20.54502       62.65800

sub-domain assumed to be non-periodic

bigrid called with ii,jj,ii1,jj1 =    57    52    56    51
indxi called with ii,jj,ii1,jj1 =    57    52    56    51
indxj called with ii,jj,ii1,jj1 =    57    52    56    51
indxi called with ii,jj,ii1,jj1 =    57    52    56    51
indxj called with ii,jj,ii1,jj1 =    57    52    56    51
indxi called with ii,jj,ii1,jj1 =    57    52    56    51
indxj called with ii,jj,ii1,jj1 =    57    52    56    51
indxi called with ii,jj,ii1,jj1 =    57    52    56    51
indxj called with ii,jj,ii1,jj1 =    57    52    56    51
      0 island points submerged
 calling portrait PostScript version of opngks
 filename: 010y020s.ps
     defining earth color table: entries    1 --    3
     defining fc100 color table: entries    5 --  104
min -8.20E+01 at  32  48  max  6.72E+01 at  13  28  intvl.,lines  1.00E+01  14
 srfht =  -82.01467 67.21858 10.0
 now plotting:  year  19.50 (jul 16) [01.0H]
blkinr: botqq  =    -1.0000 m
blkinr: flxqq  =    -1.0000 cm
blkinr: empqq  =    -1.0000 mm/day
blkinr: ttrqq  =    -1.0000 deg/day
blkinr: strqq  =    -1.0000 psu/day
blkinr: icvqq  =    -1.0000 
blkinr: ithqq  =    -1.0000 m
blkinr: ictqq  =    -1.0000 deg
blkinr: sshqq  =     2.0000 cm
min -8.20E+01 at  32  48  max  6.72E+01 at  13  28  intvl.,lines  1.00E+01  14
 srfht =  -82.01467 67.21858 2.0
blkinr: center =     0.0000 cm
horplt called with idm,jdm,ii1,jj1 =    57    52    56    51
                        qlo,qhi,qq =-100.000 100.000   2.000
 horiz. map:  sea surf. height   year  19.50 (jul 16) [01.0H] 
horplt calling SET with arguments    0.040    0.960    0.081    0.919
bordplt - qlatlo,qlathi,qlatlon =     -30.00     70.00     10.00
bordplt - qlonlo,qlonhi,qlatlon =     250.00    390.00     10.00
                      fflo,ffhi,qq =-100.000 100.000   2.000
 frame advance no.   1
blkinr: bsfqq  =    -1.0000 sv
blkinr: mthrsh =     0.0000 cm
blkinr: bltqq  =    -1.0000 m
blkinr: mltqq  =     6.0000 m
min  2.92E+00 at  50  51  max  7.95E+01 at  42   3  intvl.,lines  5.00E+00  15
horplt called with idm,jdm,ii1,jj1 =    57    52    56    51
                        qlo,qhi,qq =   1.200   1.200   1.200
horplt calling SET with arguments    0.040    0.960    0.081    0.919
blkinr: center =   300.0000 m
horplt called with idm,jdm,ii1,jj1 =    57    52    56    51
                        qlo,qhi,qq =   0.000 600.000   6.000
 horiz. map: mix.layr.thickness  year  19.50 (jul 16) [01.0H] 
horplt calling SET with arguments    0.040    0.960    0.081    0.919
                      fflo,ffhi,qq =   0.000 600.000   6.000
 frame advance no.   2
blkinr: sstqq  =    -1.0000 deg
blkinr: sssqq  =    -1.0000 psu
blkinr: ssdqq  =    -1.0000 sig
blkini: kf     =    -1
blkini: kl     =     1
blkinr: vthrsh =     0.0000 cm
blkinr: infqq  =    -1.0000 m
blkinr: thkqq  =    -1.0000 m
blkinr: temqq  =     0.3000 deg
min  6.42E+00 at  19  51  max  3.22E+01 at   7  26  intvl.,lines  2.00E+00  12
blkinr: center =    15.0000 deg
horplt called with idm,jdm,ii1,jj1 =    57    52    56    51
                        qlo,qhi,qq =   0.000  30.000   0.300
 horiz. map: layer=01   temp     year  19.50 (jul 16) [01.0H] 
horplt calling SET with arguments    0.040    0.960    0.081    0.919
                      fflo,ffhi,qq =   0.000  30.000   0.300
 frame advance no.   3
blkinr: salqq  =     0.0500 psu
blkinr: center =    35.0000 psu
horplt called with idm,jdm,ii1,jj1 =    57    52    56    51
                        qlo,qhi,qq =  32.500  37.500   0.050
 horiz. map: layer=01  salinity  year  19.50 (jul 16) [01.0H] 
horplt calling SET with arguments    0.040    0.960    0.081    0.919
                      fflo,ffhi,qq =  32.500  37.500   0.050
min  2.85E+01 at  24  13  max  3.73E+01 at  29  23  intvl.,lines  5.00E-01  17
 frame advance no.   4
blkinr: tthqq  =    -1.0000 sig
blkinr: sfnqq  =    -1.0000 sv
blkini: kf     =   -21
blkini: kl     =    22
blkinr: vthrsh =     0.0000 cm
blkinr: infqq  =    -1.0000 m
blkinr: thkqq  =    -1.0000 m
blkinr: temqq  =     0.1000 deg
min  7.05E-01 at  22  15  max  5.56E+00 at  46  49  intvl.,lines  5.00E-01   9
blkinr: center =     3.0000 deg
horplt called with idm,jdm,ii1,jj1 =    57    52    56    51
                        qlo,qhi,qq =  -2.000   8.000   0.100
 horiz. map: layer=21   temp     year  19.50 (jul 16) [01.0H] 
horplt calling SET with arguments    0.040    0.960    0.081    0.919
                      fflo,ffhi,qq =  -2.000   8.000   0.100
 frame advance no.   5
blkinr: salqq  =    -1.0000 psu
blkinr: tthqq  =    -1.0000 sig
blkinr: sfnqq  =    -1.0000 sv
min -2.89E-01 at  49  51  max  4.55E+00 at  44  50  intvl.,lines  5.00E-01   9
horplt called with idm,jdm,ii1,jj1 =    57    52    56    51
                        qlo,qhi,qq =  -2.000   8.000   0.100
 horiz. map: layer=22   temp     year  19.50 (jul 16) [01.0H] 
horplt calling SET with arguments    0.040    0.960    0.081    0.919
                      fflo,ffhi,qq =  -2.000   8.000   0.100
 frame advance no.   6
blkini: kf     =     0
blkinr: depth  =   900.0000 m
blkinr: vstep  =     1.0000 
blkinr: velqq  =    -1.0000 cm/s
blkinr: center =     0.0000 cm/s
blkinr: temqq  =     0.4000 deg
blkinr: center =    15.2000 deg
blkinr: salqq  =     0.0750 psu
blkinr: center =    35.0000 psu
blkinr: tthqq  =    -1.0000 sig
blkinr: center =    26.0000 sig
blkini: mxlflg =     2
blkini: kpalet =     2
       defining sst color table: entries  107 --  170
blkini: noisec =     4
blkini: isec   =    17
 next section at  i,lon=   17    -65.00
xsecij - ia,ilo,xlo =    17   16  -65.000
 cross section: temperature merid.sec. 65.00w   year  19.50 (jul 16) [01.0H]
min  4.14E+00 at  35  27  max  2.93E+01 at  26  80  intvl.,lines  2.00E+00  12
xsecij - contour    =   2.0000E+00  4.1430E+00  2.9277E+01
xsecij - qq,qlo,qhi =   4.0000E-01  2.4000E+00  2.8000E+01
colors set to 0.750 0.625 0.500     (color index   3)   ierr =  0
xsecij - ia,ilo,xlo =    17   16  -65.000
 cross section: salinity merid.sec. 65.00w   year  19.50 (jul 16) [01.0H]
min  3.26E+01 at  35  80  max  3.65E+01 at  19  68  intvl.,lines  2.00E-01  19
xsecij - contour    =   2.0000E-01  3.2613E+01  3.6549E+01
xsecij - qq,qlo,qhi =   7.5000E-02  3.2600E+01  3.7400E+01
colors set to 0.750 0.625 0.500     (color index   3)   ierr =  0
 frame advance no.   7
blkini: isec   =    24
 next section at  i,lon=   24    -51.00
xsecij - ia,ilo,xlo =    24   23  -51.000
 cross section: temperature merid.sec. 51.00w   year  19.50 (jul 16) [01.0H]
min  3.22E+00 at  40   1  max  2.97E+01 at  27  80  intvl.,lines  2.00E+00  13
xsecij - contour    =   2.0000E+00  3.2183E+00  2.9678E+01
xsecij - qq,qlo,qhi =   4.0000E-01  2.4000E+00  2.8000E+01
colors set to 0.750 0.625 0.500     (color index   3)   ierr =  0
xsecij - ia,ilo,xlo =    24   23  -51.000
 cross section: salinity merid.sec. 51.00w   year  19.50 (jul 16) [01.0H]
min  2.85E+01 at  13  80  max  3.70E+01 at  25  79  intvl.,lines  5.00E-01  16
xsecij - contour    =   5.0000E-01  2.8540E+01  3.6954E+01
xsecij - qq,qlo,qhi =   7.5000E-02  3.2600E+01  3.7400E+01
colors set to 0.750 0.625 0.500     (color index   3)   ierr =  0
 frame advance no.   8
blkini: isec   =    32
 next section at  i,lon=   32    -35.00
xsecij - ia,ilo,xlo =    32   31  -35.000
 cross section: temperature merid.sec. 35.00w   year  19.50 (jul 16) [01.0H]
min  3.58E+00 at   1   4  max  2.99E+01 at  30  80  intvl.,lines  2.00E+00  13
xsecij - contour    =   2.0000E+00  3.5842E+00  2.9892E+01
xsecij - qq,qlo,qhi =   4.0000E-01  2.4000E+00  2.8000E+01
colors set to 0.750 0.625 0.500     (color index   3)   ierr =  0
xsecij - ia,ilo,xlo =    32   31  -35.000
 cross section: salinity merid.sec. 35.00w   year  19.50 (jul 16) [01.0H]
min  3.44E+01 at   2   4  max  3.72E+01 at  24  80  intvl.,lines  2.00E-01  14
xsecij - contour    =   2.0000E-01  3.4364E+01  3.7201E+01
xsecij - qq,qlo,qhi =   7.5000E-02  3.2600E+01  3.7400E+01
colors set to 0.750 0.625 0.500     (color index   3)   ierr =  0
 frame advance no.   9
blkini: isec   =    40
 next section at  i,lon=   40    -19.00
xsecij - ia,ilo,xlo =    40   39  -19.000
 cross section: temperature merid.sec. 19.00w   year  19.50 (jul 16) [01.0H]
min  3.90E+00 at   1   5  max  2.90E+01 at  16  79  intvl.,lines  2.00E+00  12
xsecij - contour    =   2.0000E+00  3.9000E+00  2.8993E+01
xsecij - qq,qlo,qhi =   4.0000E-01  2.4000E+00  2.8000E+01
colors set to 0.750 0.625 0.500     (color index   3)   ierr =  0
xsecij - ia,ilo,xlo =    40   39  -19.000
 cross section: salinity merid.sec. 19.00w   year  19.50 (jul 16) [01.0H]
min  3.44E+01 at   1  23  max  3.69E+01 at   3  75  intvl.,lines  2.00E-01  12
xsecij - contour    =   2.0000E-01  3.4407E+01  3.6858E+01
xsecij - qq,qlo,qhi =   7.5000E-02  3.2600E+01  3.7400E+01
colors set to 0.750 0.625 0.500     (color index   3)   ierr =  0
 frame advance no.  10
blkini: nojsec =     5
blkini: jsec   =     4
 next section at  j,lat =    4    -13.86
xsecij - ja,jla,xla =     4    3  -13.863
 cross section: temperature zonal sec. 13.86s   year  19.50 (jul 16) [01.0H]
min  3.82E+00 at  32   1  max  2.64E+01 at  30  80  intvl.,lines  2.00E+00  11
xsecij - contour    =   2.0000E+00  3.8245E+00  2.6368E+01
xsecij - qq,qlo,qhi =   4.0000E-01  2.4000E+00  2.8000E+01
colors set to 0.750 0.625 0.500     (color index   3)   ierr =  0
ATLb2.00,x =     5.400
xsecij - ja,jla,xla =     4    3  -13.863
 cross section: salinity zonal sec. 13.86s   year  19.50 (jul 16) [01.0H]
min  3.44E+01 at  32  21  max  3.71E+01 at  34  73  intvl.,lines  2.00E-01  13
xsecij - contour    =   2.0000E-01  3.4394E+01  3.7063E+01
xsecij - qq,qlo,qhi =   7.5000E-02  3.2600E+01  3.7400E+01
colors set to 0.750 0.625 0.500     (color index   3)   ierr =  0
ATLb2.00,x =     5.400
 frame advance no.  11
blkini: jsec   =    11
 next section at  j,lat =   11      0.00
xsecij - ja,jla,xla =    11   10    0.000
 cross section: temperature zonal sec.  0.00s   year  19.50 (jul 16) [01.0H]
min  4.48E+00 at  54  12  max  2.81E+01 at  26  80  intvl.,lines  2.00E+00  11
xsecij - contour    =   2.0000E+00  4.4816E+00  2.8127E+01
xsecij - qq,qlo,qhi =   4.0000E-01  2.4000E+00  2.8000E+01
colors set to 0.750 0.625 0.500     (color index   3)   ierr =  0
xsecij - ja,jla,xla =    11   10    0.000
 cross section: salinity zonal sec.  0.00s   year  19.50 (jul 16) [01.0H]
min  3.34E+01 at  54  80  max  3.64E+01 at  29  72  intvl.,lines  2.00E-01  14
xsecij - contour    =   2.0000E-01  3.3431E+01  3.6421E+01
xsecij - qq,qlo,qhi =   7.5000E-02  3.2600E+01  3.7400E+01
colors set to 0.750 0.625 0.500     (color index   3)   ierr =  0
 frame advance no.  12
blkini: jsec   =    24
 next section at  j,lat =   24     25.15
xsecij - ja,jla,xla =    24   23   25.151
 cross section: temperature zonal sec. 25.15n   year  19.50 (jul 16) [01.0H]
min  4.86E+00 at   8  12  max  3.11E+01 at   7  80  intvl.,lines  2.00E+00  13
xsecij - contour    =   2.0000E+00  4.8565E+00  3.1078E+01
xsecij - qq,qlo,qhi =   4.0000E-01  2.4000E+00  2.8000E+01
colors set to 0.750 0.625 0.500     (color index   3)   ierr =  0
xsecij - ja,jla,xla =    24   23   25.151
 cross section: salinity zonal sec. 25.15n   year  19.50 (jul 16) [01.0H]
min  3.49E+01 at  23   1  max  3.73E+01 at  30  80  intvl.,lines  2.00E-01  12
xsecij - contour    =   2.0000E-01  3.4860E+01  3.7274E+01
xsecij - qq,qlo,qhi =   7.5000E-02  3.2600E+01  3.7400E+01
colors set to 0.750 0.625 0.500     (color index   3)   ierr =  0
 frame advance no.  13
blkini: jsec   =    36
 next section at  j,lat =   36     44.65
xsecij - ja,jla,xla =    36   35   44.646
 cross section: temperature zonal sec. 44.65n   year  19.50 (jul 16) [01.0H]
min  3.92E+00 at  25   1  max  2.30E+01 at  17  79  intvl.,lines  1.00E+00  19
xsecij - contour    =   1.0000E+00  3.9173E+00  2.3005E+01
xsecij - qq,qlo,qhi =   4.0000E-01  2.4000E+00  2.8000E+01
colors set to 0.750 0.625 0.500     (color index   3)   ierr =  0
xsecij - ja,jla,xla =    36   35   44.646
 cross section: salinity zonal sec. 44.65n   year  19.50 (jul 16) [01.0H]
min  3.18E+01 at  20  80  max  3.60E+01 at  17  74  intvl.,lines  2.00E-01  21
xsecij - contour    =   2.0000E-01  3.1777E+01  3.5992E+01
xsecij - qq,qlo,qhi =   7.5000E-02  3.2600E+01  3.7400E+01
colors set to 0.750 0.625 0.500     (color index   3)   ierr =  0
 frame advance no.  14
blkini: jsec   =    48
 next section at  j,lat =   48     59.26
xsecij - ja,jla,xla =    48   47   59.264
 cross section: temperature zonal sec. 59.26n   year  19.50 (jul 16) [01.0H]
min  2.01E+00 at  19  73  max  1.45E+01 at  46  80  intvl.,lines  1.00E+00  12
xsecij - contour    =   1.0000E+00  2.0063E+00  1.4521E+01
xsecij - qq,qlo,qhi =   4.0000E-01  2.4000E+00  2.8000E+01
colors set to 0.750 0.625 0.500     (color index   3)   ierr =  0
xsecij - ja,jla,xla =    48   47   59.264
 cross section: salinity zonal sec. 59.26n   year  19.50 (jul 16) [01.0H]
min  3.32E+01 at  19  80  max  3.53E+01 at  48  59  intvl.,lines  1.00E-01  20
xsecij - contour    =   1.0000E-01  3.3222E+01  3.5303E+01
xsecij - qq,qlo,qhi =   7.5000E-02  3.2600E+01  3.7400E+01
colors set to 0.750 0.625 0.500     (color index   3)   ierr =  0
 frame advance no.  15
STOP: (normal)
