
xcspmd: idm,jdm =   57   52

input file: ../expt_01.0/data/archSD.0020.a
    region: ATLb2.00
blkini: iexpt  =     0
blkini: yrflag =     0
blkini: idm    =    57
blkini: jdm    =    52
blkini: kdm    =    22
blkinr: thbase =    25.0000 sig
blkini: nperfr =     1
blkini: lalolb =    20
blkini: lalogr =    10
blkini: loclab =     4
blkini: locbar =    11
blkini: kpalet =     5
blkinl: smooth =     F
blkinl: mthin  =     T
blkini: i_th   =     2
blkini: iorign =     1
blkini: jorign =     1
blkini: idmp   =     0
blkini: jdmp   =     0
extracting i =    1 ...   57         j =    1 ...   52
 chrsiz =  0.547826 104.04764 94.920654
... plotting  1 maps per frame
COADS forcing: precip_zero; srelax;                                             
boundary relax; iniflg=2; KPP mixed layer; Jerlov IA;                           
Z(22): dp00/f/x=3m/1.125/12m; ATLb2.00/src_2.1.00_22.                           
12345678901234567890123456789012345678901234567890123456789012345678901234567890
 iversn =  20
 iexpt  =  10
 yrflag =  0
 idm    =  57
 jdm    =  52
field         no. recs  std. day  k  dens        min              max
artype = 3
montg1   =         12    6840.00  0  0.000   2.8329359E-02   1.3415574E+00
input  montg1   into montg   
srfhgt   =         12    7170.00  0  0.000   4.6713550E-02   1.2598014E+00
input  srfhgt   into srfht   
surflx   =         12    7005.00  0  0.000   7.7622762E+00   2.3226701E+02
input  surflx   into surflx  
 time3 =  6840.0 7170.0 7005.0
salflx   =         12    7005.00  0  0.000   1.1042865E-04   1.8266939E-02
input  salflx   into salflx  
bl_dpth  =         12    7005.00  0  0.000   5.8097845E+02   1.6879808E+06
input  bl_dpth  into dpbl    
mix_dpth =         12    7005.00  0  0.000   5.8097845E+02   2.2948900E+06
input  mix_dpth into dpmixl  
tmix     =         12    7005.00  0  0.000   2.8545040E-01   5.2307472E+00
input  tmix     into tmix    
smix     =         12    7005.00  0  0.000   0.0000000E+00   1.7922494E+00
input  smix     into smix    
thmix    =         12    7005.00  0  0.000   9.5642693E-02   1.9081675E+00
input  thmix    into thmix   
umix     =         12    7005.00  0  0.000   6.7026927E-03   4.1413984E-01
input  umix     into umix    
vmix     =         12    7005.00  0  0.000   6.6828206E-03   3.8701132E-01
input  vmix     into vmix    
kemix    =         12    7005.00  0  0.000   1.0260627E-04   3.5822171E-01
input  kemix    into kemix   
u_btrop  =         12    7005.00  0  0.000   2.8504553E-04   1.4433266E-01
input  u_btrop  into ubaro   
v_btrop  =         12    7005.00  0  0.000   2.8717378E-04   1.4267455E-01
input  v_btrop  into vbaro   
kebtrop  =         12    7005.00  0  0.000   2.7753654E-07   1.5210855E-02
input  kebtrop  into kebaro  
u-vel.   =         12    7005.00  1 19.500   9.8338416E-03   4.4763336E-01
input  u-vel.   into u         1
v-vel.   =         12    7005.00  1 19.500   6.3813920E-03   4.6104366E-01
input  v-vel.   into v         1
k.e.     =         12    7005.00  1 19.500   3.7148630E-04   3.0816731E-01
input  k.e.     into ke        1
thknss   =         12    7005.00  1 19.500   0.0000000E+00   0.0000000E+00
input  thknss   into dp        1
temp     =         12    7005.00  1 19.500   2.7444014E-01   5.2264657E+00
input  temp     into temp      1
salin    =         12    7005.00  1 19.500   0.0000000E+00   1.7840917E+00
input  salin    into saln      1
density  =         12    7005.00  1 19.500   9.5569126E-02   1.9035888E+00
input  density  into th3d      1
finished reading data for layer 19.50000
u-vel.   =         12    7005.00  2 20.250   8.5830111E-03   4.4033557E-01
input  u-vel.   into u         2
v-vel.   =         12    7005.00  2 20.250   5.6221290E-03   4.2472857E-01
input  v-vel.   into v         2
k.e.     =         12    7005.00  2 20.250   8.6536638E-05   2.2097751E-01
input  k.e.     into ke        2
thknss   =         12    7005.00  2 20.250   1.1313708E+01   4.0305953E+04
input  thknss   into dp        2
temp     =         12    7005.00  2 20.250   2.7354908E-01   4.8890395E+00
input  temp     into temp      2
salin    =         12    7005.00  2 20.250   0.0000000E+00   1.6774149E+00
input  salin    into saln      2
density  =         12    7005.00  2 20.250   9.5333710E-02   1.6220218E+00
input  density  into th3d      2
finished reading data for layer 20.25000
u-vel.   =         12    7005.00  3 21.000   8.0466429E-03   4.3341058E-01
input  u-vel.   into u         3
v-vel.   =         12    7005.00  3 21.000   6.1145886E-03   4.0825787E-01
input  v-vel.   into v         3
k.e.     =         12    7005.00  3 21.000   4.5961900E-05   2.1252133E-01
input  k.e.     into ke        3
thknss   =         12    7005.00  3 21.000   1.1313708E+01   6.8077172E+04
input  thknss   into dp        3
temp     =         12    7005.00  3 21.000   2.7254319E-01   4.3628259E+00
input  temp     into temp      3
salin    =         12    7005.00  3 21.000   0.0000000E+00   1.1464961E+00
input  salin    into saln      3
density  =         12    7005.00  3 21.000   9.4993606E-02   1.2937150E+00
input  density  into th3d      3
finished reading data for layer 21.00000
u-vel.   =         12    7005.00  4 21.750   4.7489610E-03   4.2494643E-01
input  u-vel.   into u         4
v-vel.   =         12    7005.00  4 21.750   7.0007439E-03   3.6922979E-01
input  v-vel.   into v         4
k.e.     =         12    7005.00  4 21.750   4.2474036E-05   1.5608785E-01
input  k.e.     into ke        4
thknss   =         12    7005.00  4 21.750   0.0000000E+00   1.4509609E+05
input  thknss   into dp        4
temp     =         12    7005.00  4 21.750   2.7074566E-01   4.5632272E+00
input  temp     into temp      4
salin    =         12    7005.00  4 21.750   0.0000000E+00   7.4485540E-01
input  salin    into saln      4
density  =         12    7005.00  4 21.750   8.3264485E-02   1.0723183E+00
input  density  into th3d      4
finished reading data for layer 21.75000
u-vel.   =         12    7005.00  5 22.500   8.1942799E-03   3.5118750E-01
input  u-vel.   into u         5
v-vel.   =         12    7005.00  5 22.500   5.5165640E-03   2.3976010E-01
input  v-vel.   into v         5
k.e.     =         12    7005.00  5 22.500   5.7593752E-05   1.3701828E-01
input  k.e.     into ke        5
thknss   =         12    7005.00  5 22.500   2.2627417E+01   3.2409097E+05
input  thknss   into dp        5
temp     =         12    7005.00  5 22.500   1.1294400E-01   4.7542257E+00
input  temp     into temp      5
salin    =         12    7005.00  5 22.500   0.0000000E+00   6.0937500E-01
input  salin    into saln      5
density  =         12    7005.00  5 22.500   1.2059657E-02   1.0122939E+00
input  density  into th3d      5
finished reading data for layer 22.50000
u-vel.   =         12    7005.00  6 23.250   7.8410199E-03   3.4643427E-01
input  u-vel.   into u         6
v-vel.   =         12    7005.00  6 23.250   6.6993623E-03   2.2484687E-01
input  v-vel.   into v         6
k.e.     =         12    7005.00  6 23.250   6.7810448E-05   1.1775669E-01
input  k.e.     into ke        6
thknss   =         12    7005.00  6 23.250   0.0000000E+00   3.8478903E+05
input  thknss   into dp        6
temp     =         12    7005.00  6 23.250   7.6944202E-02   4.6613445E+00
input  temp     into temp      6
salin    =         12    7005.00  6 23.250   0.0000000E+00   7.2010744E-01
input  salin    into saln      6
density  =         12    7005.00  6 23.250   5.6522642E-03   8.8584578E-01
input  density  into th3d      6
finished reading data for layer 23.25000
u-vel.   =         12    7005.00  7 24.000   8.1310440E-03   3.4049028E-01
input  u-vel.   into u         7
v-vel.   =         12    7005.00  7 24.000   5.0578802E-03   2.8617072E-01
input  v-vel.   into v         7
k.e.     =         12    7005.00  7 24.000   6.5055377E-05   2.2864209E-01
input  k.e.     into ke        7
thknss   =         12    7005.00  7 24.000   0.0000000E+00   4.8284381E+05
input  thknss   into dp        7
temp     =         12    7005.00  7 24.000   2.3437500E-02   4.4405060E+00
input  temp     into temp      7
salin    =         12    7005.00  7 24.000   0.0000000E+00   7.5389612E-01
input  salin    into saln      7
density  =         12    7005.00  7 24.000   0.0000000E+00   7.6116109E-01
input  density  into th3d      7
finished reading data for layer 24.00000
u-vel.   =         12    7005.00  8 24.700   5.9314347E-03   3.0676866E-01
input  u-vel.   into u         8
v-vel.   =         12    7005.00  8 24.700   4.9855276E-03   2.4960415E-01
input  v-vel.   into v         8
k.e.     =         12    7005.00  8 24.700   5.3900712E-05   1.5094323E-01
input  k.e.     into ke        8
thknss   =         12    7005.00  8 24.700   0.0000000E+00   4.1669866E+05
input  thknss   into dp        8
temp     =         12    7005.00  8 24.700   1.1048543E-02   4.0988541E+00
input  temp     into temp      8
salin    =         12    7005.00  8 24.700   0.0000000E+00   7.2719228E-01
input  salin    into saln      8
density  =         12    7005.00  8 24.700   2.9900999E-04   5.6375808E-01
input  density  into th3d      8
finished reading data for layer 24.70000
u-vel.   =         12    7005.00  9 25.280   5.3469427E-03   3.7656781E-01
input  u-vel.   into u         9
v-vel.   =         12    7005.00  9 25.280   4.3199286E-03   2.6076898E-01
input  v-vel.   into v         9
k.e.     =         12    7005.00  9 25.280   6.5728855E-05   2.1322364E-01
input  k.e.     into ke        9
thknss   =         12    7005.00  9 25.280   2.2627417E+01   4.8925850E+05
input  thknss   into dp        9
temp     =         12    7005.00  9 25.280   0.0000000E+00   3.8131063E+00
input  temp     into temp      9
salin    =         12    7005.00  9 25.280   0.0000000E+00   7.3387617E-01
input  salin    into saln      9
density  =         12    7005.00  9 25.280   3.4526698E-04   4.0454742E-01
input  density  into th3d      9
finished reading data for layer 25.28000
u-vel.   =         12    7005.00 10 25.770   4.0688678E-03   5.0936365E-01
input  u-vel.   into u        10
v-vel.   =         12    7005.00 10 25.770   3.5972483E-03   2.8824696E-01
input  v-vel.   into v        10
k.e.     =         12    7005.00 10 25.770   3.0263231E-05   1.3970003E-01
input  k.e.     into ke       10
thknss   =         12    7005.00 10 25.770   5.0596443E+01   9.6347706E+05
input  thknss   into dp       10
temp     =         12    7005.00 10 25.770   0.0000000E+00   3.7451813E+00
input  temp     into temp     10
salin    =         12    7005.00 10 25.770   0.0000000E+00   6.5448052E-01
input  salin    into saln     10
density  =         12    7005.00 10 25.770   0.0000000E+00   3.4821713E-01
input  density  into th3d     10
finished reading data for layer 25.77000
u-vel.   =         12    7005.00 11 26.180   3.4823981E-03   2.6106128E-01
input  u-vel.   into u        11
v-vel.   =         12    7005.00 11 26.180   3.8424630E-03   1.8906258E-01
input  v-vel.   into v        11
k.e.     =         12    7005.00 11 26.180   3.3487799E-05   6.9556326E-02
input  k.e.     into ke       11
thknss   =         12    7005.00 11 26.180   0.0000000E+00   1.1494084E+06
input  thknss   into dp       11
temp     =         12    7005.00 11 26.180   0.0000000E+00   3.2354198E+00
input  temp     into temp     11
salin    =         12    7005.00 11 26.180   0.0000000E+00   4.9311668E-01
input  salin    into saln     11
density  =         12    7005.00 11 26.180   0.0000000E+00   2.6647633E-01
input  density  into th3d     11
finished reading data for layer 26.18000
u-vel.   =         12    7005.00 12 26.520   0.0000000E+00   2.2024395E-01
input  u-vel.   into u        12
v-vel.   =         12    7005.00 12 26.520   1.7323892E-03   1.9203524E-01
input  v-vel.   into v        12
k.e.     =         12    7005.00 12 26.520   8.0778937E-06   3.7663516E-02
input  k.e.     into ke       12
thknss   =         12    7005.00 12 26.520   3.2000000E+01   1.4212740E+06
input  thknss   into dp       12
temp     =         12    7005.00 12 26.520   0.0000000E+00   2.3627145E+00
input  temp     into temp     12
salin    =         12    7005.00 12 26.520   0.0000000E+00   3.9513028E-01
input  salin    into saln     12
density  =         12    7005.00 12 26.520   0.0000000E+00   2.4468300E-01
input  density  into th3d     12
finished reading data for layer 26.52000
u-vel.   =         12    7005.00 13 26.800   0.0000000E+00   1.9997481E-01
input  u-vel.   into u        13
v-vel.   =         12    7005.00 13 26.800   0.0000000E+00   1.6162571E-01
input  v-vel.   into v        13
k.e.     =         12    7005.00 13 26.800   9.0945014E-06   3.5151917E-02
input  k.e.     into ke       13
thknss   =         12    7005.00 13 26.800   0.0000000E+00   1.6064028E+06
input  thknss   into dp       13
temp     =         12    7005.00 13 26.800   0.0000000E+00   1.7311256E+00
input  temp     into temp     13
salin    =         12    7005.00 13 26.800   0.0000000E+00   4.4235587E-01
input  salin    into saln     13
density  =         12    7005.00 13 26.800   0.0000000E+00   2.0130812E-01
input  density  into th3d     13
finished reading data for layer 26.80000
u-vel.   =         12    7005.00 14 27.030   0.0000000E+00   1.8266881E-01
input  u-vel.   into u        14
v-vel.   =         12    7005.00 14 27.030   0.0000000E+00   2.0268190E-01
input  v-vel.   into v        14
k.e.     =         12    7005.00 14 27.030   1.7177749E-06   6.9123209E-02
input  k.e.     into ke       14
thknss   =         12    7005.00 14 27.030   0.0000000E+00   1.3821651E+06
input  thknss   into dp       14
temp     =         12    7005.00 14 27.030   0.0000000E+00   1.7535691E+00
input  temp     into temp     14
salin    =         12    7005.00 14 27.030   0.0000000E+00   2.7488455E-01
input  salin    into saln     14
density  =         12    7005.00 14 27.030   0.0000000E+00   2.0459917E-01
input  density  into th3d     14
finished reading data for layer 27.03000
u-vel.   =         12    7005.00 15 27.220   0.0000000E+00   2.0845811E-01
input  u-vel.   into u        15
v-vel.   =         12    7005.00 15 27.220   0.0000000E+00   1.8941784E-01
input  v-vel.   into v        15
k.e.     =         12    7005.00 15 27.220   1.3440285E-06   9.3536310E-02
input  k.e.     into ke       15
thknss   =         12    7005.00 15 27.220   0.0000000E+00   1.2511830E+06
input  thknss   into dp       15
temp     =         12    7005.00 15 27.220   0.0000000E+00   1.9770381E+00
input  temp     into temp     15
salin    =         12    7005.00 15 27.220   0.0000000E+00   4.0247646E-01
input  salin    into saln     15
density  =         12    7005.00 15 27.220   0.0000000E+00   2.4523728E-01
input  density  into th3d     15
finished reading data for layer 27.22000
u-vel.   =         12    7005.00 16 27.380   0.0000000E+00   2.1643999E-01
input  u-vel.   into u        16
v-vel.   =         12    7005.00 16 27.380   0.0000000E+00   1.4428535E-01
input  v-vel.   into v        16
k.e.     =         12    7005.00 16 27.380   1.4403341E-06   1.3012633E-01
input  k.e.     into ke       16
thknss   =         12    7005.00 16 27.380   2.4475641E+00   1.3205266E+06
input  thknss   into dp       16
temp     =         12    7005.00 16 27.380   0.0000000E+00   2.1504474E+00
input  temp     into temp     16
salin    =         12    7005.00 16 27.380   0.0000000E+00   1.6828640E-01
input  salin    into saln     16
density  =         12    7005.00 16 27.380   0.0000000E+00   2.5289765E-01
input  density  into th3d     16
finished reading data for layer 27.38000
u-vel.   =         12    7005.00 17 27.520   0.0000000E+00   1.7919712E-01
input  u-vel.   into u        17
v-vel.   =         12    7005.00 17 27.520   0.0000000E+00   1.2287845E-01
input  v-vel.   into v        17
k.e.     =         12    7005.00 17 27.520   0.0000000E+00   8.8863991E-02
input  k.e.     into ke       17
thknss   =         12    7005.00 17 27.520   3.5054894E-04   1.6333124E+06
input  thknss   into dp       17
temp     =         12    7005.00 17 27.520   0.0000000E+00   2.1779797E+00
input  temp     into temp     17
salin    =         12    7005.00 17 27.520   0.0000000E+00   3.0896437E-01
input  salin    into saln     17
density  =         12    7005.00 17 27.520   0.0000000E+00   3.0926982E-01
input  density  into th3d     17
finished reading data for layer 27.52000
u-vel.   =         12    7005.00 18 27.640   0.0000000E+00   1.6855362E-01
input  u-vel.   into u        18
v-vel.   =         12    7005.00 18 27.640   0.0000000E+00   1.2287845E-01
input  v-vel.   into v        18
k.e.     =         12    7005.00 18 27.640   0.0000000E+00   5.1406689E-02
input  k.e.     into ke       18
thknss   =         12    7005.00 18 27.640   5.8529503E-04   1.6025282E+06
input  thknss   into dp       18
temp     =         12    7005.00 18 27.640   0.0000000E+00   2.4472032E+00
input  temp     into temp     18
salin    =         12    7005.00 18 27.640   0.0000000E+00   1.7917727E-01
input  salin    into saln     18
density  =         12    7005.00 18 27.640   0.0000000E+00   3.6001000E-01
input  density  into th3d     18
finished reading data for layer 27.64000
u-vel.   =         12    7005.00 19 27.740   0.0000000E+00   1.5031062E-01
input  u-vel.   into u        19
v-vel.   =         12    7005.00 19 27.740   0.0000000E+00   1.7162298E-01
input  v-vel.   into v        19
k.e.     =         12    7005.00 19 27.740   1.1963756E-06   5.6911740E-02
input  k.e.     into ke       19
thknss   =         12    7005.00 19 27.740   0.0000000E+00   1.9559655E+06
input  thknss   into dp       19
temp     =         12    7005.00 19 27.740   0.0000000E+00   1.7782412E+00
input  temp     into temp     19
salin    =         12    7005.00 19 27.740   0.0000000E+00   3.0075589E-01
input  salin    into saln     19
density  =         12    7005.00 19 27.740   0.0000000E+00   9.2449062E-02
input  density  into th3d     19
finished reading data for layer 27.74000
u-vel.   =         12    7005.00 20 27.820   0.0000000E+00   1.9436860E-01
input  u-vel.   into u        20
v-vel.   =         12    7005.00 20 27.820   0.0000000E+00   2.0034242E-01
input  v-vel.   into v        20
k.e.     =         12    7005.00 20 27.820   6.3182085E-07   6.2435646E-02
input  k.e.     into ke       20
thknss   =         12    7005.00 20 27.820   0.0000000E+00   1.9364379E+06
input  thknss   into dp       20
temp     =         12    7005.00 20 27.820   0.0000000E+00   1.8913431E+00
input  temp     into temp     20
salin    =         12    7005.00 20 27.820   0.0000000E+00   2.9625759E-01
input  salin    into saln     20
density  =         12    7005.00 20 27.820   0.0000000E+00   7.9480432E-02
input  density  into th3d     20
finished reading data for layer 27.82000
u-vel.   =         12    7005.00 21 27.880   0.0000000E+00   2.5659421E-01
input  u-vel.   into u        21
v-vel.   =         12    7005.00 21 27.880   0.0000000E+00   2.0659976E-01
input  v-vel.   into v        21
k.e.     =         12    7005.00 21 27.880   1.0637477E-07   3.6535658E-02
input  k.e.     into ke       21
thknss   =         12    7005.00 21 27.880   0.0000000E+00   1.2450222E+06
input  thknss   into dp       21
temp     =         12    7005.00 21 27.880   0.0000000E+00   2.2277715E+00
input  temp     into temp     21
salin    =         12    7005.00 21 27.880   0.0000000E+00   3.1464109E-01
input  salin    into saln     21
density  =         12    7005.00 21 27.880   0.0000000E+00   5.6353666E-02
input  density  into th3d     21
finished reading data for layer 27.88000
u-vel.   =         12    7005.00 22 27.940   0.0000000E+00   2.5659421E-01
input  u-vel.   into u        22
v-vel.   =         12    7005.00 22 27.940   0.0000000E+00   1.2287845E-01
input  v-vel.   into v        22
k.e.     =         12    7005.00 22 27.940   9.9441941E-08   1.4199170E-02
input  k.e.     into ke       22
thknss   =         12    7005.00 22 27.940   0.0000000E+00   1.2779412E+06
input  thknss   into dp       22
temp     =         12    7005.00 22 27.940   0.0000000E+00   2.4159174E+00
input  temp     into temp     22
salin    =         12    7005.00 22 27.940   0.0000000E+00   3.1464109E-01
input  salin    into saln     22
density  =         12    7005.00 22 27.940   0.0000000E+00   2.6131032E-02
input  density  into th3d     22
finished reading data for layer 27.94000
North Atlantic topography from ETOPO5 5-minute data set.                       
56 x 51 depth values (idm,jdm = 57,52).                                        
2.0000 deg. mercator resolution, with equat=11.000.                            
lon: 97.000W to 13.000E.  lat: 19.606S to 62.195N.                             
                                                                               
min,max depth =    199.556  5837.000
read North At into depths  
mask North At into coast   
plon:  min,max =       263.00000      375.00000
plat:  min,max =       -19.60579       63.11375
qlon:  min,max =       262.00000      374.00000
qlat:  min,max =       -20.54502       62.65800
ulon:  min,max =       262.00000      374.00000
ulat:  min,max =       -19.60579       63.11375
vlon:  min,max =       263.00000      375.00000
vlat:  min,max =       -20.54502       62.65800
pscx:  min,max =    100565.21875   222389.87500
pscy:  min,max =    100571.95312   222378.59375
uscx:  min,max =    100565.21875   222389.87500
uscy:  min,max =    100571.95312   222378.59375
vscx:  min,max =    102139.75781   222356.01562
vscy:  min,max =    102146.85938   222344.73438

sub-domain longitude range =   263.00  375.00
sub-domain latitude  range =   -19.61   63.11

sub-domain assumed to be non-periodic

bigrid called with ii,jj,ii1,jj1 =    57    52    56    51
indxi called with ii,jj,ii1,jj1 =    57    52    56    51
indxj called with ii,jj,ii1,jj1 =    57    52    56    51
indxi called with ii,jj,ii1,jj1 =    57    52    56    51
indxj called with ii,jj,ii1,jj1 =    57    52    56    51
indxi called with ii,jj,ii1,jj1 =    57    52    56    51
indxj called with ii,jj,ii1,jj1 =    57    52    56    51
indxi called with ii,jj,ii1,jj1 =    57    52    56    51
indxj called with ii,jj,ii1,jj1 =    57    52    56    51
      0 island points submerged
 calling portrait PostScript version of opngks
 filename: 010y020SD.ps
     defining earth color table: entries    1 --    3
     defining fc100 color table: entries    5 --  104
min  4.76E-01 at   37   20  max  1.28E+01 at   38    1  intvl.,lines  1.00E+00   12
 srfht =  0.4763772 12.84725 0.99999994
 time3 =  6840.0 7170.0 7005.0
 now plotting: sdev:   19.00-  20.00 [01.0H]
blkinr: botqq  =    -1.0000 m
blkinr: flxqq  =    -1.0000 cm
blkinr: empqq  =    -1.0000 mm/day
blkinr: ttrqq  =    -1.0000 deg/day
blkinr: strqq  =    -1.0000 psu/day
blkinr: icvqq  =    -1.0000 
blkinr: ithqq  =    -1.0000 m
blkinr: ictqq  =    -1.0000 deg
blkinr: sshqq  =     0.2000 cm
min  4.76E-01 at   37   20  max  1.28E+01 at   38    1  intvl.,lines  1.00E+00   12
 srfht =  0.4763772 12.84725 0.2
blkinr: center =    10.0000 cm
horplt called with idm,jdm,ii1,jj1 =    57    52    56    51
                        qlo,qhi,qq =   0.000  20.000   0.200
 horiz. map:  sea surf. height  sdev:   19.00-  20.00 [01.0H] 
horplt calling SET with arguments    0.040    0.960    0.081    0.919
bordplt - qlatlo,qlathi,qlatlon =     -30.00     70.00     10.00
bordplt - qlonlo,qlonhi,qlatlon =     250.00    390.00     10.00
                      fflo,ffhi,qq =   0.000  20.000   0.200
 frame advance no.   1
blkinr: bkeqq  =    -1.0000 m^2/s^2
blkinr: bsfqq  =    -1.0000 sv
blkinr: mthrsh =     0.0000 cm
blkinr: bltqq  =    -1.0000 m
blkinr: mltqq  =     6.0000 m
min  5.92E-02 at   25   12  max  2.34E+02 at   32   50  intvl.,lines  2.00E+01   11
horplt called with idm,jdm,ii1,jj1 =    57    52    56    51
                        qlo,qhi,qq =   1.200   1.200   1.200
horplt calling SET with arguments    0.040    0.960    0.081    0.919
blkinr: center =   300.0000 m
horplt called with idm,jdm,ii1,jj1 =    57    52    56    51
                        qlo,qhi,qq =   0.000 600.000   6.000
 horiz. map: mix.layr.thickness sdev:   19.00-  20.00 [01.0H] 
horplt calling SET with arguments    0.040    0.960    0.081    0.919
                      fflo,ffhi,qq =   0.000 600.000   6.000
 frame advance no.   2
blkinr: sstqq  =    -1.0000 deg
blkinr: sssqq  =    -1.0000 psu
blkinr: ssdqq  =    -1.0000 sig
blkinr: mkeqq  =    -1.0000 m^2/s^2
blkini: kf     =    -1
blkini: kl     =     1
blkinr: vthrsh =     0.0000 cm
blkinr: infqq  =    -1.0000 m
blkinr: thkqq  =    -1.0000 m
blkinr: temqq  =     0.0600 deg
min  2.74E-01 at   32   11  max  5.23E+00 at   21   43  intvl.,lines  5.00E-01    9
blkinr: center =     3.0000 deg
horplt called with idm,jdm,ii1,jj1 =    57    52    56    51
                        qlo,qhi,qq =   0.000   6.000   0.060
 horiz. map: layer=01   temp    sdev:   19.00-  20.00 [01.0H] 
horplt calling SET with arguments    0.040    0.960    0.081    0.919
                      fflo,ffhi,qq =   0.000   6.000   0.060
 frame advance no.   3
blkinr: salqq  =     0.0200 psu
blkinr: center =     1.0000 psu
horplt called with idm,jdm,ii1,jj1 =    57    52    56    51
                        qlo,qhi,qq =   0.000   2.000   0.020
 horiz. map: layer=01  salinity sdev:   19.00-  20.00 [01.0H] 
horplt calling SET with arguments    0.040    0.960    0.081    0.919
                      fflo,ffhi,qq =   0.000   2.000   0.020
min  0.00E+00 at   45   39  max  1.78E+00 at   24   13  intvl.,lines  1.00E-01   17
 frame advance no.   4
blkinr: tthqq  =    -1.0000 sig
blkinr: keqq   =     0.0050 m^2/s^2
min  3.71E-04 at   25   50  max  3.08E-01 at   26   12  intvl.,lines  2.00E-02   15
 kemix =  3.714863E-4 0.3081673 5.0E-3
blkinr: center =     0.2500 m^2/s^2
horplt called with idm,jdm,ii1,jj1 =    57    52    56    51
                        qlo,qhi,qq =   0.000   0.500   0.005
 horiz. map: layer=01  ke/mass  sdev:   19.00-  20.00 [01.0H] 
horplt calling SET with arguments    0.040    0.960    0.081    0.919
                      fflo,ffhi,qq =   0.000   0.500   0.005
 frame advance no.   5
blkinr: sfnqq  =    -1.0000 sv
blkini: kf     =     0
blkinr: depth  =   900.0000 m
blkinr: vstep  =     1.0000 
blkinr: velqq  =    -1.0000 cm/s
blkinr: center =     0.0000 cm/s
blkinr: temqq  =     0.4000 deg
blkinr: center =    15.2000 deg
blkinr: salqq  =     0.0750 psu
blkinr: center =    35.0000 psu
blkinr: tthqq  =    -1.0000 sig
blkinr: center =    26.0000 sig
blkini: mxlflg =     2
blkini: kpalet =     2
       defining sst color table: entries  107 --  170
blkini: noisec =     0
blkini: nojsec =     0
STOP: (normal)
