
xcspmd: idm,jdm =   57   52

input file: ../expt_01.0/data/archv.0021_022_00.a
    region: ATLb2.00
blkini: iexpt  =     0
blkini: yrflag =     0
blkini: idm    =    57
blkini: jdm    =    52
blkini: kdm    =    22
blkinr: thbase =    25.0000 sig
blkini: nperfr =     1
blkini: lalolb =     4
blkini: lalogr =    -2
blkini: loclab =     3
blkini: locbar =    20
blkini: kpalet =     5
blkinl: smooth =     F
blkinl: mthin  =     T
blkini: i_th   =     2
blkini: iorign =     1
blkini: jorign =    14
blkini: idmp   =    24
blkini: jdmp   =    16
extracting i =    1 ...   24         j =   14 ...   29
 chrsiz =  0.22499998 106.66668 71.111114
... plotting  1 maps per frame
COADS forcing: precip_zero; srelax;                                             
boundary relax; iniflg=2; KPP mixed layer; Jerlov IA;                           
Z(22): dp00/f/x=3m/1.125/12m; ATLb2.00/src_2.1.00_22.                           
12345678901234567890123456789012345678901234567890123456789012345678901234567890
 iversn =  21
 iexpt  =  10
 yrflag =  0
 idm    =  57
 jdm    =  52
field       time step  model day  k  dens        min              max
artype = 1
montg1   =     108090    7206.00  0  0.000  -2.4387813E+00   1.5401443E+01
input  montg1   into montg   
srfhgt   =     108090    7206.00  0  0.000  -8.1958647E+00   6.5669994E+00
input  srfhgt   into srfht   
surflx   =     108090    7206.00  0  0.000  -5.1895270E+02   1.3685220E+02
input  surflx   into surflx  
 time3 =  7206.0 7206.0 7206.0
salflx   =     108090    7206.00  0  0.000  -5.4236952E-02   1.0535862E-02
input  salflx   into salflx  
bl_dpth  =     108090    7206.00  0  0.000   2.9052307E+04   3.9389812E+06
input  bl_dpth  into dpbl    
mix_dpth =     108090    7206.00  0  0.000   2.8996449E+04   4.2572555E+06
input  mix_dpth into dpmixl  
tmix     =     108090    7206.00  0  0.000  -2.1704590E+00   3.2026783E+01
input  tmix     into tmix    
smix     =     108090    7206.00  0  0.000   2.8766920E+01   3.7244553E+01
input  smix     into smix    
thmix    =     108090    7206.00  0  0.000  -7.7738314E+00   2.5927796E+00
input  thmix    into thmix   
umix     =     108090    7206.00  0  0.000  -8.6698830E-01   4.3557870E-01
input  umix     into umix    
vmix     =     108090    7206.00  0  0.000  -3.2934406E-01   6.4758897E-01
input  vmix     into vmix    
u_btrop  =     108090    7206.00  0  0.000  -3.1901988E-01   5.0002444E-01
input  u_btrop  into ubaro   
v_btrop  =     108090    7206.00  0  0.000  -1.7463063E-01   5.2774292E-01
input  v_btrop  into vbaro   
u-vel.   =     108090    7206.00  1 19.500  -9.9676347E-01   4.5447293E-01
input  u-vel.   into u         1
v-vel.   =     108090    7206.00  1 19.500  -3.9153340E-01   5.6761146E-01
input  v-vel.   into v         1
thknss   =     108090    7206.00  1 19.500   2.9418000E+04   2.9418000E+04
input  thknss   into dp        1
temp     =     108090    7206.00  1 19.500  -2.1728580E+00   3.2020695E+01
input  temp     into temp      1
salin    =     108090    7206.00  1 19.500   2.8766920E+01   3.7244354E+01
input  salin    into saln      1
density  =     108090    7206.00  1 19.500  -7.7738314E+00   2.5920124E+00
input  density  into th3d      1
finished reading data for layer 19.50000
u-vel.   =     108090    7206.00  2 20.250  -9.6175504E-01   4.4271559E-01
input  u-vel.   into u         2
v-vel.   =     108090    7206.00  2 20.250  -3.9353326E-01   6.2504381E-01
input  v-vel.   into v         2
thknss   =     108090    7206.00  2 20.250   2.8193164E+04   1.0439679E+05
input  thknss   into dp        2
temp     =     108090    7206.00  2 20.250  -2.1524453E+00   3.1099550E+01
input  temp     into temp      2
salin    =     108090    7206.00  2 20.250   2.9078077E+01   3.7244411E+01
input  salin    into saln      2
density  =     108090    7206.00  2 20.250  -7.5447712E+00   2.5912185E+00
input  density  into th3d      2
finished reading data for layer 20.25000
u-vel.   =     108090    7206.00  3 21.000  -9.3574595E-01   4.3770903E-01
input  u-vel.   into u         3
v-vel.   =     108090    7206.00  3 21.000  -3.9181781E-01   6.5829587E-01
input  v-vel.   into v         3
thknss   =     108090    7206.00  3 21.000   3.7212938E+04   1.6726956E+05
input  thknss   into dp        3
temp     =     108090    7206.00  3 21.000  -2.1236050E+00   3.0920460E+01
input  temp     into temp      3
salin    =     108090    7206.00  3 21.000   3.1765213E+01   3.7244480E+01
input  salin    into saln      3
density  =     108090    7206.00  3 21.000  -4.7060308E+00   2.5909412E+00
input  density  into th3d      3
finished reading data for layer 21.00000
u-vel.   =     108090    7206.00  4 21.750  -8.9964426E-01   4.3494344E-01
input  u-vel.   into u         4
v-vel.   =     108090    7206.00  4 21.750  -3.8539010E-01   9.0144062E-01
input  v-vel.   into v         4
thknss   =     108090    7206.00  4 21.750   4.1886176E+04   1.4638966E+05
input  thknss   into dp        4
temp     =     108090    7206.00  4 21.750  -1.4927669E+00   3.0062204E+01
input  temp     into temp      4
salin    =     108090    7206.00  4 21.750   3.2091980E+01   3.7244534E+01
input  salin    into saln      4
density  =     108090    7206.00  4 21.750  -3.7864060E+00   2.5908012E+00
input  density  into th3d      4
finished reading data for layer 21.75000
u-vel.   =     108090    7206.00  5 22.500  -7.7197939E-01   4.3349379E-01
input  u-vel.   into u         5
v-vel.   =     108090    7206.00  5 22.500  -3.7487862E-01   8.4308344E-01
input  v-vel.   into v         5
thknss   =     108090    7206.00  5 22.500   3.1528708E+03   7.5345869E+05
input  thknss   into dp        5
temp     =     108090    7206.00  5 22.500  -1.4020092E+00   2.9187317E+01
input  temp     into temp      5
salin    =     108090    7206.00  5 22.500   3.2376564E+01   3.7244598E+01
input  salin    into saln      5
density  =     108090    7206.00  5 22.500  -2.8391261E+00   2.5907211E+00
input  density  into th3d      5
finished reading data for layer 22.50000
u-vel.   =     108090    7206.00  6 23.250  -5.4961336E-01   4.3302050E-01
input  u-vel.   into u         6
v-vel.   =     108090    7206.00  6 23.250  -3.7361470E-01   4.1285220E-01
input  v-vel.   into v         6
thknss   =     108090    7206.00  6 23.250   5.3012191E+04   1.5682126E+06
input  thknss   into dp        6
temp     =     108090    7206.00  6 23.250  -6.3719219E-01   2.8360779E+01
input  temp     into temp      6
salin    =     108090    7206.00  6 23.250   3.2585915E+01   3.7247795E+01
input  salin    into saln      6
density  =     108090    7206.00  6 23.250  -1.9969188E+00   2.5906727E+00
input  density  into th3d      6
finished reading data for layer 23.25000
u-vel.   =     108090    7206.00  7 24.000  -5.2541178E-01   5.4922920E-01
input  u-vel.   into u         7
v-vel.   =     108090    7206.00  7 24.000  -3.9521846E-01   8.0544496E-01
input  v-vel.   into v         7
thknss   =     108090    7206.00  7 24.000   1.3033330E+04   1.4057080E+06
input  thknss   into dp        7
temp     =     108090    7206.00  7 24.000  -6.3526887E-01   2.7874630E+01
input  temp     into temp      7
salin    =     108090    7206.00  7 24.000   3.2795258E+01   3.7222252E+01
input  salin    into saln      7
density  =     108090    7206.00  7 24.000  -1.2484102E+00   2.5906451E+00
input  density  into th3d      7
finished reading data for layer 24.00000
u-vel.   =     108090    7206.00  8 24.700  -4.2549300E-01   5.1949435E-01
input  u-vel.   into u         8
v-vel.   =     108090    7206.00  8 24.700  -3.2815179E-01   6.7981112E-01
input  v-vel.   into v         8
thknss   =     108090    7206.00  8 24.700   5.2615707E+04   1.5743185E+06
input  thknss   into dp        8
temp     =     108090    7206.00  8 24.700  -6.2282032E-01   2.5895220E+01
input  temp     into temp      8
salin    =     108090    7206.00  8 24.700   3.3059391E+01   3.7186638E+01
input  salin    into saln      8
density  =     108090    7206.00  8 24.700  -6.4362943E-01   2.5906320E+00
input  density  into th3d      8
finished reading data for layer 24.70000
u-vel.   =     108090    7206.00  9 25.280  -6.6134435E-01   8.4746909E-01
input  u-vel.   into u         9
v-vel.   =     108090    7206.00  9 25.280  -7.4417597E-01   1.0379318E+00
input  v-vel.   into v         9
thknss   =     108090    7206.00  9 25.280   3.1163092E+04   1.7856580E+06
input  thknss   into dp        9
temp     =     108090    7206.00  9 25.280  -5.2467901E-01   2.3719751E+01
input  temp     into temp      9
salin    =     108090    7206.00  9 25.280   3.3133545E+01   3.7074841E+01
input  salin    into saln      9
density  =     108090    7206.00  9 25.280   1.7248242E-01   2.5906305E+00
input  density  into th3d      9
finished reading data for layer 25.28000
u-vel.   =     108090    7206.00 10 25.770  -8.0466622E-01   4.3917716E-01
input  u-vel.   into u        10
v-vel.   =     108090    7206.00 10 25.770  -3.0430585E-01   5.0931472E-01
input  v-vel.   into v        10
thknss   =     108090    7206.00 10 25.770   5.8128887E+04   3.7345682E+06
input  thknss   into dp       10
temp     =     108090    7206.00 10 25.770  -4.2738158E-01   2.1010778E+01
input  temp     into temp     10
salin    =     108090    7206.00 10 25.770   3.3280193E+01   3.6727482E+01
input  salin    into saln     10
density  =     108090    7206.00 10 25.770   6.4022243E-01   2.5906398E+00
input  density  into th3d     10
finished reading data for layer 25.77000
u-vel.   =     108090    7206.00 11 26.180  -4.2566019E-01   4.4247943E-01
input  u-vel.   into u        11
v-vel.   =     108090    7206.00 11 26.180  -2.2146600E-01   7.9172367E-01
input  v-vel.   into v        11
thknss   =     108090    7206.00 11 26.180   1.4710164E+04   3.8436942E+06
input  thknss   into dp       11
temp     =     108090    7206.00 11 26.180  -4.2814347E-01   1.8428223E+01
input  temp     into temp     11
salin    =     108090    7206.00 11 26.180   3.3429966E+01   3.6348583E+01
input  salin    into saln     11
density  =     108090    7206.00 11 26.180   9.9825686E-01   2.5906601E+00
input  density  into th3d     11
finished reading data for layer 26.18000
u-vel.   =     108090    7206.00 12 26.520  -4.3562010E-01   4.4634542E-01
input  u-vel.   into u        12
v-vel.   =     108090    7206.00 12 26.520  -4.0116259E-01   2.4650411E-01
input  v-vel.   into v        12
thknss   =     108090    7206.00 12 26.520   4.2368500E+02   4.4500880E+06
input  thknss   into dp       12
temp     =     108090    7206.00 12 26.520  -4.2866248E-01   1.6451086E+01
input  temp     into temp     12
salin    =     108090    7206.00 12 26.520   3.3531784E+01   3.5975700E+01
input  salin    into saln     12
density  =     108090    7206.00 12 26.520   1.2253590E+00   2.5906916E+00
input  density  into th3d     12
finished reading data for layer 26.52000
u-vel.   =     108090    7206.00 13 26.800  -4.5482236E-01   4.5037934E-01
input  u-vel.   into u        13
v-vel.   =     108090    7206.00 13 26.800  -4.1899487E-01   2.4995755E-01
input  v-vel.   into v        13
thknss   =     108090    7206.00 13 26.800   1.5820366E+00   5.1325650E+06
input  thknss   into dp       13
temp     =     108090    7206.00 13 26.800  -4.2950648E-01   1.5776696E+01
input  temp     into temp     13
salin    =     108090    7206.00 13 26.800   3.3531002E+01   3.5711433E+01
input  salin    into saln     13
density  =     108090    7206.00 13 26.800   1.2802685E+00   2.5907335E+00
input  density  into th3d     13
finished reading data for layer 26.80000
u-vel.   =     108090    7206.00 14 27.030  -4.8298061E-01   5.5482978E-01
input  u-vel.   into u        14
v-vel.   =     108090    7206.00 14 27.030  -4.2006719E-01   2.6059803E-01
input  v-vel.   into v        14
thknss   =     108090    7206.00 14 27.030   0.0000000E+00   5.0297910E+06
input  thknss   into dp       14
temp     =     108090    7206.00 14 27.030   9.2519087E-01   1.3219604E+01
input  temp     into temp     14
salin    =     108090    7206.00 14 27.030   3.3738380E+01   3.5617828E+01
input  salin    into saln     14
density  =     108090    7206.00 14 27.030   1.7970425E+00   2.5907831E+00
input  density  into th3d     14
finished reading data for layer 27.03000
u-vel.   =     108090    7206.00 15 27.220  -5.1679695E-01   6.3463324E-01
input  u-vel.   into u        15
v-vel.   =     108090    7206.00 15 27.220  -4.2006719E-01   5.6659430E-01
input  v-vel.   into v        15
thknss   =     108090    7206.00 15 27.220   0.0000000E+00   3.8044028E+06
input  thknss   into dp       15
temp     =     108090    7206.00 15 27.220   1.2264030E+00   1.2516160E+01
input  temp     into temp     15
salin    =     108090    7206.00 15 27.220   3.3991253E+01   3.5617828E+01
input  salin    into saln     15
density  =     108090    7206.00 15 27.220   1.8982333E+00   2.5908368E+00
input  density  into th3d     15
finished reading data for layer 27.22000
u-vel.   =     108090    7206.00 16 27.380  -6.6486323E-01   2.5339150E-01
input  u-vel.   into u        16
v-vel.   =     108090    7206.00 16 27.380  -4.2006719E-01   2.0090927E-01
input  v-vel.   into v        16
thknss   =     108090    7206.00 16 27.380   0.0000000E+00   5.0488485E+06
input  thknss   into dp       16
temp     =     108090    7206.00 16 27.380   2.0468740E+00   1.0652721E+01
input  temp     into temp     16
salin    =     108090    7206.00 16 27.380   3.4267239E+01   3.5617828E+01
input  salin    into saln     16
density  =     108090    7206.00 16 27.380   2.0917721E+00   2.6845956E+00
input  density  into th3d     16
finished reading data for layer 27.38000
u-vel.   =     108090    7206.00 17 27.520  -3.6577439E-01   4.5382237E-01
input  u-vel.   into u        17
v-vel.   =     108090    7206.00 17 27.520  -4.2006719E-01   2.0526639E-01
input  v-vel.   into v        17
thknss   =     108090    7206.00 17 27.520   0.0000000E+00   4.9686240E+06
input  thknss   into dp       17
temp     =     108090    7206.00 17 27.520   2.9865613E+00   9.5279417E+00
input  temp     into temp     17
salin    =     108090    7206.00 17 27.520   3.4536251E+01   3.5617828E+01
input  salin    into saln     17
density  =     108090    7206.00 17 27.520   2.3104532E+00   2.7384186E+00
input  density  into th3d     17
finished reading data for layer 27.52000
u-vel.   =     108090    7206.00 18 27.640  -3.6577439E-01   3.1346104E-01
input  u-vel.   into u        18
v-vel.   =     108090    7206.00 18 27.640  -4.2006719E-01   1.9777341E-01
input  v-vel.   into v        18
thknss   =     108090    7206.00 18 27.640   0.0000000E+00   4.9053200E+06
input  thknss   into dp       18
temp     =     108090    7206.00 18 27.640   2.5824804E+00   9.0199537E+00
input  temp     into temp     18
salin    =     108090    7206.00 18 27.640   3.4646297E+01   3.5617828E+01
input  salin    into saln     18
density  =     108090    7206.00 18 27.640   2.3584869E+00   2.7596116E+00
input  density  into th3d     18
finished reading data for layer 27.64000
u-vel.   =     108090    7206.00 19 27.740  -5.9792995E-01   3.6661252E-01
input  u-vel.   into u        19
v-vel.   =     108090    7206.00 19 27.740  -4.2006719E-01   2.6707974E-01
input  v-vel.   into v        19
thknss   =     108090    7206.00 19 27.740   0.0000000E+00   1.1183155E+07
input  thknss   into dp       19
temp     =     108090    7206.00 19 27.740   1.4572483E+00   8.1511707E+00
input  temp     into temp     19
salin    =     108090    7206.00 19 27.740   3.4659187E+01   3.5617828E+01
input  salin    into saln     19
density  =     108090    7206.00 19 27.740   2.4922681E+00   2.8195934E+00
input  density  into th3d     19
finished reading data for layer 27.74000
u-vel.   =     108090    7206.00 20 27.820  -6.2372696E-01   3.0415022E-01
input  u-vel.   into u        20
v-vel.   =     108090    7206.00 20 27.820  -4.2006719E-01   1.9777341E-01
input  v-vel.   into v        20
thknss   =     108090    7206.00 20 27.820   0.0000000E+00   1.2500127E+07
input  thknss   into dp       20
temp     =     108090    7206.00 20 27.820   2.4032058E-01   7.6163454E+00
input  temp     into temp     20
salin    =     108090    7206.00 20 27.820   3.4659187E+01   3.5617828E+01
input  salin    into saln     20
density  =     108090    7206.00 20 27.820   2.6932406E+00   2.8658240E+00
input  density  into th3d     20
finished reading data for layer 27.82000
u-vel.   =     108090    7206.00 21 27.880  -4.3488094E-01   2.8443092E-01
input  u-vel.   into u        21
v-vel.   =     108090    7206.00 21 27.880  -4.2006719E-01   3.2481784E-01
input  v-vel.   into v        21
thknss   =     108090    7206.00 21 27.880   0.0000000E+00   2.7262570E+07
input  thknss   into dp       21
temp     =     108090    7206.00 21 27.880  -9.4008207E-01   7.2009149E+00
input  temp     into temp     21
salin    =     108090    7206.00 21 27.880   3.4659187E+01   3.5617828E+01
input  salin    into saln     21
density  =     108090    7206.00 21 27.880   2.7647839E+00   2.9268701E+00
input  density  into th3d     21
finished reading data for layer 27.88000
u-vel.   =     108090    7206.00 22 27.940  -4.1292569E-01   2.5339150E-01
input  u-vel.   into u        22
v-vel.   =     108090    7206.00 22 27.940  -4.2006719E-01   6.1063099E-01
input  v-vel.   into v        22
thknss   =     108090    7206.00 22 27.940   0.0000000E+00   1.1586615E+07
input  thknss   into dp       22
temp     =     108090    7206.00 22 27.940  -2.8767922E+00   6.7717571E+00
input  temp     into temp     22
salin    =     108090    7206.00 22 27.940   3.4659187E+01   3.5617828E+01
input  salin    into saln     22
density  =     108090    7206.00 22 27.940   2.9183712E+00   3.0014083E+00
input  density  into th3d     22
finished reading data for layer 27.94000
North Atlantic topography from ETOPO5 5-minute data set.                       
56 x 51 depth values (idm,jdm = 57,52).                                        
2.0000 deg. mercator resolution, with equat=11.000.                            
lon: 97.000W to 13.000E.  lat: 19.606S to 62.195N.                             
                                                                               
min,max depth =    199.556  5837.000
read North At into depths  
mask North At into coast   
plon:  min,max =       263.00000      375.00000
plat:  min,max =       -19.60579       63.11375
qlon:  min,max =       262.00000      374.00000
qlat:  min,max =       -20.54502       62.65800
ulon:  min,max =       262.00000      374.00000
ulat:  min,max =       -19.60579       63.11375
vlon:  min,max =       263.00000      375.00000
vlat:  min,max =       -20.54502       62.65800
pscx:  min,max =    100565.21875   222389.87500
pscy:  min,max =    100571.95312   222378.59375
uscx:  min,max =    100565.21875   222389.87500
uscy:  min,max =    100571.95312   222378.59375
vscx:  min,max =    102139.75781   222356.01562
vscy:  min,max =    102146.85938   222344.73438

sub-domain longitude range =   263.00  309.00
sub-domain latitude  range =     5.99   33.84

sub-domain assumed to be non-periodic

bigrid called with ii,jj,ii1,jj1 =    24    16    23    15
indxi called with ii,jj,ii1,jj1 =    24    16    23    15
indxj called with ii,jj,ii1,jj1 =    24    16    23    15
indxi called with ii,jj,ii1,jj1 =    24    16    23    15
indxj called with ii,jj,ii1,jj1 =    24    16    23    15
indxi called with ii,jj,ii1,jj1 =    24    16    23    15
indxj called with ii,jj,ii1,jj1 =    24    16    23    15
indxi called with ii,jj,ii1,jj1 =    24    16    23    15
indxj called with ii,jj,ii1,jj1 =    24    16    23    15
      0 island points submerged
 calling portrait PostScript version of opngks
 filename: 010y021w_IAS.ps
     defining earth color table: entries    1 --    3
     defining fc100 color table: entries    5 --  104
min  9.00E+00 at    5    8  max  6.70E+01 at   13   15  intvl.,lines  5.00E+00   11
 srfht =  9.000546 66.96919 5.0
 now plotting:  year  20.02 (jan 22) [01.0H]
blkinr: botqq  =    -1.0000 m
blkinr: flxqq  =    -1.0000 cm
blkinr: empqq  =    -1.0000 mm/day
blkinr: ttrqq  =    -1.0000 deg/day
blkinr: strqq  =    -1.0000 psu/day
blkinr: icvqq  =    -1.0000 
blkinr: ithqq  =    -1.0000 m
blkinr: ictqq  =    -1.0000 deg
blkinr: sshqq  =     2.0000 cm
min  9.00E+00 at    5    8  max  6.70E+01 at   13   15  intvl.,lines  5.00E+00   11
 srfht =  9.000546 66.96919 2.0
blkinr: center =     0.0000 cm
horplt called with idm,jdm,ii1,jj1 =    24    16    23    15
                        qlo,qhi,qq =-100.000 100.000   2.000
 horiz. map:  sea surf. height   year  20.02 (jan 22) [01.0H] 
horplt calling SET with arguments    0.040    0.960    0.200    0.800
bordplt - qlatlo,qlathi,qlatlon =       4.00     36.00      2.00
bordplt - qlonlo,qlonhi,qlatlon =     262.00    312.00      2.00
                      fflo,ffhi,qq =-100.000 100.000   2.000
 frame advance no.   1
blkinr: bsfqq  =    -1.0000 sv
blkinr: mthrsh =     0.0000 cm
blkinr: bltqq  =    -1.0000 m
blkinr: mltqq  =     6.0000 m
min  9.70E+00 at   22    1  max  1.78E+02 at    9   11  intvl.,lines  1.00E+01   16
horplt called with idm,jdm,ii1,jj1 =    24    16    23    15
                        qlo,qhi,qq =   1.200   1.200   1.200
horplt calling SET with arguments    0.040    0.960    0.200    0.800
blkinr: center =   300.0000 m
horplt called with idm,jdm,ii1,jj1 =    24    16    23    15
                        qlo,qhi,qq =   0.000 600.000   6.000
 horiz. map: mix.layr.thickness  year  20.02 (jan 22) [01.0H] 
horplt calling SET with arguments    0.040    0.960    0.200    0.800
                      fflo,ffhi,qq =   0.000 600.000   6.000
 frame advance no.   2
blkinr: sstqq  =    -1.0000 deg
blkinr: sssqq  =    -1.0000 psu
blkinr: ssdqq  =    -1.0000 sig
blkini: kf     =    -1
blkini: kl     =     1
blkinr: vthrsh =     0.0000 cm
blkinr: infqq  =    -1.0000 m
blkinr: thkqq  =    -1.0000 m
blkinr: temqq  =     0.3000 deg
min  1.96E+01 at   17   15  max  2.77E+01 at   10    3  intvl.,lines  5.00E-01   16
blkinr: center =    15.0000 deg
horplt called with idm,jdm,ii1,jj1 =    24    16    23    15
                        qlo,qhi,qq =   0.000  30.000   0.300
 horiz. map: layer=01   temp     year  20.02 (jan 22) [01.0H] 
horplt calling SET with arguments    0.040    0.960    0.200    0.800
                      fflo,ffhi,qq =   0.000  30.000   0.300
 frame advance no.   3
blkinr: salqq  =     0.0500 psu
blkinr: center =    35.0000 psu
horplt called with idm,jdm,ii1,jj1 =    24    16    23    15
                        qlo,qhi,qq =  32.500  37.500   0.050
 horiz. map: layer=01  salinity  year  20.02 (jan 22) [01.0H] 
horplt calling SET with arguments    0.040    0.960    0.200    0.800
                      fflo,ffhi,qq =  32.500  37.500   0.050
min  3.48E+01 at    9    3  max  3.67E+01 at   23   11  intvl.,lines  1.00E-01   18
 frame advance no.   4
blkinr: tthqq  =    -1.0000 sig
blkinr: sfnqq  =    -1.0000 sv
blkini: kf     =   -21
blkini: kl     =    22
blkinr: vthrsh =     0.0000 cm
blkinr: infqq  =    -1.0000 m
blkinr: thkqq  =    -1.0000 m
blkinr: temqq  =     0.1000 deg
min  2.40E+00 at   15    6  max  3.42E+00 at   11   15  intvl.,lines  5.00E-02   20
blkinr: center =     3.0000 deg
horplt called with idm,jdm,ii1,jj1 =    24    16    23    15
                        qlo,qhi,qq =  -2.000   8.000   0.100
 horiz. map: layer=21   temp     year  20.02 (jan 22) [01.0H] 
horplt calling SET with arguments    0.040    0.960    0.200    0.800
                      fflo,ffhi,qq =  -2.000   8.000   0.100
 frame advance no.   5
blkinr: salqq  =    -1.0000 psu
blkinr: tthqq  =    -1.0000 sig
blkinr: sfnqq  =    -1.0000 sv
min  1.70E+00 at   22    4  max  1.93E+00 at   12   12  intvl.,lines  2.00E-02   11
horplt called with idm,jdm,ii1,jj1 =    24    16    23    15
                        qlo,qhi,qq =  -2.000   8.000   0.100
 horiz. map: layer=22   temp     year  20.02 (jan 22) [01.0H] 
horplt calling SET with arguments    0.040    0.960    0.200    0.800
                      fflo,ffhi,qq =  -2.000   8.000   0.100
 frame advance no.   6
blkini: kf     =     0
blkinr: depth  =   900.0000 m
blkinr: vstep  =     1.0000 
blkinr: velqq  =    -1.0000 cm/s
blkinr: center =     0.0000 cm/s
blkinr: temqq  =     0.4000 deg
blkinr: center =    15.2000 deg
blkinr: salqq  =     0.0750 psu
blkinr: center =    35.0000 psu
blkinr: tthqq  =    -1.0000 sig
blkinr: center =    26.0000 sig
blkini: mxlflg =     2
blkini: kpalet =     2
       defining sst color table: entries  107 --  170
blkini: noisec =     4
blkini: isec   =     6
 next section at  i,lon=    6    -87.00
xsecij - ia,ilo,xlo =     6    5  -87.000
 cross section: temperature merid.sec. 87.00w   year  20.02 (jan 22) [01.0H]
min  4.73E+00 at   13    3  max  2.71E+01 at    7   80  intvl.,lines  2.00E+00   11
xsecij - contour    =   2.0000E+00  4.7345E+00  2.7147E+01
xsecij - qq,qlo,qhi =   4.0000E-01  2.4000E+00  2.8000E+01
colors set to 0.750 0.625 0.500     (color index   3)   ierr =  0
xsecij - ia,ilo,xlo =     6    5  -87.000
 cross section: salinity merid.sec. 87.00w   year  20.02 (jan 22) [01.0H]
min  3.49E+01 at    8   28  max  3.64E+01 at    7   69  intvl.,lines  1.00E-01   14
xsecij - contour    =   1.0000E-01  3.4916E+01  3.6370E+01
xsecij - qq,qlo,qhi =   7.5000E-02  3.2600E+01  3.7400E+01
colors set to 0.750 0.625 0.500     (color index   3)   ierr =  0
 frame advance no.   7
blkini: isec   =    11
 next section at  i,lon=   11    -77.00
xsecij - ia,ilo,xlo =    11   10  -77.000
 cross section: temperature merid.sec. 77.00w   year  20.02 (jan 22) [01.0H]
min  4.24E+00 at   15    1  max  2.74E+01 at    6   72  intvl.,lines  2.00E+00   11
xsecij - contour    =   2.0000E+00  4.2411E+00  2.7404E+01
xsecij - qq,qlo,qhi =   4.0000E-01  2.4000E+00  2.8000E+01
colors set to 0.750 0.625 0.500     (color index   3)   ierr =  0
xsecij - ia,ilo,xlo =    11   10  -77.000
 cross section: salinity merid.sec. 77.00w   year  20.02 (jan 22) [01.0H]
min  3.48E+01 at    5   24  max  3.64E+01 at    6   63  intvl.,lines  1.00E-01   15
xsecij - contour    =   1.0000E-01  3.4834E+01  3.6421E+01
xsecij - qq,qlo,qhi =   7.5000E-02  3.2600E+01  3.7400E+01
colors set to 0.750 0.625 0.500     (color index   3)   ierr =  0
 frame advance no.   8
blkini: isec   =    16
 next section at  i,lon=   16    -67.00
xsecij - ia,ilo,xlo =    16   15  -67.000
 cross section: temperature merid.sec. 67.00w   year  20.02 (jan 22) [01.0H]
min  5.16E+00 at    4    1  max  2.75E+01 at    4   80  intvl.,lines  2.00E+00   11
xsecij - contour    =   2.0000E+00  5.1590E+00  2.7457E+01
xsecij - qq,qlo,qhi =   4.0000E-01  2.4000E+00  2.8000E+01
colors set to 0.750 0.625 0.500     (color index   3)   ierr =  0
xsecij - ia,ilo,xlo =    16   15  -67.000
 cross section: salinity merid.sec. 67.00w   year  20.02 (jan 22) [01.0H]
min  3.48E+01 at    5   16  max  3.65E+01 at    6   68  intvl.,lines  1.00E-01   17
xsecij - contour    =   1.0000E-01  3.4779E+01  3.6496E+01
xsecij - qq,qlo,qhi =   7.5000E-02  3.2600E+01  3.7400E+01
colors set to 0.750 0.625 0.500     (color index   3)   ierr =  0
 frame advance no.   9
blkini: isec   =    21
 next section at  i,lon=   21    -57.00
xsecij - ia,ilo,xlo =    21   20  -57.000
 cross section: temperature merid.sec. 57.00w   year  20.02 (jan 22) [01.0H]
min  5.13E+00 at    2    1  max  2.73E+01 at    3   76  intvl.,lines  2.00E+00   11
xsecij - contour    =   2.0000E+00  5.1323E+00  2.7315E+01
xsecij - qq,qlo,qhi =   4.0000E-01  2.4000E+00  2.8000E+01
colors set to 0.750 0.625 0.500     (color index   3)   ierr =  0
xsecij - ia,ilo,xlo =    21   20  -57.000
 cross section: salinity merid.sec. 57.00w   year  20.02 (jan 22) [01.0H]
min  3.46E+01 at    2   26  max  3.67E+01 at    7   68  intvl.,lines  1.00E-01   20
xsecij - contour    =   1.0000E-01  3.4639E+01  3.6690E+01
xsecij - qq,qlo,qhi =   7.5000E-02  3.2600E+01  3.7400E+01
colors set to 0.750 0.625 0.500     (color index   3)   ierr =  0
 frame advance no.  10
blkini: nojsec =     3
blkini: jsec   =     5
 next section at  j,lat =    5     13.86
xsecij - ja,jla,xla =     5    4   13.863
 cross section: temperature zonal sec. 13.86n   year  20.02 (jan 22) [01.0H]
min  5.25E+00 at   23    1  max  2.74E+01 at    8   71  intvl.,lines  2.00E+00   11
xsecij - contour    =   2.0000E+00  5.2490E+00  2.7406E+01
xsecij - qq,qlo,qhi =   4.0000E-01  2.4000E+00  2.8000E+01
colors set to 0.750 0.625 0.500     (color index   3)   ierr =  0
ATLb2.00,x =     2.760
xsecij - ja,jla,xla =     5    4   13.863
 cross section: salinity zonal sec. 13.86n   year  20.02 (jan 22) [01.0H]
min  3.48E+01 at   20   28  max  3.66E+01 at   21   72  intvl.,lines  1.00E-01   18
xsecij - contour    =   1.0000E-01  3.4752E+01  3.6648E+01
xsecij - qq,qlo,qhi =   7.5000E-02  3.2600E+01  3.7400E+01
colors set to 0.750 0.625 0.500     (color index   3)   ierr =  0
ATLb2.00,x =     2.760
 frame advance no.  11
blkini: jsec   =    10
 next section at  j,lat =   10     23.33
xsecij - ja,jla,xla =    10    9   23.327
 cross section: temperature zonal sec. 23.33n   year  20.02 (jan 22) [01.0H]
min  4.88E+00 at   10    7  max  2.67E+01 at    6   79  intvl.,lines  1.00E+00   21
xsecij - contour    =   1.0000E+00  4.8826E+00  2.6662E+01
xsecij - qq,qlo,qhi =   4.0000E-01  2.4000E+00  2.8000E+01
colors set to 0.750 0.625 0.500     (color index   3)   ierr =  0
xsecij - ja,jla,xla =    10    9   23.327
 cross section: salinity zonal sec. 23.33n   year  20.02 (jan 22) [01.0H]
min  3.48E+01 at   22    1  max  3.66E+01 at   23   80  intvl.,lines  1.00E-01   17
xsecij - contour    =   1.0000E-01  3.4836E+01  3.6621E+01
xsecij - qq,qlo,qhi =   7.5000E-02  3.2600E+01  3.7400E+01
colors set to 0.750 0.625 0.500     (color index   3)   ierr =  0
 frame advance no.  12
blkini: jsec   =    14
 next section at  j,lat =   14     30.46
xsecij - ja,jla,xla =    14   13   30.455
 cross section: temperature zonal sec. 30.46n   year  20.02 (jan 22) [01.0H]
min  6.12E+00 at   11    1  max  2.52E+01 at   10   79  intvl.,lines  1.00E+00   19
xsecij - contour    =   1.0000E+00  6.1214E+00  2.5191E+01
xsecij - qq,qlo,qhi =   4.0000E-01  2.4000E+00  2.8000E+01
colors set to 0.750 0.625 0.500     (color index   3)   ierr =  0
xsecij - ja,jla,xla =    14   13   30.455
 cross section: salinity zonal sec. 30.46n   year  20.02 (jan 22) [01.0H]
min  3.49E+01 at   15    1  max  3.65E+01 at   23   75  intvl.,lines  1.00E-01   15
xsecij - contour    =   1.0000E-01  3.4925E+01  3.6497E+01
xsecij - qq,qlo,qhi =   7.5000E-02  3.2600E+01  3.7400E+01
colors set to 0.750 0.625 0.500     (color index   3)   ierr =  0
 frame advance no.  13
STOP: (normal)
