
xcspmd: idm,jdm =   57   52

input file: ../expt_01.0/data/archMN.0020.a
    region: ATLb2.00
blkini: iexpt  =     0
blkini: yrflag =     0
blkini: idm    =    57
blkini: jdm    =    52
blkini: kdm    =    22
blkinr: thbase =    25.0000 sig
blkini: nperfr =     1
blkini: lalolb =    20
blkini: lalogr =    10
blkini: loclab =     4
blkini: locbar =    11
blkini: kpalet =     5
blkinl: smooth =     F
blkinl: mthin  =     T
blkini: i_th   =     2
blkini: iorign =     1
blkini: jorign =     1
blkini: idmp   =     0
blkini: jdmp   =     0
extracting i =    1 ...   57         j =    1 ...   52
 chrsiz =  0.547826 104.04764 94.920654
... plotting  1 maps per frame
COADS forcing: precip_zero; srelax;                                             
boundary relax; iniflg=2; KPP mixed layer; Jerlov IA;                           
Z(22): dp00/f/x=3m/1.125/12m; ATLb2.00/src_2.1.00_22.                           
12345678901234567890123456789012345678901234567890123456789012345678901234567890
 iversn =  20
 iexpt  =  10
 yrflag =  0
 idm    =  57
 jdm    =  52
field         no. recs  mean day  k  dens        min              max
artype = 2
montg1   =         12    6840.00  0  0.000  -1.8606067E+00   1.5324297E+01
input  montg1   into montg   
srfhgt   =         12    7170.00  0  0.000  -8.1596270E+00   6.2110744E+00
input  srfhgt   into srfht   
surflx   =         12    7005.00  0  0.000  -1.9687070E+02   1.1890029E+02
input  surflx   into surflx  
 time3 =  6840.0 7170.0 7005.0
salflx   =         12    7005.00  0  0.000  -4.9803760E-02   7.7337697E-03
input  salflx   into salflx  
bl_dpth  =         12    7005.00  0  0.000   2.9590004E+04   1.6268022E+06
input  bl_dpth  into dpbl    
mix_dpth =         12    7005.00  0  0.000   2.9520344E+04   2.2059605E+06
input  mix_dpth into dpmixl  
tmix     =         12    7005.00  0  0.000   1.8149958E+00   3.0022881E+01
input  tmix     into tmix    
smix     =         12    7005.00  0  0.000   3.0909554E+01   3.7198868E+01
input  smix     into smix    
thmix    =         12    7005.00  0  0.000  -5.7766089E+00   2.3517594E+00
input  thmix    into thmix   
umix     =         12    7005.00  0  0.000  -7.7797902E-01   6.5706825E-01
input  umix     into umix    
vmix     =         12    7005.00  0  0.000  -3.3811328E-01   9.0434241E-01
input  vmix     into vmix    
kemix    =         12    7005.00  0  0.000   1.3259203E-04   4.0660119E-01
input  kemix    into kemix   
u_btrop  =         12    7005.00  0  0.000  -3.0325770E-01   5.1486611E-01
input  u_btrop  into ubaro   
v_btrop  =         12    7005.00  0  0.000  -1.7473465E-01   5.0179023E-01
input  v_btrop  into vbaro   
kebtrop  =         12    7005.00  0  0.000   2.8385941E-07   8.9578591E-02
input  kebtrop  into kebaro  
u-vel.   =         12    7005.00  1 19.500  -1.0437989E+00   6.8597901E-01
input  u-vel.   into u         1
v-vel.   =         12    7005.00  1 19.500  -3.4511173E-01   8.9562815E-01
input  v-vel.   into v         1
k.e.     =         12    7005.00  1 19.500   4.2892713E-04   5.7792896E-01
input  k.e.     into ke        1
thknss   =         12    7005.00  1 19.500   2.9418000E+04   2.9418000E+04
input  thknss   into dp        1
temp     =         12    7005.00  1 19.500   1.7947025E+00   3.0003593E+01
input  temp     into temp      1
salin    =         12    7005.00  1 19.500   3.0888456E+01   3.7223316E+01
input  salin    into saln      1
density  =         12    7005.00  1 19.500  -5.7831593E+00   2.3439217E+00
input  density  into th3d      1
finished reading data for layer 19.50000
u-vel.   =         12    7005.00  2 20.250  -9.8256695E-01   6.8808466E-01
input  u-vel.   into u         2
v-vel.   =         12    7005.00  2 20.250  -3.2976791E-01   7.7811497E-01
input  v-vel.   into v         2
k.e.     =         12    7005.00  2 20.250   1.1590684E-04   4.7846320E-01
input  k.e.     into ke        2
thknss   =         12    7005.00  2 20.250   3.3095250E+04   1.0965120E+05
input  thknss   into dp        2
temp     =         12    7005.00  2 20.250   1.4674453E+00   3.0152985E+01
input  temp     into temp      2
salin    =         12    7005.00  2 20.250   3.1200642E+01   3.7222977E+01
input  salin    into saln      2
density  =         12    7005.00  2 20.250  -5.5297647E+00   2.3564131E+00
input  density  into th3d      2
finished reading data for layer 20.25000
u-vel.   =         12    7005.00  3 21.000  -9.2636627E-01   6.8262190E-01
input  u-vel.   into u         3
v-vel.   =         12    7005.00  3 21.000  -3.2747287E-01   7.7335376E-01
input  v-vel.   into v         3
k.e.     =         12    7005.00  3 21.000   5.9066475E-05   4.3803152E-01
input  k.e.     into ke        3
thknss   =         12    7005.00  3 21.000   3.4400559E+04   1.0057974E+05
input  thknss   into dp        3
temp     =         12    7005.00  3 21.000   1.0787358E+00   3.0085861E+01
input  temp     into temp      3
salin    =         12    7005.00  3 21.000   3.1646645E+01   3.7222702E+01
input  salin    into saln      3
density  =         12    7005.00  3 21.000  -4.2145810E+00   2.3911092E+00
input  density  into th3d      3
finished reading data for layer 21.00000
u-vel.   =         12    7005.00  4 21.750  -8.5376346E-01   6.7755896E-01
input  u-vel.   into u         4
v-vel.   =         12    7005.00  4 21.750  -3.1994361E-01   6.7008024E-01
input  v-vel.   into v         4
k.e.     =         12    7005.00  4 21.750   6.0524442E-05   3.7059847E-01
input  k.e.     into ke        4
thknss   =         12    7005.00  4 21.750   4.1886180E+04   1.8653834E+05
input  thknss   into dp        4
temp     =         12    7005.00  4 21.750   8.4999740E-01   2.9568335E+01
input  temp     into temp      4
salin    =         12    7005.00  4 21.750   3.2062111E+01   3.7221287E+01
input  salin    into saln      4
density  =         12    7005.00  4 21.750  -3.5638199E+00   2.4110467E+00
input  density  into th3d      4
finished reading data for layer 21.75000
u-vel.   =         12    7005.00  5 22.500  -7.5504172E-01   6.7692059E-01
input  u-vel.   into u         5
v-vel.   =         12    7005.00  5 22.500  -3.1112561E-01   6.8122441E-01
input  v-vel.   into v         5
k.e.     =         12    7005.00  5 22.500   6.0110724E-05   2.5571889E-01
input  k.e.     into ke        5
thknss   =         12    7005.00  5 22.500   2.8160121E+04   6.0995056E+05
input  thknss   into dp        5
temp     =         12    7005.00  5 22.500   7.6289696E-01   2.9172689E+01
input  temp     into temp      5
salin    =         12    7005.00  5 22.500   3.2416088E+01   3.7219933E+01
input  salin    into saln      5
density  =         12    7005.00  5 22.500  -2.6178293E+00   2.4264212E+00
input  density  into th3d      5
finished reading data for layer 22.50000
u-vel.   =         12    7005.00  6 23.250  -5.8747619E-01   6.7573416E-01
input  u-vel.   into u         6
v-vel.   =         12    7005.00  6 23.250  -3.1862959E-01   6.3442409E-01
input  v-vel.   into v         6
k.e.     =         12    7005.00  6 23.250   5.6680481E-05   1.9094542E-01
input  k.e.     into ke        6
thknss   =         12    7005.00  6 23.250   5.3012195E+04   9.2337419E+05
input  thknss   into dp        6
temp     =         12    7005.00  6 23.250   7.0387167E-01   2.7977076E+01
input  temp     into temp      6
salin    =         12    7005.00  6 23.250   3.2702087E+01   3.7218166E+01
input  salin    into saln      6
density  =         12    7005.00  6 23.250  -2.0805631E+00   2.4429834E+00
input  density  into th3d      6
finished reading data for layer 23.25000
u-vel.   =         12    7005.00  7 24.000  -5.9020782E-01   6.7631459E-01
input  u-vel.   into u         7
v-vel.   =         12    7005.00  7 24.000  -5.6262439E-01   1.0440646E+00
input  v-vel.   into v         7
k.e.     =         12    7005.00  7 24.000   5.3071071E-05   5.5714464E-01
input  k.e.     into ke        7
thknss   =         12    7005.00  7 24.000   4.5362027E+04   9.4366188E+05
input  thknss   into dp        7
temp     =         12    7005.00  7 24.000   6.2202483E-01   2.7084183E+01
input  temp     into temp      7
salin    =         12    7005.00  7 24.000   3.2963600E+01   3.7230705E+01
input  salin    into saln      7
density  =         12    7005.00  7 24.000  -1.1163726E+00   2.4527309E+00
input  density  into th3d      7
finished reading data for layer 24.00000
u-vel.   =         12    7005.00  8 24.700  -6.0058683E-01   6.7730767E-01
input  u-vel.   into u         8
v-vel.   =         12    7005.00  8 24.700  -2.8194362E-01   7.1481532E-01
input  v-vel.   into v         8
k.e.     =         12    7005.00  8 24.700   6.4508429E-05   2.3094085E-01
input  k.e.     into ke        8
thknss   =         12    7005.00  8 24.700   6.7093562E+04   1.1632231E+06
input  thknss   into dp        8
temp     =         12    7005.00  8 24.700   5.8780205E-01   2.5672701E+01
input  temp     into temp      8
salin    =         12    7005.00  8 24.700   3.3190094E+01   3.7151134E+01
input  salin    into saln      8
density  =         12    7005.00  8 24.700  -5.1634836E-01   2.4650307E+00
input  density  into th3d      8
finished reading data for layer 24.70000
u-vel.   =         12    7005.00  9 25.280  -6.1425704E-01   6.7781103E-01
input  u-vel.   into u         9
v-vel.   =         12    7005.00  9 25.280  -2.7055416E-01   6.0196161E-01
input  v-vel.   into v         9
k.e.     =         12    7005.00  9 25.280   7.7319739E-05   1.9422404E-01
input  k.e.     into ke        9
thknss   =         12    7005.00  9 25.280   7.5480250E+04   1.3258731E+06
input  thknss   into dp        9
temp     =         12    7005.00  9 25.280   6.2792909E-01   2.3602571E+01
input  temp     into temp      9
salin    =         12    7005.00  9 25.280   3.3345654E+01   3.7032570E+01
input  salin    into saln      9
density  =         12    7005.00  9 25.280   1.1578298E-01   2.4798057E+00
input  density  into th3d      9
finished reading data for layer 25.28000
u-vel.   =         12    7005.00 10 25.770  -6.2696135E-01   6.8016559E-01
input  u-vel.   into u        10
v-vel.   =         12    7005.00 10 25.770  -3.7837797E-01   7.8706431E-01
input  v-vel.   into v        10
k.e.     =         12    7005.00 10 25.770   5.0308328E-05   2.3528948E-01
input  k.e.     into ke       10
thknss   =         12    7005.00 10 25.770   7.4905445E+04   3.4616545E+06
input  thknss   into dp       10
temp     =         12    7005.00 10 25.770   6.9029963E-01   2.1210888E+01
input  temp     into temp     10
salin    =         12    7005.00 10 25.770   3.3469807E+01   3.6756264E+01
input  salin    into saln     10
density  =         12    7005.00 10 25.770   6.7935425E-01   2.4938996E+00
input  density  into th3d     10
finished reading data for layer 25.77000
u-vel.   =         12    7005.00 11 26.180  -6.3378930E-01   6.7984569E-01
input  u-vel.   into u        11
v-vel.   =         12    7005.00 11 26.180  -2.5100434E-01   5.7872820E-01
input  v-vel.   into v        11
k.e.     =         12    7005.00 11 26.180   3.3910339E-05   2.0089692E-01
input  k.e.     into ke       11
thknss   =         12    7005.00 11 26.180   9.1720500E+04   3.9784638E+06
input  thknss   into dp       11
temp     =         12    7005.00 11 26.180   7.6708698E-01   1.8542801E+01
input  temp     into temp     11
salin    =         12    7005.00 11 26.180   3.3579098E+01   3.6361469E+01
input  salin    into saln     11
density  =         12    7005.00 11 26.180   1.1114699E+00   2.5045028E+00
input  density  into th3d     11
finished reading data for layer 26.18000
u-vel.   =         12    7005.00 12 26.520  -6.4123142E-01   6.6997486E-01
input  u-vel.   into u        12
v-vel.   =         12    7005.00 12 26.520  -3.8889065E-01   5.6761098E-01
input  v-vel.   into v        12
k.e.     =         12    7005.00 12 26.520   1.1694162E-05   1.9985996E-01
input  k.e.     into ke       12
thknss   =         12    7005.00 12 26.520   4.3823305E+04   4.3467175E+06
input  thknss   into dp       12
temp     =         12    7005.00 12 26.520   8.4809411E-01   1.5974933E+01
input  temp     into temp     12
salin    =         12    7005.00 12 26.520   3.3637596E+01   3.5970287E+01
input  salin    into saln     12
density  =         12    7005.00 12 26.520   1.3545954E+00   2.5228083E+00
input  density  into th3d     12
finished reading data for layer 26.52000
u-vel.   =         12    7005.00 13 26.800  -6.3639522E-01   6.6118550E-01
input  u-vel.   into u        13
v-vel.   =         12    7005.00 13 26.800  -2.3820165E-01   5.7227105E-01
input  v-vel.   into v        13
k.e.     =         12    7005.00 13 26.800   1.3445104E-05   2.0153296E-01
input  k.e.     into ke       13
thknss   =         12    7005.00 13 26.800   1.4786117E+04   4.7253485E+06
input  thknss   into dp       13
temp     =         12    7005.00 13 26.800   1.0456812E+00   1.5073529E+01
input  temp     into temp     13
salin    =         12    7005.00 13 26.800   3.3645096E+01   3.5693249E+01
input  salin    into saln     13
density  =         12    7005.00 13 26.800   1.4732937E+00   2.5352855E+00
input  density  into th3d     13
finished reading data for layer 26.80000
u-vel.   =         12    7005.00 14 27.030  -6.3675505E-01   7.0063275E-01
input  u-vel.   into u        14
v-vel.   =         12    7005.00 14 27.030  -2.6293218E-01   5.8717942E-01
input  v-vel.   into v        14
k.e.     =         12    7005.00 14 27.030   6.5834010E-06   2.2358659E-01
input  k.e.     into ke       14
thknss   =         12    7005.00 14 27.030   1.1173541E+01   4.7760410E+06
input  thknss   into dp       14
temp     =         12    7005.00 14 27.030   1.0848308E+00   1.4350467E+01
input  temp     into temp     14
salin    =         12    7005.00 14 27.030   3.3832649E+01   3.5606968E+01
input  salin    into saln     14
density  =         12    7005.00 14 27.030   1.5590830E+00   2.5489445E+00
input  density  into th3d     14
finished reading data for layer 27.03000
u-vel.   =         12    7005.00 15 27.220  -7.3451567E-01   7.3787785E-01
input  u-vel.   into u        15
v-vel.   =         12    7005.00 15 27.220  -3.6521295E-01   4.7340137E-01
input  v-vel.   into v        15
k.e.     =         12    7005.00 15 27.220   1.6811474E-06   2.5214893E-01
input  k.e.     into ke       15
thknss   =         12    7005.00 15 27.220   3.1639347E+00   2.9441648E+06
input  thknss   into dp       15
temp     =         12    7005.00 15 27.220   1.3868438E+00   1.3316320E+01
input  temp     into temp     15
salin    =         12    7005.00 15 27.220   3.4013069E+01   3.5564793E+01
input  salin    into saln     15
density  =         12    7005.00 15 27.220   1.7593588E+00   2.5889528E+00
input  density  into th3d     15
finished reading data for layer 27.22000
u-vel.   =         12    7005.00 16 27.380  -7.0562845E-01   5.3222287E-01
input  u-vel.   into u        16
v-vel.   =         12    7005.00 16 27.380  -3.1533337E-01   4.6888062E-01
input  v-vel.   into v        16
k.e.     =         12    7005.00 16 27.380   2.1672656E-06   2.1742229E-01
input  k.e.     into ke       16
thknss   =         12    7005.00 16 27.380   2.3392794E+00   5.1375305E+06
input  thknss   into dp       16
temp     =         12    7005.00 16 27.380   2.0407643E+00   1.2352627E+01
input  temp     into temp     16
salin    =         12    7005.00 16 27.380   3.4260105E+01   3.5518997E+01
input  salin    into saln     16
density  =         12    7005.00 16 27.380   1.9300959E+00   2.6587498E+00
input  density  into th3d     16
finished reading data for layer 27.38000
u-vel.   =         12    7005.00 17 27.520  -5.2648169E-01   4.6452686E-01
input  u-vel.   into u        17
v-vel.   =         12    7005.00 17 27.520  -2.9319081E-01   5.1930374E-01
input  v-vel.   into v        17
k.e.     =         12    7005.00 17 27.520   1.1039016E-06   1.4021733E-01
input  k.e.     into ke       17
thknss   =         12    7005.00 17 27.520   2.1169158E-03   4.5872700E+06
input  thknss   into dp       17
temp     =         12    7005.00 17 27.520   2.8395362E+00   9.4525900E+00
input  temp     into temp     17
salin    =         12    7005.00 17 27.520   3.4517208E+01   3.5414852E+01
input  salin    into saln     17
density  =         12    7005.00 17 27.520   2.2110796E+00   2.6966009E+00
input  density  into th3d     17
finished reading data for layer 27.52000
u-vel.   =         12    7005.00 18 27.640  -3.9010325E-01   3.5106552E-01
input  u-vel.   into u        18
v-vel.   =         12    7005.00 18 27.640  -2.3910239E-01   3.5757926E-01
input  v-vel.   into v        18
k.e.     =         12    7005.00 18 27.640   1.9321003E-06   7.8291051E-02
input  k.e.     into ke       18
thknss   =         12    7005.00 18 27.640   1.4742231E-03   4.5627690E+06
input  thknss   into dp       18
temp     =         12    7005.00 18 27.640   3.4318550E+00   8.6363554E+00
input  temp     into temp     18
salin    =         12    7005.00 18 27.640   3.4709053E+01   3.5462486E+01
input  salin    into saln     18
density  =         12    7005.00 18 27.640   2.2598207E+00   2.8050735E+00
input  density  into th3d     18
finished reading data for layer 27.64000
u-vel.   =         12    7005.00 19 27.740  -6.7629498E-01   4.1158504E+00
input  u-vel.   into u        19
v-vel.   =         12    7005.00 19 27.740  -2.3910239E-01   3.5757926E-01
input  v-vel.   into v        19
k.e.     =         12    7005.00 19 27.740   1.4200513E-06   2.1250492E-01
input  k.e.     into ke       19
thknss   =         12    7005.00 19 27.740   0.0000000E+00   1.1146678E+07
input  thknss   into dp       19
temp     =         12    7005.00 19 27.740   2.0119295E+00   7.9489264E+00
input  temp     into temp     19
salin    =         12    7005.00 19 27.740   3.4779545E+01   3.5515766E+01
input  salin    into saln     19
density  =         12    7005.00 19 27.740   2.5238070E+00   2.8377726E+00
input  density  into th3d     19
finished reading data for layer 27.74000
u-vel.   =         12    7005.00 20 27.820  -1.8736079E+00   4.1158504E+00
input  u-vel.   into u        20
v-vel.   =         12    7005.00 20 27.820  -3.1863621E-01   3.5757926E-01
input  v-vel.   into v        20
k.e.     =         12    7005.00 20 27.820   6.4384079E-07   9.8026797E-02
input  k.e.     into ke       20
thknss   =         12    7005.00 20 27.820   0.0000000E+00   1.2029062E+07
input  thknss   into dp       20
temp     =         12    7005.00 20 27.820   1.5506001E+00   7.0056090E+00
input  temp     into temp     20
salin    =         12    7005.00 20 27.820   3.4781792E+01   3.5426323E+01
input  salin    into saln     20
density  =         12    7005.00 20 27.820   2.6199279E+00   2.8562419E+00
input  density  into th3d     20
finished reading data for layer 27.82000
u-vel.   =         12    7005.00 21 27.880  -1.8736079E+00   4.1158504E+00
input  u-vel.   into u        21
v-vel.   =         12    7005.00 21 27.880  -2.3910239E-01   3.5757926E-01
input  v-vel.   into v        21
k.e.     =         12    7005.00 21 27.880   1.3864535E-07   7.1557313E-02
input  k.e.     into ke       21
thknss   =         12    7005.00 21 27.880   0.0000000E+00   2.7186540E+07
input  thknss   into dp       21
temp     =         12    7005.00 21 27.880   2.8785133E-01   6.5422812E+00
input  temp     into temp     21
salin    =         12    7005.00 21 27.880   3.4748886E+01   3.5503754E+01
input  salin    into saln     21
density  =         12    7005.00 21 27.880   2.6385372E+00   2.9004729E+00
input  density  into th3d     21
finished reading data for layer 27.88000
u-vel.   =         12    7005.00 22 27.940  -1.8736079E+00   4.1158504E+00
input  u-vel.   into u        22
v-vel.   =         12    7005.00 22 27.940  -2.3910239E-01   7.2080880E-01
input  v-vel.   into v        22
k.e.     =         12    7005.00 22 27.940   1.1688514E-07   4.9770840E-02
input  k.e.     into ke       22
thknss   =         12    7005.00 22 27.940   0.0000000E+00   1.1595456E+07
input  thknss   into dp       22
temp     =         12    7005.00 22 27.940  -9.3016618E-01   6.5422812E+00
input  temp     into temp     22
salin    =         12    7005.00 22 27.940   3.4748886E+01   3.5503754E+01
input  salin    into saln     22
density  =         12    7005.00 22 27.940   2.6385372E+00   2.9757030E+00
input  density  into th3d     22
finished reading data for layer 27.94000
North Atlantic topography from ETOPO5 5-minute data set.                       
56 x 51 depth values (idm,jdm = 57,52).                                        
2.0000 deg. mercator resolution, with equat=11.000.                            
lon: 97.000W to 13.000E.  lat: 19.606S to 62.195N.                             
                                                                               
min,max depth =    199.556  5837.000
read North At into depths  
mask North At into coast   
plon:  min,max =       263.00000      375.00000
plat:  min,max =       -19.60579       63.11375
qlon:  min,max =       262.00000      374.00000
qlat:  min,max =       -20.54502       62.65800
ulon:  min,max =       262.00000      374.00000
ulat:  min,max =       -19.60579       63.11375
vlon:  min,max =       263.00000      375.00000
vlat:  min,max =       -20.54502       62.65800
pscx:  min,max =    100565.21875   222389.87500
pscy:  min,max =    100571.95312   222378.59375
uscx:  min,max =    100565.21875   222389.87500
uscy:  min,max =    100571.95312   222378.59375
vscx:  min,max =    102139.75781   222356.01562
vscy:  min,max =    102146.85938   222344.73438

sub-domain longitude range =   263.00  375.00
sub-domain latitude  range =   -19.61   63.11

sub-domain assumed to be non-periodic

bigrid called with ii,jj,ii1,jj1 =    57    52    56    51
indxi called with ii,jj,ii1,jj1 =    57    52    56    51
indxj called with ii,jj,ii1,jj1 =    57    52    56    51
indxi called with ii,jj,ii1,jj1 =    57    52    56    51
indxj called with ii,jj,ii1,jj1 =    57    52    56    51
indxi called with ii,jj,ii1,jj1 =    57    52    56    51
indxj called with ii,jj,ii1,jj1 =    57    52    56    51
indxi called with ii,jj,ii1,jj1 =    57    52    56    51
indxj called with ii,jj,ii1,jj1 =    57    52    56    51
      0 island points submerged
 calling portrait PostScript version of opngks
 filename: 010y020MN.ps
     defining earth color table: entries    1 --    3
     defining fc100 color table: entries    5 --  104
min -8.32E+01 at   32   48  max  6.33E+01 at   13   28  intvl.,lines  1.00E+01   14
 srfht =  -83.21055 63.339527 10.0
 time3 =  6840.0 7170.0 7005.0
 now plotting: mean:   19.00-  20.00 [01.0H]
blkinr: botqq  =    -1.0000 m
blkinr: flxqq  =    -1.0000 cm
blkinr: empqq  =    -1.0000 mm/day
blkinr: ttrqq  =    -1.0000 deg/day
blkinr: strqq  =    -1.0000 psu/day
blkinr: icvqq  =    -1.0000 
blkinr: ithqq  =    -1.0000 m
blkinr: ictqq  =    -1.0000 deg
blkinr: sshqq  =     2.0000 cm
min -8.32E+01 at   32   48  max  6.33E+01 at   13   28  intvl.,lines  1.00E+01   14
 srfht =  -83.21055 63.339527 2.0
blkinr: center =     0.0000 cm
horplt called with idm,jdm,ii1,jj1 =    57    52    56    51
                        qlo,qhi,qq =-100.000 100.000   2.000
 horiz. map:  sea surf. height  mean:   19.00-  20.00 [01.0H] 
horplt calling SET with arguments    0.040    0.960    0.081    0.919
bordplt - qlatlo,qlathi,qlatlon =     -30.00     70.00     10.00
bordplt - qlonlo,qlonhi,qlatlon =     250.00    390.00     10.00
                      fflo,ffhi,qq =-100.000 100.000   2.000
 frame advance no.   1
blkinr: bkeqq  =    -1.0000 m^2/s^2
blkinr: bsfqq  =    -1.0000 sv
blkinr: mthrsh =     0.0000 cm
blkinr: bltqq  =    -1.0000 m
blkinr: mltqq  =     6.0000 m
min  3.01E+00 at   25   12  max  2.25E+02 at   40   43  intvl.,lines  2.00E+01   11
horplt called with idm,jdm,ii1,jj1 =    57    52    56    51
                        qlo,qhi,qq =   1.200   1.200   1.200
horplt calling SET with arguments    0.040    0.960    0.081    0.919
blkinr: center =   300.0000 m
horplt called with idm,jdm,ii1,jj1 =    57    52    56    51
                        qlo,qhi,qq =   0.000 600.000   6.000
 horiz. map: mix.layr.thickness mean:   19.00-  20.00 [01.0H] 
horplt calling SET with arguments    0.040    0.960    0.081    0.919
                      fflo,ffhi,qq =   0.000 600.000   6.000
 frame advance no.   2
blkinr: sstqq  =    -1.0000 deg
blkinr: sssqq  =    -1.0000 psu
blkinr: ssdqq  =    -1.0000 sig
blkinr: mkeqq  =    -1.0000 m^2/s^2
blkini: kf     =    -1
blkini: kl     =     1
blkinr: vthrsh =     0.0000 cm
blkinr: infqq  =    -1.0000 m
blkinr: thkqq  =    -1.0000 m
blkinr: temqq  =     0.3000 deg
min  1.79E+00 at   19   51  max  3.00E+01 at   42   15  intvl.,lines  2.00E+00   14
blkinr: center =    15.0000 deg
horplt called with idm,jdm,ii1,jj1 =    57    52    56    51
                        qlo,qhi,qq =   0.000  30.000   0.300
 horiz. map: layer=01   temp    mean:   19.00-  20.00 [01.0H] 
horplt calling SET with arguments    0.040    0.960    0.081    0.919
                      fflo,ffhi,qq =   0.000  30.000   0.300
 frame advance no.   3
blkinr: salqq  =     0.0500 psu
blkinr: center =    35.0000 psu
horplt called with idm,jdm,ii1,jj1 =    57    52    56    51
                        qlo,qhi,qq =  32.500  37.500   0.050
 horiz. map: layer=01  salinity mean:   19.00-  20.00 [01.0H] 
horplt calling SET with arguments    0.040    0.960    0.081    0.919
                      fflo,ffhi,qq =  32.500  37.500   0.050
min  3.09E+01 at   54   12  max  3.72E+01 at   30   24  intvl.,lines  5.00E-01   12
 frame advance no.   4
blkinr: tthqq  =    -1.0000 sig
blkinr: keqq   =     0.0075 m^2/s^2
min  4.29E-04 at   47   40  max  5.78E-01 at   26   12  intvl.,lines  5.00E-02   11
 kemix =  4.2892713E-4 0.57792896 7.5E-3
blkinr: center =     0.3750 m^2/s^2
horplt called with idm,jdm,ii1,jj1 =    57    52    56    51
                        qlo,qhi,qq =   0.000   0.750   0.007
 horiz. map: layer=01  ke/mass  mean:   19.00-  20.00 [01.0H] 
horplt calling SET with arguments    0.040    0.960    0.081    0.919
                      fflo,ffhi,qq =   0.000   0.750   0.007
 frame advance no.   5
blkinr: sfnqq  =    -1.0000 sv
blkini: kf     =   -21
blkini: kl     =    22
blkinr: vthrsh =     0.0000 cm
blkinr: infqq  =    -1.0000 m
blkinr: thkqq  =    -1.0000 m
blkinr: temqq  =     0.1000 deg
min  1.77E+00 at   39    1  max  5.50E+00 at   46   49  intvl.,lines  2.00E-01   18
blkinr: center =     3.0000 deg
horplt called with idm,jdm,ii1,jj1 =    57    52    56    51
                        qlo,qhi,qq =  -2.000   8.000   0.100
 horiz. map: layer=21   temp    mean:   19.00-  20.00 [01.0H] 
horplt calling SET with arguments    0.040    0.960    0.081    0.919
                      fflo,ffhi,qq =  -2.000   8.000   0.100
 frame advance no.   6
blkinr: salqq  =    -1.0000 psu
blkinr: tthqq  =    -1.0000 sig
blkinr: keqq   =    -1.0000 m^2/s^2
blkinr: sfnqq  =    -1.0000 sv
min -1.36E-01 at   49   51  max  4.20E+00 at   42   49  intvl.,lines  2.00E-01   21
horplt called with idm,jdm,ii1,jj1 =    57    52    56    51
                        qlo,qhi,qq =  -2.000   8.000   0.100
 horiz. map: layer=22   temp    mean:   19.00-  20.00 [01.0H] 
horplt calling SET with arguments    0.040    0.960    0.081    0.919
                      fflo,ffhi,qq =  -2.000   8.000   0.100
 frame advance no.   7
blkini: kf     =     0
blkinr: depth  =   900.0000 m
blkinr: vstep  =     1.0000 
blkinr: velqq  =    -1.0000 cm/s
blkinr: center =     0.0000 cm/s
blkinr: temqq  =     0.4000 deg
blkinr: center =    15.2000 deg
blkinr: salqq  =     0.0750 psu
blkinr: center =    35.0000 psu
blkinr: tthqq  =    -1.0000 sig
blkinr: center =    26.0000 sig
blkini: mxlflg =     2
blkini: kpalet =     2
       defining sst color table: entries  107 --  170
blkini: noisec =     4
blkini: isec   =    17
 next section at  i,lon=   17    -65.00
xsecij - ia,ilo,xlo =    17   16  -65.000
 cross section: temperature merid.sec. 65.00w  mean:   19.00-  20.00 [01.0H]
min  4.13E+00 at   35   23  max  2.84E+01 at   19   78  intvl.,lines  2.00E+00   12
xsecij - contour    =   2.0000E+00  4.1304E+00  2.8424E+01
xsecij - qq,qlo,qhi =   4.0000E-01  2.4000E+00  2.8000E+01
colors set to 0.750 0.625 0.500     (color index   3)   ierr =  0
xsecij - ia,ilo,xlo =    17   16  -65.000
 cross section: salinity merid.sec. 65.00w  mean:   19.00-  20.00 [01.0H]
min  3.35E+01 at   36   80  max  3.66E+01 at   19   68  intvl.,lines  2.00E-01   15
xsecij - contour    =   2.0000E-01  3.3472E+01  3.6568E+01
xsecij - qq,qlo,qhi =   7.5000E-02  3.2600E+01  3.7400E+01
colors set to 0.750 0.625 0.500     (color index   3)   ierr =  0
 frame advance no.   8
blkini: isec   =    24
 next section at  i,lon=   24    -51.00
xsecij - ia,ilo,xlo =    24   23  -51.000
 cross section: temperature merid.sec. 51.00w  mean:   19.00-  20.00 [01.0H]
min  2.82E+00 at   51   79  max  2.78E+01 at   16   79  intvl.,lines  2.00E+00   12
xsecij - contour    =   2.0000E+00  2.8175E+00  2.7820E+01
xsecij - qq,qlo,qhi =   4.0000E-01  2.4000E+00  2.8000E+01
colors set to 0.750 0.625 0.500     (color index   3)   ierr =  0
xsecij - ia,ilo,xlo =    24   23  -51.000
 cross section: salinity merid.sec. 51.00w  mean:   19.00-  20.00 [01.0H]
min  3.21E+01 at   13   80  max  3.69E+01 at   25   80  intvl.,lines  5.00E-01    9
xsecij - contour    =   5.0000E-01  3.2063E+01  3.6872E+01
xsecij - qq,qlo,qhi =   7.5000E-02  3.2600E+01  3.7400E+01
colors set to 0.750 0.625 0.500     (color index   3)   ierr =  0
 frame advance no.   9
blkini: isec   =    32
 next section at  i,lon=   32    -35.00
xsecij - ia,ilo,xlo =    32   31  -35.000
 cross section: temperature merid.sec. 35.00w  mean:   19.00-  20.00 [01.0H]
min  3.64E+00 at    1    2  max  2.77E+01 at    6   78  intvl.,lines  2.00E+00   12
xsecij - contour    =   2.0000E+00  3.6446E+00  2.7745E+01
xsecij - qq,qlo,qhi =   4.0000E-01  2.4000E+00  2.8000E+01
colors set to 0.750 0.625 0.500     (color index   3)   ierr =  0
xsecij - ia,ilo,xlo =    32   31  -35.000
 cross section: salinity merid.sec. 35.00w  mean:   19.00-  20.00 [01.0H]
min  3.44E+01 at    1    9  max  3.72E+01 at   24   77  intvl.,lines  2.00E-01   13
xsecij - contour    =   2.0000E-01  3.4385E+01  3.7169E+01
xsecij - qq,qlo,qhi =   7.5000E-02  3.2600E+01  3.7400E+01
colors set to 0.750 0.625 0.500     (color index   3)   ierr =  0
 frame advance no.  10
blkini: isec   =    40
 next section at  i,lon=   40    -19.00
xsecij - ia,ilo,xlo =    40   39  -19.000
 cross section: temperature merid.sec. 19.00w  mean:   19.00-  20.00 [01.0H]
min  3.99E+00 at    1    2  max  2.91E+01 at   15   80  intvl.,lines  2.00E+00   12
xsecij - contour    =   2.0000E+00  3.9946E+00  2.9127E+01
xsecij - qq,qlo,qhi =   4.0000E-01  2.4000E+00  2.8000E+01
colors set to 0.750 0.625 0.500     (color index   3)   ierr =  0
xsecij - ia,ilo,xlo =    40   39  -19.000
 cross section: salinity merid.sec. 19.00w  mean:   19.00-  20.00 [01.0H]
min  3.45E+01 at    2   11  max  3.69E+01 at    1   77  intvl.,lines  2.00E-01   12
xsecij - contour    =   2.0000E-01  3.4452E+01  3.6935E+01
xsecij - qq,qlo,qhi =   7.5000E-02  3.2600E+01  3.7400E+01
colors set to 0.750 0.625 0.500     (color index   3)   ierr =  0
 frame advance no.  11
blkini: nojsec =     5
blkini: jsec   =     4
 next section at  j,lat =    4    -13.86
xsecij - ja,jla,xla =     4    3  -13.863
 cross section: temperature zonal sec. 13.86s  mean:   19.00-  20.00 [01.0H]
min  3.81E+00 at   32    5  max  2.75E+01 at   32   78  intvl.,lines  2.00E+00   11
xsecij - contour    =   2.0000E+00  3.8126E+00  2.7509E+01
xsecij - qq,qlo,qhi =   4.0000E-01  2.4000E+00  2.8000E+01
colors set to 0.750 0.625 0.500     (color index   3)   ierr =  0
ATLb2.00,x =     5.400
xsecij - ja,jla,xla =     4    3  -13.863
 cross section: salinity zonal sec. 13.86s  mean:   19.00-  20.00 [01.0H]
min  3.44E+01 at   32   14  max  3.70E+01 at   32   73  intvl.,lines  2.00E-01   12
xsecij - contour    =   2.0000E-01  3.4414E+01  3.6994E+01
xsecij - qq,qlo,qhi =   7.5000E-02  3.2600E+01  3.7400E+01
colors set to 0.750 0.625 0.500     (color index   3)   ierr =  0
ATLb2.00,x =     5.400
 frame advance no.  12
blkini: jsec   =    11
 next section at  j,lat =   11      0.00
xsecij - ja,jla,xla =    11   10    0.000
 cross section: temperature zonal sec.  0.00s  mean:   19.00-  20.00 [01.0H]
min  4.92E+00 at   54   12  max  2.79E+01 at   54   80  intvl.,lines  2.00E+00   11
xsecij - contour    =   2.0000E+00  4.9176E+00  2.7944E+01
xsecij - qq,qlo,qhi =   4.0000E-01  2.4000E+00  2.8000E+01
colors set to 0.750 0.625 0.500     (color index   3)   ierr =  0
xsecij - ja,jla,xla =    11   10    0.000
 cross section: salinity zonal sec.  0.00s  mean:   19.00-  20.00 [01.0H]
min  3.25E+01 at   54   80  max  3.63E+01 at   27   69  intvl.,lines  2.00E-01   18
xsecij - contour    =   2.0000E-01  3.2496E+01  3.6279E+01
xsecij - qq,qlo,qhi =   7.5000E-02  3.2600E+01  3.7400E+01
colors set to 0.750 0.625 0.500     (color index   3)   ierr =  0
 frame advance no.  13
blkini: jsec   =    24
 next section at  j,lat =   24     25.15
xsecij - ja,jla,xla =    24   23   25.151
 cross section: temperature zonal sec. 25.15n  mean:   19.00-  20.00 [01.0H]
min  4.86E+00 at    8   12  max  2.87E+01 at    1   78  intvl.,lines  2.00E+00   11
xsecij - contour    =   2.0000E+00  4.8634E+00  2.8710E+01
xsecij - qq,qlo,qhi =   4.0000E-01  2.4000E+00  2.8000E+01
colors set to 0.750 0.625 0.500     (color index   3)   ierr =  0
xsecij - ja,jla,xla =    24   23   25.151
 cross section: salinity zonal sec. 25.15n  mean:   19.00-  20.00 [01.0H]
min  3.49E+01 at   24    1  max  3.72E+01 at   30   80  intvl.,lines  2.00E-01   11
xsecij - contour    =   2.0000E-01  3.4861E+01  3.7223E+01
xsecij - qq,qlo,qhi =   7.5000E-02  3.2600E+01  3.7400E+01
colors set to 0.750 0.625 0.500     (color index   3)   ierr =  0
 frame advance no.  14
blkini: jsec   =    36
 next section at  j,lat =   36     44.65
xsecij - ja,jla,xla =    36   35   44.646
 cross section: temperature zonal sec. 44.65n  mean:   19.00-  20.00 [01.0H]
min  3.93E+00 at   25    3  max  1.96E+01 at   17   77  intvl.,lines  1.00E+00   15
xsecij - contour    =   1.0000E+00  3.9268E+00  1.9562E+01
xsecij - qq,qlo,qhi =   4.0000E-01  2.4000E+00  2.8000E+01
colors set to 0.750 0.625 0.500     (color index   3)   ierr =  0
xsecij - ja,jla,xla =    36   35   44.646
 cross section: salinity zonal sec. 44.65n  mean:   19.00-  20.00 [01.0H]
min  3.31E+01 at   19   80  max  3.58E+01 at   17   71  intvl.,lines  2.00E-01   13
xsecij - contour    =   2.0000E-01  3.3121E+01  3.5845E+01
xsecij - qq,qlo,qhi =   7.5000E-02  3.2600E+01  3.7400E+01
colors set to 0.750 0.625 0.500     (color index   3)   ierr =  0
 frame advance no.  15
blkini: jsec   =    48
 next section at  j,lat =   48     59.26
xsecij - ja,jla,xla =    48   47   59.264
 cross section: temperature zonal sec. 59.26n  mean:   19.00-  20.00 [01.0H]
min  1.77E+00 at   19   74  max  1.14E+01 at   43   80  intvl.,lines  5.00E-01   19
xsecij - contour    =   5.0000E-01  1.7657E+00  1.1423E+01
xsecij - qq,qlo,qhi =   4.0000E-01  2.4000E+00  2.8000E+01
colors set to 0.750 0.625 0.500     (color index   3)   ierr =  0
xsecij - ja,jla,xla =    48   47   59.264
 cross section: salinity zonal sec. 59.26n  mean:   19.00-  20.00 [01.0H]
min  3.36E+01 at   19   80  max  3.53E+01 at   46   36  intvl.,lines  1.00E-01   17
xsecij - contour    =   1.0000E-01  3.3585E+01  3.5310E+01
xsecij - qq,qlo,qhi =   7.5000E-02  3.2600E+01  3.7400E+01
colors set to 0.750 0.625 0.500     (color index   3)   ierr =  0
 frame advance no.  16
STOP: (normal)
