
xcspmd: idm,jdm =   57   52

input file: ../expt_01.3/data/archv.0020_196_00.a
    region: ATLb2.00
blkini: iexpt  =     0
blkini: yrflag =     0
blkini: idm    =    57
blkini: jdm    =    52
blkini: kdm    =    22
blkinr: thbase =    25.0000 sig
blkini: nperfr =     1
blkini: lalolb =    20
blkini: lalogr =    10
blkini: loclab =     4
blkini: locbar =    11
blkini: kpalet =     5
blkinl: smooth =     F
blkinl: mthin  =     T
blkini: i_th   =     2
blkini: iorign =     1
blkini: jorign =     1
blkini: idmp   =     0
blkini: jdmp   =     0
extracting i =    1 ...   57         j =    1 ...   52
 chrsiz =  0.547826 104.04764 94.920654
... plotting  1 maps per frame
COADS forcing: precip_zero; srelax;                                             
boundary relax; iniflg=2; KPP mixed layer; Jerlov IA;                           
Z(22): dp00/f/x=3m/1.125/12m; ATLb2.00/src_2.1.02_22.                           
12345678901234567890123456789012345678901234567890123456789012345678901234567890
 iversn =  21
 iexpt  =  13
 yrflag =  0
 idm    =  57
 jdm    =  52
field       time step  model day  k  dens        min              max
artype = 1
montg1   =     105300    7020.00  0  0.000  -3.7535191E+00   1.5018753E+01
input  montg1   into montg   
srfhgt   =     105300    7020.00  0  0.000  -7.8870873E+00   6.2213955E+00
input  srfhgt   into srfht   
surflx   =     105300    7020.00  0  0.000  -1.0830950E+02   1.5105002E+02
input  surflx   into surflx  
 time3 =  7020.0 7020.0 7020.0
salflx   =     105300    7020.00  0  0.000  -8.1489503E-02   9.2141507E-03
input  salflx   into salflx  
bl_dpth  =     105300    7020.00  0  0.000   2.8808648E+04   7.0332169E+05
input  bl_dpth  into dpbl    
mix_dpth =     105300    7020.00  0  0.000   2.8710588E+04   7.7898881E+05
input  mix_dpth into dpmixl  
tmix     =     105300    7020.00  0  0.000   6.6664672E+00   3.2258293E+01
input  tmix     into tmix    
smix     =     105300    7020.00  0  0.000   2.8110937E+01   3.7262905E+01
input  smix     into smix    
thmix    =     105300    7020.00  0  0.000  -7.9624658E+00   1.8890955E+00
input  thmix    into thmix   
umix     =     105300    7020.00  0  0.000  -9.0045530E-01   5.6868058E-01
input  umix     into umix    
vmix     =     105300    7020.00  0  0.000  -4.4958088E-01   1.1858219E+00
input  vmix     into vmix    
u_btrop  =     105300    7020.00  0  0.000  -3.3121169E-01   3.7312400E-01
input  u_btrop  into ubaro   
v_btrop  =     105300    7020.00  0  0.000  -1.2068016E-01   3.6959645E-01
input  v_btrop  into vbaro   
u-vel.   =     105300    7020.00  1 19.500  -9.7716248E-01   6.0696220E-01
input  u-vel.   into u         1
v-vel.   =     105300    7020.00  1 19.500  -4.4703597E-01   1.2219886E+00
input  v-vel.   into v         1
thknss   =     105300    7020.00  1 19.500   2.9418000E+04   2.9418000E+04
input  thknss   into dp        1
temp     =     105300    7020.00  1 19.500   6.6663456E+00   3.2258293E+01
input  temp     into temp      1
salin    =     105300    7020.00  1 19.500   2.8190382E+01   3.7280140E+01
input  salin    into saln      1
density  =     105300    7020.00  1 19.500  -7.9037237E+00   1.8825291E+00
input  density  into th3d      1
finished reading data for layer 19.50000
u-vel.   =     105300    7020.00  2 20.250  -9.0518349E-01   5.7182527E-01
input  u-vel.   into u         2
v-vel.   =     105300    7020.00  2 20.250  -4.7262979E-01   1.1486903E+00
input  v-vel.   into v         2
thknss   =     105300    7020.00  2 20.250   3.3095250E+04   1.1128973E+05
input  thknss   into dp        2
temp     =     105300    7020.00  2 20.250   4.9638910E+00   3.2150249E+01
input  temp     into temp      2
salin    =     105300    7020.00  2 20.250   3.0956369E+01   3.7279190E+01
input  salin    into saln      2
density  =     105300    7020.00  2 20.250  -5.2342191E+00   1.9202721E+00
input  density  into th3d      2
finished reading data for layer 20.25000
u-vel.   =     105300    7020.00  3 21.000  -8.3064097E-01   5.2656502E-01
input  u-vel.   into u         3
v-vel.   =     105300    7020.00  3 21.000  -4.7353131E-01   1.1355048E+00
input  v-vel.   into v         3
thknss   =     105300    7020.00  3 21.000   2.9455100E+04   1.1709727E+05
input  thknss   into dp        3
temp     =     105300    7020.00  3 21.000   3.2695372E+00   3.1493883E+01
input  temp     into temp      3
salin    =     105300    7020.00  3 21.000   3.1850351E+01   3.7278568E+01
input  salin    into saln      3
density  =     105300    7020.00  3 21.000  -4.1361241E+00   2.0543759E+00
input  density  into th3d      3
finished reading data for layer 21.00000
u-vel.   =     105300    7020.00  4 21.750  -7.7062219E-01   4.9915856E-01
input  u-vel.   into u         4
v-vel.   =     105300    7020.00  4 21.750  -5.0368744E-01   8.4152102E-01
input  v-vel.   into v         4
thknss   =     105300    7020.00  4 21.750   4.1886176E+04   2.9128531E+05
input  thknss   into dp        4
temp     =     105300    7020.00  4 21.750   2.3697290E+00   3.0980364E+01
input  temp     into temp      4
salin    =     105300    7020.00  4 21.750   3.2439606E+01   3.7278053E+01
input  salin    into saln      4
density  =     105300    7020.00  4 21.750  -3.4932351E+00   2.1405866E+00
input  density  into th3d      4
finished reading data for layer 21.75000
u-vel.   =     105300    7020.00  5 22.500  -6.9930810E-01   6.6259277E-01
input  u-vel.   into u         5
v-vel.   =     105300    7020.00  5 22.500  -4.1328529E-01   6.2883884E-01
input  v-vel.   into v         5
thknss   =     105300    7020.00  5 22.500   5.8070420E+03   4.1514931E+05
input  thknss   into dp        5
temp     =     105300    7020.00  5 22.500   1.7174965E+00   3.0361574E+01
input  temp     into temp      5
salin    =     105300    7020.00  5 22.500   3.2842026E+01   3.7277588E+01
input  salin    into saln      5
density  =     105300    7020.00  5 22.500  -2.7828808E+00   2.2011065E+00
input  density  into th3d      5
finished reading data for layer 22.50000
u-vel.   =     105300    7020.00  6 23.250  -6.8121481E-01   7.5106615E-01
input  u-vel.   into u         6
v-vel.   =     105300    7020.00  6 23.250  -6.4941472E-01   3.7936050E-01
input  v-vel.   into v         6
thknss   =     105300    7020.00  6 23.250   5.3012191E+04   8.8017138E+05
input  thknss   into dp        6
temp     =     105300    7020.00  6 23.250   1.3221912E+00   2.8624687E+01
input  temp     into temp      6
salin    =     105300    7020.00  6 23.250   3.3119995E+01   3.7277126E+01
input  salin    into saln      6
density  =     105300    7020.00  6 23.250  -2.0905075E+00   2.2640154E+00
input  density  into th3d      6
finished reading data for layer 23.25000
u-vel.   =     105300    7020.00  7 24.000  -5.3618300E-01   4.9799967E-01
input  u-vel.   into u         7
v-vel.   =     105300    7020.00  7 24.000  -4.1551238E-01   5.8892906E-01
input  v-vel.   into v         7
thknss   =     105300    7020.00  7 24.000   1.9086357E+04   1.2732102E+06
input  thknss   into dp        7
temp     =     105300    7020.00  7 24.000   9.5815331E-01   2.7369955E+01
input  temp     into temp      7
salin    =     105300    7020.00  7 24.000   3.3315018E+01   3.7276489E+01
input  salin    into saln      7
density  =     105300    7020.00  7 24.000  -1.3275790E+00   2.3286107E+00
input  density  into th3d      7
finished reading data for layer 24.00000
u-vel.   =     105300    7020.00  8 24.700  -4.7856927E-01   5.0057566E-01
input  u-vel.   into u         8
v-vel.   =     105300    7020.00  8 24.700  -3.0311465E-01   3.5828221E-01
input  v-vel.   into v         8
thknss   =     105300    7020.00  8 24.700   6.7093555E+04   9.1386919E+05
input  thknss   into dp        8
temp     =     105300    7020.00  8 24.700   7.7382529E-01   2.5599979E+01
input  temp     into temp      8
salin    =     105300    7020.00  8 24.700   3.3391708E+01   3.7146458E+01
input  salin    into saln      8
density  =     105300    7020.00  8 24.700  -6.3333893E-01   2.3775733E+00
input  density  into th3d      8
finished reading data for layer 24.70000
u-vel.   =     105300    7020.00  9 25.280  -2.8549987E-01   4.6535563E-01
input  u-vel.   into u         9
v-vel.   =     105300    7020.00  9 25.280  -2.6132065E-01   2.7758330E-01
input  v-vel.   into v         9
thknss   =     105300    7020.00  9 25.280   7.5453203E+04   1.0087116E+06
input  thknss   into dp        9
temp     =     105300    7020.00  9 25.280   5.6929380E-01   2.4139151E+01
input  temp     into temp      9
salin    =     105300    7020.00  9 25.280   3.3487736E+01   3.7215530E+01
input  salin    into saln      9
density  =     105300    7020.00  9 25.280   2.1295132E-01   2.4307816E+00
input  density  into th3d      9
finished reading data for layer 25.28000
u-vel.   =     105300    7020.00 10 25.770  -2.5643530E-01   4.3399933E-01
input  u-vel.   into u        10
v-vel.   =     105300    7020.00 10 25.770  -2.7890557E-01   4.7746199E-01
input  v-vel.   into v        10
thknss   =     105300    7020.00 10 25.770   8.3734539E+04   2.3547455E+06
input  thknss   into dp       10
temp     =     105300    7020.00 10 25.770   4.6201754E-01   2.1310904E+01
input  temp     into temp     10
salin    =     105300    7020.00 10 25.770   3.3558327E+01   3.6785679E+01
input  salin    into saln     10
density  =     105300    7020.00 10 25.770   7.3990667E-01   2.4634721E+00
input  density  into th3d     10
finished reading data for layer 25.77000
u-vel.   =     105300    7020.00 11 26.180  -3.8306320E-01   3.6459327E-01
input  u-vel.   into u        11
v-vel.   =     105300    7020.00 11 26.180  -1.7827751E-01   2.5891900E-01
input  v-vel.   into v        11
thknss   =     105300    7020.00 11 26.180   2.6197271E+03   3.4076162E+06
input  thknss   into dp       11
temp     =     105300    7020.00 11 26.180   4.6809295E-01   1.8625883E+01
input  temp     into temp     11
salin    =     105300    7020.00 11 26.180   3.3625362E+01   3.6385941E+01
input  salin    into saln     11
density  =     105300    7020.00 11 26.180   1.0615290E+00   2.4857364E+00
input  density  into th3d     11
finished reading data for layer 26.18000
u-vel.   =     105300    7020.00 12 26.520  -2.7491367E-01   2.8017804E-01
input  u-vel.   into u        12
v-vel.   =     105300    7020.00 12 26.520  -3.0035457E-01   1.9510444E-01
input  v-vel.   into v        12
thknss   =     105300    7020.00 12 26.520   6.2187204E+00   4.6356435E+06
input  thknss   into dp       12
temp     =     105300    7020.00 12 26.520   5.3903157E-01   1.5978911E+01
input  temp     into temp     12
salin    =     105300    7020.00 12 26.520   3.3724850E+01   3.5992165E+01
input  salin    into saln     12
density  =     105300    7020.00 12 26.520   1.2915329E+00   2.5204759E+00
input  density  into th3d     12
finished reading data for layer 26.52000
u-vel.   =     105300    7020.00 13 26.800  -3.0259737E-01   2.8114805E-01
input  u-vel.   into u        13
v-vel.   =     105300    7020.00 13 26.800  -2.7964538E-01   2.9583225E-01
input  v-vel.   into v        13
thknss   =     105300    7020.00 13 26.800   1.6105827E-05   5.4069000E+06
input  thknss   into dp       13
temp     =     105300    7020.00 13 26.800   6.5194088E-01   1.4988078E+01
input  temp     into temp     13
salin    =     105300    7020.00 13 26.800   3.3788124E+01   3.5757980E+01
input  salin    into saln     13
density  =     105300    7020.00 13 26.800   1.5297008E+00   2.5534489E+00
input  density  into th3d     13
finished reading data for layer 26.80000
u-vel.   =     105300    7020.00 14 27.030  -4.2062360E-01   3.3934832E-01
input  u-vel.   into u        14
v-vel.   =     105300    7020.00 14 27.030  -2.7964538E-01   1.6070858E-01
input  v-vel.   into v        14
thknss   =     105300    7020.00 14 27.030   9.5460564E-09   5.8785435E+06
input  thknss   into dp       14
temp     =     105300    7020.00 14 27.030   8.1446236E-01   1.2763231E+01
input  temp     into temp     14
salin    =     105300    7020.00 14 27.030   3.3856770E+01   3.5611938E+01
input  salin    into saln     14
density  =     105300    7020.00 14 27.030   1.7823917E+00   2.5846584E+00
input  density  into th3d     14
finished reading data for layer 27.03000
u-vel.   =     105300    7020.00 15 27.220  -5.8404392E-01   4.0427911E-01
input  u-vel.   into u        15
v-vel.   =     105300    7020.00 15 27.220  -2.7964538E-01   1.4660838E-01
input  v-vel.   into v        15
thknss   =     105300    7020.00 15 27.220   0.0000000E+00   5.0222760E+06
input  thknss   into dp       15
temp     =     105300    7020.00 15 27.220   1.0736508E+00   1.1735120E+01
input  temp     into temp     15
salin    =     105300    7020.00 15 27.220   3.4004036E+01   3.5611938E+01
input  salin    into saln     15
density  =     105300    7020.00 15 27.220   1.9590088E+00   2.6550930E+00
input  density  into th3d     15
finished reading data for layer 27.22000
u-vel.   =     105300    7020.00 16 27.380  -8.3351713E-01   4.0380484E-01
input  u-vel.   into u        16
v-vel.   =     105300    7020.00 16 27.380  -2.7964538E-01   1.4954458E-01
input  v-vel.   into v        16
thknss   =     105300    7020.00 16 27.380   0.0000000E+00   3.7712200E+06
input  thknss   into dp       16
temp     =     105300    7020.00 16 27.380   1.7465707E+00   1.0318956E+01
input  temp     into temp     16
salin    =     105300    7020.00 16 27.380   3.4231689E+01   3.5611938E+01
input  salin    into saln     16
density  =     105300    7020.00 16 27.380   2.0322728E+00   2.7661581E+00
input  density  into th3d     16
finished reading data for layer 27.38000
u-vel.   =     105300    7020.00 17 27.520  -4.3032032E-01   4.4279364E-01
input  u-vel.   into u        17
v-vel.   =     105300    7020.00 17 27.520  -2.8067043E-01   2.1342865E-01
input  v-vel.   into v        17
thknss   =     105300    7020.00 17 27.520   0.0000000E+00   6.9546850E+06
input  thknss   into dp       17
temp     =     105300    7020.00 17 27.520   2.0578241E+00   9.5003271E+00
input  temp     into temp     17
salin    =     105300    7020.00 17 27.520   3.4430202E+01   3.5611938E+01
input  salin    into saln     17
density  =     105300    7020.00 17 27.520   2.3265569E+00   2.7661581E+00
input  density  into th3d     17
finished reading data for layer 27.52000
u-vel.   =     105300    7020.00 18 27.640  -4.3032032E-01   6.3663822E-01
input  u-vel.   into u        18
v-vel.   =     105300    7020.00 18 27.640  -3.1375849E-01   3.9952788E-01
input  v-vel.   into v        18
thknss   =     105300    7020.00 18 27.640   0.0000000E+00   7.0391980E+06
input  thknss   into dp       18
temp     =     105300    7020.00 18 27.640   2.9058309E+00   8.7636042E+00
input  temp     into temp     18
salin    =     105300    7020.00 18 27.640   3.4733368E+01   3.5611938E+01
input  salin    into saln     18
density  =     105300    7020.00 18 27.640   2.3815780E+00   2.7661581E+00
input  density  into th3d     18
finished reading data for layer 27.64000
u-vel.   =     105300    7020.00 19 27.740  -4.3032032E-01   5.5566156E-01
input  u-vel.   into u        19
v-vel.   =     105300    7020.00 19 27.740  -4.9092305E-01   2.2736581E-01
input  v-vel.   into v        19
thknss   =     105300    7020.00 19 27.740   0.0000000E+00   1.1196701E+07
input  thknss   into dp       19
temp     =     105300    7020.00 19 27.740   2.2202713E+00   8.1207829E+00
input  temp     into temp     19
salin    =     105300    7020.00 19 27.740   3.4733368E+01   3.5611938E+01
input  salin    into saln     19
density  =     105300    7020.00 19 27.740   2.6213994E+00   2.8199999E+00
input  density  into th3d     19
finished reading data for layer 27.74000
u-vel.   =     105300    7020.00 20 27.820  -4.3032032E-01   2.8734291E-01
input  u-vel.   into u        20
v-vel.   =     105300    7020.00 20 27.820  -3.1375849E-01   2.2736581E-01
input  v-vel.   into v        20
thknss   =     105300    7020.00 20 27.820   0.0000000E+00   1.3528047E+07
input  thknss   into dp       20
temp     =     105300    7020.00 20 27.820   1.1719617E+00   8.1315746E+00
input  temp     into temp     20
salin    =     105300    7020.00 20 27.820   3.4733368E+01   3.5715885E+01
input  salin    into saln     20
density  =     105300    7020.00 20 27.820   2.7685039E+00   2.8799312E+00
input  density  into th3d     20
finished reading data for layer 27.82000
u-vel.   =     105300    7020.00 21 27.880  -4.3032032E-01   2.8734291E-01
input  u-vel.   into u        21
v-vel.   =     105300    7020.00 21 27.880  -3.1375849E-01   2.2736581E-01
input  v-vel.   into v        21
thknss   =     105300    7020.00 21 27.880   0.0000000E+00   2.6805512E+07
input  thknss   into dp       21
temp     =     105300    7020.00 21 27.880   2.3710006E-01   7.7324524E+00
input  temp     into temp     21
salin    =     105300    7020.00 21 27.880   3.4733368E+01   3.5715885E+01
input  salin    into saln     21
density  =     105300    7020.00 21 27.880   2.8619926E+00   2.9414434E+00
input  density  into th3d     21
finished reading data for layer 27.88000
u-vel.   =     105300    7020.00 22 27.940  -4.3032032E-01   2.8734291E-01
input  u-vel.   into u        22
v-vel.   =     105300    7020.00 22 27.940  -3.1375849E-01   3.7133276E-01
input  v-vel.   into v        22
thknss   =     105300    7020.00 22 27.940   0.0000000E+00   1.2007077E+07
input  thknss   into dp       22
temp     =     105300    7020.00 22 27.940  -9.3843615E-01   7.3213615E+00
input  temp     into temp     22
salin    =     105300    7020.00 22 27.940   3.4733368E+01   3.5715885E+01
input  salin    into saln     22
density  =     105300    7020.00 22 27.940   2.9087481E+00   2.9731662E+00
input  density  into th3d     22
finished reading data for layer 27.94000
North Atlantic topography from ETOPO5 5-minute data set.                       
56 x 51 depth values (idm,jdm = 57,52).                                        
2.0000 deg. mercator resolution, with equat=11.000.                            
lon: 97.000W to 13.000E.  lat: 19.606S to 62.195N.                             
                                                                               
min,max depth =    199.556  5837.000
read North At into depths  
mask North At into coast   
plon:  min,max =       263.00000      375.00000
plat:  min,max =       -19.60579       63.11375
qlon:  min,max =       262.00000      374.00000
qlat:  min,max =       -20.54502       62.65800
ulon:  min,max =       262.00000      374.00000
ulat:  min,max =       -19.60579       63.11375
vlon:  min,max =       263.00000      375.00000
vlat:  min,max =       -20.54502       62.65800
pscx:  min,max =    100565.21875   222389.87500
pscy:  min,max =    100571.95312   222378.59375
uscx:  min,max =    100565.21875   222389.87500
uscy:  min,max =    100571.95312   222378.59375
vscx:  min,max =    102139.75781   222356.01562
vscy:  min,max =    102146.85938   222344.73438

sub-domain longitude range =   263.00  375.00
sub-domain latitude  range =   -19.61   63.11

sub-domain assumed to be non-periodic

bigrid called with ii,jj,ii1,jj1 =    57    52    56    51
indxi called with ii,jj,ii1,jj1 =    57    52    56    51
indxj called with ii,jj,ii1,jj1 =    57    52    56    51
indxi called with ii,jj,ii1,jj1 =    57    52    56    51
indxj called with ii,jj,ii1,jj1 =    57    52    56    51
indxi called with ii,jj,ii1,jj1 =    57    52    56    51
indxj called with ii,jj,ii1,jj1 =    57    52    56    51
indxi called with ii,jj,ii1,jj1 =    57    52    56    51
indxj called with ii,jj,ii1,jj1 =    57    52    56    51
      0 island points submerged
 calling portrait PostScript version of opngks
 filename: 013y020s.ps
     defining earth color table: entries    1 --    3
     defining fc100 color table: entries    5 --  104
min -8.04E+01 at   32   48  max  6.34E+01 at   11   26  intvl.,lines  1.00E+01   14
 srfht =  -80.43124 63.444782 10.0
 now plotting:  year  19.50 (jul 16) [01.3H]
blkinr: botqq  =    -1.0000 m
blkinr: flxqq  =    -1.0000 cm
blkinr: empqq  =    -1.0000 mm/day
blkinr: ttrqq  =    -1.0000 deg/day
blkinr: strqq  =    -1.0000 psu/day
blkinr: icvqq  =    -1.0000 
blkinr: ithqq  =    -1.0000 m
blkinr: ictqq  =    -1.0000 deg
blkinr: sshqq  =     2.0000 cm
min -8.04E+01 at   32   48  max  6.34E+01 at   11   26  intvl.,lines  1.00E+01   14
 srfht =  -80.43124 63.444782 2.0
blkinr: center =     0.0000 cm
horplt called with idm,jdm,ii1,jj1 =    57    52    56    51
                        qlo,qhi,qq =-100.000 100.000   2.000
 horiz. map:  sea surf. height   year  19.50 (jul 16) [01.3H] 
horplt calling SET with arguments    0.040    0.960    0.081    0.919
bordplt - qlatlo,qlathi,qlatlon =     -30.00     70.00     10.00
bordplt - qlonlo,qlonhi,qlatlon =     250.00    390.00     10.00
                      fflo,ffhi,qq =-100.000 100.000   2.000
 frame advance no.   1
blkinr: bsfqq  =    -1.0000 sv
blkinr: mthrsh =     0.0000 cm
blkinr: bltqq  =    -1.0000 m
blkinr: mltqq  =     6.0000 m
min  2.93E+00 at   23   14  max  7.94E+01 at   42    3  intvl.,lines  5.00E+00   15
horplt called with idm,jdm,ii1,jj1 =    57    52    56    51
                        qlo,qhi,qq =   1.200   1.200   1.200
horplt calling SET with arguments    0.040    0.960    0.081    0.919
blkinr: center =   300.0000 m
horplt called with idm,jdm,ii1,jj1 =    57    52    56    51
                        qlo,qhi,qq =   0.000 600.000   6.000
 horiz. map: mix.layr.thickness  year  19.50 (jul 16) [01.3H] 
horplt calling SET with arguments    0.040    0.960    0.081    0.919
                      fflo,ffhi,qq =   0.000 600.000   6.000
 frame advance no.   2
blkinr: sstqq  =    -1.0000 deg
blkinr: sssqq  =    -1.0000 psu
blkinr: ssdqq  =    -1.0000 sig
blkini: kf     =    -1
blkini: kl     =     1
blkinr: vthrsh =     0.0000 cm
blkinr: infqq  =    -1.0000 m
blkinr: thkqq  =    -1.0000 m
blkinr: temqq  =     0.3000 deg
min  6.67E+00 at   19   51  max  3.23E+01 at    7   26  intvl.,lines  2.00E+00   12
blkinr: center =    15.0000 deg
horplt called with idm,jdm,ii1,jj1 =    57    52    56    51
                        qlo,qhi,qq =   0.000  30.000   0.300
 horiz. map: layer=01   temp     year  19.50 (jul 16) [01.3H] 
horplt calling SET with arguments    0.040    0.960    0.081    0.919
                      fflo,ffhi,qq =   0.000  30.000   0.300
 frame advance no.   3
blkinr: salqq  =     0.0500 psu
blkinr: center =    35.0000 psu
horplt called with idm,jdm,ii1,jj1 =    57    52    56    51
                        qlo,qhi,qq =  32.500  37.500   0.050
 horiz. map: layer=01  salinity  year  19.50 (jul 16) [01.3H] 
horplt calling SET with arguments    0.040    0.960    0.081    0.919
                      fflo,ffhi,qq =  32.500  37.500   0.050
min  2.82E+01 at   24   13  max  3.73E+01 at   28   24  intvl.,lines  5.00E-01   18
 frame advance no.   4
blkinr: tthqq  =    -1.0000 sig
blkinr: sfnqq  =    -1.0000 sv
blkini: kf     =   -21
blkini: kl     =    22
blkinr: vthrsh =     0.0000 cm
blkinr: infqq  =    -1.0000 m
blkinr: thkqq  =    -1.0000 m
blkinr: temqq  =     0.1000 deg
min  2.56E-01 at   30    9  max  4.11E+00 at   46   50  intvl.,lines  2.00E-01   19
blkinr: center =     3.0000 deg
horplt called with idm,jdm,ii1,jj1 =    57    52    56    51
                        qlo,qhi,qq =  -2.000   8.000   0.100
 horiz. map: layer=21   temp     year  19.50 (jul 16) [01.3H] 
horplt calling SET with arguments    0.040    0.960    0.081    0.919
                      fflo,ffhi,qq =  -2.000   8.000   0.100
 frame advance no.   5
blkinr: salqq  =    -1.0000 psu
blkinr: tthqq  =    -1.0000 sig
blkinr: sfnqq  =    -1.0000 sv
min -2.81E-01 at   49   51  max  3.80E+00 at   42   36  intvl.,lines  2.00E-01   20
horplt called with idm,jdm,ii1,jj1 =    57    52    56    51
                        qlo,qhi,qq =  -2.000   8.000   0.100
 horiz. map: layer=22   temp     year  19.50 (jul 16) [01.3H] 
horplt calling SET with arguments    0.040    0.960    0.081    0.919
                      fflo,ffhi,qq =  -2.000   8.000   0.100
 frame advance no.   6
blkini: kf     =     0
blkinr: depth  =   900.0000 m
blkinr: vstep  =     1.0000 
blkinr: velqq  =    -1.0000 cm/s
blkinr: center =     0.0000 cm/s
blkinr: temqq  =     0.4000 deg
blkinr: center =    15.2000 deg
blkinr: salqq  =     0.0750 psu
blkinr: center =    35.0000 psu
blkinr: tthqq  =    -1.0000 sig
blkinr: center =    26.0000 sig
blkini: mxlflg =     2
blkini: kpalet =     2
       defining sst color table: entries  107 --  170
blkini: noisec =     4
blkini: isec   =    17
 next section at  i,lon=   17    -65.00
xsecij - ia,ilo,xlo =    17   16  -65.000
 cross section: temperature merid.sec. 65.00w   year  19.50 (jul 16) [01.3H]
min  4.01E+00 at   35   22  max  2.93E+01 at   26   80  intvl.,lines  2.00E+00   12
xsecij - contour    =   2.0000E+00  4.0130E+00  2.9277E+01
xsecij - qq,qlo,qhi =   4.0000E-01  2.4000E+00  2.8000E+01
colors set to 0.750 0.625 0.500     (color index   3)   ierr =  0
xsecij - ia,ilo,xlo =    17   16  -65.000
 cross section: salinity merid.sec. 65.00w   year  19.50 (jul 16) [01.3H]
min  3.23E+01 at   36   80  max  3.66E+01 at   19   68  intvl.,lines  2.00E-01   21
xsecij - contour    =   2.0000E-01  3.2269E+01  3.6552E+01
xsecij - qq,qlo,qhi =   7.5000E-02  3.2600E+01  3.7400E+01
colors set to 0.750 0.625 0.500     (color index   3)   ierr =  0
 frame advance no.   7
blkini: isec   =    24
 next section at  i,lon=   24    -51.00
xsecij - ia,ilo,xlo =    24   23  -51.000
 cross section: temperature merid.sec. 51.00w   year  19.50 (jul 16) [01.3H]
min  2.89E+00 at   42   76  max  2.97E+01 at   27   80  intvl.,lines  2.00E+00   13
xsecij - contour    =   2.0000E+00  2.8919E+00  2.9681E+01
xsecij - qq,qlo,qhi =   4.0000E-01  2.4000E+00  2.8000E+01
colors set to 0.750 0.625 0.500     (color index   3)   ierr =  0
xsecij - ia,ilo,xlo =    24   23  -51.000
 cross section: salinity merid.sec. 51.00w   year  19.50 (jul 16) [01.3H]
min  2.82E+01 at   13   80  max  3.70E+01 at   25   79  intvl.,lines  5.00E-01   17
xsecij - contour    =   5.0000E-01  2.8190E+01  3.6966E+01
xsecij - qq,qlo,qhi =   7.5000E-02  3.2600E+01  3.7400E+01
colors set to 0.750 0.625 0.500     (color index   3)   ierr =  0
 frame advance no.   8
blkini: isec   =    32
 next section at  i,lon=   32    -35.00
xsecij - ia,ilo,xlo =    32   31  -35.000
 cross section: temperature merid.sec. 35.00w   year  19.50 (jul 16) [01.3H]
min  3.62E+00 at    1    5  max  2.96E+01 at   30   80  intvl.,lines  2.00E+00   12
xsecij - contour    =   2.0000E+00  3.6243E+00  2.9563E+01
xsecij - qq,qlo,qhi =   4.0000E-01  2.4000E+00  2.8000E+01
colors set to 0.750 0.625 0.500     (color index   3)   ierr =  0
xsecij - ia,ilo,xlo =    32   31  -35.000
 cross section: salinity merid.sec. 35.00w   year  19.50 (jul 16) [01.3H]
min  3.44E+01 at    2    5  max  3.72E+01 at   24   80  intvl.,lines  2.00E-01   14
xsecij - contour    =   2.0000E-01  3.4360E+01  3.7196E+01
xsecij - qq,qlo,qhi =   7.5000E-02  3.2600E+01  3.7400E+01
colors set to 0.750 0.625 0.500     (color index   3)   ierr =  0
 frame advance no.   9
blkini: isec   =    40
 next section at  i,lon=   40    -19.00
xsecij - ia,ilo,xlo =    40   39  -19.000
 cross section: temperature merid.sec. 19.00w   year  19.50 (jul 16) [01.3H]
min  3.91E+00 at    1    1  max  2.89E+01 at   17   80  intvl.,lines  2.00E+00   12
xsecij - contour    =   2.0000E+00  3.9098E+00  2.8937E+01
xsecij - qq,qlo,qhi =   4.0000E-01  2.4000E+00  2.8000E+01
colors set to 0.750 0.625 0.500     (color index   3)   ierr =  0
xsecij - ia,ilo,xlo =    40   39  -19.000
 cross section: salinity merid.sec. 19.00w   year  19.50 (jul 16) [01.3H]
min  3.44E+01 at    1   13  max  3.69E+01 at    3   76  intvl.,lines  2.00E-01   12
xsecij - contour    =   2.0000E-01  3.4411E+01  3.6882E+01
xsecij - qq,qlo,qhi =   7.5000E-02  3.2600E+01  3.7400E+01
colors set to 0.750 0.625 0.500     (color index   3)   ierr =  0
 frame advance no.  10
blkini: nojsec =     5
blkini: jsec   =     4
 next section at  j,lat =    4    -13.86
xsecij - ja,jla,xla =     4    3  -13.863
 cross section: temperature zonal sec. 13.86s   year  19.50 (jul 16) [01.3H]
min  3.84E+00 at   32    1  max  2.63E+01 at   30   80  intvl.,lines  2.00E+00   11
xsecij - contour    =   2.0000E+00  3.8429E+00  2.6345E+01
xsecij - qq,qlo,qhi =   4.0000E-01  2.4000E+00  2.8000E+01
colors set to 0.750 0.625 0.500     (color index   3)   ierr =  0
ATLb2.00,x =     5.400
xsecij - ja,jla,xla =     4    3  -13.863
 cross section: salinity zonal sec. 13.86s   year  19.50 (jul 16) [01.3H]
min  3.44E+01 at   32   10  max  3.70E+01 at   31   75  intvl.,lines  2.00E-01   13
xsecij - contour    =   2.0000E-01  3.4403E+01  3.7019E+01
xsecij - qq,qlo,qhi =   7.5000E-02  3.2600E+01  3.7400E+01
colors set to 0.750 0.625 0.500     (color index   3)   ierr =  0
ATLb2.00,x =     5.400
 frame advance no.  11
blkini: jsec   =    11
 next section at  j,lat =   11      0.00
xsecij - ja,jla,xla =    11   10    0.000
 cross section: temperature zonal sec.  0.00s   year  19.50 (jul 16) [01.3H]
min  4.87E+00 at   38    5  max  2.82E+01 at   26   80  intvl.,lines  2.00E+00   11
xsecij - contour    =   2.0000E+00  4.8701E+00  2.8249E+01
xsecij - qq,qlo,qhi =   4.0000E-01  2.4000E+00  2.8000E+01
colors set to 0.750 0.625 0.500     (color index   3)   ierr =  0
xsecij - ja,jla,xla =    11   10    0.000
 cross section: salinity zonal sec.  0.00s   year  19.50 (jul 16) [01.3H]
min  3.30E+01 at   26   80  max  3.64E+01 at   29   69  intvl.,lines  2.00E-01   17
xsecij - contour    =   2.0000E-01  3.2988E+01  3.6418E+01
xsecij - qq,qlo,qhi =   7.5000E-02  3.2600E+01  3.7400E+01
colors set to 0.750 0.625 0.500     (color index   3)   ierr =  0
 frame advance no.  12
blkini: jsec   =    24
 next section at  j,lat =   24     25.15
xsecij - ja,jla,xla =    24   23   25.151
 cross section: temperature zonal sec. 25.15n   year  19.50 (jul 16) [01.3H]
min  5.25E+00 at    5    2  max  3.09E+01 at    7   80  intvl.,lines  2.00E+00   12
xsecij - contour    =   2.0000E+00  5.2505E+00  3.0896E+01
xsecij - qq,qlo,qhi =   4.0000E-01  2.4000E+00  2.8000E+01
colors set to 0.750 0.625 0.500     (color index   3)   ierr =  0
xsecij - ja,jla,xla =    24   23   25.151
 cross section: salinity zonal sec. 25.15n   year  19.50 (jul 16) [01.3H]
min  3.49E+01 at   23    1  max  3.73E+01 at   28   80  intvl.,lines  2.00E-01   11
xsecij - contour    =   2.0000E-01  3.4912E+01  3.7280E+01
xsecij - qq,qlo,qhi =   7.5000E-02  3.2600E+01  3.7400E+01
colors set to 0.750 0.625 0.500     (color index   3)   ierr =  0
 frame advance no.  13
blkini: jsec   =    36
 next section at  j,lat =   36     44.65
xsecij - ja,jla,xla =    36   35   44.646
 cross section: temperature zonal sec. 44.65n   year  19.50 (jul 16) [01.3H]
min  3.86E+00 at   25    1  max  2.15E+01 at   47   80  intvl.,lines  1.00E+00   17
xsecij - contour    =   1.0000E+00  3.8604E+00  2.1523E+01
xsecij - qq,qlo,qhi =   4.0000E-01  2.4000E+00  2.8000E+01
colors set to 0.750 0.625 0.500     (color index   3)   ierr =  0
xsecij - ja,jla,xla =    36   35   44.646
 cross section: salinity zonal sec. 44.65n   year  19.50 (jul 16) [01.3H]
min  3.13E+01 at   19   80  max  3.60E+01 at   26   53  intvl.,lines  5.00E-01    9
xsecij - contour    =   5.0000E-01  3.1294E+01  3.5962E+01
xsecij - qq,qlo,qhi =   7.5000E-02  3.2600E+01  3.7400E+01
colors set to 0.750 0.625 0.500     (color index   3)   ierr =  0
 frame advance no.  14
blkini: jsec   =    48
 next section at  j,lat =   48     59.26
xsecij - ja,jla,xla =    48   47   59.264
 cross section: temperature zonal sec. 59.26n   year  19.50 (jul 16) [01.3H]
min  1.60E+00 at   19   75  max  1.49E+01 at   47   80  intvl.,lines  1.00E+00   13
xsecij - contour    =   1.0000E+00  1.6008E+00  1.4856E+01
xsecij - qq,qlo,qhi =   4.0000E-01  2.4000E+00  2.8000E+01
colors set to 0.750 0.625 0.500     (color index   3)   ierr =  0
xsecij - ja,jla,xla =    48   47   59.264
 cross section: salinity zonal sec. 59.26n   year  19.50 (jul 16) [01.3H]
min  3.31E+01 at   19   80  max  3.54E+01 at   49   58  intvl.,lines  2.00E-01   11
xsecij - contour    =   2.0000E-01  3.3125E+01  3.5380E+01
xsecij - qq,qlo,qhi =   7.5000E-02  3.2600E+01  3.7400E+01
colors set to 0.750 0.625 0.500     (color index   3)   ierr =  0
 frame advance no.  15
STOP: (normal)
