
xcspmd: idm,jdm =   57   52

input file: ../expt_01.5/data/archv.0021_016_00.a
    region: ATLb2.00
blkini: iexpt  =     0
blkini: yrflag =     0
blkini: idm    =    57
blkini: jdm    =    52
blkini: kdm    =    22
blkinr: thbase =    25.0000 sig
blkini: nperfr =     1
blkini: lalolb =    20
blkini: lalogr =    10
blkini: loclab =     4
blkini: locbar =    11
blkini: kpalet =     5
blkinl: smooth =     F
blkinl: mthin  =     T
blkini: i_th   =     2
blkini: iorign =     1
blkini: jorign =     1
blkini: idmp   =     0
blkini: jdmp   =     0
extracting i =    1 ...   57         j =    1 ...   52
 chrsiz =  0.547826 104.04764 94.920654
... plotting  1 maps per frame
COADS forcing: precip_zero; srelax;                                             
boundary relax; iniflg=2; KPP mixed layer; Jerlov IA;                           
Z(22): dp00/f/x=3m/1.125/12m; ATLb2.00/src_2.1.03_22.                           
12345678901234567890123456789012345678901234567890123456789012345678901234567890
 iversn =  21
 iexpt  =  15
 yrflag =  0
 idm    =  57
 jdm    =  52
field       time step  model day  k  dens        min              max
artype = 1
montg1   =     108000    7200.00  0  0.000  -5.8016438E+00   1.5235914E+01
input  montg1   into montg   
srfhgt   =     108000    7200.00  0  0.000  -8.1943111E+00   5.1220522E+00
input  srfhgt   into srfht   
surflx   =     108000    7200.00  0  0.000  -5.0069498E+02   1.2212926E+02
input  surflx   into surflx  
 time3 =  7200.0 7200.0 7200.0
salflx   =     108000    7200.00  0  0.000  -5.4197133E-02   6.4878231E-03
input  salflx   into salflx  
bl_dpth  =     108000    7200.00  0  0.000   2.9152625E+04   4.1540682E+06
input  bl_dpth  into dpbl    
mix_dpth =     108000    7200.00  0  0.000   2.9066344E+04   4.5299545E+06
input  mix_dpth into dpmixl  
tmix     =     108000    7200.00  0  0.000  -1.9682453E+00   3.1526283E+01
input  tmix     into tmix    
smix     =     108000    7200.00  0  0.000   2.8239460E+01   3.7238785E+01
input  smix     into smix    
thmix    =     108000    7200.00  0  0.000  -8.2145567E+00   2.5495589E+00
input  thmix    into thmix   
umix     =     108000    7200.00  0  0.000  -7.8439802E-01   2.9649729E-01
input  umix     into umix    
vmix     =     108000    7200.00  0  0.000  -2.9388899E-01   6.6499603E-01
input  vmix     into vmix    
u_btrop  =     108000    7200.00  0  0.000  -2.9567516E-01   3.3729494E-01
input  u_btrop  into ubaro   
v_btrop  =     108000    7200.00  0  0.000  -1.0627412E-01   3.3423147E-01
input  v_btrop  into vbaro   
u-vel.   =     108000    7200.00  1 19.500  -9.0283400E-01   3.9033371E-01
input  u-vel.   into u         1
v-vel.   =     108000    7200.00  1 19.500  -3.3268550E-01   6.3039058E-01
input  v-vel.   into v         1
thknss   =     108000    7200.00  1 19.500   2.9418000E+04   2.9418000E+04
input  thknss   into dp        1
temp     =     108000    7200.00  1 19.500  -1.9793538E+00   3.1524988E+01
input  temp     into temp      1
salin    =     108000    7200.00  1 19.500   2.8239857E+01   3.7240063E+01
input  salin    into saln      1
density  =     108000    7200.00  1 19.500  -8.2142944E+00   2.5412061E+00
input  density  into th3d      1
u-vel.   =     108000    7200.00  2 20.250  -8.2996029E-01   2.8666115E-01
finished reading data for layer 19.50000
input  u-vel.   into u         2
v-vel.   =     108000    7200.00  2 20.250  -3.3328557E-01   6.8715364E-01
input  v-vel.   into v         2
thknss   =     108000    7200.00  2 20.250   3.3095250E+04   1.8217823E+05
input  thknss   into dp        2
temp     =     108000    7200.00  2 20.250  -1.9535570E+00   3.1439554E+01
input  temp     into temp      2
salin    =     108000    7200.00  2 20.250   2.9111969E+01   3.7240002E+01
input  salin    into saln      2
density  =     108000    7200.00  2 20.250  -7.6409440E+00   2.5404837E+00
input  density  into th3d      2
finished reading data for layer 20.25000
u-vel.   =     108000    7200.00  3 21.000  -7.5104874E-01   2.7398023E-01
input  u-vel.   into u         3
v-vel.   =     108000    7200.00  3 21.000  -3.4087873E-01   7.1921605E-01
input  v-vel.   into v         3
thknss   =     108000    7200.00  3 21.000   3.7232156E+04   1.8534322E+05
input  thknss   into dp        3
temp     =     108000    7200.00  3 21.000  -1.7006813E+00   3.1238718E+01
input  temp     into temp      3
salin    =     108000    7200.00  3 21.000   3.1716028E+01   3.7239971E+01
input  salin    into saln      3
density  =     108000    7200.00  3 21.000  -4.9995651E+00   2.5402646E+00
input  density  into th3d      3
finished reading data for layer 21.00000
u-vel.   =     108000    7200.00  4 21.750  -6.8412179E-01   2.6770073E-01
input  u-vel.   into u         4
v-vel.   =     108000    7200.00  4 21.750  -3.4406394E-01   8.5669118E-01
input  v-vel.   into v         4
thknss   =     108000    7200.00  4 21.750   4.1886176E+04   2.2730895E+05
input  thknss   into dp        4
temp     =     108000    7200.00  4 21.750  -1.3501029E+00   3.0527111E+01
input  temp     into temp      4
salin    =     108000    7200.00  4 21.750   3.2010399E+01   3.7239941E+01
input  salin    into saln      4
density  =     108000    7200.00  4 21.750  -3.8328381E+00   2.5401850E+00
input  density  into th3d      4
finished reading data for layer 21.75000
u-vel.   =     108000    7200.00  5 22.500  -6.3408363E-01   2.7784756E-01
input  u-vel.   into u         5
v-vel.   =     108000    7200.00  5 22.500  -3.4169099E-01   9.2278540E-01
input  v-vel.   into v         5
thknss   =     108000    7200.00  5 22.500   4.7121949E+04   6.2497600E+05
input  thknss   into dp        5
temp     =     108000    7200.00  5 22.500  -1.3486133E+00   2.9323223E+01
input  temp     into temp      5
salin    =     108000    7200.00  5 22.500   3.2328243E+01   3.7239906E+01
input  salin    into saln      5
density  =     108000    7200.00  5 22.500  -2.9570651E+00   2.5401683E+00
input  density  into th3d      5
finished reading data for layer 22.50000
u-vel.   =     108000    7200.00  6 23.250  -5.4446721E-01   2.8157741E-01
input  u-vel.   into u         6
v-vel.   =     108000    7200.00  6 23.250  -3.7449375E-01   3.6692691E-01
input  v-vel.   into v         6
thknss   =     108000    7200.00  6 23.250   5.3012191E+04   1.3077372E+06
input  thknss   into dp        6
temp     =     108000    7200.00  6 23.250  -1.3420023E+00   2.8431349E+01
input  temp     into temp      6
salin    =     108000    7200.00  6 23.250   3.2556355E+01   3.7232262E+01
input  salin    into saln      6
density  =     108000    7200.00  6 23.250  -2.0713120E+00   2.5401950E+00
input  density  into th3d      6
finished reading data for layer 23.25000
u-vel.   =     108000    7200.00  7 24.000  -4.8588052E-01   5.9758019E-01
input  u-vel.   into u         7
v-vel.   =     108000    7200.00  7 24.000  -3.0961880E-01   7.0501924E-01
input  v-vel.   into v         7
thknss   =     108000    7200.00  7 24.000   5.9638715E+04   1.1716036E+06
input  thknss   into dp        7
temp     =     108000    7200.00  7 24.000  -1.2963359E+00   2.8001345E+01
input  temp     into temp      7
salin    =     108000    7200.00  7 24.000   3.2734505E+01   3.7227837E+01
input  salin    into saln      7
density  =     108000    7200.00  7 24.000  -1.2055978E+00   2.5402591E+00
input  density  into th3d      7
finished reading data for layer 24.00000
u-vel.   =     108000    7200.00  8 24.700  -5.0817668E-01   5.5699730E-01
input  u-vel.   into u         8
v-vel.   =     108000    7200.00  8 24.700  -5.0717425E-01   4.4634065E-01
input  v-vel.   into v         8
thknss   =     108000    7200.00  8 24.700   6.7093555E+04   1.2925951E+06
input  thknss   into dp        8
temp     =     108000    7200.00  8 24.700  -1.1271856E+00   2.5960865E+01
input  temp     into temp      8
salin    =     108000    7200.00  8 24.700   3.2819622E+01   3.7227879E+01
input  salin    into saln      8
density  =     108000    7200.00  8 24.700  -6.4024866E-01   2.5403550E+00
input  density  into th3d      8
finished reading data for layer 24.70000
u-vel.   =     108000    7200.00  9 25.280  -3.2158017E-01   5.8050454E-01
input  u-vel.   into u         9
v-vel.   =     108000    7200.00  9 25.280  -2.3677459E-01   3.3328906E-01
input  v-vel.   into v         9
thknss   =     108000    7200.00  9 25.280   7.5480250E+04   1.5488509E+06
input  thknss   into dp        9
temp     =     108000    7200.00  9 25.280  -1.1211566E+00   2.3852045E+01
input  temp     into temp      9
salin    =     108000    7200.00  9 25.280   3.3063362E+01   3.7103954E+01
input  salin    into saln      9
density  =     108000    7200.00  9 25.280  -3.6957417E-02   2.5404818E+00
input  density  into th3d      9
finished reading data for layer 25.28000
u-vel.   =     108000    7200.00 10 25.770  -3.0831757E-01   4.7861433E-01
input  u-vel.   into u        10
v-vel.   =     108000    7200.00 10 25.770  -2.9092529E-01   3.6028358E-01
input  v-vel.   into v        10
thknss   =     108000    7200.00 10 25.770   7.0589633E+04   1.6437215E+06
input  thknss   into dp       10
temp     =     108000    7200.00 10 25.770  -1.0821809E+00   2.1127220E+01
input  temp     into temp     10
salin    =     108000    7200.00 10 25.770   3.3247505E+01   3.6737118E+01
input  salin    into saln     10
density  =     108000    7200.00 10 25.770   6.3068718E-01   2.5406318E+00
input  density  into th3d     10
finished reading data for layer 25.77000
u-vel.   =     108000    7200.00 11 26.180  -3.1955397E-01   5.5256057E-01
input  u-vel.   into u        11
v-vel.   =     108000    7200.00 11 26.180  -2.1690243E-01   3.1224075E-01
input  v-vel.   into v        11
thknss   =     108000    7200.00 11 26.180   5.4550061E+02   2.8632050E+06
input  thknss   into dp       11
temp     =     108000    7200.00 11 26.180  -8.4378594E-01   1.8660479E+01
input  temp     into temp     11
salin    =     108000    7200.00 11 26.180   3.3303677E+01   3.6325329E+01
input  salin    into saln     11
density  =     108000    7200.00 11 26.180   9.7826284E-01   2.5407958E+00
input  density  into th3d     11
finished reading data for layer 26.18000
u-vel.   =     108000    7200.00 12 26.520  -3.4158570E-01   3.2692525E-01
input  u-vel.   into u        12
v-vel.   =     108000    7200.00 12 26.520  -2.3455735E-01   1.9071914E-01
input  v-vel.   into v        12
thknss   =     108000    7200.00 12 26.520   2.2505127E+02   4.2729040E+06
input  thknss   into dp       12
temp     =     108000    7200.00 12 26.520  -8.1440002E-01   1.6474638E+01
input  temp     into temp     12
salin    =     108000    7200.00 12 26.520   3.3305588E+01   3.5972691E+01
input  salin    into saln     12
density  =     108000    7200.00 12 26.520   1.2801789E+00   2.5409598E+00
input  density  into th3d     12
finished reading data for layer 26.52000
u-vel.   =     108000    7200.00 13 26.800  -3.2137722E-01   2.8789169E-01
input  u-vel.   into u        13
v-vel.   =     108000    7200.00 13 26.800  -4.0270978E-01   2.2989233E-01
input  v-vel.   into v        13
thknss   =     108000    7200.00 13 26.800   5.0977066E-02   5.6220785E+06
input  thknss   into dp       13
temp     =     108000    7200.00 13 26.800  -1.8266315E-02   1.6474638E+01
input  temp     into temp     13
salin    =     108000    7200.00 13 26.800   3.3478535E+01   3.5828175E+01
input  salin    into saln     13
density  =     108000    7200.00 13 26.800   1.2801789E+00   2.5410705E+00
input  density  into th3d     13
finished reading data for layer 26.80000
u-vel.   =     108000    7200.00 14 27.030  -2.9122448E-01   3.2697207E-01
input  u-vel.   into u        14
v-vel.   =     108000    7200.00 14 27.030  -4.0909365E-01   2.1685669E-01
input  v-vel.   into v        14
thknss   =     108000    7200.00 14 27.030   1.3412791E-04   5.6760860E+06
input  thknss   into dp       14
temp     =     108000    7200.00 14 27.030   1.0249056E+00   1.6474638E+01
input  temp     into temp     14
salin    =     108000    7200.00 14 27.030   3.3760384E+01   3.5828175E+01
input  salin    into saln     14
density  =     108000    7200.00 14 27.030   1.2801789E+00   2.6481702E+00
input  density  into th3d     14
finished reading data for layer 27.03000
u-vel.   =     108000    7200.00 15 27.220  -3.2079786E-01   4.1762984E-01
input  u-vel.   into u        15
v-vel.   =     108000    7200.00 15 27.220  -4.0909365E-01   4.5038140E-01
input  v-vel.   into v        15
thknss   =     108000    7200.00 15 27.220   1.3527460E-06   3.6228232E+06
input  thknss   into dp       15
temp     =     108000    7200.00 15 27.220   1.1301526E+00   1.6474638E+01
input  temp     into temp     15
salin    =     108000    7200.00 15 27.220   3.3984516E+01   3.5828175E+01
input  salin    into saln     15
density  =     108000    7200.00 15 27.220   1.2801789E+00   2.6661060E+00
input  density  into th3d     15
finished reading data for layer 27.22000
u-vel.   =     108000    7200.00 16 27.380  -3.6637264E-01   3.0727887E-01
input  u-vel.   into u        16
v-vel.   =     108000    7200.00 16 27.380  -4.0909365E-01   1.7226574E-01
input  v-vel.   into v        16
thknss   =     108000    7200.00 16 27.380   1.3969839E-09   4.5154355E+06
input  thknss   into dp       16
temp     =     108000    7200.00 16 27.380   2.0625868E+00   1.6474638E+01
input  temp     into temp     16
salin    =     108000    7200.00 16 27.380   3.4266415E+01   3.5828175E+01
input  salin    into saln     16
density  =     108000    7200.00 16 27.380   1.2801789E+00   2.7018418E+00
input  density  into th3d     16
finished reading data for layer 27.38000
u-vel.   =     108000    7200.00 17 27.520  -3.6637264E-01   4.2921978E-01
input  u-vel.   into u        17
v-vel.   =     108000    7200.00 17 27.520  -4.0909365E-01   1.5985391E-01
input  v-vel.   into v        17
thknss   =     108000    7200.00 17 27.520   6.0535967E-09   6.8236350E+06
input  thknss   into dp       17
temp     =     108000    7200.00 17 27.520   2.9400434E+00   1.6474638E+01
input  temp     into temp     17
salin    =     108000    7200.00 17 27.520   3.4553024E+01   3.5828175E+01
input  salin    into saln     17
density  =     108000    7200.00 17 27.520   1.2801789E+00   2.8544846E+00
input  density  into th3d     17
finished reading data for layer 27.52000
u-vel.   =     108000    7200.00 18 27.640  -3.6637264E-01   2.6189265E-01
input  u-vel.   into u        18
v-vel.   =     108000    7200.00 18 27.640  -4.0909365E-01   2.0489892E-01
input  v-vel.   into v        18
thknss   =     108000    7200.00 18 27.640   0.0000000E+00   9.0465690E+06
input  thknss   into dp       18
temp     =     108000    7200.00 18 27.640   2.7929757E+00   1.6474638E+01
input  temp     into temp     18
salin    =     108000    7200.00 18 27.640   3.4552864E+01   3.5828175E+01
input  salin    into saln     18
density  =     108000    7200.00 18 27.640   1.2801789E+00   2.8749404E+00
input  density  into th3d     18
finished reading data for layer 27.64000
u-vel.   =     108000    7200.00 19 27.740  -3.6637264E-01   2.6189265E-01
input  u-vel.   into u        19
v-vel.   =     108000    7200.00 19 27.740  -4.0909365E-01   2.3562169E-01
input  v-vel.   into v        19
thknss   =     108000    7200.00 19 27.740   0.0000000E+00   1.1598934E+07
input  thknss   into dp       19
temp     =     108000    7200.00 19 27.740   2.5887129E+00   1.6474638E+01
input  temp     into temp     19
salin    =     108000    7200.00 19 27.740   3.4612778E+01   3.5828175E+01
input  salin    into saln     19
density  =     108000    7200.00 19 27.740   1.2801789E+00   2.8792145E+00
input  density  into th3d     19
finished reading data for layer 27.74000
u-vel.   =     108000    7200.00 20 27.820  -3.6637264E-01   2.6189265E-01
input  u-vel.   into u        20
v-vel.   =     108000    7200.00 20 27.820  -4.0909365E-01   2.1163677E-01
input  v-vel.   into v        20
thknss   =     108000    7200.00 20 27.820   0.0000000E+00   1.3715756E+07
input  thknss   into dp       20
temp     =     108000    7200.00 20 27.820   1.1515454E+00   1.6474638E+01
input  temp     into temp     20
salin    =     108000    7200.00 20 27.820   3.4612778E+01   3.5828175E+01
input  salin    into saln     20
density  =     108000    7200.00 20 27.820   1.2801789E+00   2.9363096E+00
input  density  into th3d     20
finished reading data for layer 27.82000
u-vel.   =     108000    7200.00 21 27.880  -3.6637264E-01   2.6189265E-01
input  u-vel.   into u        21
v-vel.   =     108000    7200.00 21 27.880  -4.0909365E-01   3.3448511E-01
input  v-vel.   into v        21
thknss   =     108000    7200.00 21 27.880   0.0000000E+00   2.6514446E+07
input  thknss   into dp       21
temp     =     108000    7200.00 21 27.880   9.1846263E-01   1.6474638E+01
input  temp     into temp     21
salin    =     108000    7200.00 21 27.880   3.4612778E+01   3.5828175E+01
input  salin    into saln     21
density  =     108000    7200.00 21 27.880   1.2801789E+00   2.9789760E+00
input  density  into th3d     21
finished reading data for layer 27.88000
u-vel.   =     108000    7200.00 22 27.940  -3.6637264E-01   2.6189265E-01
input  u-vel.   into u        22
v-vel.   =     108000    7200.00 22 27.940  -4.0909365E-01   3.5787702E-01
input  v-vel.   into v        22
thknss   =     108000    7200.00 22 27.940   0.0000000E+00   1.1748920E+07
input  thknss   into dp       22
temp     =     108000    7200.00 22 27.940  -8.0594741E-02   1.6474638E+01
input  temp     into temp     22
salin    =     108000    7200.00 22 27.940   3.4612778E+01   3.5828175E+01
input  salin    into saln     22
density  =     108000    7200.00 22 27.940   1.2801789E+00   3.0062699E+00
input  density  into th3d     22
finished reading data for layer 27.94000
North Atlantic topography from ETOPO5 5-minute data set.                       
56 x 51 depth values (idm,jdm = 57,52).                                        
2.0000 deg. mercator resolution, with equat=11.000.                            
lon: 97.000W to 13.000E.  lat: 19.606S to 62.195N.                             
                                                                               
min,max depth =    199.556  5837.000
read North At into depths  
mask North At into coast   
plon:  min,max =       263.00000      375.00000
plat:  min,max =       -19.60579       63.11375
qlon:  min,max =       262.00000      374.00000
qlat:  min,max =       -20.54502       62.65800
ulon:  min,max =       262.00000      374.00000
ulat:  min,max =       -19.60579       63.11375
vlon:  min,max =       263.00000      375.00000
vlat:  min,max =       -20.54502       62.65800
pscx:  min,max =    100565.21875   222389.87500
pscy:  min,max =    100571.95312   222378.59375
uscx:  min,max =    100565.21875   222389.87500
uscy:  min,max =    100571.95312   222378.59375
vscx:  min,max =    102139.75781   222356.01562
vscy:  min,max =    102146.85938   222344.73438

sub-domain longitude range =   263.00  375.00
sub-domain latitude  range =   -19.61   63.11

sub-domain assumed to be non-periodic

bigrid called with ii,jj,ii1,jj1 =    57    52    56    51
indxi called with ii,jj,ii1,jj1 =    57    52    56    51
indxj called with ii,jj,ii1,jj1 =    57    52    56    51
indxi called with ii,jj,ii1,jj1 =    57    52    56    51
indxj called with ii,jj,ii1,jj1 =    57    52    56    51
indxi called with ii,jj,ii1,jj1 =    57    52    56    51
indxj called with ii,jj,ii1,jj1 =    57    52    56    51
indxi called with ii,jj,ii1,jj1 =    57    52    56    51
indxj called with ii,jj,ii1,jj1 =    57    52    56    51
      0 island points submerged
 calling portrait PostScript version of opngks
 filename: 015y021w_secISO.ps
     defining earth color table: entries    1 --    3
     defining fc100 color table: entries    5 --  104
min -8.36E+01 at   33   50  max  5.22E+01 at    8   20  intvl.,lines  1.00E+01   13
 srfht =  -83.564254 52.233856 10.0
 now plotting:  year  20.00 (jan 16) [01.5H]
blkinr: botqq  =    -1.0000 m
blkinr: flxqq  =    -1.0000 cm
blkinr: empqq  =    -1.0000 mm/day
blkinr: ttrqq  =    -1.0000 deg/day
blkinr: strqq  =    -1.0000 psu/day
blkinr: icvqq  =    -1.0000 
blkinr: ithqq  =    -1.0000 m
blkinr: ictqq  =    -1.0000 deg
blkinr: sshqq  =    -1.0000 cm
blkinr: bsfqq  =    -1.0000 sv
blkinr: mthrsh =     0.0000 cm
blkinr: bltqq  =    -1.0000 m
blkinr: mltqq  =    -1.0000 m
blkinr: sstqq  =    -1.0000 deg
blkinr: sssqq  =    -1.0000 psu
blkinr: ssdqq  =    -1.0000 sig
blkini: kf     =     0
blkinr: depth  =   300.0000 m
blkinr: tthovr =     0.2500 sig
blkinr: vstep  =     0.0000 
blkinr: velqq  =    -1.0000 cm/s
blkinr: center =     0.0000 cm/s
blkinr: temqq  =     0.4000 deg
blkinr: center =    15.2000 deg
blkinr: salqq  =     0.0750 psu
blkinr: center =    35.0000 psu
blkinr: tthqq  =    -1.0000 sig
blkinr: center =    26.0000 sig
blkini: mxlflg =     4
blkini: kpalet =     2
       defining sst color table: entries  107 --  170
blkini: noisec =     1
blkini: isec   =    24
 next section at  i,lon=   24    -51.00
xsecij - ia,ilo,xlo =    24   23  -51.000
 cross section: temperature merid.sec. 51.00w   year  20.00 (jan 16) [01.5H]
min  1.01E-01 at   51   80  max  2.78E+01 at   15   75  intvl.,lines  2.00E+00   13
xsecij - contour    =   2.0000E+00  1.0123E-01  2.7818E+01
xsecij - qq,qlo,qhi =   4.0000E-01  2.4000E+00  2.8000E+01
min  2.16E+01 at   13   80  max  2.77E+01 at   39    1  intvl.,lines  5.00E-01   12
xsecij - qq,qlo,qhi =   2.5000E-01  2.1500E+01  2.7750E+01
colors set to 0.750 0.625 0.500     (color index   3)   ierr =  0
xsecij - ia,ilo,xlo =    24   23  -51.000
 cross section: salinity merid.sec. 51.00w   year  20.00 (jan 16) [01.5H]
min  3.33E+01 at   39   80  max  3.69E+01 at   21   54  intvl.,lines  2.00E-01   17
xsecij - contour    =   2.0000E-01  3.3332E+01  3.6863E+01
xsecij - qq,qlo,qhi =   7.5000E-02  3.2600E+01  3.7400E+01
min  2.16E+01 at   13   80  max  2.77E+01 at   39    1  intvl.,lines  5.00E-01   12
xsecij - qq,qlo,qhi =   2.5000E-01  2.1500E+01  2.7750E+01
colors set to 0.750 0.625 0.500     (color index   3)   ierr =  0
 frame advance no.   1
blkini: nojsec =     1
blkini: jsec   =    24
 next section at  j,lat =   24     25.15
xsecij - ja,jla,xla =    24   23   25.151
 cross section: temperature zonal sec. 25.15n   year  20.00 (jan 16) [01.5H]
min  8.93E+00 at    8    1  max  2.61E+01 at   11   79  intvl.,lines  1.00E+00   17
xsecij - contour    =   1.0000E+00  8.9300E+00  2.6082E+01
xsecij - qq,qlo,qhi =   4.0000E-01  2.4000E+00  2.8000E+01
min  2.38E+01 at    8   77  max  2.72E+01 at    8    1  intvl.,lines  2.00E-01   17
xsecij - qq,qlo,qhi =   2.5000E-01  2.3750E+01  2.7250E+01
colors set to 0.750 0.625 0.500     (color index   3)   ierr =  0
ATLb2.00,x =     5.400
xsecij - ja,jla,xla =    24   23   25.151
 cross section: salinity zonal sec. 25.15n   year  20.00 (jan 16) [01.5H]
min  3.51E+01 at    8    2  max  3.72E+01 at   30   80  intvl.,lines  1.00E-01   20
xsecij - contour    =   1.0000E-01  3.5120E+01  3.7210E+01
xsecij - qq,qlo,qhi =   7.5000E-02  3.2600E+01  3.7400E+01
min  2.38E+01 at    8   77  max  2.72E+01 at    8    1  intvl.,lines  2.00E-01   17
xsecij - qq,qlo,qhi =   2.5000E-01  2.3750E+01  2.7250E+01
colors set to 0.750 0.625 0.500     (color index   3)   ierr =  0
ATLb2.00,x =     5.400
 frame advance no.   2
STOP: (normal)
