cd ~/hycom/ATLb2.00/topo
echo /home/ajax/wallcraf/hycom/ATLb2.00/topo
/home/ajax/wallcraf/hycom/ATLb2.00/topo
touch fort.61
/bin/rm -f fort.61
cat
setenv FOR061A fort.61A
../../ALL/topo/src/grid_mercator

xcspmd: idm,jdm =   57   52

blkini: idm    =    57
blkini: jdm    =    52
blkini: mapflg =     0
blkinr: pntlon =     1.0000 
blkinr: reflon =   263.0000 deg E
blkinr: grdlon =     2.0000 degrees
blkinr: pntlat =    11.0000 
blkinr: reflat =     0.0000 deg N
blkinr: grdlat =     2.0000 degrees
 
j,qlat =    1   -20.545   -20.545
j,plat =    1   -19.606   -19.606
j,qlat =    2   -18.661   -18.661
j,plat =    2   -17.711   -17.711
j,qlat =    3   -16.756   -16.756
j,plat =    3   -15.796   -15.796
j,qlat =    4   -14.832   -14.832
j,plat =    4   -13.863   -13.863
j,qlat =    5   -12.890   -12.890
j,plat =    5   -11.913   -11.913
j,qlat =    6   -10.933   -10.933
j,plat =    6    -9.950    -9.950
j,qlat =    7    -8.963    -8.963
j,plat =    7    -7.974    -7.974
j,qlat =    8    -6.983    -6.983
j,plat =    8    -5.989    -5.989
j,qlat =    9    -4.994    -4.994
j,plat =    9    -3.997    -3.997
j,qlat =   10    -2.999    -2.999
j,plat =   10    -2.000    -2.000
j,qlat =   11    -1.000    -1.000
j,plat =   11     0.000     0.000
j,qlat =   12     1.000     1.000
j,plat =   12     2.000     2.000
j,qlat =   13     2.999     2.999
j,plat =   13     3.997     3.997
j,qlat =   14     4.994     4.994
j,plat =   14     5.989     5.989
j,qlat =   15     6.983     6.983
j,plat =   15     7.974     7.974
j,qlat =   16     8.963     8.963
j,plat =   16     9.950     9.950
j,qlat =   17    10.933    10.933
j,plat =   17    11.913    11.913
j,qlat =   18    12.890    12.890
j,plat =   18    13.863    13.863
j,qlat =   19    14.832    14.832
j,plat =   19    15.796    15.796
j,qlat =   20    16.756    16.756
j,plat =   20    17.711    17.711
j,qlat =   21    18.661    18.661
j,plat =   21    19.606    19.606
j,qlat =   22    20.545    20.545
j,plat =   22    21.479    21.479
j,qlat =   23    22.406    22.406
j,plat =   23    23.327    23.327
j,qlat =   24    24.243    24.243
j,plat =   24    25.151    25.151
j,qlat =   25    26.053    26.053
j,plat =   25    26.948    26.948
j,qlat =   26    27.836    27.836
j,plat =   26    28.716    28.716
j,qlat =   27    29.590    29.590
j,plat =   27    30.455    30.455
j,qlat =   28    31.314    31.314
j,plat =   28    32.164    32.164
j,qlat =   29    33.007    33.007
j,plat =   29    33.841    33.841
j,qlat =   30    34.668    34.668
j,plat =   30    35.486    35.486
j,qlat =   31    36.296    36.296
j,plat =   31    37.098    37.098
j,qlat =   32    37.891    37.891
j,plat =   32    38.676    38.676
j,qlat =   33    39.453    39.453
j,plat =   33    40.221    40.221
j,qlat =   34    40.980    40.980
j,plat =   34    41.731    41.731
j,qlat =   35    42.472    42.472
j,plat =   35    43.206    43.206
j,qlat =   36    43.930    43.930
j,plat =   36    44.646    44.646
j,qlat =   37    45.353    45.353
j,plat =   37    46.052    46.052
j,qlat =   38    46.741    46.741
j,plat =   38    47.422    47.422
j,qlat =   39    48.094    48.094
j,plat =   39    48.758    48.758
j,qlat =   40    49.413    49.413
j,plat =   40    50.059    50.059
j,qlat =   41    50.697    50.697
j,plat =   41    51.326    51.326
j,qlat =   42    51.947    51.947
j,plat =   42    52.559    52.559
j,qlat =   43    53.163    53.163
j,plat =   43    53.758    53.758
j,qlat =   44    54.345    54.345
j,plat =   44    54.924    54.924
j,qlat =   45    55.494    55.494
j,plat =   45    56.057    56.057
j,qlat =   46    56.611    56.611
j,plat =   46    57.157    57.157
j,qlat =   47    57.696    57.696
j,plat =   47    58.226    58.226
j,qlat =   48    58.749    58.749
j,plat =   48    59.264    59.264
j,qlat =   49    59.771    59.771
j,plat =   49    60.271    60.271
j,qlat =   50    60.763    60.763
j,plat =   50    61.248    61.248
j,qlat =   51    61.725    61.725
j,plat =   51    62.195    62.195
j,qlat =   52    62.658    62.658
j,plat =   52    63.114    63.114
 
i,qlon =    1   262.000   262.000
i,plon =    1   263.000   263.000
i,qlon =    2   264.000   264.000
i,plon =    2   265.000   265.000
i,qlon =    3   266.000   266.000
i,plon =    3   267.000   267.000
i,qlon =    4   268.000   268.000
i,plon =    4   269.000   269.000
i,qlon =    5   270.000   270.000
i,plon =    5   271.000   271.000
i,qlon =    6   272.000   272.000
i,plon =    6   273.000   273.000
i,qlon =    7   274.000   274.000
i,plon =    7   275.000   275.000
i,qlon =    8   276.000   276.000
i,plon =    8   277.000   277.000
i,qlon =    9   278.000   278.000
i,plon =    9   279.000   279.000
i,qlon =   10   280.000   280.000
i,plon =   10   281.000   281.000
i,qlon =   11   282.000   282.000
i,plon =   11   283.000   283.000
i,qlon =   12   284.000   284.000
i,plon =   12   285.000   285.000
i,qlon =   13   286.000   286.000
i,plon =   13   287.000   287.000
i,qlon =   14   288.000   288.000
i,plon =   14   289.000   289.000
i,qlon =   15   290.000   290.000
i,plon =   15   291.000   291.000
i,qlon =   16   292.000   292.000
i,plon =   16   293.000   293.000
i,qlon =   17   294.000   294.000
i,plon =   17   295.000   295.000
i,qlon =   18   296.000   296.000
i,plon =   18   297.000   297.000
i,qlon =   19   298.000   298.000
i,plon =   19   299.000   299.000
i,qlon =   20   300.000   300.000
i,plon =   20   301.000   301.000
i,qlon =   21   302.000   302.000
i,plon =   21   303.000   303.000
i,qlon =   22   304.000   304.000
i,plon =   22   305.000   305.000
i,qlon =   23   306.000   306.000
i,plon =   23   307.000   307.000
i,qlon =   24   308.000   308.000
i,plon =   24   309.000   309.000
i,qlon =   25   310.000   310.000
i,plon =   25   311.000   311.000
i,qlon =   26   312.000   312.000
i,plon =   26   313.000   313.000
i,qlon =   27   314.000   314.000
i,plon =   27   315.000   315.000
i,qlon =   28   316.000   316.000
i,plon =   28   317.000   317.000
i,qlon =   29   318.000   318.000
i,plon =   29   319.000   319.000
i,qlon =   30   320.000   320.000
i,plon =   30   321.000   321.000
i,qlon =   31   322.000   322.000
i,plon =   31   323.000   323.000
i,qlon =   32   324.000   324.000
i,plon =   32   325.000   325.000
i,qlon =   33   326.000   326.000
i,plon =   33   327.000   327.000
i,qlon =   34   328.000   328.000
i,plon =   34   329.000   329.000
i,qlon =   35   330.000   330.000
i,plon =   35   331.000   331.000
i,qlon =   36   332.000   332.000
i,plon =   36   333.000   333.000
i,qlon =   37   334.000   334.000
i,plon =   37   335.000   335.000
i,qlon =   38   336.000   336.000
i,plon =   38   337.000   337.000
i,qlon =   39   338.000   338.000
i,plon =   39   339.000   339.000
i,qlon =   40   340.000   340.000
i,plon =   40   341.000   341.000
i,qlon =   41   342.000   342.000
i,plon =   41   343.000   343.000
i,qlon =   42   344.000   344.000
i,plon =   42   345.000   345.000
i,qlon =   43   346.000   346.000
i,plon =   43   347.000   347.000
i,qlon =   44   348.000   348.000
i,plon =   44   349.000   349.000
i,qlon =   45   350.000   350.000
i,plon =   45   351.000   351.000
i,qlon =   46   352.000   352.000
i,plon =   46   353.000   353.000
i,qlon =   47   354.000   354.000
i,plon =   47   355.000   355.000
i,qlon =   48   356.000   356.000
i,plon =   48   357.000   357.000
i,qlon =   49   358.000   358.000
i,plon =   49   359.000   359.000
i,qlon =   50   360.000   360.000
i,plon =   50   361.000   361.000
i,qlon =   51   362.000   362.000
i,plon =   51   363.000   363.000
i,qlon =   52   364.000   364.000
i,plon =   52   365.000   365.000
i,qlon =   53   366.000   366.000
i,plon =   53   367.000   367.000
i,qlon =   54   368.000   368.000
i,plon =   54   369.000   369.000
i,qlon =   55   370.000   370.000
i,plon =   55   371.000   371.000
i,qlon =   56   372.000   372.000
i,plon =   56   373.000   373.000
i,qlon =   57   374.000   374.000
i,plon =   57   375.000   375.000
 
   57    'idm   ' = longitudinal array size
   52    'jdm   ' = latitudinal  array size
    0    'mapflg' = map flag (-1=unknown,0=mercator,...)
plon:  min,max =       263.00000      375.00000
plat:  min,max =       -19.60579       63.11375
qlon:  min,max =       262.00000      374.00000
qlat:  min,max =       -20.54502       62.65800
ulon:  min,max =       262.00000      374.00000
ulat:  min,max =       -19.60579       63.11375
vlon:  min,max =       263.00000      375.00000
vlat:  min,max =       -20.54502       62.65800
pang:  min,max =         0.00000        0.00000
 
domain assumed to be non-periodic
 
j,vy =    1 208236.70 208236.70      0.00
j,vx =    1 208243.86 208243.86      0.00
j,uy =    1 209488.39 209488.39      0.00
j,ux =    1 209495.31 209495.33      0.02
j,vy =    2 210690.08 210690.08      0.00
j,vx =    2 210697.31 210697.31      0.00
j,uy =    2 211840.44 211840.44      0.00
j,ux =    2 211848.28 211848.28      0.00
j,vy =    3 212938.52 212938.52      0.00
j,vx =    3 212946.66 212946.67      0.02
j,uy =    3 213982.52 213982.52      0.00
j,ux =    3 213990.95 213990.95      0.00
j,vy =    4 214970.95 214970.95      0.00
j,vx =    4 214979.73 214979.73      0.00
j,uy =    4 215902.55 215902.55      0.00
j,ux =    4 215911.59 215911.59      0.00
j,vy =    5 216775.81 216775.81      0.00
j,vx =    5 216785.25 216785.25      0.00
j,uy =    5 217589.81 217589.81      0.00
j,ux =    5 217599.44 217599.44      0.00
j,vy =    6 218343.14 218343.14      0.00
j,vx =    6 218353.00 218353.00      0.00
j,uy =    6 219034.66 219034.66      0.00
j,ux =    6 219044.83 219044.83      0.00
j,vy =    7 219663.55 219663.55      0.00
j,vx =    7 219673.91 219673.91      0.00
j,uy =    7 220228.81 220228.81      0.00
j,ux =    7 220239.34 220239.34      0.00
j,vy =    8 220729.55 220729.55      0.00
j,vx =    8 220740.25 220740.25      0.00
j,uy =    8 221165.08 221165.08      0.00
j,ux =    8 221175.92 221175.92      0.00
j,vy =    9 221534.69 221534.69      0.00
j,vx =    9 221545.67 221545.67      0.00
j,uy =    9 221837.88 221837.88      0.00
j,ux =    9 221848.97 221848.97      0.00
j,vy =   10 222074.16 222074.16      0.00
j,vx =   10 222085.36 222085.36      0.00
j,uy =   10 222243.20 222243.20      0.00
j,ux =   10 222254.45 222254.45      0.00
j,vy =   11 222344.73 222344.73      0.00
j,vx =   11 222356.02 222356.02      0.00
j,uy =   11 222378.59 222378.59      0.00
j,ux =   11 222389.88 222389.88      0.00
j,vy =   12 222344.73 222344.73      0.00
j,vx =   12 222356.02 222356.02      0.00
j,uy =   12 222243.20 222243.20      0.00
j,ux =   12 222254.45 222254.45      0.00
j,vy =   13 222074.16 222074.16      0.00
j,vx =   13 222085.34 222085.34      0.00
j,uy =   13 221837.88 221837.88      0.00
j,ux =   13 221848.97 221848.97      0.00
j,vy =   14 221534.69 221534.69      0.00
j,vx =   14 221545.67 221545.67      0.00
j,uy =   14 221165.08 221165.08      0.00
j,ux =   14 221175.92 221175.92      0.00
j,vy =   15 220729.55 220729.55      0.00
j,vx =   15 220740.25 220740.25      0.00
j,uy =   15 220228.81 220228.81      0.00
j,ux =   15 220239.33 220239.33      0.00
j,vy =   16 219663.55 219663.55      0.00
j,vx =   16 219673.91 219673.91      0.00
j,uy =   16 219034.66 219034.66      0.00
j,ux =   16 219044.83 219044.83      0.00
j,vy =   17 218343.14 218343.14      0.00
j,vx =   17 218353.00 218353.00      0.00
j,uy =   17 217589.81 217589.81      0.00
j,ux =   17 217599.44 217599.44      0.00
j,vy =   18 216775.81 216775.81      0.00
j,vx =   18 216785.25 216785.25      0.00
j,uy =   18 215902.55 215902.55      0.00
j,ux =   18 215911.59 215911.59      0.00
j,vy =   19 214970.95 214970.95      0.00
j,vx =   19 214979.72 214979.72      0.00
j,uy =   19 213982.52 213982.52      0.00
j,ux =   19 213990.95 213990.95      0.00
j,vy =   20 212938.52 212938.52      0.00
j,vx =   20 212946.66 212946.67      0.02
j,uy =   20 211840.44 211840.44      0.00
j,ux =   20 211848.28 211848.28      0.00
j,vy =   21 210690.08 210690.08      0.00
j,vx =   21 210697.31 210697.31      0.00
j,uy =   21 209488.39 209488.39      0.00
j,ux =   21 209495.30 209495.30      0.00
j,vy =   22 208237.06 208237.06      0.00
j,vx =   22 208243.84 208243.84      0.00
j,uy =   22 206938.25 206938.25      0.00
j,ux =   22 206944.59 206944.59      0.00
j,vy =   23 205593.41 205593.41      0.00
j,vx =   23 205599.17 205599.19      0.02
j,uy =   23 204203.80 204203.80      0.00
j,ux =   23 204209.38 204209.39      0.02
j,vy =   24 202771.78 202771.78      0.00
j,vx =   24 202776.84 202776.84      0.00
j,uy =   24 201298.84 201298.84      0.00
j,ux =   24 201303.39 201303.41      0.02
j,vy =   25 199786.44 199786.44      0.00
j,vx =   25 199790.75 199790.75      0.00
j,uy =   25 198236.94 198236.94      0.00
j,ux =   25 198240.75 198240.75      0.00
j,vy =   26 196651.58 196651.58      0.00
j,vx =   26 196655.16 196655.16      0.00
j,uy =   26 195032.72 195032.72      0.00
j,ux =   26 195035.78 195035.78      0.00
j,vy =   27 193381.83 193381.83      0.00
j,vx =   27 193384.42 193384.42      0.00
j,uy =   27 191700.61 191700.61      0.00
j,ux =   27 191702.89 191702.89      0.00
j,vy =   28 189991.19 189991.19      0.00
j,vx =   28 189992.97 189992.97      0.00
j,uy =   28 188254.81 188254.81      0.00
j,ux =   28 188256.42 188256.42      0.00
j,vy =   29 186494.06 186494.06      0.00
j,vx =   29 186495.03 186495.05      0.02
j,uy =   29 184709.98 184709.98      0.00
j,ux =   29 184710.58 184710.58      0.00
j,vy =   30 182904.28 182904.28      0.00
j,vx =   30 182904.73 182904.73      0.00
j,uy =   30 181079.47 181079.47      0.00
j,ux =   30 181079.23 181079.23      0.00
j,vy =   31 179236.44 179236.44      0.00
j,vx =   31 179235.75 179235.75      0.00
j,uy =   31 177376.84 177376.84      0.00
j,ux =   31 177375.92 177375.92      0.00
j,vy =   32 175502.42 175502.42      0.00
j,vx =   32 175501.39 175501.39      0.00
j,uy =   32 173615.27 173615.27      0.00
j,ux =   32 173613.73 173613.73      0.00
j,vy =   33 171716.23 171716.23      0.00
j,vx =   33 171714.48 171714.48      0.00
j,uy =   33 169807.02 169807.02      0.00
j,ux =   33 169805.19 169805.19      0.00
j,vy =   34 167889.75 167889.75      0.00
j,vx =   34 167887.28 167887.28      0.00
j,uy =   34 165965.27 165965.27      0.00
j,ux =   34 165962.23 165962.23      0.00
j,vy =   35 164034.84 164034.84      0.00
j,vx =   35 164031.42 164031.42      0.00
j,uy =   35 162099.34 162099.34      0.00
j,ux =   35 162096.20 162096.20      0.00
j,vy =   36 160161.28 160161.28      0.00
j,vx =   36 160157.92 160157.92      0.00
j,uy =   36 158221.95 158221.95      0.00
j,ux =   36 158217.80 158217.80      0.00
j,vy =   37 156281.36 156281.36      0.00
j,vx =   37 156277.06 156277.06      0.00
j,uy =   37 154341.17 154341.17      0.00
j,ux =   37 154336.94 154336.94      0.00
j,vy =   38 152403.12 152403.12      0.00
j,vx =   38 152398.53 152398.53      0.00
j,uy =   38 150467.61 150467.61      0.00
j,ux =   38 150462.95 150462.95      0.00
j,vy =   39 148535.92 148535.92      0.00
j,vx =   39 148531.23 148531.23      0.00
j,uy =   39 146609.73 146609.73      0.00
j,ux =   39 146604.41 146604.41      0.00
j,vy =   40 144689.08 144689.08      0.00
j,vx =   40 144683.41 144683.41      0.00
j,uy =   40 142774.77 142774.77      0.00
j,ux =   40 142769.17 142769.17      0.00
j,vy =   41 140868.11 140868.11      0.00
j,vx =   41 140862.56 140862.56      0.00
j,uy =   41 138970.34 138970.34      0.00
j,ux =   41 138964.45 138964.45      0.00
j,vy =   42 137081.50 137081.50      0.00
j,vx =   42 137075.61 137075.61      0.00
j,uy =   42 135202.83 135202.83      0.00
j,ux =   42 135196.80 135196.80      0.00
j,vy =   43 133335.19 133335.19      0.00
j,vx =   43 133328.72 133328.72      0.00
j,uy =   43 131478.14 131478.14      0.00
j,ux =   43 131472.05 131472.05      0.00
j,vy =   44 129633.83 129633.83      0.00
j,vx =   44 129627.45 129627.45      0.00
j,uy =   44 127802.24 127802.24      0.00
j,ux =   44 127795.49 127795.49      0.00
j,vy =   45 125983.38 125983.38      0.00
j,vx =   45 125976.75 125976.75      0.00
j,uy =   45 124178.52 124178.52      0.00
j,ux =   45 124171.76 124171.76      0.00
j,vy =   46 122387.65 122387.65      0.00
j,vx =   46 122381.01 122381.01      0.00
j,uy =   46 120611.62 120611.62      0.00
j,ux =   46 120604.96 120604.96      0.00
j,vy =   47 118851.30 118851.30      0.00
j,vx =   47 118844.03 118844.03      0.00
j,uy =   47 117105.82 117105.82      0.00
j,ux =   47 117098.62 117098.62      0.00
j,vy =   48 115376.03 115376.03      0.00
j,vx =   48 115369.11 115369.11      0.00
j,uy =   48 113662.79 113662.79      0.00
j,ux =   48 113655.82 113655.82      0.00
j,vy =   49 111966.09 111966.09      0.00
j,vx =   49 111959.07 111959.07      0.00
j,uy =   49 110286.36 110286.36      0.00
j,ux =   49 110279.13 110279.14      0.01
j,vy =   50 108623.16 108623.16      0.00
j,vx =   50 108616.27 108616.27      0.00
j,uy =   50 106977.79 106977.79      0.00
j,ux =   50 106970.71 106970.71      0.00
j,vy =   51 105349.81 105349.81      0.00
j,vx =   51 105342.64 105342.64      0.00
j,uy =   51 103739.22 103739.22      0.00
j,ux =   51 103732.27 103732.28      0.01
j,vy =   52 102146.86 102146.86      0.00
j,vx =   52 102139.76 102139.76      0.00
j,uy =   52 100571.95 100571.95      0.00
j,ux =   52 100565.22 100565.23      0.01
 
pscx:  min,max =    100565.21875   222389.87500
pscy:  min,max =    100571.95312   222378.59375
qscx:  min,max =    102139.75781   222356.01562
qscy:  min,max =    102146.85938   222344.73438
uscx:  min,max =    100565.21875   222389.87500
uscy:  min,max =    100571.95312   222378.59375
vscx:  min,max =    102139.75781   222356.01562
vscy:  min,max =    102146.85938   222344.73438
 
cori:  min,max =   -0.0000511824   0.0001295491
 
pasp:  min,max =         0.99993        1.00005
 
mv fort.61 regional.grid.b
mv fort.61A regional.grid.a
