setenv D ../expt_01.0/data
setenv S ../expt_01.0/data
setenv E 010
setenv Y 0020
touch regional.depth.a regional.depth.b
if ( -z regional.depth.a ) then
if ( -z regional.depth.b ) then
touch regional.grid.a regional.grid.b
if ( -z regional.grid.a ) then
if ( -z regional.grid.b ) then
touch ../expt_01.0/data/transMN.0020.d
/bin/rm ../expt_01.0/data/transMN.0020.d
./src/transp_mn

xcspmd: idm,jdm =   57   52

  transport file: ../expt_01.0/data/transMN.0020.d
mean  input file: ../expt_01.0/data/archMN.0020.b
blkini: iexpt  =     0
blkini: yrflag =     0
blkinr: tranfq =    30.0000 days
blkini: idm    =    57
blkini: jdm    =    52
blkini: kdm    =    22
blkini: ntrans =     3
 reading grid file from regional.grid.[ab]
    0    'mapflg' = map flag (-1=unknown,0=mercator,2=uniform,4=f-plane)
plon:  min,max =       263.00000      375.00000
plat:  min,max =       -19.60579       63.11375
ulon:  min,max =       262.00000      374.00000
vlat:  min,max =       -20.54502       62.65800
uscy:  min,max =    100571.95312   222378.59375
vscx:  min,max =    102139.75781   222356.01562
 reading bathymetry file from regional.depth.[ab]

 North Atlantic topography from ETOPO5 5-minute data set.                       
 56 x 51 depth values (idm,jdm = 57,52).                                        
 2.0000 deg. mercator resolution, with equat=11.000.                            
 lon: 97.000W to 13.000E.  lat: 19.606S to 62.195N.                             
                                                                                
 min,max depth =    199.556  5837.000                                            
COADS forcing: precip_zero; srelax;
boundary relax; iniflg=2; KPP mixed layer; Jerlov IA;
Z(22): dp00/f/x=3m/1.125/12m; ATLb2.00/src_2.1.00_22.
12345678901234567890123456789012345678901234567890123456789012345678901234567890
 iversn =  20
 iexpt  =  10
 yrflag =  0
 idm    =  57
 jdm    =  52
field         no. recs  mean day  k  dens        min              max
montg1   =         12    6840.00  0  0.000  -1.8606067E+00   1.5324297E+01
srfhgt   =         12    7170.00  0  0.000  -8.1596270E+00   6.2110744E+00
surflx   =         12    7005.00  0  0.000  -1.9687070E+02   1.1890029E+02
salflx   =         12    7005.00  0  0.000  -4.9803760E-02   7.7337697E-03
bl_dpth  =         12    7005.00  0  0.000   2.9590004E+04   1.6268022E+06
mix_dpth =         12    7005.00  0  0.000   2.9520344E+04   2.2059605E+06
tmix     =         12    7005.00  0  0.000   1.8149958E+00   3.0022881E+01
smix     =         12    7005.00  0  0.000   3.0909554E+01   3.7198868E+01
thmix    =         12    7005.00  0  0.000  -5.7766089E+00   2.3517594E+00
umix     =         12    7005.00  0  0.000  -7.7797902E-01   6.5706825E-01
vmix     =         12    7005.00  0  0.000  -3.3811328E-01   9.0434241E-01
kemix    =         12    7005.00  0  0.000   1.3259203E-04   4.0660119E-01
u_btrop  =         12    7005.00  0  0.000  -3.0325770E-01   5.1486611E-01
input  u_btrop  into ubaro
v_btrop  =         12    7005.00  0  0.000  -1.7473465E-01   5.0179023E-01
input  v_btrop  into vbaro
kebtrop  =         12    7005.00  0  0.000   2.8385941E-07   8.9578591E-02
u-vel.   =         12    7005.00  1 19.500  -1.0437989E+00   6.8597901E-01
input  u-vel.   into u   1
v-vel.   =         12    7005.00  1 19.500  -3.4511173E-01   8.9562815E-01
input  v-vel.   into v   1
thknss   =         12    7005.00  1 19.500   2.9418000E+04   2.9418000E+04
input  thknss   into dp  1
u-vel.   =         12    7005.00  2 20.250  -9.8256695E-01   6.8808466E-01
v-vel.   =         12    7005.00  2 20.250  -3.2976791E-01   7.7811497E-01
thknss   =         12    7005.00  2 20.250   3.3095250E+04   1.0965120E+05
u-vel.   =         12    7005.00  3 21.000  -9.2636627E-01   6.8262190E-01
v-vel.   =         12    7005.00  3 21.000  -3.2747287E-01   7.7335376E-01
thknss   =         12    7005.00  3 21.000   3.4400559E+04   1.0057974E+05
u-vel.   =         12    7005.00  4 21.750  -8.5376346E-01   6.7755896E-01
v-vel.   =         12    7005.00  4 21.750  -3.1994361E-01   6.7008024E-01
thknss   =         12    7005.00  4 21.750   4.1886180E+04   1.8653834E+05
u-vel.   =         12    7005.00  5 22.500  -7.5504172E-01   6.7692059E-01
v-vel.   =         12    7005.00  5 22.500  -3.1112561E-01   6.8122441E-01
thknss   =         12    7005.00  5 22.500   2.8160121E+04   6.0995056E+05
u-vel.   =         12    7005.00  6 23.250  -5.8747619E-01   6.7573416E-01
v-vel.   =         12    7005.00  6 23.250  -3.1862959E-01   6.3442409E-01
thknss   =         12    7005.00  6 23.250   5.3012195E+04   9.2337419E+05
u-vel.   =         12    7005.00  7 24.000  -5.9020782E-01   6.7631459E-01
v-vel.   =         12    7005.00  7 24.000  -5.6262439E-01   1.0440646E+00
thknss   =         12    7005.00  7 24.000   4.5362027E+04   9.4366188E+05
u-vel.   =         12    7005.00  8 24.700  -6.0058683E-01   6.7730767E-01
v-vel.   =         12    7005.00  8 24.700  -2.8194362E-01   7.1481532E-01
thknss   =         12    7005.00  8 24.700   6.7093562E+04   1.1632231E+06
u-vel.   =         12    7005.00  9 25.280  -6.1425704E-01   6.7781103E-01
v-vel.   =         12    7005.00  9 25.280  -2.7055416E-01   6.0196161E-01
thknss   =         12    7005.00  9 25.280   7.5480250E+04   1.3258731E+06
u-vel.   =         12    7005.00 10 25.770  -6.2696135E-01   6.8016559E-01
v-vel.   =         12    7005.00 10 25.770  -3.7837797E-01   7.8706431E-01
thknss   =         12    7005.00 10 25.770   7.4905445E+04   3.4616545E+06
u-vel.   =         12    7005.00 11 26.180  -6.3378930E-01   6.7984569E-01
v-vel.   =         12    7005.00 11 26.180  -2.5100434E-01   5.7872820E-01
thknss   =         12    7005.00 11 26.180   9.1720500E+04   3.9784638E+06
u-vel.   =         12    7005.00 12 26.520  -6.4123142E-01   6.6997486E-01
v-vel.   =         12    7005.00 12 26.520  -3.8889065E-01   5.6761098E-01
thknss   =         12    7005.00 12 26.520   4.3823305E+04   4.3467175E+06
u-vel.   =         12    7005.00 13 26.800  -6.3639522E-01   6.6118550E-01
v-vel.   =         12    7005.00 13 26.800  -2.3820165E-01   5.7227105E-01
thknss   =         12    7005.00 13 26.800   1.4786117E+04   4.7253485E+06
u-vel.   =         12    7005.00 14 27.030  -6.3675505E-01   7.0063275E-01
v-vel.   =         12    7005.00 14 27.030  -2.6293218E-01   5.8717942E-01
thknss   =         12    7005.00 14 27.030   1.1173541E+01   4.7760410E+06
u-vel.   =         12    7005.00 15 27.220  -7.3451567E-01   7.3787785E-01
v-vel.   =         12    7005.00 15 27.220  -3.6521295E-01   4.7340137E-01
thknss   =         12    7005.00 15 27.220   3.1639347E+00   2.9441648E+06
u-vel.   =         12    7005.00 16 27.380  -7.0562845E-01   5.3222287E-01
v-vel.   =         12    7005.00 16 27.380  -3.1533337E-01   4.6888062E-01
thknss   =         12    7005.00 16 27.380   2.3392794E+00   5.1375305E+06
u-vel.   =         12    7005.00 17 27.520  -5.2648169E-01   4.6452686E-01
v-vel.   =         12    7005.00 17 27.520  -2.9319081E-01   5.1930374E-01
thknss   =         12    7005.00 17 27.520   2.1169158E-03   4.5872700E+06
u-vel.   =         12    7005.00 18 27.640  -3.9010325E-01   3.5106552E-01
v-vel.   =         12    7005.00 18 27.640  -2.3910239E-01   3.5757926E-01
thknss   =         12    7005.00 18 27.640   1.4742231E-03   4.5627690E+06
u-vel.   =         12    7005.00 19 27.740  -6.7629498E-01   4.1158504E+00
v-vel.   =         12    7005.00 19 27.740  -2.3910239E-01   3.5757926E-01
thknss   =         12    7005.00 19 27.740   0.0000000E+00   1.1146678E+07
u-vel.   =         12    7005.00 20 27.820  -1.8736079E+00   4.1158504E+00
v-vel.   =         12    7005.00 20 27.820  -3.1863621E-01   3.5757926E-01
thknss   =         12    7005.00 20 27.820   0.0000000E+00   1.2029062E+07
u-vel.   =         12    7005.00 21 27.880  -1.8736079E+00   4.1158504E+00
v-vel.   =         12    7005.00 21 27.880  -2.3910239E-01   3.5757926E-01
thknss   =         12    7005.00 21 27.880   0.0000000E+00   2.7186540E+07
u-vel.   =         12    7005.00 22 27.940  -1.8736079E+00   4.1158504E+00
input  u-vel.   into u  22
v-vel.   =         12    7005.00 22 27.940  -2.3910239E-01   7.2080880E-01
input  v-vel.   into v  22
thknss   =         12    7005.00 22 27.940   0.0000000E+00   1.1595456E+07
input  thknss   into dp 22

converting dp to u/v layer thickness

section number:   1
tsname: Cross-Equator
blkini: if     =    25
blkini: il     =    55
blkini: jf     =    11
blkini: jl     =    11
   1     311.00   371.00     0.00     0.00  Cross-Equator            
i,j =   25   11: 0111111111111111111111111111110
 
section number:   2
tsname: Along-Equator, 39W
blkini: if     =    30
blkini: il     =    30
blkini: jf     =     9
blkini: jl     =    13
   2     321.00   321.00    -4.00     4.00  Along-Equator, 39W       
i,j =   30    9: 11111
 
section number:   3
tsname: Along-Equator, 19W
blkini: if     =    40
blkini: il     =    40
blkini: jf     =     9
blkini: jl     =    13
   3     341.00   341.00    -4.00     4.00  Along-Equator, 19W       
i,j =   40    9: 11111
 
 
