setenv D ../expt_01.0/data
setenv S ../expt_01.0/data
setenv E 010
setenv YF 0020
setenv YL 0020
touch regional.depth.a regional.depth.b
if ( -z regional.depth.a ) then
if ( -z regional.depth.b ) then
touch regional.grid.a regional.grid.b
if ( -z regional.grid.a ) then
if ( -z regional.grid.b ) then
touch ../expt_01.0/data/trans.0020-0020.d
/bin/rm ../expt_01.0/data/trans.0020-0020.d
./src/transport

xcspmd: idm,jdm =   57   52

  transport file: ../expt_01.0/data/trans.0020-0020.d
first input file: ../expt_01.0/data/archv.0020_016_00.b
last  input file: ../expt_01.0/data/archv.0020_346_00.b
blkini: iexpt  =     0
blkini: yrflag =     0
blkinr: tranfq =    30.0000 days
blkini: idm    =    57
blkini: jdm    =    52
blkini: kdm    =    22
blkini: ntrans =     3
 reading grid file from regional.grid.[ab]
    0    'mapflg' = map flag (-1=unknown,0=mercator,2=uniform,4=f-plane)
plon:  min,max =       263.00000      375.00000
plat:  min,max =       -19.60579       63.11375
ulon:  min,max =       262.00000      374.00000
vlat:  min,max =       -20.54502       62.65800
uscy:  min,max =    100571.95312   222378.59375
vscx:  min,max =    102139.75781   222356.01562
 reading bathymetry file from regional.depth.[ab]

 North Atlantic topography from ETOPO5 5-minute data set.                       
 56 x 51 depth values (idm,jdm = 57,52).                                        
 2.0000 deg. mercator resolution, with equat=11.000.                            
 lon: 97.000W to 13.000E.  lat: 19.606S to 62.195N.                             
                                                                                
 min,max depth =    199.556  5837.000                                            
section number:   1
tsname: Cross-Equator
blkini: if     =    25
blkini: il     =    55
blkini: jf     =    11
blkini: jl     =    11
   1     311.00   371.00     0.00     0.00  Cross-Equator            
i,j =   25   11: 0111111111111111111111111111110
 
section number:   2
tsname: Along-Equator, 39W
blkini: if     =    30
blkini: il     =    30
blkini: jf     =     9
blkini: jl     =    13
   2     321.00   321.00    -4.00     4.00  Along-Equator, 39W       
i,j =   30    9: 11111
 
section number:   3
tsname: Along-Equator, 19W
blkini: if     =    40
blkini: il     =    40
blkini: jf     =     9
blkini: jl     =    13
   3     341.00   341.00    -4.00     4.00  Along-Equator, 19W       
i,j =   40    9: 11111
 
 
iar,time,flnm =    1   6840.00  ../expt_01.0/data/archv.0020_016_00.b
COADS forcing: precip_zero; srelax;
boundary relax; iniflg=2; KPP mixed layer; Jerlov IA;
Z(22): dp00/f/x=3m/1.125/12m; ATLb2.00/src_2.1.00_22.
12345678901234567890123456789012345678901234567890123456789012345678901234567890
 iversn =  21
 iexpt  =  10
 yrflag =  0
 idm    =  57
 jdm    =  52
field       time step  model day  k  dens        min              max
montg1   =     102600    6840.00  0  0.000  -2.4382992E+00   1.5335659E+01
srfhgt   =     102600    6840.00  0  0.000  -8.1779757E+00   6.4688897E+00
surflx   =     102600    6840.00  0  0.000  -5.0469815E+02   1.3271924E+02
salflx   =     102600    6840.00  0  0.000  -5.2042056E-02   5.7659606E-03
bl_dpth  =     102600    6840.00  0  0.000   2.8976109E+04   3.9865715E+06
mix_dpth =     102600    6840.00  0  0.000   2.8878049E+04   4.1125330E+06
tmix     =     102600    6840.00  0  0.000  -2.0311146E+00   3.1456375E+01
smix     =     102600    6840.00  0  0.000   2.9262880E+01   3.7239685E+01
thmix    =     102600    6840.00  0  0.000  -7.2195439E+00   2.5604234E+00
umix     =     102600    6840.00  0  0.000  -7.1628642E-01   6.7834604E-01
vmix     =     102600    6840.00  0  0.000  -2.8353482E-01   7.3165041E-01
u_btrop  =     102600    6840.00  0  0.000  -3.5022819E-01   5.6275362E-01
input  u_btrop  into ubaro
v_btrop  =     102600    6840.00  0  0.000  -1.5606092E-01   5.7945490E-01
input  v_btrop  into vbaro
u-vel.   =     102600    6840.00  1 19.500  -9.5656538E-01   7.0382667E-01
input  u-vel.   into u   1
v-vel.   =     102600    6840.00  1 19.500  -3.6523658E-01   6.8995148E-01
input  v-vel.   into v   1
thknss   =     102600    6840.00  1 19.500   2.9418000E+04   2.9418000E+04
input  thknss   into dp  1
u-vel.   =     102600    6840.00  2 20.250  -8.5318840E-01   4.3932277E-01
v-vel.   =     102600    6840.00  2 20.250  -3.5614473E-01   7.4340129E-01
thknss   =     102600    6840.00  2 20.250   3.3095250E+04   1.1174115E+05
u-vel.   =     102600    6840.00  3 21.000  -7.7376580E-01   4.2960352E-01
v-vel.   =     102600    6840.00  3 21.000  -3.5193259E-01   9.9346268E-01
thknss   =     102600    6840.00  3 21.000   2.3549436E+04   1.1061330E+05
u-vel.   =     102600    6840.00  4 21.750  -7.3476654E-01   4.2680547E-01
v-vel.   =     102600    6840.00  4 21.750  -3.4345317E-01   1.0236324E+00
thknss   =     102600    6840.00  4 21.750   4.1886176E+04   1.9670367E+05
u-vel.   =     102600    6840.00  5 22.500  -7.0028001E-01   4.2536473E-01
v-vel.   =     102600    6840.00  5 22.500  -3.3017996E-01   7.7410686E-01
thknss   =     102600    6840.00  5 22.500   4.4531914E+03   7.4347125E+05
u-vel.   =     102600    6840.00  6 23.250  -5.4095221E-01   4.2500579E-01
v-vel.   =     102600    6840.00  6 23.250  -2.9980615E-01   3.7000281E-01
thknss   =     102600    6840.00  6 23.250   5.2684121E+04   1.4500134E+06
u-vel.   =     102600    6840.00  7 24.000  -9.2333382E-01   8.6227137E-01
v-vel.   =     102600    6840.00  7 24.000  -1.1527992E+00   1.6692784E+00
thknss   =     102600    6840.00  7 24.000   2.8888718E+03   1.3654266E+06
u-vel.   =     102600    6840.00  8 24.700  -7.7987164E-01   5.9208137E-01
v-vel.   =     102600    6840.00  8 24.700  -2.2799127E-01   8.8327986E-01
thknss   =     102600    6840.00  8 24.700   4.5741090E+04   1.4102915E+06
u-vel.   =     102600    6840.00  9 25.280  -4.6336585E-01   8.4060538E-01
v-vel.   =     102600    6840.00  9 25.280  -5.0809139E-01   7.2535634E-01
thknss   =     102600    6840.00  9 25.280   3.8838887E+04   1.7304099E+06
u-vel.   =     102600    6840.00 10 25.770  -5.0999939E-01   4.6542558E-01
v-vel.   =     102600    6840.00 10 25.770  -2.5156671E-01   1.0270866E+00
thknss   =     102600    6840.00 10 25.770   6.4944812E+04   3.6404170E+06
u-vel.   =     102600    6840.00 11 26.180  -4.4841933E-01   3.5215810E-01
v-vel.   =     102600    6840.00 11 26.180  -2.9771250E-01   3.6014032E-01
thknss   =     102600    6840.00 11 26.180   1.3478717E+03   3.7447718E+06
u-vel.   =     102600    6840.00 12 26.520  -4.5234102E-01   3.2634312E-01
v-vel.   =     102600    6840.00 12 26.520  -3.8728413E-01   2.5003701E-01
thknss   =     102600    6840.00 12 26.520   7.7468958E+02   4.3923865E+06
u-vel.   =     102600    6840.00 13 26.800  -4.5664126E-01   3.4513336E-01
v-vel.   =     102600    6840.00 13 26.800  -4.4332489E-01   2.3338909E-01
thknss   =     102600    6840.00 13 26.800   0.0000000E+00   4.9294120E+06
u-vel.   =     102600    6840.00 14 27.030  -4.6057504E-01   4.0460077E-01
v-vel.   =     102600    6840.00 14 27.030  -4.4412243E-01   2.1771009E-01
thknss   =     102600    6840.00 14 27.030   0.0000000E+00   4.9007665E+06
u-vel.   =     102600    6840.00 15 27.220  -4.9357206E-01   4.8897716E-01
v-vel.   =     102600    6840.00 15 27.220  -4.4412243E-01   3.1149110E-01
thknss   =     102600    6840.00 15 27.220   0.0000000E+00   3.5412438E+06
u-vel.   =     102600    6840.00 16 27.380  -4.5789802E-01   3.6537921E-01
v-vel.   =     102600    6840.00 16 27.380  -4.4412243E-01   2.1737209E-01
thknss   =     102600    6840.00 16 27.380   0.0000000E+00   4.8161925E+06
u-vel.   =     102600    6840.00 17 27.520  -3.9126146E-01   2.7009389E-01
v-vel.   =     102600    6840.00 17 27.520  -4.4412243E-01   2.1737209E-01
thknss   =     102600    6840.00 17 27.520   0.0000000E+00   4.6767315E+06
u-vel.   =     102600    6840.00 18 27.640  -3.1802413E-01   2.6533866E-01
v-vel.   =     102600    6840.00 18 27.640  -4.4412243E-01   2.1737209E-01
thknss   =     102600    6840.00 18 27.640   0.0000000E+00   4.5973730E+06
u-vel.   =     102600    6840.00 19 27.740  -6.2247503E-01   2.1780892E-01
v-vel.   =     102600    6840.00 19 27.740  -4.4412243E-01   2.9849392E-01
thknss   =     102600    6840.00 19 27.740   0.0000000E+00   1.0961552E+07
u-vel.   =     102600    6840.00 20 27.820  -4.6771258E-01   4.4279739E-01
v-vel.   =     102600    6840.00 20 27.820  -6.3090372E-01   2.5390583E-01
thknss   =     102600    6840.00 20 27.820   0.0000000E+00   1.2119328E+07
u-vel.   =     102600    6840.00 21 27.880  -3.7105644E-01   2.9224491E-01
v-vel.   =     102600    6840.00 21 27.880  -4.4412243E-01   2.9026183E-01
thknss   =     102600    6840.00 21 27.880   0.0000000E+00   2.7222784E+07
u-vel.   =     102600    6840.00 22 27.940  -5.1717758E-01   2.5715244E-01
input  u-vel.   into u  22
v-vel.   =     102600    6840.00 22 27.940  -4.4412243E-01   5.9629047E-01
input  v-vel.   into v  22
thknss   =     102600    6840.00 22 27.940   0.0000000E+00   1.1591293E+07
input  thknss   into dp 22
iar,time,flnm =    2   6870.00  ../expt_01.0/data/archv.0020_046_00.b
COADS forcing: precip_zero; srelax;
boundary relax; iniflg=2; KPP mixed layer; Jerlov IA;
Z(22): dp00/f/x=3m/1.125/12m; ATLb2.00/src_2.1.00_22.
12345678901234567890123456789012345678901234567890123456789012345678901234567890
 iversn =  21
 iexpt  =  10
 yrflag =  0
 idm    =  57
 jdm    =  52
field       time step  model day  k  dens        min              max
montg1   =     103050    6870.00  0  0.000  -2.5465369E+00   1.5417771E+01
srfhgt   =     103050    6870.00  0  0.000  -8.5932512E+00   6.1780963E+00
surflx   =     103050    6870.00  0  0.000  -4.5902530E+02   1.3934537E+02
salflx   =     103050    6870.00  0  0.000  -6.1437439E-02   9.2762290E-03
bl_dpth  =     103050    6870.00  0  0.000   2.9035980E+04   4.7762300E+06
mix_dpth =     103050    6870.00  0  0.000   2.9077082E+04   5.0484090E+06
tmix     =     103050    6870.00  0  0.000  -2.2198784E+00   3.1083349E+01
smix     =     103050    6870.00  0  0.000   3.0202244E+01   3.7188950E+01
thmix    =     103050    6870.00  0  0.000  -6.6575723E+00   2.6687114E+00
umix     =     103050    6870.00  0  0.000  -1.0201590E+00   4.9230224E-01
vmix     =     103050    6870.00  0  0.000  -3.3305398E-01   6.2990165E-01
u_btrop  =     103050    6870.00  0  0.000  -3.0517799E-01   5.3281885E-01
input  u_btrop  into ubaro
v_btrop  =     103050    6870.00  0  0.000  -1.0416599E-01   4.9210021E-01
input  v_btrop  into vbaro
u-vel.   =     103050    6870.00  1 19.500  -1.1504470E+00   5.2254432E-01
input  u-vel.   into u   1
v-vel.   =     103050    6870.00  1 19.500  -4.1370693E-01   6.0747236E-01
input  v-vel.   into v   1
thknss   =     103050    6870.00  1 19.500   2.9418000E+04   2.9418000E+04
input  thknss   into dp  1
u-vel.   =     103050    6870.00  2 20.250  -1.1184965E+00   5.1079404E-01
v-vel.   =     103050    6870.00  2 20.250  -4.0058404E-01   6.3011408E-01
thknss   =     103050    6870.00  2 20.250   3.3095250E+04   1.4147684E+05
u-vel.   =     103050    6870.00  3 21.000  -1.0935838E+00   5.0392103E-01
v-vel.   =     103050    6870.00  3 21.000  -3.9345485E-01   6.4321595E-01
thknss   =     103050    6870.00  3 21.000   3.4344508E+04   1.3766328E+05
u-vel.   =     103050    6870.00  4 21.750  -1.0610819E+00   4.9839178E-01
v-vel.   =     103050    6870.00  4 21.750  -3.8776240E-01   6.4208210E-01
thknss   =     103050    6870.00  4 21.750   4.1886176E+04   1.5548250E+05
u-vel.   =     103050    6870.00  5 22.500  -9.7116309E-01   5.2966344E-01
v-vel.   =     103050    6870.00  5 22.500  -3.7859210E-01   9.9021447E-01
thknss   =     103050    6870.00  5 22.500   2.1200874E+03   6.9323350E+05
u-vel.   =     103050    6870.00  6 23.250  -6.6910791E-01   4.8880947E-01
v-vel.   =     103050    6870.00  6 23.250  -5.3151405E-01   3.6494121E-01
thknss   =     103050    6870.00  6 23.250   4.8518277E+04   1.3927960E+06
u-vel.   =     103050    6870.00  7 24.000  -7.7087379E-01   5.7334518E-01
v-vel.   =     103050    6870.00  7 24.000  -6.6880232E-01   1.3434594E+00
thknss   =     103050    6870.00  7 24.000   1.0094354E+04   1.5140419E+06
u-vel.   =     103050    6870.00  8 24.700  -4.6516904E-01   5.9917176E-01
v-vel.   =     103050    6870.00  8 24.700  -3.9188644E-01   7.9561985E-01
thknss   =     103050    6870.00  8 24.700   4.3991664E+04   1.2409391E+06
u-vel.   =     103050    6870.00  9 25.280  -4.6854070E-01   5.4484421E-01
v-vel.   =     103050    6870.00  9 25.280  -5.7484728E-01   7.6630521E-01
thknss   =     103050    6870.00  9 25.280   4.2193824E+04   1.5585916E+06
u-vel.   =     103050    6870.00 10 25.770  -4.7220683E-01   7.0462465E-01
v-vel.   =     103050    6870.00 10 25.770  -5.2817464E-01   6.7888242E-01
thknss   =     103050    6870.00 10 25.770   8.1933211E+04   4.1617412E+06
u-vel.   =     103050    6870.00 11 26.180  -4.7554073E-01   5.2663660E-01
v-vel.   =     103050    6870.00 11 26.180  -3.2529786E-01   6.6137630E-01
thknss   =     103050    6870.00 11 26.180   7.4770039E+04   4.0809520E+06
u-vel.   =     103050    6870.00 12 26.520  -4.7150096E-01   5.2990121E-01
v-vel.   =     103050    6870.00 12 26.520  -4.0644673E-01   2.2007188E-01
thknss   =     103050    6870.00 12 26.520   0.0000000E+00   4.4282885E+06
u-vel.   =     103050    6870.00 13 26.800  -4.8629439E-01   5.5675757E-01
v-vel.   =     103050    6870.00 13 26.800  -4.5511153E-01   2.3011209E-01
thknss   =     103050    6870.00 13 26.800   0.0000000E+00   4.9487780E+06
u-vel.   =     103050    6870.00 14 27.030  -5.4178828E-01   5.5951911E-01
v-vel.   =     103050    6870.00 14 27.030  -4.5528987E-01   3.0158421E-01
thknss   =     103050    6870.00 14 27.030   0.0000000E+00   4.9310790E+06
u-vel.   =     103050    6870.00 15 27.220  -6.5354347E-01   6.3438034E-01
v-vel.   =     103050    6870.00 15 27.220  -4.5528987E-01   3.0419147E-01
thknss   =     103050    6870.00 15 27.220   0.0000000E+00   3.1726588E+06
u-vel.   =     103050    6870.00 16 27.380  -7.6093554E-01   9.2922187E-01
v-vel.   =     103050    6870.00 16 27.380  -4.5528987E-01   4.8428035E-01
thknss   =     103050    6870.00 16 27.380   0.0000000E+00   4.9112980E+06
u-vel.   =     103050    6870.00 17 27.520  -3.9122131E-01   3.4779534E-01
v-vel.   =     103050    6870.00 17 27.520  -4.5528987E-01   2.7074635E-01
thknss   =     103050    6870.00 17 27.520   0.0000000E+00   4.3382675E+06
u-vel.   =     103050    6870.00 18 27.640  -4.4202214E-01   2.4698222E-01
v-vel.   =     103050    6870.00 18 27.640  -4.5528987E-01   2.7074635E-01
thknss   =     103050    6870.00 18 27.640   0.0000000E+00   5.1227120E+06
u-vel.   =     103050    6870.00 19 27.740  -3.9122131E-01   2.9464927E-01
v-vel.   =     103050    6870.00 19 27.740  -4.5528987E-01   2.7074635E-01
thknss   =     103050    6870.00 19 27.740   0.0000000E+00   1.1227989E+07
u-vel.   =     103050    6870.00 20 27.820  -5.0526422E-01   2.4698222E-01
v-vel.   =     103050    6870.00 20 27.820  -4.6944809E-01   2.7074635E-01
thknss   =     103050    6870.00 20 27.820   0.0000000E+00   1.2823988E+07
u-vel.   =     103050    6870.00 21 27.880  -4.6615672E-01   2.7107006E-01
v-vel.   =     103050    6870.00 21 27.880  -4.5528987E-01   3.3598560E-01
thknss   =     103050    6870.00 21 27.880   0.0000000E+00   2.7446894E+07
u-vel.   =     103050    6870.00 22 27.940  -5.0529063E-01   2.4698222E-01
input  u-vel.   into u  22
v-vel.   =     103050    6870.00 22 27.940  -4.5528987E-01   4.1627961E-01
input  v-vel.   into v  22
thknss   =     103050    6870.00 22 27.940   0.0000000E+00   1.1524258E+07
input  thknss   into dp 22
iar,time,flnm =    3   6900.00  ../expt_01.0/data/archv.0020_076_00.b
COADS forcing: precip_zero; srelax;
boundary relax; iniflg=2; KPP mixed layer; Jerlov IA;
Z(22): dp00/f/x=3m/1.125/12m; ATLb2.00/src_2.1.00_22.
12345678901234567890123456789012345678901234567890123456789012345678901234567890
 iversn =  21
 iexpt  =  10
 yrflag =  0
 idm    =  57
 jdm    =  52
field       time step  model day  k  dens        min              max
montg1   =     103500    6900.00  0  0.000  -2.7914803E+00   1.5456734E+01
srfhgt   =     103500    6900.00  0  0.000  -8.7271223E+00   6.0559764E+00
surflx   =     103500    6900.00  0  0.000  -3.2186972E+02   1.3471291E+02
salflx   =     103500    6900.00  0  0.000  -6.4072959E-02   8.2195131E-03
bl_dpth  =     103500    6900.00  0  0.000   2.8773184E+04   4.8255355E+06
mix_dpth =     103500    6900.00  0  0.000   2.8675123E+04   7.6727160E+06
tmix     =     103500    6900.00  0  0.000  -2.2027943E+00   3.2073235E+01
smix     =     103500    6900.00  0  0.000   3.0324272E+01   3.7289196E+01
thmix    =     103500    6900.00  0  0.000  -6.5450020E+00   2.7303236E+00
umix     =     103500    6900.00  0  0.000  -1.0126512E+00   4.5292056E-01
vmix     =     103500    6900.00  0  0.000  -2.8435037E-01   4.6281889E-01
u_btrop  =     103500    6900.00  0  0.000  -3.2838103E-01   5.7665861E-01
input  u_btrop  into ubaro
v_btrop  =     103500    6900.00  0  0.000  -1.3180973E-01   5.4251552E-01
input  v_btrop  into vbaro
u-vel.   =     103500    6900.00  1 19.500  -1.1321123E+00   4.7170264E-01
input  u-vel.   into u   1
v-vel.   =     103500    6900.00  1 19.500  -4.8945975E-01   5.3201210E-01
input  v-vel.   into v   1
thknss   =     103500    6900.00  1 19.500   2.9418000E+04   2.9418000E+04
input  thknss   into dp  1
u-vel.   =     103500    6900.00  2 20.250  -1.0458950E+00   4.6025595E-01
v-vel.   =     103500    6900.00  2 20.250  -4.6433935E-01   5.4132950E-01
thknss   =     103500    6900.00  2 20.250   3.3095250E+04   1.3230086E+05
u-vel.   =     103500    6900.00  3 21.000  -9.5849007E-01   4.5413178E-01
v-vel.   =     103500    6900.00  3 21.000  -4.4129509E-01   5.4363370E-01
thknss   =     103500    6900.00  3 21.000   2.4211969E+04   1.7446177E+05
u-vel.   =     103500    6900.00  4 21.750  -7.9394424E-01   4.4963846E-01
v-vel.   =     103500    6900.00  4 21.750  -4.1545397E-01   5.3807449E-01
thknss   =     103500    6900.00  4 21.750   4.1886176E+04   1.3629522E+05
u-vel.   =     103500    6900.00  5 22.500  -6.6993874E-01   4.4608867E-01
v-vel.   =     103500    6900.00  5 22.500  -3.8399205E-01   5.2559173E-01
thknss   =     103500    6900.00  5 22.500   6.0252690E+03   8.4873125E+05
u-vel.   =     103500    6900.00  6 23.250  -6.2955821E-01   4.4333819E-01
v-vel.   =     103500    6900.00  6 23.250  -4.2089182E-01   4.3949631E-01
thknss   =     103500    6900.00  6 23.250   5.0787605E+04   1.0596151E+06
u-vel.   =     103500    6900.00  7 24.000  -6.6904205E-01   4.4230250E-01
v-vel.   =     103500    6900.00  7 24.000  -5.7229567E-01   1.0814401E+00
thknss   =     103500    6900.00  7 24.000   3.2819328E+04   1.6385035E+06
u-vel.   =     103500    6900.00  8 24.700  -4.9933723E-01   7.2620797E-01
v-vel.   =     103500    6900.00  8 24.700  -3.4134391E-01   8.9126396E-01
thknss   =     103500    6900.00  8 24.700   6.6778828E+04   1.3051522E+06
u-vel.   =     103500    6900.00  9 25.280  -5.0250053E-01   5.6997818E-01
v-vel.   =     103500    6900.00  9 25.280  -3.1821296E-01   5.9115213E-01
thknss   =     103500    6900.00  9 25.280   2.2024779E+04   1.4991698E+06
u-vel.   =     103500    6900.00 10 25.770  -5.0395161E-01   4.8148084E-01
v-vel.   =     103500    6900.00 10 25.770  -2.2705458E-01   8.0484170E-01
thknss   =     103500    6900.00 10 25.770   8.1140898E+04   4.1597322E+06
u-vel.   =     103500    6900.00 11 26.180  -5.0590485E-01   4.5990384E-01
v-vel.   =     103500    6900.00 11 26.180  -2.7620432E-01   4.6837610E-01
thknss   =     103500    6900.00 11 26.180   3.7772320E+04   4.1256670E+06
u-vel.   =     103500    6900.00 12 26.520  -5.1192665E-01   4.6963176E-01
v-vel.   =     103500    6900.00 12 26.520  -5.9425372E-01   2.6347136E-01
thknss   =     103500    6900.00 12 26.520   4.0430818E+03   4.3847415E+06
u-vel.   =     103500    6900.00 13 26.800  -5.0369471E-01   4.7108984E-01
v-vel.   =     103500    6900.00 13 26.800  -4.8335934E-01   2.1689445E-01
thknss   =     103500    6900.00 13 26.800   2.7332999E-02   4.9033585E+06
u-vel.   =     103500    6900.00 14 27.030  -5.7030874E-01   4.9728391E-01
v-vel.   =     103500    6900.00 14 27.030  -4.8444596E-01   3.3537874E-01
thknss   =     103500    6900.00 14 27.030   1.0419628E-02   4.9351405E+06
u-vel.   =     103500    6900.00 15 27.220  -6.7324531E-01   6.4132935E-01
v-vel.   =     103500    6900.00 15 27.220  -4.8444596E-01   3.0510563E-01
thknss   =     103500    6900.00 15 27.220   0.0000000E+00   5.2811295E+06
u-vel.   =     103500    6900.00 16 27.380  -6.8822289E-01   7.6058334E-01
v-vel.   =     103500    6900.00 16 27.380  -4.8444596E-01   5.0953054E-01
thknss   =     103500    6900.00 16 27.380   0.0000000E+00   5.0373940E+06
u-vel.   =     103500    6900.00 17 27.520  -4.6436155E-01   3.6951309E-01
v-vel.   =     103500    6900.00 17 27.520  -4.8444596E-01   2.6822734E-01
thknss   =     103500    6900.00 17 27.520   1.1324883E-06   4.5553820E+06
u-vel.   =     103500    6900.00 18 27.640  -4.6436155E-01   2.4954765E-01
v-vel.   =     103500    6900.00 18 27.640  -4.8444596E-01   2.6822734E-01
thknss   =     103500    6900.00 18 27.640   1.1324883E-06   5.8037835E+06
u-vel.   =     103500    6900.00 19 27.740  -4.6436155E-01   3.3022529E-01
v-vel.   =     103500    6900.00 19 27.740  -4.8444596E-01   2.9726899E-01
thknss   =     103500    6900.00 19 27.740   0.0000000E+00   1.1420773E+07
u-vel.   =     103500    6900.00 20 27.820  -4.8157063E-01   3.1222382E-01
v-vel.   =     103500    6900.00 20 27.820  -8.0132169E-01   2.6822734E-01
thknss   =     103500    6900.00 20 27.820   0.0000000E+00   1.3159513E+07
u-vel.   =     103500    6900.00 21 27.880  -4.6778142E-01   2.9536673E-01
v-vel.   =     103500    6900.00 21 27.880  -4.8444596E-01   3.7240750E-01
thknss   =     103500    6900.00 21 27.880   0.0000000E+00   2.7501778E+07
u-vel.   =     103500    6900.00 22 27.940  -5.0511473E-01   2.9536673E-01
input  u-vel.   into u  22
v-vel.   =     103500    6900.00 22 27.940  -4.8444596E-01   4.0348259E-01
input  v-vel.   into v  22
thknss   =     103500    6900.00 22 27.940   0.0000000E+00   1.1515299E+07
input  thknss   into dp 22
iar,time,flnm =    4   6930.00  ../expt_01.0/data/archv.0020_106_00.b
COADS forcing: precip_zero; srelax;
boundary relax; iniflg=2; KPP mixed layer; Jerlov IA;
Z(22): dp00/f/x=3m/1.125/12m; ATLb2.00/src_2.1.00_22.
12345678901234567890123456789012345678901234567890123456789012345678901234567890
 iversn =  21
 iexpt  =  10
 yrflag =  0
 idm    =  57
 jdm    =  52
field       time step  model day  k  dens        min              max
montg1   =     103950    6930.00  0  0.000  -2.5548179E+00   1.5455241E+01
srfhgt   =     103950    6930.00  0  0.000  -8.5726957E+00   6.5055757E+00
surflx   =     103950    6930.00  0  0.000  -1.3369862E+02   1.2132735E+02
salflx   =     103950    6930.00  0  0.000  -5.6249376E-02   8.6612590E-03
bl_dpth  =     103950    6930.00  0  0.000   2.8730609E+04   2.9679335E+06
mix_dpth =     103950    6930.00  0  0.000   2.8632549E+04   7.1847415E+06
tmix     =     103950    6930.00  0  0.000  -9.5366162E-01   3.1675369E+01
smix     =     103950    6930.00  0  0.000   2.8907764E+01   3.7114075E+01
thmix    =     103950    6930.00  0  0.000  -7.2209072E+00   2.7272472E+00
umix     =     103950    6930.00  0  0.000  -7.9875463E-01   4.8653862E-01
vmix     =     103950    6930.00  0  0.000  -4.9738669E-01   7.2192007E-01
u_btrop  =     103950    6930.00  0  0.000  -3.0358127E-01   5.0912309E-01
input  u_btrop  into ubaro
v_btrop  =     103950    6930.00  0  0.000  -1.4169374E-01   5.0224733E-01
input  v_btrop  into vbaro
u-vel.   =     103950    6930.00  1 19.500  -9.4777107E-01   4.8185971E-01
input  u-vel.   into u   1
v-vel.   =     103950    6930.00  1 19.500  -4.6666601E-01   7.1780521E-01
input  v-vel.   into v   1
thknss   =     103950    6930.00  1 19.500   2.9418000E+04   2.9418000E+04
input  thknss   into dp  1
u-vel.   =     103950    6930.00  2 20.250  -8.3797032E-01   4.7220579E-01
v-vel.   =     103950    6930.00  2 20.250  -4.6528193E-01   7.2446316E-01
thknss   =     103950    6930.00  2 20.250   3.2412354E+04   1.2445890E+05
u-vel.   =     103950    6930.00  3 21.000  -7.6877648E-01   4.6775886E-01
v-vel.   =     103950    6930.00  3 21.000  -4.6573484E-01   7.2646302E-01
thknss   =     103950    6930.00  3 21.000   3.2529841E+03   2.1125988E+05
u-vel.   =     103950    6930.00  4 21.750  -7.2005153E-01   4.6543527E-01
v-vel.   =     103950    6930.00  4 21.750  -4.7088975E-01   7.1079916E-01
thknss   =     103950    6930.00  4 21.750   4.1886176E+04   1.7922819E+05
u-vel.   =     103950    6930.00  5 22.500  -6.7032605E-01   4.6565801E-01
v-vel.   =     103950    6930.00  5 22.500  -5.0002825E-01   6.7616159E-01
thknss   =     103950    6930.00  5 22.500   4.4427344E+03   7.3594462E+05
u-vel.   =     103950    6930.00  6 23.250  -6.0415047E-01   4.7265831E-01
v-vel.   =     103950    6930.00  6 23.250  -5.6250060E-01   4.1082597E-01
thknss   =     103950    6930.00  6 23.250   7.9552158E+03   1.0107923E+06
u-vel.   =     103950    6930.00  7 24.000  -4.9464151E-01   5.1261908E-01
v-vel.   =     103950    6930.00  7 24.000  -6.2236869E-01   1.0519633E+00
thknss   =     103950    6930.00  7 24.000   3.7278824E+04   1.5319599E+06
u-vel.   =     103950    6930.00  8 24.700  -4.7231138E-01   6.6509557E-01
v-vel.   =     103950    6930.00  8 24.700  -3.8486499E-01   7.3968285E-01
thknss   =     103950    6930.00  8 24.700   5.9540207E+04   1.2072912E+06
u-vel.   =     103950    6930.00  9 25.280  -4.7933620E-01   4.9094105E-01
v-vel.   =     103950    6930.00  9 25.280  -6.6843796E-01   6.7925185E-01
thknss   =     103950    6930.00  9 25.280   1.5499871E+04   1.5150291E+06
u-vel.   =     103950    6930.00 10 25.770  -4.8359913E-01   5.9853905E-01
v-vel.   =     103950    6930.00 10 25.770  -4.1719729E-01   7.6114339E-01
thknss   =     103950    6930.00 10 25.770   3.7268777E+04   4.1315012E+06
u-vel.   =     103950    6930.00 11 26.180  -4.8681831E-01   4.3155354E-01
v-vel.   =     103950    6930.00 11 26.180  -2.1168698E-01   3.8139269E-01
thknss   =     103950    6930.00 11 26.180   5.5521480E+04   4.2005930E+06
u-vel.   =     103950    6930.00 12 26.520  -4.9218553E-01   4.3099543E-01
v-vel.   =     103950    6930.00 12 26.520  -4.0780219E-01   2.9144606E-01
thknss   =     103950    6930.00 12 26.520   3.8133824E+04   4.4574270E+06
u-vel.   =     103950    6930.00 13 26.800  -4.4784424E-01   4.1681552E-01
v-vel.   =     103950    6930.00 13 26.800  -3.9443010E-01   3.1894585E-01
thknss   =     103950    6930.00 13 26.800   1.8058416E+01   4.9610275E+06
u-vel.   =     103950    6930.00 14 27.030  -5.1051927E-01   5.7922804E-01
v-vel.   =     103950    6930.00 14 27.030  -3.9450160E-01   2.6581874E-01
thknss   =     103950    6930.00 14 27.030   2.7474016E-08   5.0867355E+06
u-vel.   =     103950    6930.00 15 27.220  -6.3982219E-01   8.1152087E-01
v-vel.   =     103950    6930.00 15 27.220  -4.8760453E-01   2.5603050E-01
thknss   =     103950    6930.00 15 27.220   0.0000000E+00   4.7894730E+06
u-vel.   =     103950    6930.00 16 27.380  -6.6578084E-01   1.1262102E+00
v-vel.   =     103950    6930.00 16 27.380  -5.2517563E-01   3.0647194E-01
thknss   =     103950    6930.00 16 27.380   1.7736075E-03   5.1424195E+06
u-vel.   =     103950    6930.00 17 27.520  -5.8544809E-01   3.0073470E-01
v-vel.   =     103950    6930.00 17 27.520  -5.4691070E-01   2.6126987E-01
thknss   =     103950    6930.00 17 27.520   0.0000000E+00   5.7496770E+06
u-vel.   =     103950    6930.00 18 27.640  -3.0031171E-01   3.4729487E-01
v-vel.   =     103950    6930.00 18 27.640  -3.9450160E-01   2.5603050E-01
thknss   =     103950    6930.00 18 27.640   9.3132257E-10   6.4045960E+06
u-vel.   =     103950    6930.00 19 27.740  -5.3685075E-01   2.9130816E-01
v-vel.   =     103950    6930.00 19 27.740  -3.9450160E-01   2.5603050E-01
thknss   =     103950    6930.00 19 27.740   0.0000000E+00   1.1610577E+07
u-vel.   =     103950    6930.00 20 27.820  -3.6241871E-01   2.9239595E-01
v-vel.   =     103950    6930.00 20 27.820  -8.2405943E-01   2.5603050E-01
thknss   =     103950    6930.00 20 27.820   0.0000000E+00   1.2997215E+07
u-vel.   =     103950    6930.00 21 27.880  -5.0328976E-01   2.9130816E-01
v-vel.   =     103950    6930.00 21 27.880  -3.9450160E-01   2.7118871E-01
thknss   =     103950    6930.00 21 27.880   0.0000000E+00   2.7370552E+07
u-vel.   =     103950    6930.00 22 27.940  -5.0551468E-01   2.9130816E-01
input  u-vel.   into u  22
v-vel.   =     103950    6930.00 22 27.940  -3.9450160E-01   4.4923231E-01
input  v-vel.   into v  22
thknss   =     103950    6930.00 22 27.940   0.0000000E+00   1.1495923E+07
input  thknss   into dp 22
iar,time,flnm =    5   6960.00  ../expt_01.0/data/archv.0020_136_00.b
COADS forcing: precip_zero; srelax;
boundary relax; iniflg=2; KPP mixed layer; Jerlov IA;
Z(22): dp00/f/x=3m/1.125/12m; ATLb2.00/src_2.1.00_22.
12345678901234567890123456789012345678901234567890123456789012345678901234567890
 iversn =  21
 iexpt  =  10
 yrflag =  0
 idm    =  57
 jdm    =  52
field       time step  model day  k  dens        min              max
montg1   =     104400    6960.00  0  0.000  -2.4198837E+00   1.5449716E+01
srfhgt   =     104400    6960.00  0  0.000  -8.5047846E+00   6.5256705E+00
surflx   =     104400    6960.00  0  0.000  -8.3696266E+01   1.4036441E+02
salflx   =     104400    6960.00  0  0.000  -5.2058365E-02   1.7103914E-02
bl_dpth  =     104400    6960.00  0  0.000   2.8533926E+04   1.9590521E+06
mix_dpth =     104400    6960.00  0  0.000   2.8435865E+04   2.9664240E+06
tmix     =     104400    6960.00  0  0.000   5.1744682E-01   3.1315111E+01
smix     =     104400    6960.00  0  0.000   2.9569456E+01   3.7140163E+01
thmix    =     104400    6960.00  0  0.000  -6.8521857E+00   2.5845182E+00
umix     =     104400    6960.00  0  0.000  -8.8952321E-01   7.1094221E-01
vmix     =     104400    6960.00  0  0.000  -5.4422504E-01   7.4461210E-01
u_btrop  =     104400    6960.00  0  0.000  -3.0102471E-01   5.0291032E-01
input  u_btrop  into ubaro
v_btrop  =     104400    6960.00  0  0.000  -1.6197491E-01   4.9800351E-01
input  v_btrop  into vbaro
u-vel.   =     104400    6960.00  1 19.500  -9.3341571E-01   7.0885664E-01
input  u-vel.   into u   1
v-vel.   =     104400    6960.00  1 19.500  -5.6578326E-01   7.6613265E-01
input  v-vel.   into v   1
thknss   =     104400    6960.00  1 19.500   2.9418000E+04   2.9418000E+04
input  thknss   into dp  1
u-vel.   =     104400    6960.00  2 20.250  -9.0864486E-01   7.3070878E-01
v-vel.   =     104400    6960.00  2 20.250  -5.4495531E-01   7.6626217E-01
thknss   =     104400    6960.00  2 20.250   3.3095250E+04   1.2561122E+05
u-vel.   =     104400    6960.00  3 21.000  -8.7220299E-01   7.5751090E-01
v-vel.   =     104400    6960.00  3 21.000  -5.0376743E-01   7.5450867E-01
thknss   =     104400    6960.00  3 21.000   1.7982727E+04   2.0736989E+05
u-vel.   =     104400    6960.00  4 21.750  -8.3917797E-01   7.5556564E-01
v-vel.   =     104400    6960.00  4 21.750  -4.8025951E-01   7.1586651E-01
thknss   =     104400    6960.00  4 21.750   4.1886176E+04   2.7056638E+05
u-vel.   =     104400    6960.00  5 22.500  -8.0694687E-01   6.3188320E-01
v-vel.   =     104400    6960.00  5 22.500  -4.4911712E-01   9.7193182E-01
thknss   =     104400    6960.00  5 22.500   1.5303464E+03   7.5192969E+05
u-vel.   =     104400    6960.00  6 23.250  -5.8956039E-01   6.2735468E-01
v-vel.   =     104400    6960.00  6 23.250  -5.0038832E-01   4.7408751E-01
thknss   =     104400    6960.00  6 23.250   5.3012191E+04   9.5450794E+05
u-vel.   =     104400    6960.00  7 24.000  -5.9023237E-01   6.6306353E-01
v-vel.   =     104400    6960.00  7 24.000  -6.1123568E-01   7.2476637E-01
thknss   =     104400    6960.00  7 24.000   6.8462559E+03   1.4216256E+06
u-vel.   =     104400    6960.00  8 24.700  -6.0271770E-01   7.2561669E-01
v-vel.   =     104400    6960.00  8 24.700  -4.7183880E-01   5.8939427E-01
thknss   =     104400    6960.00  8 24.700   5.4676266E+04   1.3238382E+06
u-vel.   =     104400    6960.00  9 25.280  -6.0405201E-01   7.9172575E-01
v-vel.   =     104400    6960.00  9 25.280  -3.6742622E-01   4.5995289E-01
thknss   =     104400    6960.00  9 25.280   7.8995181E+03   1.5199756E+06
u-vel.   =     104400    6960.00 10 25.770  -5.2970654E-01   5.9703350E-01
v-vel.   =     104400    6960.00 10 25.770  -4.5398659E-01   4.4583920E-01
thknss   =     104400    6960.00 10 25.770   6.4256457E+04   3.7972040E+06
u-vel.   =     104400    6960.00 11 26.180  -5.0299793E-01   4.2099884E-01
v-vel.   =     104400    6960.00 11 26.180  -3.0870524E-01   5.4213411E-01
thknss   =     104400    6960.00 11 26.180   3.5105367E+04   4.2455635E+06
u-vel.   =     104400    6960.00 12 26.520  -4.5555314E-01   5.4394740E-01
v-vel.   =     104400    6960.00 12 26.520  -3.7061322E-01   3.3601144E-01
thknss   =     104400    6960.00 12 26.520   7.9739758E+02   4.5132815E+06
u-vel.   =     104400    6960.00 13 26.800  -4.9358737E-01   3.7207651E-01
v-vel.   =     104400    6960.00 13 26.800  -4.0465581E-01   3.2931197E-01
thknss   =     104400    6960.00 13 26.800   0.0000000E+00   4.9701785E+06
u-vel.   =     104400    6960.00 14 27.030  -4.5623785E-01   4.2390364E-01
v-vel.   =     104400    6960.00 14 27.030  -4.0496337E-01   2.4830803E-01
thknss   =     104400    6960.00 14 27.030   0.0000000E+00   4.9405235E+06
u-vel.   =     104400    6960.00 15 27.220  -5.6634635E-01   7.2322917E-01
v-vel.   =     104400    6960.00 15 27.220  -4.0496337E-01   2.8659421E-01
thknss   =     104400    6960.00 15 27.220   0.0000000E+00   4.3100680E+06
u-vel.   =     104400    6960.00 16 27.380  -6.1612982E-01   8.5306925E-01
v-vel.   =     104400    6960.00 16 27.380  -4.0496337E-01   2.8062859E-01
thknss   =     104400    6960.00 16 27.380   0.0000000E+00   5.2383625E+06
u-vel.   =     104400    6960.00 17 27.520  -6.3839275E-01   3.8444296E-01
v-vel.   =     104400    6960.00 17 27.520  -4.0496337E-01   1.8917556E-01
thknss   =     104400    6960.00 17 27.520   0.0000000E+00   5.9728305E+06
u-vel.   =     104400    6960.00 18 27.640  -3.2174262E-01   3.4857363E-01
v-vel.   =     104400    6960.00 18 27.640  -4.0496337E-01   2.3325717E-01
thknss   =     104400    6960.00 18 27.640   0.0000000E+00   6.6306195E+06
u-vel.   =     104400    6960.00 19 27.740  -5.4592013E-01   2.4864665E-01
v-vel.   =     104400    6960.00 19 27.740  -4.8716280E-01   2.5808424E-01
thknss   =     104400    6960.00 19 27.740   0.0000000E+00   1.1968278E+07
u-vel.   =     104400    6960.00 20 27.820  -3.3310235E-01   2.7660960E-01
v-vel.   =     104400    6960.00 20 27.820  -5.3370672E-01   4.3989253E-01
thknss   =     104400    6960.00 20 27.820   0.0000000E+00   1.1888621E+07
u-vel.   =     104400    6960.00 21 27.880  -3.2174262E-01   2.4864665E-01
v-vel.   =     104400    6960.00 21 27.880  -4.0496337E-01   7.9821742E-01
thknss   =     104400    6960.00 21 27.880   0.0000000E+00   2.7189160E+07
u-vel.   =     104400    6960.00 22 27.940  -4.0573066E-01   2.4864665E-01
input  u-vel.   into u  22
v-vel.   =     104400    6960.00 22 27.940  -4.0496337E-01   4.1017967E-01
input  v-vel.   into v  22
thknss   =     104400    6960.00 22 27.940   0.0000000E+00   1.1500499E+07
input  thknss   into dp 22
iar,time,flnm =    6   6990.00  ../expt_01.0/data/archv.0020_166_00.b
COADS forcing: precip_zero; srelax;
boundary relax; iniflg=2; KPP mixed layer; Jerlov IA;
Z(22): dp00/f/x=3m/1.125/12m; ATLb2.00/src_2.1.00_22.
12345678901234567890123456789012345678901234567890123456789012345678901234567890
 iversn =  21
 iexpt  =  10
 yrflag =  0
 idm    =  57
 jdm    =  52
field       time step  model day  k  dens        min              max
montg1   =     104850    6990.00  0  0.000  -1.7517343E+00   1.5315904E+01
srfhgt   =     104850    6990.00  0  0.000  -8.3298292E+00   6.4535785E+00
surflx   =     104850    6990.00  0  0.000  -1.0579713E+02   1.4680746E+02
salflx   =     104850    6990.00  0  0.000  -5.5016246E-02   8.1613027E-03
bl_dpth  =     104850    6990.00  0  0.000   2.8464654E+04   5.9268856E+05
mix_dpth =     104850    6990.00  0  0.000   2.8366594E+04   2.3617258E+06
tmix     =     104850    6990.00  0  0.000   3.0838714E+00   3.0582050E+01
smix     =     104850    6990.00  0  0.000   2.9259871E+01   3.7232365E+01
thmix    =     104850    6990.00  0  0.000  -7.1682477E+00   2.2238555E+00
umix     =     104850    6990.00  0  0.000  -8.9850605E-01   6.2905473E-01
vmix     =     104850    6990.00  0  0.000  -4.5080775E-01   7.7694583E-01
u_btrop  =     104850    6990.00  0  0.000  -3.3835098E-01   4.8078051E-01
input  u_btrop  into ubaro
v_btrop  =     104850    6990.00  0  0.000  -1.6901052E-01   4.7636217E-01
input  v_btrop  into vbaro
u-vel.   =     104850    6990.00  1 19.500  -9.8341930E-01   6.5855813E-01
input  u-vel.   into u   1
v-vel.   =     104850    6990.00  1 19.500  -4.5762482E-01   7.8085303E-01
input  v-vel.   into v   1
thknss   =     104850    6990.00  1 19.500   2.9418000E+04   2.9418000E+04
input  thknss   into dp  1
u-vel.   =     104850    6990.00  2 20.250  -9.4670469E-01   5.6114149E-01
v-vel.   =     104850    6990.00  2 20.250  -4.0617156E-01   7.7953738E-01
thknss   =     104850    6990.00  2 20.250   3.3095250E+04   1.3796941E+05
u-vel.   =     104850    6990.00  3 21.000  -8.9630157E-01   5.7729524E-01
v-vel.   =     104850    6990.00  3 21.000  -3.5780916E-01   7.7495480E-01
thknss   =     104850    6990.00  3 21.000   2.8052689E+04   1.6195662E+05
u-vel.   =     104850    6990.00  4 21.750  -8.1029439E-01   5.9621298E-01
v-vel.   =     104850    6990.00  4 21.750  -3.7331578E-01   7.7183008E-01
thknss   =     104850    6990.00  4 21.750   4.1386117E+04   3.4239509E+05
u-vel.   =     104850    6990.00  5 22.500  -7.4031991E-01   6.1009061E-01
v-vel.   =     104850    6990.00  5 22.500  -3.6824372E-01   8.4418947E-01
thknss   =     104850    6990.00  5 22.500   2.1510378E+03   7.3079912E+05
u-vel.   =     104850    6990.00  6 23.250  -7.1018422E-01   5.9600329E-01
v-vel.   =     104850    6990.00  6 23.250  -5.9815156E-01   4.2637098E-01
thknss   =     104850    6990.00  6 23.250   4.7145793E+04   1.0448466E+06
u-vel.   =     104850    6990.00  7 24.000  -8.2556033E-01   7.0692390E-01
v-vel.   =     104850    6990.00  7 24.000  -5.4690063E-01   8.2722712E-01
thknss   =     104850    6990.00  7 24.000   6.9868794E+03   1.2748835E+06
u-vel.   =     104850    6990.00  8 24.700  -9.1941214E-01   8.4186417E-01
v-vel.   =     104850    6990.00  8 24.700  -3.8163584E-01   5.6370991E-01
thknss   =     104850    6990.00  8 24.700   6.6008719E+04   1.2818625E+06
u-vel.   =     104850    6990.00  9 25.280  -9.6268493E-01   8.8733709E-01
v-vel.   =     104850    6990.00  9 25.280  -4.5604524E-01   3.6871979E-01
thknss   =     104850    6990.00  9 25.280   5.0314742E+04   1.4536075E+06
u-vel.   =     104850    6990.00 10 25.770  -6.7097235E-01   6.0179406E-01
v-vel.   =     104850    6990.00 10 25.770  -3.1622377E-01   7.2100013E-01
thknss   =     104850    6990.00 10 25.770   7.5677297E+04   3.9513650E+06
u-vel.   =     104850    6990.00 11 26.180  -4.4460195E-01   5.9155279E-01
v-vel.   =     104850    6990.00 11 26.180  -3.3641237E-01   6.1443907E-01
thknss   =     104850    6990.00 11 26.180   6.9040094E+04   4.2333095E+06
u-vel.   =     104850    6990.00 12 26.520  -4.9510968E-01   6.2663001E-01
v-vel.   =     104850    6990.00 12 26.520  -4.6182397E-01   3.1656715E-01
thknss   =     104850    6990.00 12 26.520   1.8384643E+04   4.6310100E+06
u-vel.   =     104850    6990.00 13 26.800  -5.3850877E-01   4.4061002E-01
v-vel.   =     104850    6990.00 13 26.800  -4.2198086E-01   4.4783881E-01
thknss   =     104850    6990.00 13 26.800   0.0000000E+00   4.9481480E+06
u-vel.   =     104850    6990.00 14 27.030  -4.0186957E-01   4.1266951E-01
v-vel.   =     104850    6990.00 14 27.030  -4.2205721E-01   2.1948107E-01
thknss   =     104850    6990.00 14 27.030   0.0000000E+00   4.8811680E+06
u-vel.   =     104850    6990.00 15 27.220  -3.3322316E-01   3.5197076E-01
v-vel.   =     104850    6990.00 15 27.220  -4.2205721E-01   2.5401750E-01
thknss   =     104850    6990.00 15 27.220   0.0000000E+00   3.8606845E+06
u-vel.   =     104850    6990.00 16 27.380  -6.5826464E-01   4.4262525E-01
v-vel.   =     104850    6990.00 16 27.380  -4.2205721E-01   4.5736364E-01
thknss   =     104850    6990.00 16 27.380   0.0000000E+00   5.2757810E+06
u-vel.   =     104850    6990.00 17 27.520  -8.1706131E-01   4.4876125E-01
v-vel.   =     104850    6990.00 17 27.520  -4.2205721E-01   2.5115252E-01
thknss   =     104850    6990.00 17 27.520   0.0000000E+00   6.0574420E+06
u-vel.   =     104850    6990.00 18 27.640  -3.2331038E-01   3.2886508E-01
v-vel.   =     104850    6990.00 18 27.640  -4.2205721E-01   2.5115252E-01
thknss   =     104850    6990.00 18 27.640   0.0000000E+00   6.3459495E+06
u-vel.   =     104850    6990.00 19 27.740  -6.1339355E-01   3.1448156E-01
v-vel.   =     104850    6990.00 19 27.740  -7.4861592E-01   2.5115252E-01
thknss   =     104850    6990.00 19 27.740   0.0000000E+00   1.1263628E+07
u-vel.   =     104850    6990.00 20 27.820  -4.5983797E-01   3.1448156E-01
v-vel.   =     104850    6990.00 20 27.820  -4.6249929E-01   2.5805861E-01
thknss   =     104850    6990.00 20 27.820   0.0000000E+00   1.1791228E+07
u-vel.   =     104850    6990.00 21 27.880  -3.5452145E-01   3.1448156E-01
v-vel.   =     104850    6990.00 21 27.880  -4.2205721E-01   3.5864264E-01
thknss   =     104850    6990.00 21 27.880   0.0000000E+00   2.7035350E+07
u-vel.   =     104850    6990.00 22 27.940  -5.2146894E-01   3.1448156E-01
input  u-vel.   into u  22
v-vel.   =     104850    6990.00 22 27.940  -4.2205721E-01   3.6756024E-01
input  v-vel.   into v  22
thknss   =     104850    6990.00 22 27.940   0.0000000E+00   1.1526378E+07
input  thknss   into dp 22
iar,time,flnm =    7   7020.00  ../expt_01.0/data/archv.0020_196_00.b
COADS forcing: precip_zero; srelax;
boundary relax; iniflg=2; KPP mixed layer; Jerlov IA;
Z(22): dp00/f/x=3m/1.125/12m; ATLb2.00/src_2.1.00_22.
12345678901234567890123456789012345678901234567890123456789012345678901234567890
 iversn =  21
 iexpt  =  10
 yrflag =  0
 idm    =  57
 jdm    =  52
field       time step  model day  k  dens        min              max
montg1   =     105300    7020.00  0  0.000  -1.7323543E+00   1.5081903E+01
srfhgt   =     105300    7020.00  0  0.000  -8.0423594E+00   6.5914545E+00
surflx   =     105300    7020.00  0  0.000  -1.1302271E+02   1.4978120E+02
salflx   =     105300    7020.00  0  0.000  -6.8834655E-02   9.5527684E-03
bl_dpth  =     105300    7020.00  0  0.000   2.8690332E+04   7.0034344E+05
mix_dpth =     105300    7020.00  0  0.000   2.8592271E+04   7.8003756E+05
tmix     =     105300    7020.00  0  0.000   6.4258113E+00   3.2152699E+01
smix     =     105300    7020.00  0  0.000   2.8489309E+01   3.7251114E+01
thmix    =     105300    7020.00  0  0.000  -7.6455994E+00   1.9388539E+00
umix     =     105300    7020.00  0  0.000  -9.0677106E-01   6.7244947E-01
vmix     =     105300    7020.00  0  0.000  -5.9133273E-01   1.1656760E+00
u_btrop  =     105300    7020.00  0  0.000  -3.1419799E-01   4.7472474E-01
input  u_btrop  into ubaro
v_btrop  =     105300    7020.00  0  0.000  -2.8101215E-01   4.5094499E-01
input  v_btrop  into vbaro
u-vel.   =     105300    7020.00  1 19.500  -9.3990272E-01   7.0640188E-01
input  u-vel.   into u   1
v-vel.   =     105300    7020.00  1 19.500  -5.4396725E-01   1.1617306E+00
input  v-vel.   into v   1
thknss   =     105300    7020.00  1 19.500   2.9418000E+04   2.9418000E+04
input  thknss   into dp  1
u-vel.   =     105300    7020.00  2 20.250  -8.6972946E-01   5.6938726E-01
v-vel.   =     105300    7020.00  2 20.250  -6.3485789E-01   9.9071568E-01
thknss   =     105300    7020.00  2 20.250   3.3095250E+04   1.2426506E+05
u-vel.   =     105300    7020.00  3 21.000  -8.2150841E-01   6.0772854E-01
v-vel.   =     105300    7020.00  3 21.000  -5.8297497E-01   9.5849079E-01
thknss   =     105300    7020.00  3 21.000   2.9455301E+04   1.0754011E+05
u-vel.   =     105300    7020.00  4 21.750  -7.8918380E-01   6.2863064E-01
v-vel.   =     105300    7020.00  4 21.750  -4.4806090E-01   8.2955164E-01
thknss   =     105300    7020.00  4 21.750   4.1886176E+04   3.5665800E+05
u-vel.   =     105300    7020.00  5 22.500  -7.5427234E-01   6.1045140E-01
v-vel.   =     105300    7020.00  5 22.500  -4.7066703E-01   7.3907357E-01
thknss   =     105300    7020.00  5 22.500   3.4161658E+03   7.6447944E+05
u-vel.   =     105300    7020.00  6 23.250  -8.1530464E-01   7.2300535E-01
v-vel.   =     105300    7020.00  6 23.250  -6.7274833E-01   6.3635629E-01
thknss   =     105300    7020.00  6 23.250   4.9916535E+04   1.0421362E+06
u-vel.   =     105300    7020.00  7 24.000  -9.0905714E-01   9.3524837E-01
v-vel.   =     105300    7020.00  7 24.000  -5.1141721E-01   8.4730470E-01
thknss   =     105300    7020.00  7 24.000   9.3723369E+03   8.8807556E+05
u-vel.   =     105300    7020.00  8 24.700  -1.0450557E+00   9.7865283E-01
v-vel.   =     105300    7020.00  8 24.700  -3.7972242E-01   5.7043064E-01
thknss   =     105300    7020.00  8 24.700   6.6691484E+04   1.2247259E+06
u-vel.   =     105300    7020.00  9 25.280  -1.2538152E+00   1.0945349E+00
v-vel.   =     105300    7020.00  9 25.280  -4.2973948E-01   5.6429988E-01
thknss   =     105300    7020.00  9 25.280   1.3975449E+04   1.4072700E+06
u-vel.   =     105300    7020.00 10 25.770  -8.9454859E-01   6.5547633E-01
v-vel.   =     105300    7020.00 10 25.770  -6.6683310E-01   6.1507207E-01
thknss   =     105300    7020.00 10 25.770   8.0467812E+04   3.7992148E+06
u-vel.   =     105300    7020.00 11 26.180  -5.4879248E-01   5.3113616E-01
v-vel.   =     105300    7020.00 11 26.180  -2.7016073E-01   3.6838073E-01
thknss   =     105300    7020.00 11 26.180   7.5720344E+04   4.1749530E+06
u-vel.   =     105300    7020.00 12 26.520  -5.4768795E-01   5.3231901E-01
v-vel.   =     105300    7020.00 12 26.520  -4.6341479E-01   3.2142511E-01
thknss   =     105300    7020.00 12 26.520   5.5627871E+04   4.5143715E+06
u-vel.   =     105300    7020.00 13 26.800  -5.4662436E-01   5.3008252E-01
v-vel.   =     105300    7020.00 13 26.800  -4.4004112E-01   2.8327122E-01
thknss   =     105300    7020.00 13 26.800   9.7378390E-05   4.8514795E+06
u-vel.   =     105300    7020.00 14 27.030  -5.1221454E-01   4.8485774E-01
v-vel.   =     105300    7020.00 14 27.030  -4.4012231E-01   4.4445673E-01
thknss   =     105300    7020.00 14 27.030   3.9581209E-09   4.9515265E+06
u-vel.   =     105300    7020.00 15 27.220  -5.7277286E-01   5.9757823E-01
v-vel.   =     105300    7020.00 15 27.220  -4.4012231E-01   3.2457626E-01
thknss   =     105300    7020.00 15 27.220   0.0000000E+00   2.8915250E+06
u-vel.   =     105300    7020.00 16 27.380  -7.7297658E-01   6.1063790E-01
v-vel.   =     105300    7020.00 16 27.380  -4.4012231E-01   2.7876088E-01
thknss   =     105300    7020.00 16 27.380   0.0000000E+00   5.2578180E+06
u-vel.   =     105300    7020.00 17 27.520  -5.1221454E-01   3.6783713E-01
v-vel.   =     105300    7020.00 17 27.520  -4.4012231E-01   2.1153069E-01
thknss   =     105300    7020.00 17 27.520   0.0000000E+00   5.3260110E+06
u-vel.   =     105300    7020.00 18 27.640  -5.1221454E-01   4.3938750E-01
v-vel.   =     105300    7020.00 18 27.640  -4.4012231E-01   3.5010099E-01
thknss   =     105300    7020.00 18 27.640   0.0000000E+00   5.1989000E+06
u-vel.   =     105300    7020.00 19 27.740  -7.1430260E-01   3.0141398E-01
v-vel.   =     105300    7020.00 19 27.740  -8.4281719E-01   3.7242746E-01
thknss   =     105300    7020.00 19 27.740   0.0000000E+00   1.1201142E+07
u-vel.   =     105300    7020.00 20 27.820  -5.9424877E-01   3.0141398E-01
v-vel.   =     105300    7020.00 20 27.820  -4.4012231E-01   3.7242746E-01
thknss   =     105300    7020.00 20 27.820   0.0000000E+00   1.1882836E+07
u-vel.   =     105300    7020.00 21 27.880  -5.9681445E-01   3.0938390E-01
v-vel.   =     105300    7020.00 21 27.880  -4.4012231E-01   3.7242746E-01
thknss   =     105300    7020.00 21 27.880   0.0000000E+00   2.7087160E+07
u-vel.   =     105300    7020.00 22 27.940  -5.1221454E-01   3.0141398E-01
input  u-vel.   into u  22
v-vel.   =     105300    7020.00 22 27.940  -4.4012231E-01   3.7242746E-01
input  v-vel.   into v  22
thknss   =     105300    7020.00 22 27.940   0.0000000E+00   1.1589839E+07
input  thknss   into dp 22
iar,time,flnm =    8   7050.00  ../expt_01.0/data/archv.0020_226_00.b
COADS forcing: precip_zero; srelax;
boundary relax; iniflg=2; KPP mixed layer; Jerlov IA;
Z(22): dp00/f/x=3m/1.125/12m; ATLb2.00/src_2.1.00_22.
12345678901234567890123456789012345678901234567890123456789012345678901234567890
 iversn =  21
 iexpt  =  10
 yrflag =  0
 idm    =  57
 jdm    =  52
field       time step  model day  k  dens        min              max
montg1   =     105750    7050.00  0  0.000  -2.7809560E+00   1.5033344E+01
srfhgt   =     105750    7050.00  0  0.000  -7.9556999E+00   6.9196291E+00
surflx   =     105750    7050.00  0  0.000  -9.0433929E+01   1.3827908E+02
salflx   =     105750    7050.00  0  0.000  -6.1483245E-02   1.3887439E-02
bl_dpth  =     105750    7050.00  0  0.000   2.8549248E+04   7.2295331E+05
mix_dpth =     105750    7050.00  0  0.000   2.8451188E+04   1.0805055E+06
tmix     =     105750    7050.00  0  0.000   6.9286933E+00   3.3375641E+01
smix     =     105750    7050.00  0  0.000   3.0145039E+01   3.7297497E+01
thmix    =     105750    7050.00  0  0.000  -5.4198661E+00   1.8689331E+00
umix     =     105750    7050.00  0  0.000  -9.7493809E-01   6.5532511E-01
vmix     =     105750    7050.00  0  0.000  -5.7557684E-01   1.2197052E+00
u_btrop  =     105750    7050.00  0  0.000  -3.0440348E-01   4.8580277E-01
input  u_btrop  into ubaro
v_btrop  =     105750    7050.00  0  0.000  -2.7606541E-01   4.5862734E-01
input  v_btrop  into vbaro
u-vel.   =     105750    7050.00  1 19.500  -1.2347741E+00   7.1818596E-01
input  u-vel.   into u   1
v-vel.   =     105750    7050.00  1 19.500  -5.5881017E-01   1.2190124E+00
input  v-vel.   into v   1
thknss   =     105750    7050.00  1 19.500   2.9418000E+04   2.9418000E+04
input  thknss   into dp  1
u-vel.   =     105750    7050.00  2 20.250  -1.1900265E+00   6.5240806E-01
v-vel.   =     105750    7050.00  2 20.250  -5.8044773E-01   8.7311280E-01
thknss   =     105750    7050.00  2 20.250   3.3095250E+04   9.1900844E+04
u-vel.   =     105750    7050.00  3 21.000  -1.1524676E+00   6.3416964E-01
v-vel.   =     105750    7050.00  3 21.000  -5.9287244E-01   8.3952880E-01
thknss   =     105750    7050.00  3 21.000   1.4597879E+04   1.9038275E+05
u-vel.   =     105750    7050.00  4 21.750  -1.1111933E+00   6.8711084E-01
v-vel.   =     105750    7050.00  4 21.750  -5.6315869E-01   8.0301511E-01
thknss   =     105750    7050.00  4 21.750   4.1886176E+04   3.0276681E+05
u-vel.   =     105750    7050.00  5 22.500  -1.0543997E+00   8.2561058E-01
v-vel.   =     105750    7050.00  5 22.500  -4.1984379E-01   7.7525234E-01
thknss   =     105750    7050.00  5 22.500   6.8783257E+03   8.0127944E+05
u-vel.   =     105750    7050.00  6 23.250  -8.5659814E-01   7.9238707E-01
v-vel.   =     105750    7050.00  6 23.250  -6.9881111E-01   5.2961493E-01
thknss   =     105750    7050.00  6 23.250   4.9941938E+04   1.0125938E+06
u-vel.   =     105750    7050.00  7 24.000  -1.1182237E+00   5.7207257E-01
v-vel.   =     105750    7050.00  7 24.000  -8.7101388E-01   1.0171180E+00
thknss   =     105750    7050.00  7 24.000   1.1296631E+04   9.4603369E+05
u-vel.   =     105750    7050.00  8 24.700  -9.2579669E-01   7.4501878E-01
v-vel.   =     105750    7050.00  8 24.700  -2.9761288E-01   3.8719115E-01
thknss   =     105750    7050.00  8 24.700   6.6874531E+04   1.2107275E+06
u-vel.   =     105750    7050.00  9 25.280  -9.2644411E-01   1.0702201E+00
v-vel.   =     105750    7050.00  9 25.280  -3.3978093E-01   3.4441698E-01
thknss   =     105750    7050.00  9 25.280   5.3674211E+04   1.3350325E+06
u-vel.   =     105750    7050.00 10 25.770  -8.9514917E-01   5.5894458E-01
v-vel.   =     105750    7050.00 10 25.770  -4.8247892E-01   6.6522789E-01
thknss   =     105750    7050.00 10 25.770   4.5949438E+04   3.6782345E+06
u-vel.   =     105750    7050.00 11 26.180  -4.8592293E-01   4.8980999E-01
v-vel.   =     105750    7050.00 11 26.180  -2.3388635E-01   4.1864738E-01
thknss   =     105750    7050.00 11 26.180   5.0355738E+04   4.1316468E+06
u-vel.   =     105750    7050.00 12 26.520  -5.1028031E-01   5.2359307E-01
v-vel.   =     105750    7050.00 12 26.520  -3.8125992E-01   2.5888419E-01
thknss   =     105750    7050.00 12 26.520   1.0663926E+05   4.2788715E+06
u-vel.   =     105750    7050.00 13 26.800  -4.9167570E-01   5.0641263E-01
v-vel.   =     105750    7050.00 13 26.800  -4.2443427E-01   2.6695910E-01
thknss   =     105750    7050.00 13 26.800   1.1278084E-05   4.8006600E+06
u-vel.   =     105750    7050.00 14 27.030  -4.3124717E-01   5.6308520E-01
v-vel.   =     105750    7050.00 14 27.030  -3.5010070E-01   2.5479108E-01
thknss   =     105750    7050.00 14 27.030   0.0000000E+00   4.7284730E+06
u-vel.   =     105750    7050.00 15 27.220  -5.6713575E-01   7.2257882E-01
v-vel.   =     105750    7050.00 15 27.220  -3.7475944E-01   3.3113289E-01
thknss   =     105750    7050.00 15 27.220   0.0000000E+00   3.4854845E+06
u-vel.   =     105750    7050.00 16 27.380  -6.9265717E-01   3.3536926E-01
v-vel.   =     105750    7050.00 16 27.380  -3.5010070E-01   3.3171695E-01
thknss   =     105750    7050.00 16 27.380   0.0000000E+00   5.2424125E+06
u-vel.   =     105750    7050.00 17 27.520  -3.1074753E-01   5.2503061E-01
v-vel.   =     105750    7050.00 17 27.520  -3.5010070E-01   3.3173051E-01
thknss   =     105750    7050.00 17 27.520   0.0000000E+00   6.9595715E+06
u-vel.   =     105750    7050.00 18 27.640  -1.9563310E-01   4.2364320E-01
v-vel.   =     105750    7050.00 18 27.640  -3.5010070E-01   3.3173051E-01
thknss   =     105750    7050.00 18 27.640   0.0000000E+00   4.9011390E+06
u-vel.   =     105750    7050.00 19 27.740  -6.0555321E-01   2.7937707E-01
v-vel.   =     105750    7050.00 19 27.740  -3.5029367E-01   3.3173051E-01
thknss   =     105750    7050.00 19 27.740   0.0000000E+00   1.1199125E+07
u-vel.   =     105750    7050.00 20 27.820  -4.5229632E-01   2.7937707E-01
v-vel.   =     105750    7050.00 20 27.820  -4.6430796E-01   3.3173051E-01
thknss   =     105750    7050.00 20 27.820   0.0000000E+00   1.1802412E+07
u-vel.   =     105750    7050.00 21 27.880  -3.4018323E-01   2.8616366E-01
v-vel.   =     105750    7050.00 21 27.880  -3.5029367E-01   3.3173051E-01
thknss   =     105750    7050.00 21 27.880   0.0000000E+00   2.7241084E+07
u-vel.   =     105750    7050.00 22 27.940  -4.3074250E-01   2.7937707E-01
input  u-vel.   into u  22
v-vel.   =     105750    7050.00 22 27.940  -3.5029367E-01   3.3173051E-01
input  v-vel.   into v  22
thknss   =     105750    7050.00 22 27.940   0.0000000E+00   1.1657222E+07
input  thknss   into dp 22
iar,time,flnm =    9   7080.00  ../expt_01.0/data/archv.0020_256_00.b
COADS forcing: precip_zero; srelax;
boundary relax; iniflg=2; KPP mixed layer; Jerlov IA;
Z(22): dp00/f/x=3m/1.125/12m; ATLb2.00/src_2.1.00_22.
12345678901234567890123456789012345678901234567890123456789012345678901234567890
 iversn =  21
 iexpt  =  10
 yrflag =  0
 idm    =  57
 jdm    =  52
field       time step  model day  k  dens        min              max
montg1   =     106200    7080.00  0  0.000  -2.4962997E+00   1.5129844E+01
srfhgt   =     106200    7080.00  0  0.000  -7.9033194E+00   7.2275605E+00
surflx   =     106200    7080.00  0  0.000  -1.1391261E+02   1.6367024E+02
salflx   =     106200    7080.00  0  0.000  -4.9124110E-02   1.2000042E-02
bl_dpth  =     106200    7080.00  0  0.000   2.8454277E+04   1.1378072E+06
mix_dpth =     106200    7080.00  0  0.000   2.8356217E+04   1.3434560E+06
tmix     =     106200    7080.00  0  0.000   4.3990154E+00   3.1445396E+01
smix     =     106200    7080.00  0  0.000   3.0716513E+01   3.7314999E+01
thmix    =     106200    7080.00  0  0.000  -4.5655060E+00   2.0683780E+00
umix     =     106200    7080.00  0  0.000  -1.0398437E+00   7.0475882E-01
vmix     =     106200    7080.00  0  0.000  -4.1291112E-01   1.1089704E+00
u_btrop  =     106200    7080.00  0  0.000  -3.0885488E-01   4.7180679E-01
input  u_btrop  into ubaro
v_btrop  =     106200    7080.00  0  0.000  -3.0512497E-01   4.3043008E-01
input  v_btrop  into vbaro
u-vel.   =     106200    7080.00  1 19.500  -1.1962061E+00   6.7330039E-01
input  u-vel.   into u   1
v-vel.   =     106200    7080.00  1 19.500  -4.2209411E-01   1.1089704E+00
input  v-vel.   into v   1
thknss   =     106200    7080.00  1 19.500   2.9418000E+04   2.9418000E+04
input  thknss   into dp  1
u-vel.   =     106200    7080.00  2 20.250  -1.1095780E+00   7.3341084E-01
v-vel.   =     106200    7080.00  2 20.250  -4.2691618E-01   9.4912148E-01
thknss   =     106200    7080.00  2 20.250   3.3095250E+04   1.0382408E+05
u-vel.   =     106200    7080.00  3 21.000  -1.0374712E+00   7.5534683E-01
v-vel.   =     106200    7080.00  3 21.000  -4.2916203E-01   9.2621303E-01
thknss   =     106200    7080.00  3 21.000   1.3825603E+04   2.5571317E+05
u-vel.   =     106200    7080.00  4 21.750  -9.8137122E-01   8.0913889E-01
v-vel.   =     106200    7080.00  4 21.750  -4.4066259E-01   8.6052239E-01
thknss   =     106200    7080.00  4 21.750   4.1114691E+04   3.5633778E+05
u-vel.   =     106200    7080.00  5 22.500  -9.2448097E-01   8.1848282E-01
v-vel.   =     106200    7080.00  5 22.500  -4.7992164E-01   8.0882305E-01
thknss   =     106200    7080.00  5 22.500   3.3234143E+03   7.2204181E+05
u-vel.   =     106200    7080.00  6 23.250  -9.4021773E-01   8.3468699E-01
v-vel.   =     106200    7080.00  6 23.250  -4.5643646E-01   4.8845682E-01
thknss   =     106200    7080.00  6 23.250   5.2979184E+04   1.0824519E+06
u-vel.   =     106200    7080.00  7 24.000  -1.0344275E+00   9.1154134E-01
v-vel.   =     106200    7080.00  7 24.000  -7.9253370E-01   1.1058731E+00
thknss   =     106200    7080.00  7 24.000   3.6757041E+03   1.0626868E+06
u-vel.   =     106200    7080.00  8 24.700  -6.5994501E-01   5.9769690E-01
v-vel.   =     106200    7080.00  8 24.700  -2.7651644E-01   5.1229107E-01
thknss   =     106200    7080.00  8 24.700   5.1598609E+04   1.1675736E+06
u-vel.   =     106200    7080.00  9 25.280  -8.3384621E-01   1.2649603E+00
v-vel.   =     106200    7080.00  9 25.280  -2.8879246E-01   4.1138300E-01
thknss   =     106200    7080.00  9 25.280   2.9713775E+04   1.2638002E+06
u-vel.   =     106200    7080.00 10 25.770  -1.0590855E+00   6.4155465E-01
v-vel.   =     106200    7080.00 10 25.770  -3.7064505E-01   4.0270951E-01
thknss   =     106200    7080.00 10 25.770   4.1626691E+04   3.5029062E+06
u-vel.   =     106200    7080.00 11 26.180  -4.7244877E-01   4.7933349E-01
v-vel.   =     106200    7080.00 11 26.180  -2.7423108E-01   4.7679186E-01
thknss   =     106200    7080.00 11 26.180   1.2412479E+04   3.9975192E+06
u-vel.   =     106200    7080.00 12 26.520  -4.7862116E-01   4.7413367E-01
v-vel.   =     106200    7080.00 12 26.520  -3.3621174E-01   3.0516106E-01
thknss   =     106200    7080.00 12 26.520   1.6459916E+00   4.2026120E+06
u-vel.   =     106200    7080.00 13 26.800  -4.7005412E-01   4.7385436E-01
v-vel.   =     106200    7080.00 13 26.800  -3.7268662E-01   2.5546321E-01
thknss   =     106200    7080.00 13 26.800   0.0000000E+00   4.7481680E+06
u-vel.   =     106200    7080.00 14 27.030  -5.7773101E-01   6.0334730E-01
v-vel.   =     106200    7080.00 14 27.030  -3.7276301E-01   2.4540892E-01
thknss   =     106200    7080.00 14 27.030   0.0000000E+00   4.6604780E+06
u-vel.   =     106200    7080.00 15 27.220  -8.0599606E-01   6.0666800E-01
v-vel.   =     106200    7080.00 15 27.220  -3.7276301E-01   3.5593221E-01
thknss   =     106200    7080.00 15 27.220   0.0000000E+00   3.1419002E+06
u-vel.   =     106200    7080.00 16 27.380  -9.3993634E-01   3.2885608E-01
v-vel.   =     106200    7080.00 16 27.380  -3.7276301E-01   3.2606038E-01
thknss   =     106200    7080.00 16 27.380   0.0000000E+00   5.1804275E+06
u-vel.   =     106200    7080.00 17 27.520  -4.2960611E-01   3.5267988E-01
v-vel.   =     106200    7080.00 17 27.520  -3.7276301E-01   3.2457751E-01
thknss   =     106200    7080.00 17 27.520   0.0000000E+00   6.4512220E+06
u-vel.   =     106200    7080.00 18 27.640  -4.2960611E-01   2.7635673E-01
v-vel.   =     106200    7080.00 18 27.640  -3.7276301E-01   3.2457751E-01
thknss   =     106200    7080.00 18 27.640   0.0000000E+00   5.4634025E+06
u-vel.   =     106200    7080.00 19 27.740  -6.7217124E-01   3.0897498E-01
v-vel.   =     106200    7080.00 19 27.740  -3.7276301E-01   3.2457751E-01
thknss   =     106200    7080.00 19 27.740   0.0000000E+00   1.1020458E+07
u-vel.   =     106200    7080.00 20 27.820  -6.5872926E-01   3.5042599E-01
v-vel.   =     106200    7080.00 20 27.820  -5.9472656E-01   3.2457751E-01
thknss   =     106200    7080.00 20 27.820   0.0000000E+00   1.1890342E+07
u-vel.   =     106200    7080.00 21 27.880  -4.2960611E-01   3.0508417E-01
v-vel.   =     106200    7080.00 21 27.880  -4.3756598E-01   3.6348471E-01
thknss   =     106200    7080.00 21 27.880   0.0000000E+00   2.7497040E+07
u-vel.   =     106200    7080.00 22 27.940  -4.4649965E-01   3.0508417E-01
input  u-vel.   into u  22
v-vel.   =     106200    7080.00 22 27.940  -3.7276301E-01   3.2457751E-01
input  v-vel.   into v  22
thknss   =     106200    7080.00 22 27.940   0.0000000E+00   1.1691977E+07
input  thknss   into dp 22
iar,time,flnm =   10   7110.00  ../expt_01.0/data/archv.0020_286_00.b
COADS forcing: precip_zero; srelax;
boundary relax; iniflg=2; KPP mixed layer; Jerlov IA;
Z(22): dp00/f/x=3m/1.125/12m; ATLb2.00/src_2.1.00_22.
12345678901234567890123456789012345678901234567890123456789012345678901234567890
 iversn =  21
 iexpt  =  10
 yrflag =  0
 idm    =  57
 jdm    =  52
field       time step  model day  k  dens        min              max
montg1   =     106650    7110.00  0  0.000  -1.4949017E+00   1.5303035E+01
srfhgt   =     106650    7110.00  0  0.000  -7.9157124E+00   7.3793573E+00
surflx   =     106650    7110.00  0  0.000  -2.9879422E+02   1.4326047E+02
salflx   =     106650    7110.00  0  0.000  -2.9633412E-02   1.0548769E-02
bl_dpth  =     106650    7110.00  0  0.000   2.8515393E+04   1.8167900E+06
mix_dpth =     106650    7110.00  0  0.000   2.8417332E+04   2.3357492E+06
tmix     =     106650    7110.00  0  0.000   1.8927227E+00   3.2215775E+01
smix     =     106650    7110.00  0  0.000   3.1213179E+01   3.7286827E+01
thmix    =     106650    7110.00  0  0.000  -5.4900789E+00   2.2570186E+00
umix     =     106650    7110.00  0  0.000  -7.5928098E-01   6.2256253E-01
vmix     =     106650    7110.00  0  0.000  -4.1862249E-01   8.5245627E-01
u_btrop  =     106650    7110.00  0  0.000  -3.1328622E-01   5.0227803E-01
input  u_btrop  into ubaro
v_btrop  =     106650    7110.00  0  0.000  -2.9201040E-01   5.1831609E-01
input  v_btrop  into vbaro
u-vel.   =     106650    7110.00  1 19.500  -1.0665942E+00   6.0741889E-01
input  u-vel.   into u   1
v-vel.   =     106650    7110.00  1 19.500  -4.3669853E-01   8.7312323E-01
input  v-vel.   into v   1
thknss   =     106650    7110.00  1 19.500   2.9418000E+04   2.9418000E+04
input  thknss   into dp  1
u-vel.   =     106650    7110.00  2 20.250  -1.0197452E+00   6.0032481E-01
v-vel.   =     106650    7110.00  2 20.250  -4.3779445E-01   8.0498290E-01
thknss   =     106650    7110.00  2 20.250   3.3095250E+04   1.1162593E+05
u-vel.   =     106650    7110.00  3 21.000  -9.8035407E-01   5.9540534E-01
v-vel.   =     106650    7110.00  3 21.000  -4.3765914E-01   7.5434166E-01
thknss   =     106650    7110.00  3 21.000   3.7149656E+04   1.5023622E+05
u-vel.   =     106650    7110.00  4 21.750  -9.3717200E-01   5.9062964E-01
v-vel.   =     106650    7110.00  4 21.750  -4.4173482E-01   7.4955291E-01
thknss   =     106650    7110.00  4 21.750   4.1886176E+04   4.1378316E+05
u-vel.   =     106650    7110.00  5 22.500  -8.8328391E-01   6.6656423E-01
v-vel.   =     106650    7110.00  5 22.500  -5.7859623E-01   7.4033171E-01
thknss   =     106650    7110.00  5 22.500   3.4886567E+03   6.6486038E+05
u-vel.   =     106650    7110.00  6 23.250  -8.1242412E-01   8.2549179E-01
v-vel.   =     106650    7110.00  6 23.250  -4.2070317E-01   4.2088479E-01
thknss   =     106650    7110.00  6 23.250   5.1831141E+04   1.1602908E+06
u-vel.   =     106650    7110.00  7 24.000  -6.8802136E-01   5.9913152E-01
v-vel.   =     106650    7110.00  7 24.000  -4.8491186E-01   1.0699710E+00
thknss   =     106650    7110.00  7 24.000   3.0919910E+03   9.8926031E+05
u-vel.   =     106650    7110.00  8 24.700  -5.0915134E-01   6.4859980E-01
v-vel.   =     106650    7110.00  8 24.700  -2.7103862E-01   4.7139791E-01
thknss   =     106650    7110.00  8 24.700   3.5813539E+04   1.1230200E+06
u-vel.   =     106650    7110.00  9 25.280  -5.0644678E-01   1.1492220E+00
v-vel.   =     106650    7110.00  9 25.280  -2.4203575E-01   3.2799622E-01
thknss   =     106650    7110.00  9 25.280   1.9069266E+04   1.2187104E+06
u-vel.   =     106650    7110.00 10 25.770  -6.9477928E-01   5.3090364E-01
v-vel.   =     106650    7110.00 10 25.770  -4.3950954E-01   6.9443846E-01
thknss   =     106650    7110.00 10 25.770   7.7027086E+04   3.4202950E+06
u-vel.   =     106650    7110.00 11 26.180  -5.5734134E-01   3.7699971E-01
v-vel.   =     106650    7110.00 11 26.180  -3.0081800E-01   3.8833407E-01
thknss   =     106650    7110.00 11 26.180   4.9819410E+04   3.9133860E+06
u-vel.   =     106650    7110.00 12 26.520  -4.6289888E-01   4.0961370E-01
v-vel.   =     106650    7110.00 12 26.520  -4.1072008E-01   2.3950833E-01
thknss   =     106650    7110.00 12 26.520   1.0753815E+02   4.3411935E+06
u-vel.   =     106650    7110.00 13 26.800  -4.7184566E-01   4.1400710E-01
v-vel.   =     106650    7110.00 13 26.800  -4.4939581E-01   3.2744500E-01
thknss   =     106650    7110.00 13 26.800   1.2216518E+00   4.6886275E+06
u-vel.   =     106650    7110.00 14 27.030  -5.0081980E-01   5.6420320E-01
v-vel.   =     106650    7110.00 14 27.030  -4.4951144E-01   2.9771557E-01
thknss   =     106650    7110.00 14 27.030   0.0000000E+00   4.6388670E+06
u-vel.   =     106650    7110.00 15 27.220  -6.3007021E-01   6.5574485E-01
v-vel.   =     106650    7110.00 15 27.220  -4.4951144E-01   2.5060272E-01
thknss   =     106650    7110.00 15 27.220   0.0000000E+00   2.9102740E+06
u-vel.   =     106650    7110.00 16 27.380  -7.6534784E-01   3.6427420E-01
v-vel.   =     106650    7110.00 16 27.380  -4.4951144E-01   2.0196989E-01
thknss   =     106650    7110.00 16 27.380   0.0000000E+00   5.2155145E+06
u-vel.   =     106650    7110.00 17 27.520  -3.1451121E-01   3.9455631E-01
v-vel.   =     106650    7110.00 17 27.520  -4.4951144E-01   2.4863593E-01
thknss   =     106650    7110.00 17 27.520   0.0000000E+00   4.5711615E+06
u-vel.   =     106650    7110.00 18 27.640  -3.1451121E-01   2.3986776E-01
v-vel.   =     106650    7110.00 18 27.640  -4.4951144E-01   2.4983214E-01
thknss   =     106650    7110.00 18 27.640   0.0000000E+00   5.2178995E+06
u-vel.   =     106650    7110.00 19 27.740  -6.0445720E-01   3.2252783E-01
v-vel.   =     106650    7110.00 19 27.740  -4.4951144E-01   2.5037059E-01
thknss   =     106650    7110.00 19 27.740   0.0000000E+00   1.0947825E+07
u-vel.   =     106650    7110.00 20 27.820  -4.8283222E-01   2.5208625E-01
v-vel.   =     106650    7110.00 20 27.820  -6.2340009E-01   2.6007813E-01
thknss   =     106650    7110.00 20 27.820   0.0000000E+00   1.2091960E+07
u-vel.   =     106650    7110.00 21 27.880  -3.6258543E-01   2.5061756E-01
v-vel.   =     106650    7110.00 21 27.880  -4.4951144E-01   2.9071173E-01
thknss   =     106650    7110.00 21 27.880   0.0000000E+00   2.7438814E+07
u-vel.   =     106650    7110.00 22 27.940  -4.6997902E-01   2.5061756E-01
input  u-vel.   into u  22
v-vel.   =     106650    7110.00 22 27.940  -4.4951144E-01   6.8768692E-01
input  v-vel.   into v  22
thknss   =     106650    7110.00 22 27.940   0.0000000E+00   1.1710227E+07
input  thknss   into dp 22
iar,time,flnm =   11   7140.00  ../expt_01.0/data/archv.0020_316_00.b
COADS forcing: precip_zero; srelax;
boundary relax; iniflg=2; KPP mixed layer; Jerlov IA;
Z(22): dp00/f/x=3m/1.125/12m; ATLb2.00/src_2.1.00_22.
12345678901234567890123456789012345678901234567890123456789012345678901234567890
 iversn =  21
 iexpt  =  10
 yrflag =  0
 idm    =  57
 jdm    =  52
field       time step  model day  k  dens        min              max
montg1   =     107100    7140.00  0  0.000  -1.8813647E+00   1.5545840E+01
srfhgt   =     107100    7140.00  0  0.000  -7.8709736E+00   7.1691570E+00
surflx   =     107100    7140.00  0  0.000  -3.8218600E+02   1.2154716E+02
salflx   =     107100    7140.00  0  0.000  -2.8181493E-02   6.1893584E-03
bl_dpth  =     107100    7140.00  0  0.000   2.9105586E+04   3.4647515E+06
mix_dpth =     107100    7140.00  0  0.000   2.7991697E+04   3.7176312E+06
tmix     =     107100    7140.00  0  0.000   1.2916438E-01   3.3122169E+01
smix     =     107100    7140.00  0  0.000   2.9366081E+01   3.7287910E+01
thmix    =     107100    7140.00  0  0.000  -6.9088788E+00   2.3712258E+00
umix     =     107100    7140.00  0  0.000  -6.9759578E-01   4.6565825E-01
vmix     =     107100    7140.00  0  0.000  -3.6717668E-01   8.1660879E-01
u_btrop  =     107100    7140.00  0  0.000  -3.4149840E-01   5.5221254E-01
input  u_btrop  into ubaro
v_btrop  =     107100    7140.00  0  0.000  -2.4900979E-01   5.6499791E-01
input  v_btrop  into vbaro
u-vel.   =     107100    7140.00  1 19.500  -9.8351657E-01   5.2070141E-01
input  u-vel.   into u   1
v-vel.   =     107100    7140.00  1 19.500  -3.3036709E-01   7.9958099E-01
input  v-vel.   into v   1
thknss   =     107100    7140.00  1 19.500   2.9418000E+04   2.9418000E+04
input  thknss   into dp  1
u-vel.   =     107100    7140.00  2 20.250  -9.4077712E-01   4.8320147E-01
v-vel.   =     107100    7140.00  2 20.250  -3.3046606E-01   8.5363483E-01
thknss   =     107100    7140.00  2 20.250   3.3095250E+04   1.7142044E+05
u-vel.   =     107100    7140.00  3 21.000  -9.0707576E-01   4.7767824E-01
v-vel.   =     107100    7140.00  3 21.000  -3.3597401E-01   7.9927903E-01
thknss   =     107100    7140.00  3 21.000   2.7517520E+04   1.5810078E+05
u-vel.   =     107100    7140.00  4 21.750  -8.6808860E-01   4.7585455E-01
v-vel.   =     107100    7140.00  4 21.750  -3.4166867E-01   6.4678121E-01
thknss   =     107100    7140.00  4 21.750   4.0100777E+04   4.3838944E+05
u-vel.   =     107100    7140.00  5 22.500  -8.2064176E-01   4.7799793E-01
v-vel.   =     107100    7140.00  5 22.500  -4.0593380E-01   6.1359048E-01
thknss   =     107100    7140.00  5 22.500   1.4306162E+04   9.2655931E+05
u-vel.   =     107100    7140.00  6 23.250  -6.0099000E-01   4.8887855E-01
v-vel.   =     107100    7140.00  6 23.250  -3.9481941E-01   4.2353475E-01
thknss   =     107100    7140.00  6 23.250   5.2542930E+04   1.0581538E+06
u-vel.   =     107100    7140.00  7 24.000  -4.6823785E-01   8.3523262E-01
v-vel.   =     107100    7140.00  7 24.000  -5.4229152E-01   8.3741146E-01
thknss   =     107100    7140.00  7 24.000   7.7591597E+03   1.0550446E+06
u-vel.   =     107100    7140.00  8 24.700  -4.7076967E-01   5.6671029E-01
v-vel.   =     107100    7140.00  8 24.700  -2.6088193E-01   3.2068670E-01
thknss   =     107100    7140.00  8 24.700   5.3927664E+04   1.0862980E+06
u-vel.   =     107100    7140.00  9 25.280  -4.7314942E-01   6.6121340E-01
v-vel.   =     107100    7140.00  9 25.280  -5.9819257E-01   4.0146571E-01
thknss   =     107100    7140.00  9 25.280   5.1543695E+04   1.1961480E+06
u-vel.   =     107100    7140.00 10 25.770  -8.0918151E-01   5.1755244E-01
v-vel.   =     107100    7140.00 10 25.770  -3.1178308E-01   4.4030777E-01
thknss   =     107100    7140.00 10 25.770   6.6166961E+04   2.9084238E+06
u-vel.   =     107100    7140.00 11 26.180  -4.7784260E-01   4.2758447E-01
v-vel.   =     107100    7140.00 11 26.180  -2.2790793E-01   4.0453690E-01
thknss   =     107100    7140.00 11 26.180   8.4980344E+04   3.8866445E+06
u-vel.   =     107100    7140.00 12 26.520  -4.8380092E-01   4.4575191E-01
v-vel.   =     107100    7140.00 12 26.520  -3.8807094E-01   2.9764381E-01
thknss   =     107100    7140.00 12 26.520   3.4001086E+04   4.3284480E+06
u-vel.   =     107100    7140.00 13 26.800  -4.9908942E-01   4.5630670E-01
v-vel.   =     107100    7140.00 13 26.800  -4.7945172E-01   2.5086549E-01
thknss   =     107100    7140.00 13 26.800   4.7409740E+01   4.8067545E+06
u-vel.   =     107100    7140.00 14 27.030  -6.1642998E-01   5.0194883E-01
v-vel.   =     107100    7140.00 14 27.030  -4.7955537E-01   3.4113449E-01
thknss   =     107100    7140.00 14 27.030   0.0000000E+00   4.5738220E+06
u-vel.   =     107100    7140.00 15 27.220  -8.1249350E-01   4.3462327E-01
v-vel.   =     107100    7140.00 15 27.220  -5.4870063E-01   2.1144581E-01
thknss   =     107100    7140.00 15 27.220   0.0000000E+00   2.9289322E+06
u-vel.   =     107100    7140.00 16 27.380  -3.3389238E-01   4.0985388E-01
v-vel.   =     107100    7140.00 16 27.380  -4.7955537E-01   1.8080322E-01
thknss   =     107100    7140.00 16 27.380   0.0000000E+00   5.2267925E+06
u-vel.   =     107100    7140.00 17 27.520  -2.6712960E-01   3.5968173E-01
v-vel.   =     107100    7140.00 17 27.520  -4.7955537E-01   2.0591897E-01
thknss   =     107100    7140.00 17 27.520   0.0000000E+00   4.4324905E+06
u-vel.   =     107100    7140.00 18 27.640  -2.6552215E-01   2.7054366E-01
v-vel.   =     107100    7140.00 18 27.640  -4.7955537E-01   1.8080322E-01
thknss   =     107100    7140.00 18 27.640   0.0000000E+00   4.8222845E+06
u-vel.   =     107100    7140.00 19 27.740  -4.9994066E-01   2.8159526E-01
v-vel.   =     107100    7140.00 19 27.740  -4.7955537E-01   2.6826867E-01
thknss   =     107100    7140.00 19 27.740   0.0000000E+00   1.1036390E+07
u-vel.   =     107100    7140.00 20 27.820  -4.3268389E-01   2.8417823E-01
v-vel.   =     107100    7140.00 20 27.820  -5.9255278E-01   2.2114407E-01
thknss   =     107100    7140.00 20 27.820   0.0000000E+00   1.2493906E+07
u-vel.   =     107100    7140.00 21 27.880  -4.3625215E-01   2.8417823E-01
v-vel.   =     107100    7140.00 21 27.880  -4.7955537E-01   3.9579111E-01
thknss   =     107100    7140.00 21 27.880   0.0000000E+00   2.7262210E+07
u-vel.   =     107100    7140.00 22 27.940  -5.0580871E-01   2.8417823E-01
input  u-vel.   into u  22
v-vel.   =     107100    7140.00 22 27.940  -4.7955537E-01   5.6889629E-01
input  v-vel.   into v  22
thknss   =     107100    7140.00 22 27.940   0.0000000E+00   1.1688605E+07
input  thknss   into dp 22
iar,time,flnm =   12   7170.00  ../expt_01.0/data/archv.0020_346_00.b
COADS forcing: precip_zero; srelax;
boundary relax; iniflg=2; KPP mixed layer; Jerlov IA;
Z(22): dp00/f/x=3m/1.125/12m; ATLb2.00/src_2.1.00_22.
12345678901234567890123456789012345678901234567890123456789012345678901234567890
 iversn =  21
 iexpt  =  10
 yrflag =  0
 idm    =  57
 jdm    =  52
field       time step  model day  k  dens        min              max
montg1   =     107550    7170.00  0  0.000  -2.0304153E+00   1.5366574E+01
srfhgt   =     107550    7170.00  0  0.000  -7.9982920E+00   7.3093348E+00
surflx   =     107550    7170.00  0  0.000  -5.4056964E+02   1.2360503E+02
salflx   =     107550    7170.00  0  0.000  -3.1377774E-02   9.7473059E-03
bl_dpth  =     107550    7170.00  0  0.000   2.8664396E+04   3.9386698E+06
mix_dpth =     107550    7170.00  0  0.000   2.8566336E+04   3.9919918E+06
tmix     =     107550    7170.00  0  0.000  -1.3422389E+00   3.1388382E+01
smix     =     107550    7170.00  0  0.000   2.7356792E+01   3.7279827E+01
thmix    =     107550    7170.00  0  0.000  -8.7197571E+00   2.4599540E+00
umix     =     107550    7170.00  0  0.000  -8.2181114E-01   4.8669079E-01
vmix     =     107550    7170.00  0  0.000  -3.5905129E-01   7.3474091E-01
u_btrop  =     107550    7170.00  0  0.000  -3.5241807E-01   5.6690454E-01
input  u_btrop  into ubaro
v_btrop  =     107550    7170.00  0  0.000  -2.2454976E-01   5.8298779E-01
input  v_btrop  into vbaro
u-vel.   =     107550    7170.00  1 19.500  -1.0457700E+00   5.4954731E-01
input  u-vel.   into u   1
v-vel.   =     107550    7170.00  1 19.500  -4.5774716E-01   6.9366091E-01
input  v-vel.   into v   1
thknss   =     107550    7170.00  1 19.500   2.9418000E+04   2.9418000E+04
input  thknss   into dp  1
u-vel.   =     107550    7170.00  2 20.250  -9.9916035E-01   5.3310603E-01
v-vel.   =     107550    7170.00  2 20.250  -4.6594828E-01   7.1084547E-01
thknss   =     107550    7170.00  2 20.250   3.3095250E+04   8.9288188E+04
u-vel.   =     107550    7170.00  3 21.000  -9.5912975E-01   5.2552199E-01
v-vel.   =     107550    7170.00  3 21.000  -4.6810892E-01   7.3801506E-01
thknss   =     107550    7170.00  3 21.000   1.5154346E+04   1.2167814E+05
u-vel.   =     107550    7170.00  4 21.750  -9.1185188E-01   5.2050221E-01
v-vel.   =     107550    7170.00  4 21.750  -4.6370018E-01   8.3822608E-01
thknss   =     107550    7170.00  4 21.750   4.1886176E+04   4.1222291E+05
u-vel.   =     107550    7170.00  5 22.500  -8.5026860E-01   5.1611143E-01
v-vel.   =     107550    7170.00  5 22.500  -4.4961998E-01   6.2864292E-01
thknss   =     107550    7170.00  5 22.500   7.5975894E+03   9.6421094E+05
u-vel.   =     107550    7170.00  6 23.250  -6.4315766E-01   5.1179636E-01
v-vel.   =     107550    7170.00  6 23.250  -3.1479302E-01   4.3981603E-01
thknss   =     107550    7170.00  6 23.250   4.1905051E+04   1.2785326E+06
u-vel.   =     107550    7170.00  7 24.000  -4.8141536E-01   6.7273724E-01
v-vel.   =     107550    7170.00  7 24.000  -4.6589255E-01   8.8063943E-01
thknss   =     107550    7170.00  7 24.000   1.0165778E+04   1.3704690E+06
u-vel.   =     107550    7170.00  8 24.700  -4.5264941E-01   9.1655958E-01
v-vel.   =     107550    7170.00  8 24.700  -3.4587795E-01   3.8275039E-01
thknss   =     107550    7170.00  8 24.700   6.6604234E+04   1.4425238E+06
u-vel.   =     107550    7170.00  9 25.280  -6.6623831E-01   7.9424894E-01
v-vel.   =     107550    7170.00  9 25.280  -2.3993008E-01   4.9941617E-01
thknss   =     107550    7170.00  9 25.280   5.2006176E+04   1.3879122E+06
u-vel.   =     107550    7170.00 10 25.770  -4.6124047E-01   4.4089794E-01
v-vel.   =     107550    7170.00 10 25.770  -3.0181664E-01   4.0251786E-01
thknss   =     107550    7170.00 10 25.770   5.3281828E+04   2.8037450E+06
u-vel.   =     107550    7170.00 11 26.180  -4.6719074E-01   4.7191995E-01
v-vel.   =     107550    7170.00 11 26.180  -2.7480492E-01   3.1578878E-01
thknss   =     107550    7170.00 11 26.180   2.4848775E+04   3.8014252E+06
u-vel.   =     107550    7170.00 12 26.520  -4.7590491E-01   3.9252520E-01
v-vel.   =     107550    7170.00 12 26.520  -3.4037736E-01   2.6238763E-01
thknss   =     107550    7170.00 12 26.520   4.0176770E+04   4.3831545E+06
u-vel.   =     107550    7170.00 13 26.800  -4.9592480E-01   4.0160710E-01
v-vel.   =     107550    7170.00 13 26.800  -3.7034306E-01   3.3833313E-01
thknss   =     107550    7170.00 13 26.800   1.7657763E+00   5.0370385E+06
u-vel.   =     107550    7170.00 14 27.030  -5.9375650E-01   4.3891773E-01
v-vel.   =     107550    7170.00 14 27.030  -3.7055835E-01   3.6969998E-01
thknss   =     107550    7170.00 14 27.030   0.0000000E+00   4.5590865E+06
u-vel.   =     107550    7170.00 15 27.220  -7.4816173E-01   6.0673827E-01
v-vel.   =     107550    7170.00 15 27.220  -4.9564201E-01   1.9863756E-01
thknss   =     107550    7170.00 15 27.220   0.0000000E+00   3.4946062E+06
u-vel.   =     107550    7170.00 16 27.380  -4.5230672E-01   2.6969260E-01
v-vel.   =     107550    7170.00 16 27.380  -3.7055835E-01   2.0311555E-01
thknss   =     107550    7170.00 16 27.380   0.0000000E+00   5.1059505E+06
u-vel.   =     107550    7170.00 17 27.520  -4.5230672E-01   2.3829839E-01
v-vel.   =     107550    7170.00 17 27.520  -3.7055835E-01   2.1054593E-01
thknss   =     107550    7170.00 17 27.520   0.0000000E+00   3.9334080E+06
u-vel.   =     107550    7170.00 18 27.640  -4.5230672E-01   2.1356173E-01
v-vel.   =     107550    7170.00 18 27.640  -3.7055835E-01   1.7279936E-01
thknss   =     107550    7170.00 18 27.640   0.0000000E+00   4.6818550E+06
u-vel.   =     107550    7170.00 19 27.740  -7.0110643E-01   2.3869662E-01
v-vel.   =     107550    7170.00 19 27.740  -3.7055835E-01   2.8288621E-01
thknss   =     107550    7170.00 19 27.740   0.0000000E+00   1.1043366E+07
u-vel.   =     107550    7170.00 20 27.820  -5.3169066E-01   2.5090659E-01
v-vel.   =     107550    7170.00 20 27.820  -4.7791073E-01   2.5503543E-01
thknss   =     107550    7170.00 20 27.820   0.0000000E+00   1.2617126E+07
u-vel.   =     107550    7170.00 21 27.880  -4.5230672E-01   3.1671312E-01
v-vel.   =     107550    7170.00 21 27.880  -3.7055835E-01   2.7842975E-01
thknss   =     107550    7170.00 21 27.880   0.0000000E+00   2.7121254E+07
u-vel.   =     107550    7170.00 22 27.940  -4.5230672E-01   2.4077387E-01
input  u-vel.   into u  22
v-vel.   =     107550    7170.00 22 27.940  -3.7055835E-01   5.8147621E-01
input  v-vel.   into v  22
thknss   =     107550    7170.00 22 27.940   0.0000000E+00   1.1653950E+07
input  thknss   into dp 22
