setenv FOR051 fort.51
setenv FOR061 fort.61
setenv FOR061A fort.61A
/bin/rm -f fort.51 fort.61 fort.61A
ln -s /home/ajax/wallcraf/topo_ieee/ds759.2/tbase.a fort.51
../../ALL/topo/src/bathy_05min

xcspmd: idm,jdm =   93   65

 READING /TOPOG/
 &TOPOG
 COAST = 20.0
 INTERP = -5
 MTYPE = 0
 JPR = 8
 /
bathymetery from 5-minute TerrainBase global dataset                           
i/jdm =   93   65                                                              
plon,plat range =   263.00000   309.00000     3.99675    33.84122              
                                                                               
                                                                               
I,J,LONV,XAF =    1    1   263.000  3159.000
I,J,LONV,XAF =   11    1   268.000  3219.000
I,J,LONV,XAF =   21    1   273.000  3279.000
I,J,LONV,XAF =   31    1   278.000  3339.000
I,J,LONV,XAF =   41    1   283.000  3399.000
I,J,LONV,XAF =   51    1   288.000  3459.000
I,J,LONV,XAF =   61    1   293.000  3519.000
I,J,LONV,XAF =   71    1   298.000  3579.000
I,J,LONV,XAF =   81    1   303.000  3639.000
I,J,LONV,XAF =   91    1   308.000  3699.000
I,J,LONV,XAF =   93    1   309.000  3711.000
I,J,LONV,XAF =    1   65   263.000  3159.000
I,J,LONV,XAF =   11   65   268.000  3219.000
I,J,LONV,XAF =   21   65   273.000  3279.000
I,J,LONV,XAF =   31   65   278.000  3339.000
I,J,LONV,XAF =   41   65   283.000  3399.000
I,J,LONV,XAF =   51   65   288.000  3459.000
I,J,LONV,XAF =   61   65   293.000  3519.000
I,J,LONV,XAF =   71   65   298.000  3579.000
I,J,LONV,XAF =   81   65   303.000  3639.000
I,J,LONV,XAF =   91   65   308.000  3699.000
I,J,LONV,XAF =   93   65   309.000  3711.000
I,J,LATU,YAF =    1    1     3.997  1190.961
I,J,LATU,YAF =    1   11     8.963  1250.559
I,J,LATU,YAF =    1   21    13.863  1309.353
I,J,LATU,YAF =    1   31    18.661  1366.933
I,J,LATU,YAF =    1   41    23.327  1422.930
I,J,LATU,YAF =    1   51    27.836  1477.027
I,J,LATU,YAF =    1   61    32.164  1528.969
I,J,LATU,YAF =    1   65    33.841  1549.095
I,J,LATU,YAF =   93    1     3.997  1190.961
I,J,LATU,YAF =   93   11     8.963  1250.559
I,J,LATU,YAF =   93   21    13.863  1309.353
I,J,LATU,YAF =   93   31    18.661  1366.933
I,J,LATU,YAF =   93   41    23.327  1422.930
I,J,LATU,YAF =   93   51    27.836  1477.027
I,J,LATU,YAF =   93   61    32.164  1528.969
I,J,LATU,YAF =   93   65    33.841  1549.095

 MIN,MAX I COORDS =  3159.00, 3711.00
 MIN,MAX J COORDS =  1190.96, 1549.09


min,max depth =      1.0 10376.0

 DH: MIN=       0.0000 MAX=    7439.4458 AVE=    2581.4773 RMS=    3389.8513
 dh(  92,   2) set to zero (3 land nieghbours)
 dh(  41,  10) set to zero (3 land nieghbours)
 dh(  71,  14) set to zero (3 land nieghbours)
 dh(  53,  16) set to zero (3 land nieghbours)
 dh(   5,  26) set to zero (3 land nieghbours)
 dh(  33,  57) set to zero (3 land nieghbours)
 
min,max depth =     20.107  7439.446
 
/bin/mv fort.61 depth_IASb0.50_01.b
/bin/mv fort.61A depth_IASb0.50_01.a
/bin/rm -f fort.51
