cd ~/hycom/IASb0.50/topo
echo /home/ajax/wallcraf/hycom/IASb0.50/topo
/home/ajax/wallcraf/hycom/IASb0.50/topo
touch fort.61
/bin/rm -f fort.61
cat
setenv FOR061 fort.61
setenv FOR061A fort.61A
../../ALL/topo/src/grid_mercator

xcspmd: idm,jdm =   93   65

blkini: idm    =    93
blkini: jdm    =    65
blkini: mapflg =     0
blkinr: pntlon =     1.0000 
blkinr: reflon =   263.0000 deg E
blkinr: grdlon =     0.5000 degrees
blkinr: pntlat =    -7.0000 
blkinr: reflat =     0.0000 deg N
blkinr: grdlat =     0.5000 degrees
 
j,qlat =    1     3.747     3.747
j,plat =    1     3.997     3.997
j,qlat =    2     4.246     4.246
j,plat =    2     4.495     4.495
j,qlat =    3     4.745     4.745
j,plat =    3     4.994     4.994
j,qlat =    4     5.243     5.243
j,plat =    4     5.492     5.492
j,qlat =    5     5.740     5.740
j,plat =    5     5.989     5.989
j,qlat =    6     6.238     6.238
j,plat =    6     6.486     6.486
j,qlat =    7     6.734     6.734
j,plat =    7     6.983     6.983
j,qlat =    8     7.231     7.231
j,plat =    8     7.479     7.479
j,qlat =    9     7.726     7.726
j,plat =    9     7.974     7.974
j,qlat =   10     8.222     8.222
j,plat =   10     8.469     8.469
j,qlat =   11     8.716     8.716
j,plat =   11     8.963     8.963
j,qlat =   12     9.210     9.210
j,plat =   12     9.457     9.457
j,qlat =   13     9.703     9.703
j,plat =   13     9.950     9.950
j,qlat =   14    10.196    10.196
j,plat =   14    10.442    10.442
j,qlat =   15    10.687    10.687
j,plat =   15    10.933    10.933
j,qlat =   16    11.178    11.178
j,plat =   16    11.424    11.424
j,qlat =   17    11.668    11.668
j,plat =   17    11.913    11.913
j,qlat =   18    12.158    12.158
j,plat =   18    12.402    12.402
j,qlat =   19    12.646    12.646
j,plat =   19    12.890    12.890
j,qlat =   20    13.133    13.133
j,plat =   20    13.377    13.377
j,qlat =   21    13.620    13.620
j,plat =   21    13.863    13.863
j,qlat =   22    14.105    14.105
j,plat =   22    14.348    14.348
j,qlat =   23    14.590    14.590
j,plat =   23    14.832    14.832
j,qlat =   24    15.073    15.073
j,plat =   24    15.314    15.314
j,qlat =   25    15.555    15.555
j,plat =   25    15.796    15.796
j,qlat =   26    16.036    16.036
j,plat =   26    16.277    16.277
j,qlat =   27    16.516    16.516
j,plat =   27    16.756    16.756
j,qlat =   28    16.995    16.995
j,plat =   28    17.234    17.234
j,qlat =   29    17.473    17.473
j,plat =   29    17.711    17.711
j,qlat =   30    17.949    17.949
j,plat =   30    18.187    18.187
j,qlat =   31    18.424    18.424
j,plat =   31    18.661    18.661
j,qlat =   32    18.898    18.898
j,plat =   32    19.134    19.134
j,qlat =   33    19.370    19.370
j,plat =   33    19.606    19.606
j,qlat =   34    19.841    19.841
j,plat =   34    20.076    20.076
j,qlat =   35    20.311    20.311
j,plat =   35    20.545    20.545
j,qlat =   36    20.779    20.779
j,plat =   36    21.012    21.012
j,qlat =   37    21.246    21.246
j,plat =   37    21.479    21.479
j,qlat =   38    21.711    21.711
j,plat =   38    21.943    21.943
j,qlat =   39    22.175    22.175
j,plat =   39    22.406    22.406
j,qlat =   40    22.637    22.637
j,plat =   40    22.868    22.868
j,qlat =   41    23.098    23.098
j,plat =   41    23.327    23.327
j,qlat =   42    23.557    23.557
j,plat =   42    23.786    23.786
j,qlat =   43    24.014    24.014
j,plat =   43    24.243    24.243
j,qlat =   44    24.470    24.470
j,plat =   44    24.698    24.698
j,qlat =   45    24.925    24.925
j,plat =   45    25.151    25.151
j,qlat =   46    25.377    25.377
j,plat =   46    25.603    25.603
j,qlat =   47    25.828    25.828
j,plat =   47    26.053    26.053
j,qlat =   48    26.277    26.277
j,plat =   48    26.501    26.501
j,qlat =   49    26.725    26.725
j,plat =   49    26.948    26.948
j,qlat =   50    27.170    27.170
j,plat =   50    27.393    27.393
j,qlat =   51    27.614    27.614
j,plat =   51    27.836    27.836
j,qlat =   52    28.056    28.056
j,plat =   52    28.277    28.277
j,qlat =   53    28.497    28.497
j,plat =   53    28.716    28.716
j,qlat =   54    28.935    28.935
j,plat =   54    29.154    29.154
j,qlat =   55    29.372    29.372
j,plat =   55    29.590    29.590
j,qlat =   56    29.807    29.807
j,plat =   56    30.023    30.023
j,qlat =   57    30.240    30.240
j,plat =   57    30.455    30.455
j,qlat =   58    30.671    30.671
j,plat =   58    30.885    30.885
j,qlat =   59    31.100    31.100
j,plat =   59    31.314    31.314
j,qlat =   60    31.527    31.527
j,plat =   60    31.740    31.740
j,qlat =   61    31.952    31.952
j,plat =   61    32.164    32.164
j,qlat =   62    32.375    32.375
j,plat =   62    32.586    32.586
j,qlat =   63    32.797    32.797
j,plat =   63    33.007    33.007
j,qlat =   64    33.216    33.216
j,plat =   64    33.425    33.425
j,qlat =   65    33.633    33.633
j,plat =   65    33.841    33.841
 
i,qlon =    1   262.750   262.750
i,plon =    1   263.000   263.000
i,qlon =    2   263.250   263.250
i,plon =    2   263.500   263.500
i,qlon =    3   263.750   263.750
i,plon =    3   264.000   264.000
i,qlon =    4   264.250   264.250
i,plon =    4   264.500   264.500
i,qlon =    5   264.750   264.750
i,plon =    5   265.000   265.000
i,qlon =    6   265.250   265.250
i,plon =    6   265.500   265.500
i,qlon =    7   265.750   265.750
i,plon =    7   266.000   266.000
i,qlon =    8   266.250   266.250
i,plon =    8   266.500   266.500
i,qlon =    9   266.750   266.750
i,plon =    9   267.000   267.000
i,qlon =   10   267.250   267.250
i,plon =   10   267.500   267.500
i,qlon =   11   267.750   267.750
i,plon =   11   268.000   268.000
i,qlon =   12   268.250   268.250
i,plon =   12   268.500   268.500
i,qlon =   13   268.750   268.750
i,plon =   13   269.000   269.000
i,qlon =   14   269.250   269.250
i,plon =   14   269.500   269.500
i,qlon =   15   269.750   269.750
i,plon =   15   270.000   270.000
i,qlon =   16   270.250   270.250
i,plon =   16   270.500   270.500
i,qlon =   17   270.750   270.750
i,plon =   17   271.000   271.000
i,qlon =   18   271.250   271.250
i,plon =   18   271.500   271.500
i,qlon =   19   271.750   271.750
i,plon =   19   272.000   272.000
i,qlon =   20   272.250   272.250
i,plon =   20   272.500   272.500
i,qlon =   21   272.750   272.750
i,plon =   21   273.000   273.000
i,qlon =   22   273.250   273.250
i,plon =   22   273.500   273.500
i,qlon =   23   273.750   273.750
i,plon =   23   274.000   274.000
i,qlon =   24   274.250   274.250
i,plon =   24   274.500   274.500
i,qlon =   25   274.750   274.750
i,plon =   25   275.000   275.000
i,qlon =   26   275.250   275.250
i,plon =   26   275.500   275.500
i,qlon =   27   275.750   275.750
i,plon =   27   276.000   276.000
i,qlon =   28   276.250   276.250
i,plon =   28   276.500   276.500
i,qlon =   29   276.750   276.750
i,plon =   29   277.000   277.000
i,qlon =   30   277.250   277.250
i,plon =   30   277.500   277.500
i,qlon =   31   277.750   277.750
i,plon =   31   278.000   278.000
i,qlon =   32   278.250   278.250
i,plon =   32   278.500   278.500
i,qlon =   33   278.750   278.750
i,plon =   33   279.000   279.000
i,qlon =   34   279.250   279.250
i,plon =   34   279.500   279.500
i,qlon =   35   279.750   279.750
i,plon =   35   280.000   280.000
i,qlon =   36   280.250   280.250
i,plon =   36   280.500   280.500
i,qlon =   37   280.750   280.750
i,plon =   37   281.000   281.000
i,qlon =   38   281.250   281.250
i,plon =   38   281.500   281.500
i,qlon =   39   281.750   281.750
i,plon =   39   282.000   282.000
i,qlon =   40   282.250   282.250
i,plon =   40   282.500   282.500
i,qlon =   41   282.750   282.750
i,plon =   41   283.000   283.000
i,qlon =   42   283.250   283.250
i,plon =   42   283.500   283.500
i,qlon =   43   283.750   283.750
i,plon =   43   284.000   284.000
i,qlon =   44   284.250   284.250
i,plon =   44   284.500   284.500
i,qlon =   45   284.750   284.750
i,plon =   45   285.000   285.000
i,qlon =   46   285.250   285.250
i,plon =   46   285.500   285.500
i,qlon =   47   285.750   285.750
i,plon =   47   286.000   286.000
i,qlon =   48   286.250   286.250
i,plon =   48   286.500   286.500
i,qlon =   49   286.750   286.750
i,plon =   49   287.000   287.000
i,qlon =   50   287.250   287.250
i,plon =   50   287.500   287.500
i,qlon =   51   287.750   287.750
i,plon =   51   288.000   288.000
i,qlon =   52   288.250   288.250
i,plon =   52   288.500   288.500
i,qlon =   53   288.750   288.750
i,plon =   53   289.000   289.000
i,qlon =   54   289.250   289.250
i,plon =   54   289.500   289.500
i,qlon =   55   289.750   289.750
i,plon =   55   290.000   290.000
i,qlon =   56   290.250   290.250
i,plon =   56   290.500   290.500
i,qlon =   57   290.750   290.750
i,plon =   57   291.000   291.000
i,qlon =   58   291.250   291.250
i,plon =   58   291.500   291.500
i,qlon =   59   291.750   291.750
i,plon =   59   292.000   292.000
i,qlon =   60   292.250   292.250
i,plon =   60   292.500   292.500
i,qlon =   61   292.750   292.750
i,plon =   61   293.000   293.000
i,qlon =   62   293.250   293.250
i,plon =   62   293.500   293.500
i,qlon =   63   293.750   293.750
i,plon =   63   294.000   294.000
i,qlon =   64   294.250   294.250
i,plon =   64   294.500   294.500
i,qlon =   65   294.750   294.750
i,plon =   65   295.000   295.000
i,qlon =   66   295.250   295.250
i,plon =   66   295.500   295.500
i,qlon =   67   295.750   295.750
i,plon =   67   296.000   296.000
i,qlon =   68   296.250   296.250
i,plon =   68   296.500   296.500
i,qlon =   69   296.750   296.750
i,plon =   69   297.000   297.000
i,qlon =   70   297.250   297.250
i,plon =   70   297.500   297.500
i,qlon =   71   297.750   297.750
i,plon =   71   298.000   298.000
i,qlon =   72   298.250   298.250
i,plon =   72   298.500   298.500
i,qlon =   73   298.750   298.750
i,plon =   73   299.000   299.000
i,qlon =   74   299.250   299.250
i,plon =   74   299.500   299.500
i,qlon =   75   299.750   299.750
i,plon =   75   300.000   300.000
i,qlon =   76   300.250   300.250
i,plon =   76   300.500   300.500
i,qlon =   77   300.750   300.750
i,plon =   77   301.000   301.000
i,qlon =   78   301.250   301.250
i,plon =   78   301.500   301.500
i,qlon =   79   301.750   301.750
i,plon =   79   302.000   302.000
i,qlon =   80   302.250   302.250
i,plon =   80   302.500   302.500
i,qlon =   81   302.750   302.750
i,plon =   81   303.000   303.000
i,qlon =   82   303.250   303.250
i,plon =   82   303.500   303.500
i,qlon =   83   303.750   303.750
i,plon =   83   304.000   304.000
i,qlon =   84   304.250   304.250
i,plon =   84   304.500   304.500
i,qlon =   85   304.750   304.750
i,plon =   85   305.000   305.000
i,qlon =   86   305.250   305.250
i,plon =   86   305.500   305.500
i,qlon =   87   305.750   305.750
i,plon =   87   306.000   306.000
i,qlon =   88   306.250   306.250
i,plon =   88   306.500   306.500
i,qlon =   89   306.750   306.750
i,plon =   89   307.000   307.000
i,qlon =   90   307.250   307.250
i,plon =   90   307.500   307.500
i,qlon =   91   307.750   307.750
i,plon =   91   308.000   308.000
i,qlon =   92   308.250   308.250
i,plon =   92   308.500   308.500
i,qlon =   93   308.750   308.750
i,plon =   93   309.000   309.000
 
   93    'idm   ' = longitudinal array size
   65    'jdm   ' = latitudinal  array size
    0    'mapflg' = map flag (-1=unknown,0=mercator,...)
plon:  min,max =       263.00000      309.00000
plat:  min,max =         3.99675       33.84122
qlon:  min,max =       262.75000      308.75000
qlat:  min,max =         3.74733       33.63332
ulon:  min,max =       262.75000      308.75000
ulat:  min,max =         3.99675       33.84122
vlon:  min,max =       263.00000      309.00000
vlat:  min,max =         3.74733       33.63332
pang:  min,max =         0.00000        0.00000
 
domain assumed to be non-periodic
 
j,vy =    1  55478.45  55478.45      0.00
j,vx =    1  55478.60  55478.60      0.00
j,uy =    1  55462.08  55462.08      0.00
j,ux =    1  55462.26  55462.26      0.00
j,vy =    2  55444.71  55444.71      0.00
j,vx =    2  55444.87  55444.87      0.00
j,uy =    2  55426.26  55426.26      0.00
j,ux =    2  55426.43  55426.44      0.00
j,vy =    3  55406.75  55406.75      0.00
j,vx =    3  55406.96  55406.96      0.00
j,uy =    3  55386.29  55386.29      0.00
j,ux =    3  55386.44  55386.44      0.00
j,vy =    4  55364.76  55364.76      0.00
j,vx =    4  55364.88  55364.88      0.00
j,uy =    4  55342.12  55342.12      0.00
j,ux =    4  55342.29  55342.29      0.00
j,vy =    5  55318.47  55318.47      0.00
j,vx =    5  55318.66  55318.66      0.00
j,uy =    5  55293.81  55293.81      0.00
j,ux =    5  55294.01  55294.01      0.00
j,vy =    6  55268.15  55268.15      0.00
j,vx =    6  55268.32  55268.32      0.00
j,uy =    6  55241.43  55241.43      0.00
j,ux =    6  55241.61  55241.61      0.00
j,vy =    7  55213.70  55213.70      0.00
j,vx =    7  55213.86  55213.86      0.00
j,uy =    7  55184.96  55184.96      0.00
j,ux =    7  55185.10  55185.10      0.00
j,vy =    8  55155.16  55155.16      0.00
j,vx =    8  55155.32  55155.32      0.00
j,uy =    8  55124.36  55124.36      0.00
j,ux =    8  55124.52  55124.52      0.00
j,vy =    9  55092.54  55092.54      0.00
j,vx =    9  55092.71  55092.71      0.00
j,uy =    9  55059.67  55059.67      0.00
j,ux =    9  55059.88  55059.88      0.00
j,vy =   10  55025.84  55025.84      0.00
j,vx =   10  55026.05  55026.05      0.00
j,uy =   10  54991.11  54991.11      0.00
j,ux =   10  54991.21  54991.21      0.00
j,vy =   11  54955.27  54955.27      0.00
j,vx =   11  54955.38  54955.38      0.00
j,uy =   11  54918.37  54918.37      0.00
j,ux =   11  54918.54  54918.54      0.00
j,vy =   12  54880.51  54880.51      0.00
j,vx =   12  54880.71  54880.71      0.00
j,uy =   12  54841.70  54841.70      0.00
j,ux =   12  54841.89  54841.89      0.00
j,vy =   13  54801.93  54801.93      0.00
j,vx =   13  54802.08  54802.08      0.00
j,uy =   13  54761.10  54761.10      0.00
j,ux =   13  54761.29  54761.29      0.00
j,vy =   14  54719.32  54719.32      0.00
j,vx =   14  54719.51  54719.51      0.00
j,uy =   14  54676.69  54676.69      0.00
j,ux =   14  54676.76  54676.76      0.00
j,vy =   15  54632.89  54632.89      0.00
j,vx =   15  54633.04  54633.04      0.00
j,uy =   15  54588.14  54588.14      0.00
j,ux =   15  54588.34  54588.34      0.00
j,vy =   16  54542.55  54542.55      0.00
j,vx =   16  54542.68  54542.68      0.00
j,uy =   16  54495.89  54495.89      0.00
j,ux =   16  54496.07  54496.07      0.00
j,vy =   17  54448.38  54448.38      0.00
j,vx =   17  54448.50  54448.50      0.00
j,uy =   17  54399.81  54399.81      0.00
j,ux =   17  54399.97  54399.97      0.00
j,vy =   18  54350.29  54350.29      0.00
j,vx =   18  54350.49  54350.50      0.00
j,uy =   18  54299.92  54299.92      0.00
j,ux =   18  54300.08  54300.08      0.00
j,vy =   19  54248.59  54248.59      0.00
j,vx =   19  54248.73  54248.73      0.00
j,uy =   19  54196.31  54196.31      0.00
j,ux =   19  54196.44  54196.44      0.00
j,vy =   20  54143.08  54143.08      0.00
j,vx =   20  54143.22  54143.22      0.00
j,uy =   20  54089.00  54089.00      0.00
j,ux =   20  54089.08  54089.08      0.00
j,vy =   21  54033.86  54033.86      0.00
j,vx =   21  54034.02  54034.02      0.00
j,uy =   21  53977.86  53977.86      0.00
j,ux =   21  53978.05  53978.05      0.00
j,vy =   22  53921.02  53921.02      0.00
j,vx =   22  53921.16  53921.16      0.00
j,uy =   22  53863.23  53863.23      0.00
j,ux =   22  53863.37  53863.37      0.00
j,vy =   23  53804.59  53804.59      0.00
j,vx =   23  53804.68  53804.68      0.00
j,uy =   23  53744.99  53744.99      0.00
j,ux =   23  53745.10  53745.10      0.00
j,vy =   24  53684.44  53684.44      0.00
j,vx =   24  53684.62  53684.62      0.00
j,uy =   24  53623.15  53623.15      0.00
j,ux =   24  53623.27  53623.27      0.00
j,vy =   25  53560.90  53560.90      0.00
j,vx =   25  53561.04  53561.04      0.00
j,uy =   25  53497.80  53497.80      0.00
j,ux =   25  53497.93  53497.93      0.00
j,vy =   26  53433.86  53433.86      0.00
j,vx =   26  53433.95  53433.95      0.00
j,uy =   26  53368.86  53368.86      0.00
j,ux =   26  53369.11  53369.11      0.00
j,vy =   27  53303.32  53303.32      0.00
j,vx =   27  53303.42  53303.42      0.00
j,uy =   27  53236.94  53236.94      0.00
j,ux =   27  53236.87  53236.88      0.00
j,vy =   28  53169.28  53169.28      0.00
j,vx =   28  53169.48  53169.48      0.00
j,uy =   28  53100.99  53100.99      0.00
j,ux =   28  53101.25  53101.25      0.00
j,vy =   29  53032.06  53032.06      0.00
j,vx =   29  53032.19  53032.19      0.00
j,uy =   29  52962.28  52962.28      0.00
j,ux =   29  52962.30  52962.30      0.00
j,vy =   30  52891.45  52891.45      0.00
j,vx =   30  52891.59  52891.59      0.00
j,uy =   30  52819.97  52819.97      0.00
j,ux =   30  52820.06  52820.06      0.00
j,vy =   31  52747.65  52747.65      0.00
j,vx =   31  52747.72  52747.72      0.00
j,uy =   31  52674.48  52674.48      0.00
j,ux =   31  52674.58  52674.58      0.00
j,vy =   32  52600.67  52600.67      0.00
j,vx =   32  52600.64  52600.64      0.00
j,uy =   32  52525.81  52525.81      0.00
j,ux =   32  52525.91  52525.91      0.00
j,vy =   33  52450.30  52450.30      0.00
j,vx =   33  52450.40  52450.40      0.00
j,uy =   33  52373.95  52373.95      0.00
j,ux =   33  52374.11  52374.11      0.00
j,vy =   34  52296.75  52296.75      0.00
j,vx =   34  52297.04  52297.04      0.00
j,uy =   34  52219.13  52219.13      0.00
j,ux =   34  52219.21  52219.21      0.00
j,vy =   35  52140.66  52140.66      0.00
j,vx =   35  52140.61  52140.61      0.00
j,uy =   35  52061.12  52061.12      0.00
j,ux =   35  52061.27  52061.27      0.00
j,vy =   36  51980.95  51980.95      0.00
j,vx =   36  51981.18  51981.18      0.00
j,uy =   36  51900.15  51900.15      0.00
j,ux =   36  51900.34  51900.34      0.00
j,vy =   37  51818.71  51818.71      0.00
j,vx =   37  51818.77  51818.78      0.00
j,uy =   37  51736.42  51736.42      0.00
j,ux =   37  51736.48  51736.48      0.00
j,vy =   38  51653.28  51653.28      0.00
j,vx =   38  51653.46  51653.46      0.00
j,uy =   38  51569.71  51569.71      0.00
j,ux =   38  51569.73  51569.73      0.00
j,vy =   39  51485.30  51485.30      0.00
j,vx =   39  51485.29  51485.29      0.00
j,uy =   39  51400.05  51400.05      0.00
j,ux =   39  51400.15  51400.15      0.00
j,vy =   40  51314.15  51314.15      0.00
j,vx =   40  51314.32  51314.32      0.00
j,uy =   40  51227.62  51227.62      0.00
j,ux =   40  51227.80  51227.80      0.00
j,vy =   41  51140.66  51140.66      0.00
j,vx =   41  51140.60  51140.60      0.00
j,uy =   41  51052.65  51052.65      0.00
j,ux =   41  51052.72  51052.72      0.00
j,vy =   42  50964.00  50964.00      0.00
j,vx =   42  50964.18  50964.18      0.00
j,uy =   42  50874.92  50874.92      0.00
j,ux =   42  50874.98  50874.98      0.00
j,vy =   43  50784.99  50784.99      0.00
j,vx =   43  50785.12  50785.12      0.00
j,uy =   43  50694.64  50694.64      0.00
j,ux =   43  50694.62  50694.62      0.00
j,vy =   44  50603.45  50603.45      0.00
j,vx =   44  50603.47  50603.48      0.00
j,uy =   44  50511.61  50511.61      0.00
j,ux =   44  50511.70  50511.70      0.00
j,vy =   45  50419.36  50419.36      0.00
j,vx =   45  50419.30  50419.30      0.00
j,uy =   45  50326.04  50326.04      0.00
j,ux =   45  50326.28  50326.28      0.00
j,vy =   46  50232.50  50232.50      0.00
j,vx =   46  50232.65  50232.65      0.00
j,uy =   46  50138.34  50138.34      0.00
j,ux =   46  50138.41  50138.41      0.00
j,vy =   47  50043.54  50043.54      0.00
j,vx =   47  50043.57  50043.57      0.00
j,uy =   47  49948.09  49948.09      0.00
j,ux =   47  49948.15  49948.15      0.00
j,vy =   48  49852.02  49852.02      0.00
j,vx =   48  49852.13  49852.14      0.00
j,uy =   48  49755.52  49755.52      0.00
j,ux =   48  49755.55  49755.55      0.00
j,vy =   49  49658.38  49658.38      0.00
j,vx =   49  49658.39  49658.39      0.00
j,uy =   49  49560.61  49560.61      0.00
j,ux =   49  49560.67  49560.67      0.00
j,vy =   50  49462.20  49462.20      0.00
j,vx =   50  49462.39  49462.39      0.00
j,uy =   50  49363.58  49363.58      0.00
j,ux =   50  49363.57  49363.57      0.00
j,vy =   51  49264.32  49264.32      0.00
j,vx =   51  49264.20  49264.20      0.00
j,uy =   51  49164.22  49164.22      0.00
j,ux =   51  49164.30  49164.30      0.00
j,vy =   52  49063.69  49063.69      0.00
j,vx =   52  49063.87  49063.87      0.00
j,uy =   52  48962.95  48962.95      0.00
j,ux =   52  48962.92  48962.92      0.00
j,vy =   53  48861.36  48861.36      0.00
j,vx =   53  48861.45  48861.45      0.00
j,uy =   53  48759.34  48759.34      0.00
j,ux =   53  48759.48  48759.48      0.00
j,vy =   54  48657.12  48657.12      0.00
j,vx =   54  48657.01  48657.01      0.00
j,uy =   54  48554.04  48554.04      0.00
j,ux =   54  48554.05  48554.05      0.00
j,vy =   55  48450.55  48450.55      0.00
j,vx =   55  48450.59  48450.59      0.00
j,uy =   55  48346.62  48346.62      0.00
j,ux =   55  48346.67  48346.67      0.00
j,vy =   56  48242.06  48242.06      0.00
j,vx =   56  48242.27  48242.27      0.00
j,uy =   56  48137.29  48137.29      0.00
j,ux =   56  48137.40  48137.40      0.00
j,vy =   57  48032.10  48032.10      0.00
j,vx =   57  48032.08  48032.08      0.00
j,uy =   57  47926.27  47926.27      0.00
j,ux =   57  47926.31  47926.31      0.00
j,vy =   58  47820.01  47820.01      0.00
j,vx =   58  47820.09  47820.10      0.00
j,uy =   58  47713.54  47713.54      0.00
j,ux =   58  47713.44  47713.44      0.00
j,vy =   59  47606.44  47606.44      0.00
j,vx =   59  47606.36  47606.36      0.00
j,uy =   59  47498.70  47498.70      0.00
j,ux =   59  47498.85  47498.85      0.00
j,vy =   60  47390.96  47390.96      0.00
j,vx =   60  47390.93  47390.93      0.00
j,uy =   60  47282.58  47282.58      0.00
j,ux =   60  47282.60  47282.60      0.00
j,vy =   61  47173.78  47173.78      0.00
j,vx =   61  47173.87  47173.87      0.00
j,uy =   61  47064.98  47064.98      0.00
j,ux =   61  47064.74  47064.74      0.00
j,vy =   62  46955.33  46955.33      0.00
j,vx =   62  46955.22  46955.23      0.00
j,uy =   62  46845.04  46845.04      0.00
j,ux =   62  46845.33  46845.33      0.00
j,vy =   63  46734.76  46734.76      0.00
j,vx =   63  46735.05  46735.06      0.00
j,uy =   63  46624.47  46624.47      0.00
j,ux =   63  46624.42  46624.42      0.00
j,vy =   64  46513.76  46513.76      0.00
j,vx =   64  46513.42  46513.42      0.00
j,uy =   64  46402.20  46402.20      0.00
j,ux =   64  46402.07  46402.07      0.00
j,vy =   65  46290.22  46290.22      0.00
j,vx =   65  46290.37  46290.37      0.00
j,uy =   65  46178.46  46178.46      0.00
j,ux =   65  46178.32  46178.32      0.00
 
pscx:  min,max =     46178.32422    55462.25781
pscy:  min,max =     46178.46094    55462.07812
qscx:  min,max =     46290.36719    55478.60156
qscy:  min,max =     46290.22266    55478.44531
uscx:  min,max =     46178.32422    55462.25781
uscy:  min,max =     46178.46094    55462.07812
vscx:  min,max =     46290.36719    55478.60156
vscy:  min,max =     46290.22266    55478.44531
 
cori:  min,max =    0.0000095318   0.0000807786
 
pasp:  min,max =         0.99999        1.00001
 
mv fort.61 regional.grid.b
mv fort.61A regional.grid.a
cat regional.grid.b
   93    'idm   ' = longitudinal array size
   65    'jdm   ' = latitudinal  array size
    0    'mapflg' = map flag (-1=unknown,0=mercator,2=uniform,4=f-plane)
plon:  min,max =       263.00000      309.00000
plat:  min,max =         3.99675       33.84122
qlon:  min,max =       262.75000      308.75000
qlat:  min,max =         3.74733       33.63332
ulon:  min,max =       262.75000      308.75000
ulat:  min,max =         3.99675       33.84122
vlon:  min,max =       263.00000      309.00000
vlat:  min,max =         3.74733       33.63332
pang:  min,max =         0.00000        0.00000
pscx:  min,max =     46178.32422    55462.25781
pscy:  min,max =     46178.46094    55462.07812
qscx:  min,max =     46290.36719    55478.60156
qscy:  min,max =     46290.22266    55478.44531
uscx:  min,max =     46178.32422    55462.25781
uscy:  min,max =     46178.46094    55462.07812
vscx:  min,max =     46290.36719    55478.60156
vscy:  min,max =     46290.22266    55478.44531
cori:  min,max =    0.0000095318   0.0000807786
pasp:  min,max =         0.99999        1.00001
