********************
 21.0  -30.0    0.0
 21.5  -30.0    0.0
 22.0  -30.0    0.0
 22.5  -30.0    0.0
 23.0  -30.0    0.1
 23.5  -30.0    0.1
 24.0  -30.0    0.1
 24.5  -30.0    0.1
 25.0  -30.0    7.3
 25.5  -30.0   54.8
 26.0  -30.0  152.3
 26.5  -30.0  217.4
 27.0  -30.0  443.7
 27.5  -30.0  938.0
 28.0  -30.0 6000.0
********************
 21.0  -25.0    0.0
 21.5  -25.0    0.0
 22.0  -25.0    0.0
 22.5  -25.0    0.0
 23.0  -25.0    0.1
 23.5  -25.0    0.1
 24.0  -25.0    0.1
 24.5  -25.0    0.1
 25.0  -25.0    7.3
 25.5  -25.0   54.8
 26.0  -25.0  152.3
 26.5  -25.0  217.4
 27.0  -25.0  443.7
 27.5  -25.0  938.0
 28.0  -25.0 6000.0
********************
 21.0  -20.0    0.0
 21.5  -20.0    0.0
 22.0  -20.0    0.0
 22.5  -20.0    0.0
 23.0  -20.0    0.1
 23.5  -20.0    0.1
 24.0  -20.0    0.1
 24.5  -20.0    0.1
 25.0  -20.0    7.3
 25.5  -20.0   54.8
 26.0  -20.0  152.3
 26.5  -20.0  217.4
 27.0  -20.0  443.7
 27.5  -20.0  938.0
 28.0  -20.0 6000.0
********************
 21.0  -15.0    0.0
 21.5  -15.0    0.0
 22.0  -15.0    0.0
 22.5  -15.0    0.0
 23.0  -15.0    0.1
 23.5  -15.0    0.1
 24.0  -15.0    0.1
 24.5  -15.0    2.7
 25.0  -15.0   25.8
 25.5  -15.0   76.3
 26.0  -15.0  145.2
 26.5  -15.0  193.1
 27.0  -15.0  393.8
 27.5  -15.0  947.4
 28.0  -15.0 6000.0
********************
 21.0  -10.0    0.0
 21.5  -10.0    0.0
 22.0  -10.0    0.0
 22.5  -10.0    0.0
 23.0  -10.0    0.1
 23.5  -10.0    0.2
 24.0  -10.0    6.6
 24.5  -10.0   33.2
 25.0  -10.0   74.7
 25.5  -10.0   98.5
 26.0  -10.0  122.9
 26.5  -10.0  160.1
 27.0  -10.0  339.2
 27.5  -10.0  990.4
 28.0  -10.0 6000.0
********************
 21.0   -5.0    0.0
 21.5   -5.0    0.0
 22.0   -5.0    0.1
 22.5   -5.0    0.1
 23.0   -5.0    0.1
 23.5   -5.0    0.3
 24.0   -5.0   20.7
 24.5   -5.0   43.6
 25.0   -5.0   68.5
 25.5   -5.0   77.0
 26.0   -5.0   96.6
 26.5   -5.0  139.3
 27.0   -5.0  380.6
 27.5   -5.0  933.5
 28.0   -5.0 6000.0
********************
 21.0    0.0    1.1
 21.5    0.0    1.3
 22.0    0.0    1.5
 22.5    0.0    1.7
 23.0    0.0    2.3
 23.5    0.0   10.0
 24.0    0.0   37.7
 24.5    0.0   51.8
 25.0    0.0   66.1
 25.5    0.0   74.8
 26.0    0.0   92.2
 26.5    0.0  130.2
 27.0    0.0  413.9
 27.5    0.0  901.1
 28.0    0.0 6000.0
********************
 21.0    5.0    1.9
 21.5    5.0    2.1
 22.0    5.0    2.9
 22.5    5.0    4.5
 23.0    5.0    9.3
 23.5    5.0   39.2
 24.0    5.0   57.9
 24.5    5.0   65.5
 25.0    5.0   78.2
 25.5    5.0   87.3
 26.0    5.0  103.9
 26.5    5.0  145.1
 27.0    5.0  348.0
 27.5    5.0  895.7
 28.0    5.0 6000.0
********************
 21.0   10.0    0.4
 21.5   10.0    0.8
 22.0   10.0    3.1
 22.5   10.0    5.4
 23.0   10.0   10.5
 23.5   10.0   25.7
 24.0   10.0   43.6
 24.5   10.0   61.8
 25.0   10.0   76.3
 25.5   10.0   89.2
 26.0   10.0  111.7
 26.5   10.0  147.7
 27.0   10.0  296.7
 27.5   10.0  909.4
 28.0   10.0 6000.0
********************
 21.0   15.0    0.0
 21.5   15.0    0.1
 22.0   15.0    1.3
 22.5   15.0    3.2
 23.0   15.0    7.6
 23.5   15.0   20.5
 24.0   15.0   39.4
 24.5   15.0   59.8
 25.0   15.0   90.6
 25.5   15.0  113.3
 26.0   15.0  144.2
 26.5   15.0  191.5
 27.0   15.0  366.8
 27.5   15.0  881.1
 28.0   15.0 6000.0
********************
 21.0   20.0    0.0
 21.5   20.0    0.0
 22.0   20.0    0.1
 22.5   20.0    0.5
 23.0   20.0    2.6
 23.5   20.0   19.8
 24.0   20.0   36.7
 24.5   20.0   48.5
 25.0   20.0   76.1
 25.5   20.0  111.4
 26.0   20.0  162.4
 26.5   20.0  228.4
 27.0   20.0  472.8
 27.5   20.0  820.9
 28.0   20.0 6000.0
********************
 21.0   25.0    0.1
 21.5   25.0    0.2
 22.0   25.0    0.4
 22.5   25.0    0.8
 23.0   25.0    2.2
 23.5   25.0    7.4
 24.0   25.0   19.1
 24.5   25.0   28.4
 25.0   25.0   45.2
 25.5   25.0   71.0
 26.0   25.0  132.8
 26.5   25.0  223.9
 27.0   25.0  536.0
 27.5   25.0  794.2
 28.0   25.0 6000.0
********************
 21.0   30.0    0.5
 21.5   30.0    0.5
 22.0   30.0    0.9
 22.5   30.0    1.2
 23.0   30.0    1.6
 23.5   30.0    2.9
 24.0   30.0    7.5
 24.5   30.0   16.1
 25.0   30.0   27.0
 25.5   30.0   46.0
 26.0   30.0   85.6
 26.5   30.0  203.0
 27.0   30.0  602.4
 27.5   30.0  828.7
 28.0   30.0 6000.0
********************
 21.0   35.0    0.0
 21.5   35.0    0.0
 22.0   35.0    0.1
 22.5   35.0    0.1
 23.0   35.0    0.4
 23.5   35.0    1.2
 24.0   35.0    2.9
 24.5   35.0   11.3
 25.0   35.0   21.6
 25.5   35.0   37.7
 26.0   35.0   66.6
 26.5   35.0  147.4
 27.0   35.0  529.6
 27.5   35.0  868.4
 28.0   35.0 6000.0
********************
 21.0   40.0    0.0
 21.5   40.0    0.0
 22.0   40.0    0.1
 22.5   40.0    0.2
 23.0   40.0    0.4
 23.5   40.0    0.8
 24.0   40.0    1.7
 24.5   40.0    7.9
 25.0   40.0   12.6
 25.5   40.0   24.1
 26.0   40.0   47.9
 26.5   40.0   89.4
 27.0   40.0  286.8
 27.5   40.0  812.4
 28.0   40.0 6000.0
********************
 21.0   45.0    0.0
 21.5   45.0    0.0
 22.0   45.0    0.0
 22.5   45.0    0.2
 23.0   45.0    0.5
 23.5   45.0    1.1
 24.0   45.0    2.1
 24.5   45.0    3.8
 25.0   45.0    6.0
 25.5   45.0   10.5
 26.0   45.0   23.6
 26.5   45.0   59.7
 27.0   45.0  111.1
 27.5   45.0  676.6
 28.0   45.0 6000.0
********************
 21.0   50.0    0.0
 21.5   50.0    0.0
 22.0   50.0    0.0
 22.5   50.0    0.0
 23.0   50.0    0.1
 23.5   50.0    0.1
 24.0   50.0    0.1
 24.5   50.0    0.3
 25.0   50.0    0.8
 25.5   50.0    1.6
 26.0   50.0    3.8
 26.5   50.0   22.0
 27.0   50.0   74.1
 27.5   50.0  434.2
 28.0   50.0 6000.0
********************
 21.0   55.0    0.0
 21.5   55.0    0.0
 22.0   55.0    0.0
 22.5   55.0    0.0
 23.0   55.0    0.0
 23.5   55.0    0.1
 24.0   55.0    0.2
 24.5   55.0    0.3
 25.0   55.0    0.4
 25.5   55.0    0.8
 26.0   55.0    1.7
 26.5   55.0    4.2
 27.0   55.0   37.9
 27.5   55.0  203.3
 28.0   55.0 6000.0
********************
 21.0   60.0    0.0
 21.5   60.0    0.0
 22.0   60.0    0.0
 22.5   60.0    0.0
 23.0   60.0    0.1
 23.5   60.0    0.1
 24.0   60.0    0.1
 24.5   60.0    0.1
 25.0   60.0    0.1
 25.5   60.0    0.1
 26.0   60.0    0.4
 26.5   60.0    2.0
 27.0   60.0   10.9
 27.5   60.0  133.6
 28.0   60.0 6000.0
********************
 21.0   65.0    0.0
 21.5   65.0    0.0
 22.0   65.0    0.0
 22.5   65.0    0.0
 23.0   65.0    0.1
 23.5   65.0    0.1
 24.0   65.0    0.1
 24.5   65.0    0.1
 25.0   65.0    0.1
 25.5   65.0    0.1
 26.0   65.0    0.1
 26.5   65.0    2.5
 27.0   65.0   12.9
 27.5   65.0  108.3
 28.0   65.0 6000.0
********************
