setenv R ATLb2.00
setenv K 22
setenv P hycom/ATLb2.00/expt_01.0/data
setenv D ~/hycom/ATLb2.00/expt_01.0/data
setenv S /home/ajax/wallcraf/hycom/ATLb2.00/expt_01.0/data
setenv Y 0020
setenv pget /bin/ln -s
setenv pput /bin/cp
mkdir -p /home/ajax/wallcraf/hycom/ATLb2.00/expt_01.0/data
cd /home/ajax/wallcraf/hycom/ATLb2.00/expt_01.0/data
echo /home/ajax/wallcraf/hycom/ATLb2.00/expt_01.0/data
/home/ajax/wallcraf/hycom/ATLb2.00/expt_01.0/data
touch regional.grid.a regional.grid.b
if ( -z regional.grid.a ) then
if ( -z regional.grid.b ) then
touch archMN.0020.a archMN.0020.b archSQ.0020.a archSQ.0020.b
if ( -z archMN.0020.a ) then
if ( -z archMN.0020.b ) then
if ( -z archSQ.0020.a ) then
if ( -z archSQ.0020.b ) then
wait
touch /home/ajax/wallcraf/hycom/ATLb2.00/expt_01.0/data/archSD.0020.a /home/ajax/wallcraf/hycom/ATLb2.00/expt_01.0/data/archSD.0020.b
/bin/rm /home/ajax/wallcraf/hycom/ATLb2.00/expt_01.0/data/archSD.0020.a /home/ajax/wallcraf/hycom/ATLb2.00/expt_01.0/data/archSD.0020.b
/home/ajax/wallcraf/hycom/ATLb2.00/expt_01.0/data/../../../ALL/meanstd/src/hycom_std

xcspmd: idm,jdm =   57   52

blkini: kk     =    22
North Atlantic topography from ETOPO5 5-minute data set.                       
56 x 51 depth values (idm,jdm = 57,52).                                        
2.0000 deg. mercator resolution, with equat=11.000.                            
lon: 97.000W to 13.000E.  lat: 19.606S to 62.195N.                             
                                                                               
min,max depth =    199.556  5837.000
read North At into depths  
bigrid called with ii,jj,ii1,jj1 =    57    52    56    51
 input mean file: archMN.0020.b
COADS forcing: precip_zero; srelax;                                             
boundary relax; iniflg=2; KPP mixed layer; Jerlov IA;                           
Z(22): dp00/f/x=3m/1.125/12m; ATLb2.00/src_2.1.00_22.                           
12345678901234567890123456789012345678901234567890123456789012345678901234567890
 iversn =  20
 iexpt  =  10
 yrflag =  0
 idm    =  57
 jdm    =  52
field         no. recs  mean day  k  dens        min              max
montg1   =         12    6840.00  0  0.000  -1.8606067E+00   1.5324297E+01
input  montg1   into montg   
srfhgt   =         12    7170.00  0  0.000  -8.1596270E+00   6.2110744E+00
input  srfhgt   into srfht   
surflx   =         12    7005.00  0  0.000  -1.9687070E+02   1.1890029E+02
input  surflx   into surflx  
salflx   =         12    7005.00  0  0.000  -4.9803760E-02   7.7337697E-03
input  salflx   into salflx  
bl_dpth  =         12    7005.00  0  0.000   2.9590004E+04   1.6268022E+06
input  bl_dpth  into dpbl    
mix_dpth =         12    7005.00  0  0.000   2.9520344E+04   2.2059605E+06
input  mix_dpth into dpmixl  
tmix     =         12    7005.00  0  0.000   1.8149958E+00   3.0022881E+01
input  tmix     into tmix    
smix     =         12    7005.00  0  0.000   3.0909554E+01   3.7198868E+01
input  smix     into smix    
thmix    =         12    7005.00  0  0.000  -5.7766089E+00   2.3517594E+00
input  thmix    into thmix   
umix     =         12    7005.00  0  0.000  -7.7797902E-01   6.5706825E-01
input  umix     into umix    
vmix     =         12    7005.00  0  0.000  -3.3811328E-01   9.0434241E-01
input  vmix     into vmix    
kemix    =         12    7005.00  0  0.000   1.3259203E-04   4.0660119E-01
input  kemix    into kemix   
u_btrop  =         12    7005.00  0  0.000  -3.0325770E-01   5.1486611E-01
input  u_btrop  into ubaro   
v_btrop  =         12    7005.00  0  0.000  -1.7473465E-01   5.0179023E-01
input  v_btrop  into vbaro   
kebtrop  =         12    7005.00  0  0.000   2.8385941E-07   8.9578591E-02
input  kebtrop  into kebaro  
u-vel.   =         12    7005.00  1 19.500  -1.0437989E+00   6.8597901E-01
input  u-vel.   into u         1
v-vel.   =         12    7005.00  1 19.500  -3.4511173E-01   8.9562815E-01
input  v-vel.   into v         1
k.e.     =         12    7005.00  1 19.500   4.2892713E-04   5.7792896E-01
input  k.e.     into k.e.      1
thknss   =         12    7005.00  1 19.500   2.9418000E+04   2.9418000E+04
input  thknss   into dp        1
temp     =         12    7005.00  1 19.500   1.7947025E+00   3.0003593E+01
input  temp     into temp      1
 idm,jdm,iorign,jorign,ii,jj,k =  57 52 1 1 57 52 1
 work(31,2)   =  26.983473
 temp(31,2,1) =  26.983473
salin    =         12    7005.00  1 19.500   3.0888456E+01   3.7223316E+01
input  salin    into saln      1
density  =         12    7005.00  1 19.500  -5.7831593E+00   2.3439217E+00
input  density  into th3d      1
finished reading data for layer 19.50000
u-vel.   =         12    7005.00  2 20.250  -9.8256695E-01   6.8808466E-01
input  u-vel.   into u         2
v-vel.   =         12    7005.00  2 20.250  -3.2976791E-01   7.7811497E-01
input  v-vel.   into v         2
k.e.     =         12    7005.00  2 20.250   1.1590684E-04   4.7846320E-01
input  k.e.     into k.e.      2
thknss   =         12    7005.00  2 20.250   3.3095250E+04   1.0965120E+05
input  thknss   into dp        2
temp     =         12    7005.00  2 20.250   1.4674453E+00   3.0152985E+01
input  temp     into temp      2
 idm,jdm,iorign,jorign,ii,jj,k =  57 52 1 1 57 52 2
 work(31,2)   =  26.982962
 temp(31,2,1) =  26.983473
salin    =         12    7005.00  2 20.250   3.1200642E+01   3.7222977E+01
input  salin    into saln      2
density  =         12    7005.00  2 20.250  -5.5297647E+00   2.3564131E+00
input  density  into th3d      2
finished reading data for layer 20.25000
u-vel.   =         12    7005.00  3 21.000  -9.2636627E-01   6.8262190E-01
input  u-vel.   into u         3
v-vel.   =         12    7005.00  3 21.000  -3.2747287E-01   7.7335376E-01
input  v-vel.   into v         3
k.e.     =         12    7005.00  3 21.000   5.9066475E-05   4.3803152E-01
input  k.e.     into k.e.      3
thknss   =         12    7005.00  3 21.000   3.4400559E+04   1.0057974E+05
input  thknss   into dp        3
temp     =         12    7005.00  3 21.000   1.0787358E+00   3.0085861E+01
input  temp     into temp      3
 idm,jdm,iorign,jorign,ii,jj,k =  57 52 1 1 57 52 3
 work(31,2)   =  26.980038
 temp(31,2,1) =  26.983473
salin    =         12    7005.00  3 21.000   3.1646645E+01   3.7222702E+01
input  salin    into saln      3
density  =         12    7005.00  3 21.000  -4.2145810E+00   2.3911092E+00
input  density  into th3d      3
finished reading data for layer 21.00000
u-vel.   =         12    7005.00  4 21.750  -8.5376346E-01   6.7755896E-01
input  u-vel.   into u         4
v-vel.   =         12    7005.00  4 21.750  -3.1994361E-01   6.7008024E-01
input  v-vel.   into v         4
k.e.     =         12    7005.00  4 21.750   6.0524442E-05   3.7059847E-01
input  k.e.     into k.e.      4
thknss   =         12    7005.00  4 21.750   4.1886180E+04   1.8653834E+05
input  thknss   into dp        4
temp     =         12    7005.00  4 21.750   8.4999740E-01   2.9568335E+01
input  temp     into temp      4
 idm,jdm,iorign,jorign,ii,jj,k =  57 52 1 1 57 52 4
 work(31,2)   =  26.973602
 temp(31,2,1) =  26.983473
salin    =         12    7005.00  4 21.750   3.2062111E+01   3.7221287E+01
input  salin    into saln      4
density  =         12    7005.00  4 21.750  -3.5638199E+00   2.4110467E+00
input  density  into th3d      4
finished reading data for layer 21.75000
u-vel.   =         12    7005.00  5 22.500  -7.5504172E-01   6.7692059E-01
input  u-vel.   into u         5
v-vel.   =         12    7005.00  5 22.500  -3.1112561E-01   6.8122441E-01
input  v-vel.   into v         5
k.e.     =         12    7005.00  5 22.500   6.0110724E-05   2.5571889E-01
input  k.e.     into k.e.      5
thknss   =         12    7005.00  5 22.500   2.8160121E+04   6.0995056E+05
input  thknss   into dp        5
temp     =         12    7005.00  5 22.500   7.6289696E-01   2.9172689E+01
input  temp     into temp      5
 idm,jdm,iorign,jorign,ii,jj,k =  57 52 1 1 57 52 5
 work(31,2)   =  26.93187
 temp(31,2,1) =  26.983473
salin    =         12    7005.00  5 22.500   3.2416088E+01   3.7219933E+01
input  salin    into saln      5
density  =         12    7005.00  5 22.500  -2.6178293E+00   2.4264212E+00
input  density  into th3d      5
finished reading data for layer 22.50000
u-vel.   =         12    7005.00  6 23.250  -5.8747619E-01   6.7573416E-01
input  u-vel.   into u         6
v-vel.   =         12    7005.00  6 23.250  -3.1862959E-01   6.3442409E-01
input  v-vel.   into v         6
k.e.     =         12    7005.00  6 23.250   5.6680481E-05   1.9094542E-01
input  k.e.     into k.e.      6
thknss   =         12    7005.00  6 23.250   5.3012195E+04   9.2337419E+05
input  thknss   into dp        6
temp     =         12    7005.00  6 23.250   7.0387167E-01   2.7977076E+01
input  temp     into temp      6
 idm,jdm,iorign,jorign,ii,jj,k =  57 52 1 1 57 52 6
 work(31,2)   =  27.09489
 temp(31,2,1) =  26.983473
salin    =         12    7005.00  6 23.250   3.2702087E+01   3.7218166E+01
input  salin    into saln      6
density  =         12    7005.00  6 23.250  -2.0805631E+00   2.4429834E+00
input  density  into th3d      6
finished reading data for layer 23.25000
u-vel.   =         12    7005.00  7 24.000  -5.9020782E-01   6.7631459E-01
input  u-vel.   into u         7
v-vel.   =         12    7005.00  7 24.000  -5.6262439E-01   1.0440646E+00
input  v-vel.   into v         7
k.e.     =         12    7005.00  7 24.000   5.3071071E-05   5.5714464E-01
input  k.e.     into k.e.      7
thknss   =         12    7005.00  7 24.000   4.5362027E+04   9.4366188E+05
input  thknss   into dp        7
temp     =         12    7005.00  7 24.000   6.2202483E-01   2.7084183E+01
input  temp     into temp      7
 idm,jdm,iorign,jorign,ii,jj,k =  57 52 1 1 57 52 7
 work(31,2)   =  26.583023
 temp(31,2,1) =  26.983473
salin    =         12    7005.00  7 24.000   3.2963600E+01   3.7230705E+01
input  salin    into saln      7
density  =         12    7005.00  7 24.000  -1.1163726E+00   2.4527309E+00
input  density  into th3d      7
finished reading data for layer 24.00000
u-vel.   =         12    7005.00  8 24.700  -6.0058683E-01   6.7730767E-01
input  u-vel.   into u         8
v-vel.   =         12    7005.00  8 24.700  -2.8194362E-01   7.1481532E-01
input  v-vel.   into v         8
k.e.     =         12    7005.00  8 24.700   6.4508429E-05   2.3094085E-01
input  k.e.     into k.e.      8
thknss   =         12    7005.00  8 24.700   6.7093562E+04   1.1632231E+06
input  thknss   into dp        8
temp     =         12    7005.00  8 24.700   5.8780205E-01   2.5672701E+01
input  temp     into temp      8
 idm,jdm,iorign,jorign,ii,jj,k =  57 52 1 1 57 52 8
 work(31,2)   =  25.445875
 temp(31,2,1) =  26.983473
salin    =         12    7005.00  8 24.700   3.3190094E+01   3.7151134E+01
input  salin    into saln      8
density  =         12    7005.00  8 24.700  -5.1634836E-01   2.4650307E+00
input  density  into th3d      8
finished reading data for layer 24.70000
u-vel.   =         12    7005.00  9 25.280  -6.1425704E-01   6.7781103E-01
input  u-vel.   into u         9
v-vel.   =         12    7005.00  9 25.280  -2.7055416E-01   6.0196161E-01
input  v-vel.   into v         9
k.e.     =         12    7005.00  9 25.280   7.7319739E-05   1.9422404E-01
input  k.e.     into k.e.      9
thknss   =         12    7005.00  9 25.280   7.5480250E+04   1.3258731E+06
input  thknss   into dp        9
temp     =         12    7005.00  9 25.280   6.2792909E-01   2.3602571E+01
input  temp     into temp      9
 idm,jdm,iorign,jorign,ii,jj,k =  57 52 1 1 57 52 9
 work(31,2)   =  23.460583
 temp(31,2,1) =  26.983473
salin    =         12    7005.00  9 25.280   3.3345654E+01   3.7032570E+01
input  salin    into saln      9
density  =         12    7005.00  9 25.280   1.1578298E-01   2.4798057E+00
input  density  into th3d      9
finished reading data for layer 25.28000
u-vel.   =         12    7005.00 10 25.770  -6.2696135E-01   6.8016559E-01
input  u-vel.   into u        10
v-vel.   =         12    7005.00 10 25.770  -3.7837797E-01   7.8706431E-01
input  v-vel.   into v        10
k.e.     =         12    7005.00 10 25.770   5.0308328E-05   2.3528948E-01
input  k.e.     into k.e.     10
thknss   =         12    7005.00 10 25.770   7.4905445E+04   3.4616545E+06
input  thknss   into dp       10
temp     =         12    7005.00 10 25.770   6.9029963E-01   2.1210888E+01
input  temp     into temp     10
 idm,jdm,iorign,jorign,ii,jj,k =  57 52 1 1 57 52 10
 work(31,2)   =  20.264957
 temp(31,2,1) =  26.983473
salin    =         12    7005.00 10 25.770   3.3469807E+01   3.6756264E+01
input  salin    into saln     10
density  =         12    7005.00 10 25.770   6.7935425E-01   2.4938996E+00
input  density  into th3d     10
finished reading data for layer 25.77000
u-vel.   =         12    7005.00 11 26.180  -6.3378930E-01   6.7984569E-01
input  u-vel.   into u        11
v-vel.   =         12    7005.00 11 26.180  -2.5100434E-01   5.7872820E-01
input  v-vel.   into v        11
k.e.     =         12    7005.00 11 26.180   3.3910339E-05   2.0089692E-01
input  k.e.     into k.e.     11
thknss   =         12    7005.00 11 26.180   9.1720500E+04   3.9784638E+06
input  thknss   into dp       11
temp     =         12    7005.00 11 26.180   7.6708698E-01   1.8542801E+01
input  temp     into temp     11
 idm,jdm,iorign,jorign,ii,jj,k =  57 52 1 1 57 52 11
 work(31,2)   =  16.61913
 temp(31,2,1) =  26.983473
salin    =         12    7005.00 11 26.180   3.3579098E+01   3.6361469E+01
input  salin    into saln     11
density  =         12    7005.00 11 26.180   1.1114699E+00   2.5045028E+00
input  density  into th3d     11
finished reading data for layer 26.18000
u-vel.   =         12    7005.00 12 26.520  -6.4123142E-01   6.6997486E-01
input  u-vel.   into u        12
v-vel.   =         12    7005.00 12 26.520  -3.8889065E-01   5.6761098E-01
input  v-vel.   into v        12
k.e.     =         12    7005.00 12 26.520   1.1694162E-05   1.9985996E-01
input  k.e.     into k.e.     12
thknss   =         12    7005.00 12 26.520   4.3823305E+04   4.3467175E+06
input  thknss   into dp       12
temp     =         12    7005.00 12 26.520   8.4809411E-01   1.5974933E+01
input  temp     into temp     12
 idm,jdm,iorign,jorign,ii,jj,k =  57 52 1 1 57 52 12
 work(31,2)   =  13.411393
 temp(31,2,1) =  26.983473
salin    =         12    7005.00 12 26.520   3.3637596E+01   3.5970287E+01
input  salin    into saln     12
density  =         12    7005.00 12 26.520   1.3545954E+00   2.5228083E+00
input  density  into th3d     12
finished reading data for layer 26.52000
u-vel.   =         12    7005.00 13 26.800  -6.3639522E-01   6.6118550E-01
input  u-vel.   into u        13
v-vel.   =         12    7005.00 13 26.800  -2.3820165E-01   5.7227105E-01
input  v-vel.   into v        13
k.e.     =         12    7005.00 13 26.800   1.3445104E-05   2.0153296E-01
input  k.e.     into k.e.     13
thknss   =         12    7005.00 13 26.800   1.4786117E+04   4.7253485E+06
input  thknss   into dp       13
temp     =         12    7005.00 13 26.800   1.0456812E+00   1.5073529E+01
input  temp     into temp     13
 idm,jdm,iorign,jorign,ii,jj,k =  57 52 1 1 57 52 13
 work(31,2)   =  10.313262
 temp(31,2,1) =  26.983473
salin    =         12    7005.00 13 26.800   3.3645096E+01   3.5693249E+01
input  salin    into saln     13
density  =         12    7005.00 13 26.800   1.4732937E+00   2.5352855E+00
input  density  into th3d     13
finished reading data for layer 26.80000
u-vel.   =         12    7005.00 14 27.030  -6.3675505E-01   7.0063275E-01
input  u-vel.   into u        14
v-vel.   =         12    7005.00 14 27.030  -2.6293218E-01   5.8717942E-01
input  v-vel.   into v        14
k.e.     =         12    7005.00 14 27.030   6.5834010E-06   2.2358659E-01
input  k.e.     into k.e.     14
thknss   =         12    7005.00 14 27.030   1.1173541E+01   4.7760410E+06
input  thknss   into dp       14
temp     =         12    7005.00 14 27.030   1.0848308E+00   1.4350467E+01
input  temp     into temp     14
 idm,jdm,iorign,jorign,ii,jj,k =  57 52 1 1 57 52 14
 work(31,2)   =  7.147467
 temp(31,2,1) =  26.983473
salin    =         12    7005.00 14 27.030   3.3832649E+01   3.5606968E+01
input  salin    into saln     14
density  =         12    7005.00 14 27.030   1.5590830E+00   2.5489445E+00
input  density  into th3d     14
finished reading data for layer 27.03000
u-vel.   =         12    7005.00 15 27.220  -7.3451567E-01   7.3787785E-01
input  u-vel.   into u        15
v-vel.   =         12    7005.00 15 27.220  -3.6521295E-01   4.7340137E-01
input  v-vel.   into v        15
k.e.     =         12    7005.00 15 27.220   1.6811474E-06   2.5214893E-01
input  k.e.     into k.e.     15
thknss   =         12    7005.00 15 27.220   3.1639347E+00   2.9441648E+06
input  thknss   into dp       15
temp     =         12    7005.00 15 27.220   1.3868438E+00   1.3316320E+01
input  temp     into temp     15
 idm,jdm,iorign,jorign,ii,jj,k =  57 52 1 1 57 52 15
 work(31,2)   =  4.8347525
 temp(31,2,1) =  26.983473
salin    =         12    7005.00 15 27.220   3.4013069E+01   3.5564793E+01
input  salin    into saln     15
density  =         12    7005.00 15 27.220   1.7593588E+00   2.5889528E+00
input  density  into th3d     15
finished reading data for layer 27.22000
u-vel.   =         12    7005.00 16 27.380  -7.0562845E-01   5.3222287E-01
input  u-vel.   into u        16
v-vel.   =         12    7005.00 16 27.380  -3.1533337E-01   4.6888062E-01
input  v-vel.   into v        16
k.e.     =         12    7005.00 16 27.380   2.1672656E-06   2.1742229E-01
input  k.e.     into k.e.     16
thknss   =         12    7005.00 16 27.380   2.3392794E+00   5.1375305E+06
input  thknss   into dp       16
temp     =         12    7005.00 16 27.380   2.0407643E+00   1.2352627E+01
input  temp     into temp     16
 idm,jdm,iorign,jorign,ii,jj,k =  57 52 1 1 57 52 16
 work(31,2)   =  3.9563958
 temp(31,2,1) =  26.983473
salin    =         12    7005.00 16 27.380   3.4260105E+01   3.5518997E+01
input  salin    into saln     16
density  =         12    7005.00 16 27.380   1.9300959E+00   2.6587498E+00
input  density  into th3d     16
finished reading data for layer 27.38000
u-vel.   =         12    7005.00 17 27.520  -5.2648169E-01   4.6452686E-01
input  u-vel.   into u        17
v-vel.   =         12    7005.00 17 27.520  -2.9319081E-01   5.1930374E-01
input  v-vel.   into v        17
k.e.     =         12    7005.00 17 27.520   1.1039016E-06   1.4021733E-01
input  k.e.     into k.e.     17
thknss   =         12    7005.00 17 27.520   2.1169158E-03   4.5872700E+06
input  thknss   into dp       17
temp     =         12    7005.00 17 27.520   2.8395362E+00   9.4525900E+00
input  temp     into temp     17
 idm,jdm,iorign,jorign,ii,jj,k =  57 52 1 1 57 52 17
 work(31,2)   =  3.6322135
 temp(31,2,1) =  26.983473
salin    =         12    7005.00 17 27.520   3.4517208E+01   3.5414852E+01
input  salin    into saln     17
density  =         12    7005.00 17 27.520   2.2110796E+00   2.6966009E+00
input  density  into th3d     17
finished reading data for layer 27.52000
u-vel.   =         12    7005.00 18 27.640  -3.9010325E-01   3.5106552E-01
input  u-vel.   into u        18
v-vel.   =         12    7005.00 18 27.640  -2.3910239E-01   3.5757926E-01
input  v-vel.   into v        18
k.e.     =         12    7005.00 18 27.640   1.9321003E-06   7.8291051E-02
input  k.e.     into k.e.     18
thknss   =         12    7005.00 18 27.640   1.4742231E-03   4.5627690E+06
input  thknss   into dp       18
temp     =         12    7005.00 18 27.640   3.4318550E+00   8.6363554E+00
input  temp     into temp     18
 idm,jdm,iorign,jorign,ii,jj,k =  57 52 1 1 57 52 18
 work(31,2)   =  3.8369772
 temp(31,2,1) =  26.983473
salin    =         12    7005.00 18 27.640   3.4709053E+01   3.5462486E+01
input  salin    into saln     18
density  =         12    7005.00 18 27.640   2.2598207E+00   2.8050735E+00
input  density  into th3d     18
finished reading data for layer 27.64000
u-vel.   =         12    7005.00 19 27.740  -6.7629498E-01   4.1158504E+00
input  u-vel.   into u        19
v-vel.   =         12    7005.00 19 27.740  -2.3910239E-01   3.5757926E-01
input  v-vel.   into v        19
k.e.     =         12    7005.00 19 27.740   1.4200513E-06   2.1250492E-01
input  k.e.     into k.e.     19
thknss   =         12    7005.00 19 27.740   0.0000000E+00   1.1146678E+07
input  thknss   into dp       19
temp     =         12    7005.00 19 27.740   2.0119295E+00   7.9489264E+00
input  temp     into temp     19
 idm,jdm,iorign,jorign,ii,jj,k =  57 52 1 1 57 52 19
 work(31,2)   =  3.7663545
 temp(31,2,1) =  26.983473
salin    =         12    7005.00 19 27.740   3.4779545E+01   3.5515766E+01
input  salin    into saln     19
density  =         12    7005.00 19 27.740   2.5238070E+00   2.8377726E+00
input  density  into th3d     19
finished reading data for layer 27.74000
u-vel.   =         12    7005.00 20 27.820  -1.8736079E+00   4.1158504E+00
input  u-vel.   into u        20
v-vel.   =         12    7005.00 20 27.820  -3.1863621E-01   3.5757926E-01
input  v-vel.   into v        20
k.e.     =         12    7005.00 20 27.820   6.4384079E-07   9.8026797E-02
input  k.e.     into k.e.     20
thknss   =         12    7005.00 20 27.820   0.0000000E+00   1.2029062E+07
input  thknss   into dp       20
temp     =         12    7005.00 20 27.820   1.5506001E+00   7.0056090E+00
input  temp     into temp     20
 idm,jdm,iorign,jorign,ii,jj,k =  57 52 1 1 57 52 20
 work(31,2)   =  3.2825124
 temp(31,2,1) =  26.983473
salin    =         12    7005.00 20 27.820   3.4781792E+01   3.5426323E+01
input  salin    into saln     20
density  =         12    7005.00 20 27.820   2.6199279E+00   2.8562419E+00
input  density  into th3d     20
finished reading data for layer 27.82000
u-vel.   =         12    7005.00 21 27.880  -1.8736079E+00   4.1158504E+00
input  u-vel.   into u        21
v-vel.   =         12    7005.00 21 27.880  -2.3910239E-01   3.5757926E-01
input  v-vel.   into v        21
k.e.     =         12    7005.00 21 27.880   1.3864535E-07   7.1557313E-02
input  k.e.     into k.e.     21
thknss   =         12    7005.00 21 27.880   0.0000000E+00   2.7186540E+07
input  thknss   into dp       21
temp     =         12    7005.00 21 27.880   2.8785133E-01   6.5422812E+00
input  temp     into temp     21
 idm,jdm,iorign,jorign,ii,jj,k =  57 52 1 1 57 52 21
 work(31,2)   =  2.9239797
 temp(31,2,1) =  26.983473
salin    =         12    7005.00 21 27.880   3.4748886E+01   3.5503754E+01
input  salin    into saln     21
density  =         12    7005.00 21 27.880   2.6385372E+00   2.9004729E+00
input  density  into th3d     21
finished reading data for layer 27.88000
u-vel.   =         12    7005.00 22 27.940  -1.8736079E+00   4.1158504E+00
input  u-vel.   into u        22
v-vel.   =         12    7005.00 22 27.940  -2.3910239E-01   7.2080880E-01
input  v-vel.   into v        22
k.e.     =         12    7005.00 22 27.940   1.1688514E-07   4.9770840E-02
input  k.e.     into k.e.     22
thknss   =         12    7005.00 22 27.940   0.0000000E+00   1.1595456E+07
input  thknss   into dp       22
temp     =         12    7005.00 22 27.940  -9.3016618E-01   6.5422812E+00
input  temp     into temp     22
 idm,jdm,iorign,jorign,ii,jj,k =  57 52 1 1 57 52 22
 work(31,2)   =  2.238065
 temp(31,2,1) =  26.983473
salin    =         12    7005.00 22 27.940   3.4748886E+01   3.5503754E+01
input  salin    into saln     22
density  =         12    7005.00 22 27.940   2.6385372E+00   2.9757030E+00
input  density  into th3d     22
finished reading data for layer 27.94000
 input mnsq file: archSQ.0020.b
COADS forcing: precip_zero; srelax;                                             
boundary relax; iniflg=2; KPP mixed layer; Jerlov IA;                           
Z(22): dp00/f/x=3m/1.125/12m; ATLb2.00/src_2.1.00_22.                           
12345678901234567890123456789012345678901234567890123456789012345678901234567890
 iversn =  20
 iexpt  =  10
 yrflag =  0
 idm    =  57
 jdm    =  52
field         no. recs  mnsq day  k  dens        min              max
montg1   =         12    6840.00  0  0.000   9.4846275E-04   2.3485840E+02
input  montg1   into montg   
srfhgt   =         12    7170.00  0  0.000   2.1715794E-02   6.6650505E+01
input  srfhgt   into srfht   
surflx   =         12    7005.00  0  0.000   8.5796545E+02   8.3204031E+04
input  surflx   into surflx  
salflx   =         12    7005.00  0  0.000   1.7607803E-08   2.7038455E-03
input  salflx   into salflx  
bl_dpth  =         12    7005.00  0  0.000   8.7593408E+08   5.2133039E+12
input  bl_dpth  into dpbl    
mix_dpth =         12    7005.00  0  0.000   8.7178822E+08   8.8484484E+12
input  mix_dpth into dpmixl  
tmix     =         12    7005.00  0  0.000   1.0429459E+01   9.0267810E+02
input  tmix     into tmix    
smix     =         12    7005.00  0  0.000   9.5743958E+02   1.3837607E+03
input  smix     into smix    
thmix    =         12    7005.00  0  0.000   9.3522698E-02   3.5052849E+01
input  thmix    into thmix   
umix     =         12    7005.00  0  0.000   1.0514128E-04   6.2621891E-01
input  umix     into umix    
vmix     =         12    7005.00  0  0.000   8.1694248E-05   9.0648520E-01
input  vmix     into vmix    
kemix    =         12    7005.00  0  0.000   2.8108694E-08   2.9364732E-01
input  kemix    into kemix   
u_btrop  =         12    7005.00  0  0.000   2.4530962E-07   2.6681429E-01
input  u_btrop  into ubaro   
v_btrop  =         12    7005.00  0  0.000   1.4635567E-07   2.5499243E-01
input  v_btrop  into vbaro   
kebtrop  =         12    7005.00  0  0.000   1.5760270E-13   8.1481524E-03
input  kebtrop  into kebaro  
u-vel.   =         12    7005.00  1 19.500   1.9798506E-04   1.1288644E+00
input  u-vel.   into u         1
v-vel.   =         12    7005.00  1 19.500   1.2447951E-04   8.9675790E-01
input  v-vel.   into v         1
k.e.     =         12    7005.00  1 19.500   4.2190612E-07   4.2896897E-01
input  k.e.     into k.e.      1
thknss   =         12    7005.00  1 19.500   8.6541875E+08   8.6541875E+08
input  thknss   into dp        1
mnthknss =         12    7005.00  1 19.500   2.9418000E+04   2.9418000E+04
input  mnthknss into dw        1
temp     =         12    7005.00  1 19.500   1.0394652E+01   9.0152771E+02
input  temp     into temp      1
 idm,jdm,iorign,jorign,ii,jj,k =  57 52 1 1 57 52 1
 work(31,2)   =  730.03216
 temp(31,2,1) =  730.03216
salin    =         12    7005.00  1 19.500   9.5611188E+02   1.3855815E+03
input  salin    into saln      1
density  =         12    7005.00  1 19.500   9.6338846E-02   3.5130798E+01
input  density  into th3d      1
finished reading data for layer 19.50000
u-vel.   =         12    7005.00  2 20.250   1.2639568E-04   1.0025359E+00
input  u-vel.   into u         2
v-vel.   =         12    7005.00  2 20.250   7.6054632E-05   6.2673545E-01
input  v-vel.   into v         2
k.e.     =         12    7005.00  2 20.250   2.0922986E-08   2.7775809E-01
input  k.e.     into k.e.      2
thknss   =         12    7005.00  2 20.250   1.0952957E+09   1.3647956E+10
input  thknss   into dp        2
mnthknss =         12    7005.00  2 20.250   3.3095250E+04   1.0965120E+05
input  mnthknss into dw        2
temp     =         12    7005.00  2 20.250   7.9541211E+00   9.1052100E+02
input  temp     into temp      2
 idm,jdm,iorign,jorign,ii,jj,k =  57 52 1 1 57 52 2
 work(31,2)   =  730.0044
 temp(31,2,1) =  730.03216
salin    =         12    7005.00  2 20.250   9.7387305E+02   1.3855559E+03
input  salin    into saln      2
density  =         12    7005.00  2 20.250   9.6242450E-02   3.1275164E+01
input  density  into th3d      2
finished reading data for layer 20.25000
u-vel.   =         12    7005.00  3 21.000   9.6697135E-05   8.9310962E-01
input  u-vel.   into u         3
v-vel.   =         12    7005.00  3 21.000   9.5908188E-05   6.1107856E-01
input  v-vel.   into v         3
k.e.     =         12    7005.00  3 21.000   5.6013447E-09   2.3703693E-01
input  k.e.     into k.e.      3
thknss   =         12    7005.00  3 21.000   1.2471392E+09   1.2258894E+10
input  thknss   into dp        3
mnthknss =         12    7005.00  3 21.000   3.4400559E+04   1.0057974E+05
input  mnthknss into dw        3
temp     =         12    7005.00  3 21.000   5.2930837E+00   9.0594061E+02
input  temp     into temp      3
 idm,jdm,iorign,jorign,ii,jj,k =  57 52 1 1 57 52 3
 work(31,2)   =  729.84735
 temp(31,2,1) =  730.03216
salin    =         12    7005.00  3 21.000   1.0016379E+03   1.3855359E+03
input  salin    into saln      3
density  =         12    7005.00  3 21.000   9.6110046E-02   1.7990238E+01
input  density  into th3d      3
finished reading data for layer 21.00000
u-vel.   =         12    7005.00  4 21.750   9.9719837E-05   7.6862496E-01
input  u-vel.   into u         4
v-vel.   =         12    7005.00  4 21.750   8.5230422E-05   5.3378469E-01
input  v-vel.   into v         4
k.e.     =         12    7005.00  4 21.750   5.4672520E-09   1.6170664E-01
input  k.e.     into k.e.      4
thknss   =         12    7005.00  4 21.750   1.7544518E+09   5.1098034E+10
input  thknss   into dp        4
mnthknss =         12    7005.00  4 21.750   4.1886180E+04   1.8653834E+05
input  mnthknss into dw        4
temp     =         12    7005.00  4 21.750   3.4070523E+00   8.7469403E+02
input  temp     into temp      4
 idm,jdm,iorign,jorign,ii,jj,k =  57 52 1 1 57 52 4
 work(31,2)   =  729.49963
 temp(31,2,1) =  730.03216
salin    =         12    7005.00  4 21.750   1.0281522E+03   1.3854302E+03
input  salin    into saln      4
density  =         12    7005.00  4 21.750   9.5994458E-02   1.2780143E+01
input  density  into th3d      4
finished reading data for layer 21.75000
u-vel.   =         12    7005.00  5 22.500   7.8961813E-05   6.0205901E-01
input  u-vel.   into u         5
v-vel.   =         12    7005.00  5 22.500   1.1414013E-04   5.1775753E-01
input  v-vel.   into v         5
k.e.     =         12    7005.00  5 22.500   6.9303394E-09   7.8649916E-02
input  k.e.     into k.e.      5
thknss   =         12    7005.00  5 22.500   1.2137375E+09   4.0920148E+11
input  thknss   into dp        5
mnthknss =         12    7005.00  5 22.500   2.8160121E+04   6.0995056E+05
input  mnthknss into dw        5
temp     =         12    7005.00  5 22.500   2.2137465E+00   8.5208215E+02
input  temp     into temp      5
 idm,jdm,iorign,jorign,ii,jj,k =  57 52 1 1 57 52 5
 work(31,2)   =  727.2351
 temp(31,2,1) =  730.03216
salin    =         12    7005.00  5 22.500   1.0509985E+03   1.3853292E+03
input  salin    into saln      5
density  =         12    7005.00  5 22.500   9.6359633E-02   6.8711171E+00
input  density  into th3d      5
finished reading data for layer 22.50000
u-vel.   =         12    7005.00  6 23.250   7.1704060E-05   4.5893508E-01
input  u-vel.   into u         6
v-vel.   =         12    7005.00  6 23.250   9.1506910E-05   4.0520486E-01
input  v-vel.   into v         6
k.e.     =         12    7005.00  6 23.250   7.8109341E-09   3.7040260E-02
input  k.e.     into k.e.      6
thknss   =         12    7005.00  6 23.250   2.8102925E+09   8.6311620E+11
input  thknss   into dp        6
mnthknss =         12    7005.00  6 23.250   5.3012195E+04   9.2337419E+05
input  mnthknss into dw        6
temp     =         12    7005.00  6 23.250   1.6306782E+00   7.8377502E+02
input  temp     into temp      6
 idm,jdm,iorign,jorign,ii,jj,k =  57 52 1 1 57 52 6
 work(31,2)   =  735.7641
 temp(31,2,1) =  730.03216
salin    =         12    7005.00  6 23.250   1.0695802E+03   1.3851978E+03
input  salin    into saln      6
density  =         12    7005.00  6 23.250   9.5568419E-02   6.0022173E+00
input  density  into th3d      6
finished reading data for layer 23.25000
u-vel.   =         12    7005.00  7 24.000   6.6365887E-05   4.5942712E-01
input  u-vel.   into u         7
v-vel.   =         12    7005.00  7 24.000   4.9051418E-05   1.1120802E+00
input  v-vel.   into v         7
k.e.     =         12    7005.00  7 24.000   7.0487411E-09   3.6268735E-01
input  k.e.     into k.e.      7
thknss   =         12    7005.00  7 24.000   2.2507448E+09   1.0643187E+12
input  thknss   into dp        7
mnthknss =         12    7005.00  7 24.000   4.5362027E+04   9.4366188E+05
input  mnthknss into dw        7
temp     =         12    7005.00  7 24.000   1.1670403E+00   7.3393579E+02
input  temp     into temp      7
 idm,jdm,iorign,jorign,ii,jj,k =  57 52 1 1 57 52 7
 work(31,2)   =  707.441
 temp(31,2,1) =  730.03216
salin    =         12    7005.00  7 24.000   1.0866974E+03   1.3861313E+03
input  salin    into saln      7
density  =         12    7005.00  7 24.000   6.6094346E-02   6.0465307E+00
input  density  into th3d      7
finished reading data for layer 24.00000
u-vel.   =         12    7005.00  8 24.700   6.9251997E-05   4.6056935E-01
input  u-vel.   into u         8
v-vel.   =         12    7005.00  8 24.700   6.9080976E-05   5.7326317E-01
input  v-vel.   into v         8
k.e.     =         12    7005.00  8 24.700   7.0666242E-09   7.6117538E-02
input  k.e.     into k.e.      8
thknss   =         12    7005.00  8 24.700   4.5015450E+09   1.3547772E+12
input  thknss   into dp        8
mnthknss =         12    7005.00  8 24.700   6.7093562E+04   1.1632231E+06
input  mnthknss into dw        8
temp     =         12    7005.00  8 24.700   9.2267430E-01   6.5910651E+02
input  temp     into temp      8
 idm,jdm,iorign,jorign,ii,jj,k =  57 52 1 1 57 52 8
 work(31,2)   =  647.6003
 temp(31,2,1) =  730.03216
salin    =         12    7005.00  8 24.700   1.1016410E+03   1.3802141E+03
input  salin    into saln      8
density  =         12    7005.00  8 24.700   2.2311475E-02   6.1028557E+00
input  density  into th3d      8
finished reading data for layer 24.70000
u-vel.   =         12    7005.00  9 25.280   8.5871790E-05   4.6119180E-01
input  u-vel.   into u         9
v-vel.   =         12    7005.00  9 25.280   4.4856402E-05   4.0713304E-01
input  v-vel.   into v         9
k.e.     =         12    7005.00  9 25.280   1.3430671E-08   6.4406686E-02
input  k.e.     into k.e.      9
thknss   =         12    7005.00  9 25.280   5.6972687E+09   1.7701806E+12
input  thknss   into dp        9
mnthknss =         12    7005.00  9 25.280   7.5480250E+04   1.3258731E+06
input  mnthknss into dw        9
temp     =         12    7005.00  9 25.280   7.6707804E-01   5.5721637E+02
input  temp     into temp      9
 idm,jdm,iorign,jorign,ii,jj,k =  57 52 1 1 57 52 9
 work(31,2)   =  550.4803
 temp(31,2,1) =  730.03216
salin    =         12    7005.00  9 25.280   1.1119694E+03   1.3714131E+03
input  salin    into saln      9
density  =         12    7005.00  9 25.280   3.6155414E-02   6.1719599E+00
input  density  into th3d      9
finished reading data for layer 25.28000
u-vel.   =         12    7005.00 10 25.770   3.4507524E-05   4.6438465E-01
input  u-vel.   into u        10
v-vel.   =         12    7005.00 10 25.770   2.5436328E-05   6.7132908E-01
input  v-vel.   into v        10
k.e.     =         12    7005.00 10 25.770   3.4467911E-09   6.6351786E-02
input  k.e.     into k.e.     10
thknss   =         12    7005.00 10 25.770   5.8687846E+09   1.2167696E+13
input  thknss   into dp       10
mnthknss =         12    7005.00 10 25.770   7.4905445E+04   3.4616545E+06
input  mnthknss into dw       10
temp     =         12    7005.00 10 25.770   7.9113638E-01   4.4991974E+02
input  temp     into temp     10
 idm,jdm,iorign,jorign,ii,jj,k =  57 52 1 1 57 52 10
 work(31,2)   =  410.73626
 temp(31,2,1) =  730.03216
salin    =         12    7005.00 10 25.770   1.1202538E+03   1.3510262E+03
input  salin    into saln     10
density  =         12    7005.00 10 25.770   4.6762958E-01   6.2394924E+00
input  density  into th3d     10
finished reading data for layer 25.77000
u-vel.   =         12    7005.00 11 26.180   2.1430007E-05   4.6388543E-01
input  u-vel.   into u        11
v-vel.   =         12    7005.00 11 26.180   1.8122380E-05   3.4014770E-01
input  v-vel.   into v        11
k.e.     =         12    7005.00 11 26.180   2.4596234E-09   4.0701900E-02
input  k.e.     into k.e.     11
thknss   =         12    7005.00 11 26.180   8.5722583E+09   1.5861914E+13
input  thknss   into dp       11
mnthknss =         12    7005.00 11 26.180   9.1720500E+04   3.9784638E+06
input  mnthknss into dw       11
temp     =         12    7005.00 11 26.180   8.5198390E-01   3.4384775E+02
input  temp     into temp     11
 idm,jdm,iorign,jorign,ii,jj,k =  57 52 1 1 57 52 11
 work(31,2)   =  276.22576
 temp(31,2,1) =  730.03216
salin    =         12    7005.00 11 26.180   1.1275721E+03   1.3221583E+03
input  salin    into saln     11
density  =         12    7005.00 11 26.180   1.2389199E+00   6.2906532E+00
input  density  into th3d     11
finished reading data for layer 26.18000
u-vel.   =         12    7005.00 12 26.520   1.0237593E-05   4.5010677E-01
input  u-vel.   into u        12
v-vel.   =         12    7005.00 12 26.520   9.4351253E-06   3.2914963E-01
input  v-vel.   into v        12
k.e.     =         12    7005.00 12 26.520   2.8028685E-10   4.0215082E-02
input  k.e.     into k.e.     12
thknss   =         12    7005.00 12 26.520   3.6410232E+09   1.8916315E+13
input  thknss   into dp       12
mnthknss =         12    7005.00 12 26.520   4.3823305E+04   4.3467175E+06
input  mnthknss into dw       12
temp     =         12    7005.00 12 26.520   9.2814916E-01   2.5554462E+02
input  temp     into temp     12
 idm,jdm,iorign,jorign,ii,jj,k =  57 52 1 1 57 52 12
 work(31,2)   =  179.87755
 temp(31,2,1) =  730.03216
salin    =         12    7005.00 12 26.520   1.1315459E+03   1.2938673E+03
input  salin    into saln     12
density  =         12    7005.00 12 26.520   1.8449932E+00   6.3807645E+00
input  density  into th3d     12
finished reading data for layer 26.52000
u-vel.   =         12    7005.00 13 26.800   9.3933359E-06   4.4035947E-01
input  u-vel.   into u        13
v-vel.   =         12    7005.00 13 26.800   2.0416912E-06   3.3631259E-01
input  v-vel.   into v        13
k.e.     =         12    7005.00 13 26.800   3.4469877E-10   4.0883277E-02
input  k.e.     into k.e.     13
thknss   =         12    7005.00 13 26.800   9.3603040E+08   2.2343594E+13
input  thknss   into dp       13
mnthknss =         12    7005.00 13 26.800   1.4786117E+04   4.7253485E+06
input  mnthknss into dw       13
temp     =         12    7005.00 13 26.800   1.2362121E+00   2.2733197E+02
input  temp     into temp     13
 idm,jdm,iorign,jorign,ii,jj,k =  57 52 1 1 57 52 13
 work(31,2)   =  106.430244
 temp(31,2,1) =  730.03216
salin    =         12    7005.00 13 26.800   1.1320265E+03   1.2740084E+03
input  salin    into saln     13
density  =         12    7005.00 13 26.800   2.1731505E+00   6.4417591E+00
input  density  into th3d     13
finished reading data for layer 26.80000
u-vel.   =         12    7005.00 14 27.030   4.5812008E-06   5.0131434E-01
input  u-vel.   into u        14
v-vel.   =         12    7005.00 14 27.030   2.0039110E-06   3.4983617E-01
input  v-vel.   into v        14
k.e.     =         12    7005.00 14 27.030   5.8870103E-11   5.2609727E-02
input  k.e.     into k.e.     14
thknss   =         12    7005.00 14 27.030   3.8980176E+02   2.2833760E+13
input  thknss   into dp       14
mnthknss =         12    7005.00 14 27.030   1.1173541E+01   4.7760410E+06
input  mnthknss into dw       14
temp     =         12    7005.00 14 27.030   1.2957754E+00   2.0692004E+02
input  temp     into temp     14
 idm,jdm,iorign,jorign,ii,jj,k =  57 52 1 1 57 52 14
 work(31,2)   =  51.141456
 temp(31,2,1) =  730.03216
salin    =         12    7005.00 14 27.030   1.1446559E+03   1.2678594E+03
input  salin    into saln     14
density  =         12    7005.00 14 27.030   2.4480360E+00   6.5101867E+00
input  density  into th3d     14
finished reading data for layer 27.03000
u-vel.   =         12    7005.00 15 27.220   1.4741977E-06   5.5939353E-01
input  u-vel.   into u        15
v-vel.   =         12    7005.00 15 27.220   1.2714379E-06   2.3716699E-01
input  v-vel.   into v        15
k.e.     =         12    7005.00 15 27.220   5.1607499E-12   6.8523727E-02
input  k.e.     into k.e.     15
thknss   =         12    7005.00 15 27.220   3.3916908E+01   1.0233565E+13
input  thknss   into dp       15
mnthknss =         12    7005.00 15 27.220   3.1639347E+00   2.9441648E+06
input  mnthknss into dw       15
temp     =         12    7005.00 15 27.220   1.9540578E+00   1.7778087E+02
input  temp     into temp     15
 idm,jdm,iorign,jorign,ii,jj,k =  57 52 1 1 57 52 15
 work(31,2)   =  23.388449
 temp(31,2,1) =  730.03216
salin    =         12    7005.00 15 27.220   1.1568905E+03   1.2648607E+03
input  salin    into saln     15
density  =         12    7005.00 15 27.220   3.0994389E+00   6.7195382E+00
input  density  into th3d     15
finished reading data for layer 27.22000
u-vel.   =         12    7005.00 16 27.380   1.6108705E-06   5.3147674E-01
input  u-vel.   into u        16
v-vel.   =         12    7005.00 16 27.380   1.2522116E-06   2.3108014E-01
input  v-vel.   into v        16
k.e.     =         12    7005.00 16 27.380   7.6831406E-12   6.4205311E-02
input  k.e.     into k.e.     16
thknss   =         12    7005.00 16 27.380   1.2546789E+01   2.6413896E+13
input  thknss   into dp       16
mnthknss =         12    7005.00 16 27.380   2.3392794E+00   5.1375305E+06
input  mnthknss into dw       16
temp     =         12    7005.00 16 27.380   4.2320518E+00   1.5265959E+02
input  temp     into temp     16
 idm,jdm,iorign,jorign,ii,jj,k =  57 52 1 1 57 52 16
 work(31,2)   =  15.654965
 temp(31,2,1) =  730.03216
salin    =         12    7005.00 16 27.380   1.1737550E+03   1.2615999E+03
input  salin    into saln     16
density  =         12    7005.00 16 27.380   3.7265112E+00   7.0952616E+00
input  density  into th3d     16
finished reading data for layer 27.38000
u-vel.   =         12    7005.00 17 27.520   1.6347165E-06   2.9769877E-01
input  u-vel.   into u        17
v-vel.   =         12    7005.00 17 27.520   6.4704199E-07   2.8133169E-01
input  v-vel.   into v        17
k.e.     =         12    7005.00 17 27.520   2.3059469E-12   2.6785316E-02
input  k.e.     into k.e.     17
thknss   =         12    7005.00 17 27.520   4.6042169E-06   2.1717492E+13
input  thknss   into dp       17
mnthknss =         12    7005.00 17 27.520   2.1169158E-03   4.5872700E+06
input  mnthknss into dw       17
temp     =         12    7005.00 17 27.520   8.1102629E+00   8.9374832E+01
input  temp     into temp     17
 idm,jdm,iorign,jorign,ii,jj,k =  57 52 1 1 57 52 17
 work(31,2)   =  13.1930894
 temp(31,2,1) =  730.03216
salin    =         12    7005.00 17 27.520   1.1914382E+03   1.2542125E+03
input  salin    into saln     17
density  =         12    7005.00 17 27.520   4.8890038E+00   7.2730584E+00
input  density  into th3d     17
finished reading data for layer 27.52000
u-vel.   =         12    7005.00 18 27.640   1.2655287E-06   1.6809547E-01
input  u-vel.   into u        18
v-vel.   =         12    7005.00 18 27.640   5.4576270E-07   1.3636419E-01
input  v-vel.   into v        18
k.e.     =         12    7005.00 18 27.640   6.0368620E-12   8.7721366E-03
input  k.e.     into k.e.     18
thknss   =         12    7005.00 18 27.640   4.0357636E-06   2.1029515E+13
input  thknss   into dp       18
mnthknss =         12    7005.00 18 27.640   1.4742231E-03   4.5627690E+06
input  mnthknss into dw       18
temp     =         12    7005.00 18 27.640   1.1780972E+01   7.4597427E+01
input  temp     into temp     18
 idm,jdm,iorign,jorign,ii,jj,k =  57 52 1 1 57 52 18
 work(31,2)   =  14.722449
 temp(31,2,1) =  730.03216
salin    =         12    7005.00 18 27.640   1.2047191E+03   1.2576071E+03
input  salin    into saln     18
density  =         12    7005.00 18 27.640   5.1075912E+00   7.8745651E+00
input  density  into th3d     18
finished reading data for layer 27.64000
u-vel.   =         12    7005.00 19 27.740   5.3003544E-07   8.7969857E-01
input  u-vel.   into u        19
v-vel.   =         12    7005.00 19 27.740   4.3303936E-07   1.3636419E-01
input  v-vel.   into v        19
k.e.     =         12    7005.00 19 27.740   3.4478601E-12   4.7040034E-02
input  k.e.     into k.e.     19
thknss   =         12    7005.00 19 27.740   0.0000000E+00   1.2427043E+14
input  thknss   into dp       19
mnthknss =         12    7005.00 19 27.740   0.0000000E+00   1.1146678E+07
input  mnthknss into dw       19
temp     =         12    7005.00 19 27.740   6.2866445E+00   6.3229893E+01
input  temp     into temp     19
 idm,jdm,iorign,jorign,ii,jj,k =  57 52 1 1 57 52 19
 work(31,2)   =  14.185473
 temp(31,2,1) =  730.03216
salin    =         12    7005.00 19 27.740   1.2096195E+03   1.2613770E+03
input  salin    into saln     19
density  =         12    7005.00 19 27.740   6.3699102E+00   8.0543823E+00
input  density  into th3d     19
finished reading data for layer 27.74000
u-vel.   =         12    7005.00 20 27.820   1.3836312E-07   8.7969857E-01
input  u-vel.   into u        20
v-vel.   =         12    7005.00 20 27.820   8.9499430E-08   1.4166611E-01
input  v-vel.   into v        20
k.e.     =         12    7005.00 20 27.820   9.2268868E-13   1.2792896E-02
input  k.e.     into k.e.     20
thknss   =         12    7005.00 20 27.820   0.0000000E+00   1.4478207E+14
input  thknss   into dp       20
mnthknss =         12    7005.00 20 27.820   0.0000000E+00   1.2029062E+07
input  mnthknss into dw       20
temp     =         12    7005.00 20 27.820   3.8266168E+00   4.9856915E+01
input  temp     into temp     20
 idm,jdm,iorign,jorign,ii,jj,k =  57 52 1 1 57 52 20
 work(31,2)   =  10.775145
 temp(31,2,1) =  730.03216
salin    =         12    7005.00 20 27.820   1.2097850E+03   1.2550455E+03
input  salin    into saln     20
density  =         12    7005.00 20 27.820   6.8672700E+00   8.1585188E+00
input  density  into th3d     20
finished reading data for layer 27.82000
u-vel.   =         12    7005.00 21 27.880   5.0328538E-08   8.7969857E-01
input  u-vel.   into u        21
v-vel.   =         12    7005.00 21 27.880   1.3286422E-07   1.3636419E-01
input  v-vel.   into v        21
k.e.     =         12    7005.00 21 27.880   4.0348638E-14   6.3224700E-03
input  k.e.     into k.e.     21
thknss   =         12    7005.00 21 27.880   0.0000000E+00   7.3914964E+14
input  thknss   into dp       21
mnthknss =         12    7005.00 21 27.880   0.0000000E+00   2.7186540E+07
input  mnthknss into dw       21
temp     =         12    7005.00 21 27.880   3.6288652E-01   4.3005043E+01
input  temp     into temp     21
 idm,jdm,iorign,jorign,ii,jj,k =  57 52 1 1 57 52 21
 work(31,2)   =  8.550311
 temp(31,2,1) =  730.03216
salin    =         12    7005.00 21 27.880   1.2074863E+03   1.2605221E+03
input  salin    into saln     21
density  =         12    7005.00 21 27.880   6.9618793E+00   8.4131756E+00
input  density  into th3d     21
finished reading data for layer 27.88000
u-vel.   =         12    7005.00 22 27.940   5.0328538E-08   8.7969857E-01
input  u-vel.   into u        22
v-vel.   =         12    7005.00 22 27.940   1.3286422E-07   3.7064674E-01
input  v-vel.   into v        22
k.e.     =         12    7005.00 22 27.940   2.6720633E-14   2.5662354E-03
input  k.e.     into k.e.     22
thknss   =         12    7005.00 22 27.940   0.0000000E+00   1.3446073E+14
input  thknss   into dp       22
mnthknss =         12    7005.00 22 27.940   0.0000000E+00   1.1595456E+07
input  mnthknss into dw       22
temp     =         12    7005.00 22 27.940   1.8950405E-02   4.3005043E+01
input  temp     into temp     22
 idm,jdm,iorign,jorign,ii,jj,k =  57 52 1 1 57 52 22
 work(31,2)   =  5.009445
 temp(31,2,1) =  730.03216
salin    =         12    7005.00 22 27.940   1.2074863E+03   1.2605221E+03
input  salin    into saln     22
density  =         12    7005.00 22 27.940   6.9618793E+00   8.8554916E+00
input  density  into th3d     22
finished reading data for layer 27.94000
output file: archSD.0020
 
COADS forcing: precip_zero; srelax;                                             
boundary relax; iniflg=2; KPP mixed layer; Jerlov IA;                           
Z(22): dp00/f/x=3m/1.125/12m; ATLb2.00/src_2.1.00_22.                           
12345678901234567890123456789012345678901234567890123456789012345678901234567890
   20    'iversn' = hycom version number x10
   10    'iexpt ' = experiment number x10
    0    'yrflag' = days in year flag
   57    'idm   ' = longitudinal array size
   52    'jdm   ' = latitudinal  array size
field         no. recs  std. day  k  dens        min              max
montg1   =         12    6840.00  0  0.000   2.8329359E-02   1.3415574E+00
srfhgt   =         12    7170.00  0  0.000   4.6713550E-02   1.2598014E+00
surflx   =         12    7005.00  0  0.000   7.7622762E+00   2.3226701E+02
salflx   =         12    7005.00  0  0.000   1.1042865E-04   1.8266939E-02
bl_dpth  =         12    7005.00  0  0.000   5.8097845E+02   1.6879808E+06
mix_dpth =         12    7005.00  0  0.000   5.8097845E+02   2.2948900E+06
tmix     =         12    7005.00  0  0.000   2.8545040E-01   5.2307472E+00
smix     =         12    7005.00  0  0.000   0.0000000E+00   1.7922494E+00
thmix    =         12    7005.00  0  0.000   9.5642693E-02   1.9081675E+00
umix     =         12    7005.00  0  0.000   6.7026927E-03   4.1413984E-01
vmix     =         12    7005.00  0  0.000   6.6828206E-03   3.8701132E-01
kemix    =         12    7005.00  0  0.000   1.0260627E-04   3.5822171E-01
u_btrop  =         12    7005.00  0  0.000   2.8504553E-04   1.4433266E-01
v_btrop  =         12    7005.00  0  0.000   2.8717378E-04   1.4267455E-01
kebtrop  =         12    7005.00  0  0.000   2.7753654E-07   1.5210855E-02
u-vel.   =         12    7005.00  1 19.500   9.8338416E-03   4.4763336E-01
v-vel.   =         12    7005.00  1 19.500   6.3813920E-03   4.6104366E-01
k.e.     =         12    7005.00  1 19.500   3.7148630E-04   3.0816731E-01
thknss   =         12    7005.00  1 19.500   0.0000000E+00   0.0000000E+00
temp     =         12    7005.00  1 19.500   2.7444014E-01   5.2264657E+00
salin    =         12    7005.00  1 19.500   0.0000000E+00   1.7840917E+00
density  =         12    7005.00  1 19.500   9.5569126E-02   1.9035888E+00
u-vel.   =         12    7005.00  2 20.250   8.5830111E-03   4.4033557E-01
v-vel.   =         12    7005.00  2 20.250   5.6221290E-03   4.2472857E-01
k.e.     =         12    7005.00  2 20.250   8.6536638E-05   2.2097751E-01
thknss   =         12    7005.00  2 20.250   1.1313708E+01   4.0305953E+04
temp     =         12    7005.00  2 20.250   2.7354908E-01   4.8890395E+00
salin    =         12    7005.00  2 20.250   0.0000000E+00   1.6774149E+00
density  =         12    7005.00  2 20.250   9.5333710E-02   1.6220218E+00
u-vel.   =         12    7005.00  3 21.000   8.0466429E-03   4.3341058E-01
v-vel.   =         12    7005.00  3 21.000   6.1145886E-03   4.0825787E-01
k.e.     =         12    7005.00  3 21.000   4.5961900E-05   2.1252133E-01
thknss   =         12    7005.00  3 21.000   1.1313708E+01   6.8077172E+04
temp     =         12    7005.00  3 21.000   2.7254319E-01   4.3628259E+00
salin    =         12    7005.00  3 21.000   0.0000000E+00   1.1464961E+00
density  =         12    7005.00  3 21.000   9.4993606E-02   1.2937150E+00
u-vel.   =         12    7005.00  4 21.750   4.7489610E-03   4.2494643E-01
v-vel.   =         12    7005.00  4 21.750   7.0007439E-03   3.6922979E-01
k.e.     =         12    7005.00  4 21.750   4.2474036E-05   1.5608785E-01
thknss   =         12    7005.00  4 21.750   0.0000000E+00   1.4509609E+05
temp     =         12    7005.00  4 21.750   2.7074566E-01   4.5632272E+00
salin    =         12    7005.00  4 21.750   0.0000000E+00   7.4485540E-01
density  =         12    7005.00  4 21.750   8.3264485E-02   1.0723183E+00
u-vel.   =         12    7005.00  5 22.500   8.1942799E-03   3.5118750E-01
v-vel.   =         12    7005.00  5 22.500   5.5165640E-03   2.3976010E-01
k.e.     =         12    7005.00  5 22.500   5.7593752E-05   1.3701828E-01
thknss   =         12    7005.00  5 22.500   2.2627417E+01   3.2409097E+05
temp     =         12    7005.00  5 22.500   1.1294400E-01   4.7542257E+00
salin    =         12    7005.00  5 22.500   0.0000000E+00   6.0937500E-01
density  =         12    7005.00  5 22.500   1.2059657E-02   1.0122939E+00
u-vel.   =         12    7005.00  6 23.250   7.8410199E-03   3.4643427E-01
v-vel.   =         12    7005.00  6 23.250   6.6993623E-03   2.2484687E-01
k.e.     =         12    7005.00  6 23.250   6.7810448E-05   1.1775669E-01
thknss   =         12    7005.00  6 23.250   0.0000000E+00   3.8478903E+05
temp     =         12    7005.00  6 23.250   7.6944202E-02   4.6613445E+00
salin    =         12    7005.00  6 23.250   0.0000000E+00   7.2010744E-01
density  =         12    7005.00  6 23.250   5.6522642E-03   8.8584578E-01
u-vel.   =         12    7005.00  7 24.000   8.1310440E-03   3.4049028E-01
v-vel.   =         12    7005.00  7 24.000   5.0578802E-03   2.8617072E-01
k.e.     =         12    7005.00  7 24.000   6.5055377E-05   2.2864209E-01
thknss   =         12    7005.00  7 24.000   0.0000000E+00   4.8284381E+05
temp     =         12    7005.00  7 24.000   2.3437500E-02   4.4405060E+00
salin    =         12    7005.00  7 24.000   0.0000000E+00   7.5389612E-01
density  =         12    7005.00  7 24.000   0.0000000E+00   7.6116109E-01
u-vel.   =         12    7005.00  8 24.700   5.9314347E-03   3.0676866E-01
v-vel.   =         12    7005.00  8 24.700   4.9855276E-03   2.4960415E-01
k.e.     =         12    7005.00  8 24.700   5.3900712E-05   1.5094323E-01
thknss   =         12    7005.00  8 24.700   0.0000000E+00   4.1669866E+05
temp     =         12    7005.00  8 24.700   1.1048543E-02   4.0988541E+00
salin    =         12    7005.00  8 24.700   0.0000000E+00   7.2719228E-01
density  =         12    7005.00  8 24.700   2.9900999E-04   5.6375808E-01
u-vel.   =         12    7005.00  9 25.280   5.3469427E-03   3.7656781E-01
v-vel.   =         12    7005.00  9 25.280   4.3199286E-03   2.6076898E-01
k.e.     =         12    7005.00  9 25.280   6.5728855E-05   2.1322364E-01
thknss   =         12    7005.00  9 25.280   2.2627417E+01   4.8925850E+05
temp     =         12    7005.00  9 25.280   0.0000000E+00   3.8131063E+00
salin    =         12    7005.00  9 25.280   0.0000000E+00   7.3387617E-01
density  =         12    7005.00  9 25.280   3.4526698E-04   4.0454742E-01
u-vel.   =         12    7005.00 10 25.770   4.0688678E-03   5.0936365E-01
v-vel.   =         12    7005.00 10 25.770   3.5972483E-03   2.8824696E-01
k.e.     =         12    7005.00 10 25.770   3.0263231E-05   1.3970003E-01
thknss   =         12    7005.00 10 25.770   5.0596443E+01   9.6347706E+05
temp     =         12    7005.00 10 25.770   0.0000000E+00   3.7451813E+00
salin    =         12    7005.00 10 25.770   0.0000000E+00   6.5448052E-01
density  =         12    7005.00 10 25.770   0.0000000E+00   3.4821713E-01
u-vel.   =         12    7005.00 11 26.180   3.4823981E-03   2.6106128E-01
v-vel.   =         12    7005.00 11 26.180   3.8424630E-03   1.8906258E-01
k.e.     =         12    7005.00 11 26.180   3.3487799E-05   6.9556326E-02
thknss   =         12    7005.00 11 26.180   0.0000000E+00   1.1494084E+06
temp     =         12    7005.00 11 26.180   0.0000000E+00   3.2354198E+00
salin    =         12    7005.00 11 26.180   0.0000000E+00   4.9311668E-01
density  =         12    7005.00 11 26.180   0.0000000E+00   2.6647633E-01
u-vel.   =         12    7005.00 12 26.520   0.0000000E+00   2.2024395E-01
v-vel.   =         12    7005.00 12 26.520   1.7323892E-03   1.9203524E-01
k.e.     =         12    7005.00 12 26.520   8.0778937E-06   3.7663516E-02
thknss   =         12    7005.00 12 26.520   3.2000000E+01   1.4212740E+06
temp     =         12    7005.00 12 26.520   0.0000000E+00   2.3627145E+00
salin    =         12    7005.00 12 26.520   0.0000000E+00   3.9513028E-01
density  =         12    7005.00 12 26.520   0.0000000E+00   2.4468300E-01
u-vel.   =         12    7005.00 13 26.800   0.0000000E+00   1.9997481E-01
v-vel.   =         12    7005.00 13 26.800   0.0000000E+00   1.6162571E-01
k.e.     =         12    7005.00 13 26.800   9.0945014E-06   3.5151917E-02
thknss   =         12    7005.00 13 26.800   0.0000000E+00   1.6064028E+06
temp     =         12    7005.00 13 26.800   0.0000000E+00   1.7311256E+00
salin    =         12    7005.00 13 26.800   0.0000000E+00   4.4235587E-01
density  =         12    7005.00 13 26.800   0.0000000E+00   2.0130812E-01
u-vel.   =         12    7005.00 14 27.030   0.0000000E+00   1.8266881E-01
v-vel.   =         12    7005.00 14 27.030   0.0000000E+00   2.0268190E-01
k.e.     =         12    7005.00 14 27.030   1.7177749E-06   6.9123209E-02
thknss   =         12    7005.00 14 27.030   0.0000000E+00   1.3821651E+06
temp     =         12    7005.00 14 27.030   0.0000000E+00   1.7535691E+00
salin    =         12    7005.00 14 27.030   0.0000000E+00   2.7488455E-01
density  =         12    7005.00 14 27.030   0.0000000E+00   2.0459917E-01
u-vel.   =         12    7005.00 15 27.220   0.0000000E+00   2.0845811E-01
v-vel.   =         12    7005.00 15 27.220   0.0000000E+00   1.8941784E-01
k.e.     =         12    7005.00 15 27.220   1.3440285E-06   9.3536310E-02
thknss   =         12    7005.00 15 27.220   0.0000000E+00   1.2511830E+06
temp     =         12    7005.00 15 27.220   0.0000000E+00   1.9770381E+00
salin    =         12    7005.00 15 27.220   0.0000000E+00   4.0247646E-01
density  =         12    7005.00 15 27.220   0.0000000E+00   2.4523728E-01
u-vel.   =         12    7005.00 16 27.380   0.0000000E+00   2.1643999E-01
v-vel.   =         12    7005.00 16 27.380   0.0000000E+00   1.4428535E-01
k.e.     =         12    7005.00 16 27.380   1.4403341E-06   1.3012633E-01
thknss   =         12    7005.00 16 27.380   2.4475641E+00   1.3205266E+06
temp     =         12    7005.00 16 27.380   0.0000000E+00   2.1504474E+00
salin    =         12    7005.00 16 27.380   0.0000000E+00   1.6828640E-01
density  =         12    7005.00 16 27.380   0.0000000E+00   2.5289765E-01
u-vel.   =         12    7005.00 17 27.520   0.0000000E+00   1.7919712E-01
v-vel.   =         12    7005.00 17 27.520   0.0000000E+00   1.2287845E-01
k.e.     =         12    7005.00 17 27.520   0.0000000E+00   8.8863991E-02
thknss   =         12    7005.00 17 27.520   3.5054894E-04   1.6333124E+06
temp     =         12    7005.00 17 27.520   0.0000000E+00   2.1779797E+00
salin    =         12    7005.00 17 27.520   0.0000000E+00   3.0896437E-01
density  =         12    7005.00 17 27.520   0.0000000E+00   3.0926982E-01
u-vel.   =         12    7005.00 18 27.640   0.0000000E+00   1.6855362E-01
v-vel.   =         12    7005.00 18 27.640   0.0000000E+00   1.2287845E-01
k.e.     =         12    7005.00 18 27.640   0.0000000E+00   5.1406689E-02
thknss   =         12    7005.00 18 27.640   5.8529503E-04   1.6025282E+06
temp     =         12    7005.00 18 27.640   0.0000000E+00   2.4472032E+00
salin    =         12    7005.00 18 27.640   0.0000000E+00   1.7917727E-01
density  =         12    7005.00 18 27.640   0.0000000E+00   3.6001000E-01
u-vel.   =         12    7005.00 19 27.740   0.0000000E+00   1.5031062E-01
v-vel.   =         12    7005.00 19 27.740   0.0000000E+00   1.7162298E-01
k.e.     =         12    7005.00 19 27.740   1.1963756E-06   5.6911740E-02
thknss   =         12    7005.00 19 27.740   0.0000000E+00   1.9559655E+06
temp     =         12    7005.00 19 27.740   0.0000000E+00   1.7782412E+00
salin    =         12    7005.00 19 27.740   0.0000000E+00   3.0075589E-01
density  =         12    7005.00 19 27.740   0.0000000E+00   9.2449062E-02
u-vel.   =         12    7005.00 20 27.820   0.0000000E+00   1.9436860E-01
v-vel.   =         12    7005.00 20 27.820   0.0000000E+00   2.0034242E-01
k.e.     =         12    7005.00 20 27.820   6.3182085E-07   6.2435646E-02
thknss   =         12    7005.00 20 27.820   0.0000000E+00   1.9364379E+06
temp     =         12    7005.00 20 27.820   0.0000000E+00   1.8913431E+00
salin    =         12    7005.00 20 27.820   0.0000000E+00   2.9625759E-01
density  =         12    7005.00 20 27.820   0.0000000E+00   7.9480432E-02
u-vel.   =         12    7005.00 21 27.880   0.0000000E+00   2.5659421E-01
v-vel.   =         12    7005.00 21 27.880   0.0000000E+00   2.0659976E-01
k.e.     =         12    7005.00 21 27.880   1.0637477E-07   3.6535658E-02
thknss   =         12    7005.00 21 27.880   0.0000000E+00   1.2450222E+06
temp     =         12    7005.00 21 27.880   0.0000000E+00   2.2277715E+00
salin    =         12    7005.00 21 27.880   0.0000000E+00   3.1464109E-01
density  =         12    7005.00 21 27.880   0.0000000E+00   5.6353666E-02
u-vel.   =         12    7005.00 22 27.940   0.0000000E+00   2.5659421E-01
v-vel.   =         12    7005.00 22 27.940   0.0000000E+00   1.2287845E-01
k.e.     =         12    7005.00 22 27.940   9.9441941E-08   1.4199170E-02
thknss   =         12    7005.00 22 27.940   0.0000000E+00   1.2779412E+06
temp     =         12    7005.00 22 27.940   0.0000000E+00   2.4159174E+00
salin    =         12    7005.00 22 27.940   0.0000000E+00   3.1464109E-01
density  =         12    7005.00 22 27.940   0.0000000E+00   2.6131032E-02
if ( /home/ajax/wallcraf/hycom/ATLb2.00/expt_01.0/data != /home/ajax/wallcraf/hycom/ATLb2.00/expt_01.0/data ) then
