set time = 1
C
setenv OS `uname`
uname
switch ( SunOS )
breaksw
C
C --- Create a wind stress data file.
C
switch ( SunOS )
if ( -e /scr ) then
setenv pget cp
setenv pput cp
endif
breaksw
C
C --- P is primary path,
C --- S is scratch directory,
C --- D is permanent directory,
C
setenv P hycom/ATLb2.00/force/coads
C
switch ( SunOS )
if ( -e /scr ) then
if ( -e /net/hermes/scrb ) then
setenv S /net/hermes/scrb/wallcraf/hycom/ATLb2.00/force/coads
setenv D ~/hycom/ATLb2.00/force/coads
else
breaksw
C
mkdir -p /net/hermes/scrb/wallcraf/hycom/ATLb2.00/force/coads
cd /net/hermes/scrb/wallcraf/hycom/ATLb2.00/force/coads
echo /net/hermes/scrb/wallcraf/hycom/ATLb2.00/force/coads
/net/hermes/scrb/wallcraf/hycom/ATLb2.00/force/coads
C
C --- Input.
C
touch fort.44 fort.44A fort.45 fort.45A fort.71
/bin/rm -f fort.44 fort.44A fort.45 fort.45A fort.71
[1] 150
cp /home/ajax/wallcraf/hycom/ATLb2.00/force/coads/../offset/tauewd_zero.b fort.44
cp /home/ajax/wallcraf/hycom/ATLb2.00/force/coads/../offset/tauewd_zero.a fort.44A
[2] 151
[3] 152
cp /home/ajax/wallcraf/hycom/ATLb2.00/force/coads/../offset/taunwd_zero.b fort.45
[4] 153
cp /home/ajax/wallcraf/hycom/ATLb2.00/force/coads/../offset/taunwd_zero.a fort.45A
[5] 154
C
cp /home/ajax/wallcraf/wind_ieee/coads/uwm_coads_monmn_unsm.d fort.71

[1]    Done                 cp /home/ajax/wallcraf/hycom/ATLb2.00/force/coads/../offset/tauewd_zero.b  ...

[3]    Done                 cp /home/ajax/wallcraf/hycom/ATLb2.00/force/coads/../offset/taunwd_zero.b  ...

[2]    Done                 cp /home/ajax/wallcraf/hycom/ATLb2.00/force/coads/../offset/tauewd_zero.a  ...

[4]    Done                 cp /home/ajax/wallcraf/hycom/ATLb2.00/force/coads/../offset/taunwd_zero.a  ...
touch regional.grid.a regional.grid.b
if ( -z regional.grid.b ) then
if ( -z regional.grid.a ) then
C
[6] 158
wait
cp /home/ajax/wallcraf/hycom/ATLb2.00/force/coads/../../../ALL/force/src/wi_100_co .

[5]    Done                 cp ~wallcraf/wind_ieee/coads/uwm_coads_monmn_unsm.d fort.71

[6]    Done                 cp  ...
chmod a+rx wi_100_co
C
/bin/rm -f fort.10 fort.10A fort.11 fort.11A fort.12 fort.12A
C
setenv FOR010A fort.10A
setenv FOR011A fort.11A
setenv FOR012A fort.12A
C
setenv FOR044A fort.44A
setenv FOR045A fort.45A
C
switch ( SunOS )
/bin/rm -f core wi_100_co.trace
touch core
breaksw
/bin/rm -f fort.10 fort.11 fort.12 fort.46 fort.47 fort.48
./wi_100_co

xcspmd: idm,jdm =   57   52

 READING /WWTITL/
 &WWTITL
 CTITLE = COADS monthly, MKS                      
 /
 READING /WWTIME/
 &WWTIME
 FSTART = 0.0E+0
 WSTART = 0.0E+0
 TSTART = 0.0E+0
 TMAX = 0.0E+0
 WSCALE = 1.0
 SPDMIN = 0.0E+0
 /
 READING /WWFLAG/
 &WWFLAG
 IGRID = 1
 INTERP = 1
 IOFILE = 0
 IWFILE = 1
 JPR = 8
 /
 
 OUTPUT:  COADS monthly, MKS                      


 
COADS monthly, MKS                                                             
Minimum wind speed is  0.00 m/s                                                
                                                                               
                                                                               
i/jdm =   57   52                                                              
 
 OFFSET:  Zero Stress                             


 
 OFFSET STATISTICS.
 
 TAU-X:  MIN =    0.0000   MAX =    0.0000    AVE =    0.0000   RMS =    0.0000
 TAU-Y:  MIN =    0.0000   MAX =    0.0000    AVE =    0.0000   RMS =    0.0000
 
 
I,J,LONV,XAF =    1    1   263.000   265.500
I,J,LONV,XAF =   11    1   283.000   285.500
I,J,LONV,XAF =   21    1   303.000   305.500
I,J,LONV,XAF =   31    1   323.000   325.500
I,J,LONV,XAF =   41    1   343.000   345.500
I,J,LONV,XAF =   51    1     3.000     5.500
I,J,LONV,XAF =   57    1    15.000    17.500
I,J,LONV,XAF =    1   52   263.000   265.500
I,J,LONV,XAF =   11   52   283.000   285.500
I,J,LONV,XAF =   21   52   303.000   305.500
I,J,LONV,XAF =   31   52   323.000   325.500
I,J,LONV,XAF =   41   52   343.000   345.500
I,J,LONV,XAF =   51   52     3.000     5.500
I,J,LONV,XAF =   57   52    15.000    17.500
I,J,LATU,YAF =    1    1   -19.606    72.894
I,J,LATU,YAF =    1   11     0.000    92.500
I,J,LATU,YAF =    1   21    19.606   112.106
I,J,LATU,YAF =    1   31    37.098   129.598
I,J,LATU,YAF =    1   41    51.326   143.826
I,J,LATU,YAF =    1   51    62.195   154.695
I,J,LATU,YAF =    1   52    63.114   155.614
I,J,LATU,YAF =   57    1   -19.606    72.894
I,J,LATU,YAF =   57   11     0.000    92.500
I,J,LATU,YAF =   57   21    19.606   112.106
I,J,LATU,YAF =   57   31    37.098   129.598
I,J,LATU,YAF =   57   41    51.326   143.826
I,J,LATU,YAF =   57   51    62.195   154.695
I,J,LATU,YAF =   57   52    63.114   155.614

 MIN,MAX I COORDS =     3.50,  361.50
 MIN,MAX J COORDS =    72.89,  155.61

 TAU-X:  MIN =   -0.1333   MAX =    0.2188    AVE =    0.0180   RMS =    0.0652
 TAU-Y:  MIN =   -0.1193   MAX =    0.0688    AVE =   -0.0063   RMS =    0.0320
 WDSPD:  MIN =    0.5956   MAX =   11.1219    AVE =    5.5703   RMS =    5.8519
          WRITING WIND RECORD    1   WDAY =    31.00

 TAU-X:  MIN =   -0.1332   MAX =    0.1868    AVE =    0.0151   RMS =    0.0589
 TAU-Y:  MIN =   -0.1268   MAX =    0.0694    AVE =   -0.0071   RMS =    0.0319
 WDSPD:  MIN =    0.9074   MAX =   10.2347    AVE =    5.3706   RMS =    5.6462
          WRITING WIND RECORD    2   WDAY =    29.00

 TAU-X:  MIN =   -0.1265   MAX =    0.1435    AVE =    0.0077   RMS =    0.0482
 TAU-Y:  MIN =   -0.1381   MAX =    0.0693    AVE =   -0.0053   RMS =    0.0300
 WDSPD:  MIN =    0.6677   MAX =    9.1690    AVE =    4.9527   RMS =    5.2070
          WRITING WIND RECORD    3   WDAY =    31.00

 TAU-X:  MIN =   -0.1092   MAX =    0.0829    AVE =   -0.0044   RMS =    0.0347
 TAU-Y:  MIN =   -0.1133   MAX =    0.0778    AVE =   -0.0058   RMS =    0.0258
 WDSPD:  MIN =    0.5655   MAX =    8.3876    AVE =    4.2909   RMS =    4.5315
          WRITING WIND RECORD    4   WDAY =    30.00

 TAU-X:  MIN =   -0.1036   MAX =    0.0724    AVE =   -0.0092   RMS =    0.0329
 TAU-Y:  MIN =   -0.0906   MAX =    0.0728    AVE =    0.0002   RMS =    0.0239
 WDSPD:  MIN =    0.5091   MAX =    7.7811    AVE =    3.9998   RMS =    4.3042
          WRITING WIND RECORD    5   WDAY =    31.00

 TAU-X:  MIN =   -0.1341   MAX =    0.0622    AVE =   -0.0066   RMS =    0.0356
 TAU-Y:  MIN =   -0.0835   MAX =    0.0719    AVE =    0.0042   RMS =    0.0252
 WDSPD:  MIN =    0.5621   MAX =    8.7911    AVE =    4.3216   RMS =    4.5456
          WRITING WIND RECORD    6   WDAY =    30.00

 TAU-X:  MIN =   -0.1448   MAX =    0.0593    AVE =   -0.0081   RMS =    0.0359
 TAU-Y:  MIN =   -0.0894   MAX =    0.0768    AVE =    0.0073   RMS =    0.0263
 WDSPD:  MIN =    0.5377   MAX =    9.3233    AVE =    4.3345   RMS =    4.5694
          WRITING WIND RECORD    7   WDAY =    31.00

 TAU-X:  MIN =   -0.1090   MAX =    0.0680    AVE =   -0.0063   RMS =    0.0350
 TAU-Y:  MIN =   -0.0798   MAX =    0.0777    AVE =    0.0066   RMS =    0.0253
 WDSPD:  MIN =    0.3690   MAX =    8.0548    AVE =    4.2155   RMS =    4.4751
          WRITING WIND RECORD    8   WDAY =    31.00

 TAU-X:  MIN =   -0.1034   MAX =    0.1051    AVE =    0.0000   RMS =    0.0403
 TAU-Y:  MIN =   -0.1040   MAX =    0.0815    AVE =    0.0038   RMS =    0.0255
 WDSPD:  MIN =    0.8227   MAX =    8.4218    AVE =    4.6044   RMS =    4.8073
          WRITING WIND RECORD    9   WDAY =    30.00

 TAU-X:  MIN =   -0.0875   MAX =    0.1481    AVE =    0.0047   RMS =    0.0464
 TAU-Y:  MIN =   -0.1291   MAX =    0.0777    AVE =    0.0000   RMS =    0.0269
 WDSPD:  MIN =    0.4439   MAX =    9.1007    AVE =    4.7932   RMS =    5.0403
          WRITING WIND RECORD   10   WDAY =    31.00

 TAU-X:  MIN =   -0.0863   MAX =    0.1708    AVE =    0.0118   RMS =    0.0520
 TAU-Y:  MIN =   -0.1308   MAX =    0.0685    AVE =   -0.0061   RMS =    0.0276
 WDSPD:  MIN =    0.4814   MAX =   10.1003    AVE =    5.1473   RMS =    5.3644
          WRITING WIND RECORD   11   WDAY =    30.00

 TAU-X:  MIN =   -0.1230   MAX =    0.1965    AVE =    0.0202   RMS =    0.0658
 TAU-Y:  MIN =   -0.1190   MAX =    0.1254    AVE =   -0.0016   RMS =    0.0306
 WDSPD:  MIN =    0.8429   MAX =   10.5496    AVE =    5.6174   RMS =    5.8858
          WRITING WIND RECORD   12   WDAY =    15.00

   12 RECORD CLIMATOLOGY STARTING ON  16.00/1904 COVERING   350.00 DAYS
3.0u 0.0s 0:04 67% 0+0k 0+0io 0pf+0w
switch ( SunOS )
if ( -e wi_100_co.trace ) cat wi_100_co.trace
breaksw
C
C --- Output.
C
cp fort.10 /home/ajax/wallcraf/hycom/ATLb2.00/force/coads/tauewd.b
cp fort.10A /home/ajax/wallcraf/hycom/ATLb2.00/force/coads/tauewd.a
cp fort.11 /home/ajax/wallcraf/hycom/ATLb2.00/force/coads/taunwd.b
cp fort.11A /home/ajax/wallcraf/hycom/ATLb2.00/force/coads/taunwd.a
cp fort.12 /home/ajax/wallcraf/hycom/ATLb2.00/force/coads/wndspd.b
cp fort.12A /home/ajax/wallcraf/hycom/ATLb2.00/force/coads/wndspd.a
C
C --- Delete all files.
C
