
xcspmd: idm,jdm =   57   52

input file: ../010/relax.0000_016_00.a
    region: ATLb2.00
blkini: iexpt  =     0
blkini: yrflag =     0
blkini: idm    =    57
blkini: jdm    =    52
blkini: kdm    =    22
blkinr: thbase =    25.0000 sig
blkini: nperfr =     1
blkini: lalolb =    20
blkini: lalogr =    10
blkini: loclab =     4
blkini: locbar =    11
blkini: kpalet =     1
blkinl: smooth =     F
blkinl: mthin  =     T
blkini: i_th   =     2
blkini: iorign =     1
blkini: jorign =     1
blkini: idmp   =     0
blkini: jdmp   =     0
extracting i =    1 ...   57         j =    1 ...   52
 chrsiz =  0.547826 104.04764 94.920654
... plotting  1 maps per frame
Dummy HYCOM archive from climatology for month 01.                              
 Levitus (NOAA World Ocean Atlas 1994) Climatology                              
 Expt 01.0  nhybrd=22 nsigma= 0 dp00s= 3.00 dp00= 3.00 dp00x=12.00 dp00f=1.125  
12345678901234567890123456789012345678901234567890123456789012345678901234567890
 iversn =  21
 iexpt  =  10
 yrflag =  0
 idm    =  57
 jdm    =  52
field       time step  model day  k  dens        min              max
artype = 1
montg1   =          1       0.00  0  0.000   0.0000000E+00   0.0000000E+00
input  montg1   into montg   
srfhgt   =          1       0.00  0  0.000   0.0000000E+00   0.0000000E+00
input  srfhgt   into srfht   
surflx   =          1       0.00  0  0.000   0.0000000E+00   0.0000000E+00
input  surflx   into surflx  
 time3 =  0.0E+0 0.0E+0 0.0E+0
salflx   =          1       0.00  0  0.000   0.0000000E+00   0.0000000E+00
input  salflx   into salflx  
bl_dpth  =          1       0.00  0  0.000   1.8827520E+05   3.9224000E+06
input  bl_dpth  into dpbl    
mix_dpth =          1       0.00  0  0.000   1.8827520E+05   3.9224000E+06
input  mix_dpth into dpmixl  
tmix     =          1       0.00  0  0.000  -1.5565165E+00   2.8325489E+01
input  tmix     into tmix    
smix     =          1       0.00  0  0.000   2.3815800E+01   3.7464058E+01
input  smix     into smix    
thmix    =          1       0.00  0  0.000  -1.0773405E+01   2.8232858E+00
input  thmix    into thmix   
umix     =          1       0.00  0  0.000   0.0000000E+00   0.0000000E+00
input  umix     into umix    
vmix     =          1       0.00  0  0.000   0.0000000E+00   0.0000000E+00
input  vmix     into vmix    
u_btrop  =          1       0.00  0  0.000   0.0000000E+00   0.0000000E+00
input  u_btrop  into ubaro   
v_btrop  =          1       0.00  0  0.000   0.0000000E+00   0.0000000E+00
input  v_btrop  into vbaro   
u-vel.   =          1       0.00  1 19.500   0.0000000E+00   0.0000000E+00
input  u-vel.   into u         1
v-vel.   =          1       0.00  1 19.500   0.0000000E+00   0.0000000E+00
input  v-vel.   into v         1
thknss   =          1       0.00  1 19.500   2.9418000E+04   1.3640083E+05
input  thknss   into dp        1
temp     =          1       0.00  1 19.500  -1.3065165E+00   2.8575491E+01
input  temp     into temp      1
salin    =          1       0.00  1 19.500   2.3808268E+01   3.7464054E+01
input  salin    into saln      1
density  =          1       0.00  1 19.500  -1.0850566E+01   2.8008556E+00
input  density  into th3d      1
finished reading data for layer 19.50000
u-vel.   =          1       0.00  2 20.250   0.0000000E+00   0.0000000E+00
input  u-vel.   into u         2
v-vel.   =          1       0.00  2 20.250   0.0000000E+00   0.0000000E+00
input  v-vel.   into v         2
thknss   =          1       0.00  2 20.250   3.3095250E+04   1.4132259E+05
input  thknss   into dp        2
temp     =          1       0.00  2 20.250  -1.2702538E+00   2.8504255E+01
input  temp     into temp      2
salin    =          1       0.00  2 20.250   3.0412745E+01   3.7465092E+01
input  salin    into saln      2
density  =          1       0.00  2 20.250  -4.7500000E+00   2.8008556E+00
input  density  into th3d      2
finished reading data for layer 20.25000
u-vel.   =          1       0.00  3 21.000   0.0000000E+00   0.0000000E+00
input  u-vel.   into u         3
v-vel.   =          1       0.00  3 21.000   0.0000000E+00   0.0000000E+00
input  v-vel.   into v         3
thknss   =          1       0.00  3 21.000   3.7232156E+04   1.0540343E+05
input  thknss   into dp        3
temp     =          1       0.00  3 21.000  -1.2175080E+00   2.8400642E+01
input  temp     into temp      3
salin    =          1       0.00  3 21.000   3.0682959E+01   3.7466606E+01
input  salin    into saln      3
density  =          1       0.00  3 21.000  -4.0000000E+00   2.8008556E+00
input  density  into th3d      3
finished reading data for layer 21.00000
u-vel.   =          1       0.00  4 21.750   0.0000000E+00   0.0000000E+00
input  u-vel.   into u         4
v-vel.   =          1       0.00  4 21.750   0.0000000E+00   0.0000000E+00
input  v-vel.   into v         4
thknss   =          1       0.00  4 21.750   4.1886176E+04   1.0738645E+05
input  thknss   into dp        4
temp     =          1       0.00  4 21.750  -1.2175080E+00   2.8245684E+01
input  temp     into temp      4
salin    =          1       0.00  4 21.750   3.0682961E+01   3.7466606E+01
input  salin    into saln      4
density  =          1       0.00  4 21.750  -3.2500000E+00   2.8008556E+00
input  density  into th3d      4
finished reading data for layer 21.75000
u-vel.   =          1       0.00  5 22.500   0.0000000E+00   0.0000000E+00
input  u-vel.   into u         5
v-vel.   =          1       0.00  5 22.500   0.0000000E+00   0.0000000E+00
input  v-vel.   into v         5
thknss   =          1       0.00  5 22.500   4.7121949E+04   1.9838162E+05
input  thknss   into dp        5
temp     =          1       0.00  5 22.500  -1.3508630E+00   2.8064482E+01
input  temp     into temp      5
salin    =          1       0.00  5 22.500   3.0725220E+01   3.7464390E+01
input  salin    into saln      5
density  =          1       0.00  5 22.500  -2.5000000E+00   2.8008556E+00
input  density  into th3d      5
finished reading data for layer 22.50000
u-vel.   =          1       0.00  6 23.250   0.0000000E+00   0.0000000E+00
input  u-vel.   into u         6
v-vel.   =          1       0.00  6 23.250   0.0000000E+00   0.0000000E+00
input  v-vel.   into v         6
thknss   =          1       0.00  6 23.250   5.3012191E+04   6.2521744E+05
input  thknss   into dp        6
temp     =          1       0.00  6 23.250  -1.3683341E+00   2.8049194E+01
input  temp     into temp      6
salin    =          1       0.00  6 23.250   3.0730766E+01   3.7464096E+01
input  salin    into saln      6
density  =          1       0.00  6 23.250  -2.2017937E+00   2.8008556E+00
input  density  into th3d      6
finished reading data for layer 23.25000
u-vel.   =          1       0.00  7 24.000   0.0000000E+00   0.0000000E+00
input  u-vel.   into u         7
v-vel.   =          1       0.00  7 24.000   0.0000000E+00   0.0000000E+00
input  v-vel.   into v         7
thknss   =          1       0.00  7 24.000   5.9638715E+04   9.8366700E+05
input  thknss   into dp        7
temp     =          1       0.00  7 24.000  -1.5255549E+00   2.7653908E+01
input  temp     into temp      7
salin    =          1       0.00  7 24.000   3.0824089E+01   3.7463955E+01
input  salin    into saln      7
density  =          1       0.00  7 24.000  -1.3628654E+00   2.8008556E+00
input  density  into th3d      7
finished reading data for layer 24.00000
u-vel.   =          1       0.00  8 24.700   0.0000000E+00   0.0000000E+00
input  u-vel.   into u         8
v-vel.   =          1       0.00  8 24.700   0.0000000E+00   0.0000000E+00
input  v-vel.   into v         8
thknss   =          1       0.00  8 24.700   6.7093539E+04   1.2267591E+06
input  thknss   into dp        8
temp     =          1       0.00  8 24.700  -1.5350133E+00   2.6238348E+01
input  temp     into temp      8
salin    =          1       0.00  8 24.700   3.0829725E+01   3.7463947E+01
input  salin    into saln      8
density  =          1       0.00  8 24.700  -7.6610184E-01   2.8008556E+00
input  density  into th3d      8
finished reading data for layer 24.70000
u-vel.   =          1       0.00  9 25.280   0.0000000E+00   0.0000000E+00
input  u-vel.   into u         9
v-vel.   =          1       0.00  9 25.280   0.0000000E+00   0.0000000E+00
input  v-vel.   into v         9
thknss   =          1       0.00  9 25.280   7.5480211E+04   1.3475520E+06
input  thknss   into dp        9
temp     =          1       0.00  9 25.280  -1.6791806E+00   2.4550365E+01
input  temp     into temp      9
salin    =          1       0.00  9 25.280   3.1529802E+01   3.7464184E+01
input  salin    into saln      9
density  =          1       0.00  9 25.280  -8.4941864E-02   2.8008595E+00
input  density  into th3d      9
finished reading data for layer 25.28000
u-vel.   =          1       0.00 10 25.770   0.0000000E+00   0.0000000E+00
input  u-vel.   into u        10
v-vel.   =          1       0.00 10 25.770   0.0000000E+00   0.0000000E+00
input  v-vel.   into v        10
thknss   =          1       0.00 10 25.770   8.4915211E+04   1.3616328E+06
input  thknss   into dp       10
temp     =          1       0.00 10 25.770  -1.7453371E+00   2.3229923E+01
input  temp     into temp     10
salin    =          1       0.00 10 25.770   3.2052444E+01   3.7509102E+01
input  salin    into saln     10
density  =          1       0.00 10 25.770   4.2958069E-01   2.8008614E+00
input  density  into th3d     10
finished reading data for layer 25.77000
u-vel.   =          1       0.00 11 26.180   0.0000000E+00   0.0000000E+00
input  u-vel.   into u        11
v-vel.   =          1       0.00 11 26.180   0.0000000E+00   0.0000000E+00
input  v-vel.   into v        11
thknss   =          1       0.00 11 26.180   9.5529648E+04   2.8420188E+06
input  thknss   into dp       11
temp     =          1       0.00 11 26.180  -1.7585579E+00   2.1195923E+01
input  temp     into temp     11
salin    =          1       0.00 11 26.180   3.2527870E+01   3.7283886E+01
input  salin    into saln     11
density  =          1       0.00 11 26.180   1.0741673E+00   2.8008747E+00
input  density  into th3d     11
finished reading data for layer 26.18000
u-vel.   =          1       0.00 12 26.520   0.0000000E+00   0.0000000E+00
input  u-vel.   into u        12
v-vel.   =          1       0.00 12 26.520   0.0000000E+00   0.0000000E+00
input  v-vel.   into v        12
thknss   =          1       0.00 12 26.520   0.0000000E+00   4.9984695E+06
input  thknss   into dp       12
temp     =          1       0.00 12 26.520  -1.4916008E+00   1.9421377E+01
input  temp     into temp     12
salin    =          1       0.00 12 26.520   3.2956120E+01   3.6728134E+01
input  salin    into saln     12
density  =          1       0.00 12 26.520   1.1800003E+00   2.8009682E+00
input  density  into th3d     12
finished reading data for layer 26.52000
u-vel.   =          1       0.00 13 26.800   0.0000000E+00   0.0000000E+00
input  u-vel.   into u        13
v-vel.   =          1       0.00 13 26.800   0.0000000E+00   0.0000000E+00
input  v-vel.   into v        13
thknss   =          1       0.00 13 26.800   0.0000000E+00   3.5038890E+06
input  thknss   into dp       13
temp     =          1       0.00 13 26.800  -1.2591083E+00   1.9421377E+01
input  temp     into temp     13
salin    =          1       0.00 13 26.800   3.3310837E+01   3.7043221E+01
input  salin    into saln     13
density  =          1       0.00 13 26.800   1.1800003E+00   2.8009701E+00
input  density  into th3d     13
finished reading data for layer 26.80000
u-vel.   =          1       0.00 14 27.030   0.0000000E+00   0.0000000E+00
input  u-vel.   into u        14
v-vel.   =          1       0.00 14 27.030   0.0000000E+00   0.0000000E+00
input  v-vel.   into v        14
thknss   =          1       0.00 14 27.030   0.0000000E+00   4.3281820E+06
input  thknss   into dp       14
temp     =          1       0.00 14 27.030  -2.8819230E-01   1.9421377E+01
input  temp     into temp     14
salin    =          1       0.00 14 27.030   3.3529041E+01   3.7168385E+01
input  salin    into saln     14
density  =          1       0.00 14 27.030   1.1800003E+00   2.8011112E+00
input  density  into th3d     14
finished reading data for layer 27.03000
u-vel.   =          1       0.00 15 27.220   0.0000000E+00   0.0000000E+00
input  u-vel.   into u        15
v-vel.   =          1       0.00 15 27.220   0.0000000E+00   0.0000000E+00
input  v-vel.   into v        15
thknss   =          1       0.00 15 27.220   0.0000000E+00   5.9986040E+06
input  thknss   into dp       15
temp     =          1       0.00 15 27.220  -3.2242790E-01   1.9421377E+01
input  temp     into temp     15
salin    =          1       0.00 15 27.220   3.3529041E+01   3.7168385E+01
input  salin    into saln     15
density  =          1       0.00 15 27.220   1.1800003E+00   2.8011227E+00
input  density  into th3d     15
finished reading data for layer 27.22000
u-vel.   =          1       0.00 16 27.380   0.0000000E+00   0.0000000E+00
input  u-vel.   into u        16
v-vel.   =          1       0.00 16 27.380   0.0000000E+00   0.0000000E+00
input  v-vel.   into v        16
thknss   =          1       0.00 16 27.380   0.0000000E+00   7.0461195E+06
input  thknss   into dp       16
temp     =          1       0.00 16 27.380   1.2967050E-01   1.9421377E+01
input  temp     into temp     16
salin    =          1       0.00 16 27.380   3.3529041E+01   3.7168385E+01
input  salin    into saln     16
density  =          1       0.00 16 27.380   1.1800003E+00   2.8021164E+00
input  density  into th3d     16
finished reading data for layer 27.38000
u-vel.   =          1       0.00 17 27.520   0.0000000E+00   0.0000000E+00
input  u-vel.   into u        17
v-vel.   =          1       0.00 17 27.520   0.0000000E+00   0.0000000E+00
input  v-vel.   into v        17
thknss   =          1       0.00 17 27.520   0.0000000E+00   7.4369815E+06
input  thknss   into dp       17
temp     =          1       0.00 17 27.520   1.2967050E-01   1.9421377E+01
input  temp     into temp     17
salin    =          1       0.00 17 27.520   3.3529041E+01   3.7168385E+01
input  salin    into saln     17
density  =          1       0.00 17 27.520   1.1800003E+00   2.9334774E+00
input  density  into th3d     17
finished reading data for layer 27.52000
u-vel.   =          1       0.00 18 27.640   0.0000000E+00   0.0000000E+00
input  u-vel.   into u        18
v-vel.   =          1       0.00 18 27.640   0.0000000E+00   0.0000000E+00
input  v-vel.   into v        18
thknss   =          1       0.00 18 27.640   0.0000000E+00   7.2212010E+06
input  thknss   into dp       18
temp     =          1       0.00 18 27.640   1.2967050E-01   1.9421377E+01
input  temp     into temp     18
salin    =          1       0.00 18 27.640   3.3529041E+01   3.7168385E+01
input  salin    into saln     18
density  =          1       0.00 18 27.640   1.1800003E+00   3.0273666E+00
input  density  into th3d     18
finished reading data for layer 27.64000
u-vel.   =          1       0.00 19 27.740   0.0000000E+00   0.0000000E+00
input  u-vel.   into u        19
v-vel.   =          1       0.00 19 27.740   0.0000000E+00   0.0000000E+00
input  v-vel.   into v        19
thknss   =          1       0.00 19 27.740   0.0000000E+00   1.4561142E+07
input  thknss   into dp       19
temp     =          1       0.00 19 27.740   1.2967050E-01   1.9421377E+01
input  temp     into temp     19
salin    =          1       0.00 19 27.740   3.3529041E+01   3.7168385E+01
input  salin    into saln     19
density  =          1       0.00 19 27.740   1.1800003E+00   3.0273666E+00
input  density  into th3d     19
finished reading data for layer 27.74000
u-vel.   =          1       0.00 20 27.820   0.0000000E+00   0.0000000E+00
input  u-vel.   into u        20
v-vel.   =          1       0.00 20 27.820   0.0000000E+00   0.0000000E+00
input  v-vel.   into v        20
thknss   =          1       0.00 20 27.820   0.0000000E+00   2.3892518E+07
input  thknss   into dp       20
temp     =          1       0.00 20 27.820   1.2967050E-01   1.9421377E+01
input  temp     into temp     20
salin    =          1       0.00 20 27.820   3.3529041E+01   3.7168385E+01
input  salin    into saln     20
density  =          1       0.00 20 27.820   1.1800003E+00   3.0273666E+00
input  density  into th3d     20
finished reading data for layer 27.82000
u-vel.   =          1       0.00 21 27.880   0.0000000E+00   0.0000000E+00
input  u-vel.   into u        21
v-vel.   =          1       0.00 21 27.880   0.0000000E+00   0.0000000E+00
input  v-vel.   into v        21
thknss   =          1       0.00 21 27.880   0.0000000E+00   3.1989200E+07
input  thknss   into dp       21
temp     =          1       0.00 21 27.880   1.2967050E-01   1.9421377E+01
input  temp     into temp     21
salin    =          1       0.00 21 27.880   3.3529041E+01   3.7168385E+01
input  salin    into saln     21
density  =          1       0.00 21 27.880   1.1800003E+00   3.1456509E+00
input  density  into th3d     21
finished reading data for layer 27.88000
u-vel.   =          1       0.00 22 27.940   0.0000000E+00   0.0000000E+00
input  u-vel.   into u        22
v-vel.   =          1       0.00 22 27.940   0.0000000E+00   0.0000000E+00
input  v-vel.   into v        22
thknss   =          1       0.00 22 27.940   0.0000000E+00   2.7686944E+07
input  thknss   into dp       22
temp     =          1       0.00 22 27.940  -5.2493894E-01   1.9421377E+01
input  temp     into temp     22
salin    =          1       0.00 22 27.940   3.3529041E+01   3.7168385E+01
input  salin    into saln     22
density  =          1       0.00 22 27.940   1.1800003E+00   3.1456509E+00
input  density  into th3d     22
finished reading data for layer 27.94000
North Atlantic topography from ETOPO5 5-minute data set.                       
56 x 51 depth values (idm,jdm = 57,52).                                        
2.0000 deg. mercator resolution, with equat=11.000.                            
lon: 97.000W to 13.000E.  lat: 19.606S to 62.195N.                             
                                                                               
min,max depth =    199.556  5837.000
read North At into depths  
mask North At into coast   
plon:  min,max =       263.00000      375.00000
plat:  min,max =       -19.60579       63.11375
qlon:  min,max =       262.00000      374.00000
qlat:  min,max =       -20.54502       62.65800
ulon:  min,max =       262.00000      374.00000
ulat:  min,max =       -19.60579       63.11375
vlon:  min,max =       263.00000      375.00000
vlat:  min,max =       -20.54502       62.65800

sub-domain assumed to be non-periodic

bigrid called with ii,jj,ii1,jj1 =    57    52    56    51
indxi called with ii,jj,ii1,jj1 =    57    52    56    51
indxj called with ii,jj,ii1,jj1 =    57    52    56    51
indxi called with ii,jj,ii1,jj1 =    57    52    56    51
indxj called with ii,jj,ii1,jj1 =    57    52    56    51
indxi called with ii,jj,ii1,jj1 =    57    52    56    51
indxj called with ii,jj,ii1,jj1 =    57    52    56    51
indxi called with ii,jj,ii1,jj1 =    57    52    56    51
indxj called with ii,jj,ii1,jj1 =    57    52    56    51
      0 island points submerged
 calling portrait PostScript version of opngks
 filename: 010_jan_cs2.ps
     defining earth color table: entries    1 --    3
    defining pastel color table: entries    5 --    6


 field to be contoured is constant ...  0.00000E+00
 srfht =  0.0E+0 0.0E+0 0.0E+0
 now plotting:  year   0.00 (jan 16) [01.0H]
blkinr: botqq  =    -1.0000 m
blkinr: flxqq  =    -1.0000 cm
blkinr: empqq  =    -1.0000 mm/day
blkinr: ttrqq  =    -1.0000 deg/day
blkinr: strqq  =    -1.0000 psu/day
blkinr: icvqq  =    -1.0000 
blkinr: ithqq  =    -1.0000 m
blkinr: ictqq  =    -1.0000 deg
blkinr: sshqq  =    -1.0000 cm
blkinr: bsfqq  =    -1.0000 sv
blkinr: mthrsh =     0.0000 cm
blkinr: bltqq  =    -1.0000 m
blkinr: mltqq  =    -1.0000 m
blkinr: sstqq  =    -1.0000 deg
blkinr: sssqq  =    -1.0000 psu
blkinr: ssdqq  =    -1.0000 sig
blkini: kf     =     0
blkinr: depth  =  5500.0000 m
blkinr: vstep  =     1.0000 
blkinr: velqq  =    -1.0000 cm/s
blkinr: center =     0.0000 cm/s
blkinr: temqq  =     0.5000 deg
blkinr: center =    14.0000 deg
blkinr: salqq  =     0.1000 psu
blkinr: center =    35.0000 psu
blkinr: tthqq  =    -1.0000 sig
blkinr: center =    26.0000 sig
blkini: mxlflg =     1
blkini: kpalet =     2
       defining sst color table: entries    9 --   72
blkini: noisec =    13
blkini: isec   =     4
 next section at  i,lon=    4    -91.00
xsecij - ia,ilo,xlo =     4    3  -91.000
 cross section: temperature merid.sec. 91.00w   year   0.00 (jan 16) [01.0H]
min  3.88E+00 at  23  51  max  2.46E+01 at  21  80  intvl.,lines  1.00E+00  20
xsecij - contour    =   1.0000E+00  3.8837E+00  2.4617E+01
xsecij - qq,qlo,qhi =   5.0000E-01 -2.0000E+00  3.0000E+01
colors set to 0.750 0.625 0.500     (color index   3)   ierr =  0
xsecij - ia,ilo,xlo =     4    3  -91.000
 cross section: salinity merid.sec. 91.00w   year   0.00 (jan 16) [01.0H]
min  3.40E+01 at  26  80  max  3.67E+01 at  22  79  intvl.,lines  2.00E-01  13
xsecij - contour    =   2.0000E-01  3.3953E+01  3.6737E+01
xsecij - qq,qlo,qhi =   1.0000E-01  3.1800E+01  3.8200E+01
colors set to 0.750 0.625 0.500     (color index   3)   ierr =  0
 frame advance no.   1
blkini: isec   =     8
 next section at  i,lon=    8    -83.00
xsecij - ia,ilo,xlo =     8    7  -83.000
 cross section: temperature merid.sec. 83.00w   year   0.00 (jan 16) [01.0H]
min  3.88E+00 at  21  41  max  2.69E+01 at  18  80  intvl.,lines  2.00E+00  11
xsecij - contour    =   2.0000E+00  3.8772E+00  2.6942E+01
xsecij - qq,qlo,qhi =   5.0000E-01 -2.0000E+00  3.0000E+01
colors set to 0.750 0.625 0.500     (color index   3)   ierr =  0
xsecij - ia,ilo,xlo =     8    7  -83.000
 cross section: salinity merid.sec. 83.00w   year   0.00 (jan 16) [01.0H]
min  3.47E+01 at  19  69  max  3.68E+01 at  22  77  intvl.,lines  1.00E-01  21
xsecij - contour    =   1.0000E-01  3.4660E+01  3.6822E+01
xsecij - qq,qlo,qhi =   1.0000E-01  3.1800E+01  3.8200E+01
colors set to 0.750 0.625 0.500     (color index   3)   ierr =  0
 frame advance no.   2
blkini: isec   =    12
 next section at  i,lon=   12    -75.00
xsecij - ia,ilo,xlo =    12   11  -75.000
 cross section: temperature merid.sec. 75.00w   year   0.00 (jan 16) [01.0H]
min  2.16E+00 at  25  27  max  2.73E+01 at  16  80  intvl.,lines  2.00E+00  12
xsecij - contour    =   2.0000E+00  2.1568E+00  2.7281E+01
xsecij - qq,qlo,qhi =   5.0000E-01 -2.0000E+00  3.0000E+01
colors set to 0.750 0.625 0.500     (color index   3)   ierr =  0
xsecij - ia,ilo,xlo =    12   11  -75.000
 cross section: salinity merid.sec. 75.00w   year   0.00 (jan 16) [01.0H]
min  3.26E+01 at  32  80  max  3.68E+01 at  22  78  intvl.,lines  2.00E-01  21
xsecij - contour    =   2.0000E-01  3.2579E+01  3.6835E+01
xsecij - qq,qlo,qhi =   1.0000E-01  3.1800E+01  3.8200E+01
colors set to 0.750 0.625 0.500     (color index   3)   ierr =  0
 frame advance no.   3
blkini: isec   =    16
 next section at  i,lon=   16    -67.00
xsecij - ia,ilo,xlo =    16   15  -67.000
 cross section: temperature merid.sec. 67.00w   year   0.00 (jan 16) [01.0H]
min  1.95E+00 at  22   9  max  2.65E+01 at  16  80  intvl.,lines  2.00E+00  12
xsecij - contour    =   2.0000E+00  1.9507E+00  2.6481E+01
xsecij - qq,qlo,qhi =   5.0000E-01 -2.0000E+00  3.0000E+01
colors set to 0.750 0.625 0.500     (color index   3)   ierr =  0
xsecij - ia,ilo,xlo =    16   15  -67.000
 cross section: salinity merid.sec. 67.00w   year   0.00 (jan 16) [01.0H]
min  3.22E+01 at  35  80  max  3.68E+01 at  20  78  intvl.,lines  5.00E-01   9
xsecij - contour    =   5.0000E-01  3.2188E+01  3.6836E+01
xsecij - qq,qlo,qhi =   1.0000E-01  3.1800E+01  3.8200E+01
colors set to 0.750 0.625 0.500     (color index   3)   ierr =  0
 frame advance no.   4
blkini: isec   =    20
 next section at  i,lon=   20    -59.00
xsecij - ia,ilo,xlo =    20   19  -59.000
 cross section: temperature merid.sec. 59.00w   year   0.00 (jan 16) [01.0H]
min  4.19E-02 at  45  79  max  2.66E+01 at  16  80  intvl.,lines  2.00E+00  13
xsecij - contour    =   2.0000E+00  4.1851E-02  2.6604E+01
xsecij - qq,qlo,qhi =   5.0000E-01 -2.0000E+00  3.0000E+01
colors set to 0.750 0.625 0.500     (color index   3)   ierr =  0
xsecij - ia,ilo,xlo =    20   19  -59.000
 cross section: salinity merid.sec. 59.00w   year   0.00 (jan 16) [01.0H]
min  3.14E+01 at  37  80  max  3.70E+01 at  21  78  intvl.,lines  5.00E-01  11
xsecij - contour    =   5.0000E-01  3.1384E+01  3.7007E+01
xsecij - qq,qlo,qhi =   1.0000E-01  3.1800E+01  3.8200E+01
colors set to 0.750 0.625 0.500     (color index   3)   ierr =  0
 frame advance no.   5
blkini: isec   =    24
 next section at  i,lon=   24    -51.00
xsecij - ia,ilo,xlo =    24   23  -51.000
 cross section: temperature merid.sec. 51.00w   year   0.00 (jan 16) [01.0H]
min -1.38E+00 at  38  79  max  2.74E+01 at  13  80  intvl.,lines  2.00E+00  14
xsecij - contour    =   2.0000E+00 -1.3776E+00  2.7367E+01
xsecij - qq,qlo,qhi =   5.0000E-01 -2.0000E+00  3.0000E+01
colors set to 0.750 0.625 0.500     (color index   3)   ierr =  0
xsecij - ia,ilo,xlo =    24   23  -51.000
 cross section: salinity merid.sec. 51.00w   year   0.00 (jan 16) [01.0H]
min  2.96E+01 at  13  80  max  3.72E+01 at  21  79  intvl.,lines  5.00E-01  15
xsecij - contour    =   5.0000E-01  2.9598E+01  3.7224E+01
xsecij - qq,qlo,qhi =   1.0000E-01  3.1800E+01  3.8200E+01
colors set to 0.750 0.625 0.500     (color index   3)   ierr =  0
 frame advance no.   6
blkini: isec   =    28
 next section at  i,lon=   28    -43.00
xsecij - ia,ilo,xlo =    28   27  -43.000
 cross section: temperature merid.sec. 43.00w   year   0.00 (jan 16) [01.0H]
min  1.84E+00 at  32  13  max  2.76E+01 at  10  80  intvl.,lines  2.00E+00  12
xsecij - contour    =   2.0000E+00  1.8372E+00  2.7551E+01
xsecij - qq,qlo,qhi =   5.0000E-01 -2.0000E+00  3.0000E+01
colors set to 0.750 0.625 0.500     (color index   3)   ierr =  0
xsecij - ia,ilo,xlo =    28   27  -43.000
 cross section: salinity merid.sec. 43.00w   year   0.00 (jan 16) [01.0H]
min  3.43E+01 at  49  80  max  3.74E+01 at  23  80  intvl.,lines  2.00E-01  15
xsecij - contour    =   2.0000E-01  3.4323E+01  3.7448E+01
xsecij - qq,qlo,qhi =   1.0000E-01  3.1800E+01  3.8200E+01
colors set to 0.750 0.625 0.500     (color index   3)   ierr =  0
 frame advance no.   7
blkini: isec   =    32
 next section at  i,lon=   32    -35.00
xsecij - ia,ilo,xlo =    32   31  -35.000
 cross section: temperature merid.sec. 35.00w   year   0.00 (jan 16) [01.0H]
min  1.72E+00 at  18   1  max  2.79E+01 at   7  80  intvl.,lines  2.00E+00  13
xsecij - contour    =   2.0000E+00  1.7183E+00  2.7926E+01
xsecij - qq,qlo,qhi =   5.0000E-01 -2.0000E+00  3.0000E+01
colors set to 0.750 0.625 0.500     (color index   3)   ierr =  0
xsecij - ia,ilo,xlo =    32   31  -35.000
 cross section: salinity merid.sec. 35.00w   year   0.00 (jan 16) [01.0H]
min  3.44E+01 at   1  69  max  3.74E+01 at  23  80  intvl.,lines  2.00E-01  15
xsecij - contour    =   2.0000E-01  3.4352E+01  3.7373E+01
xsecij - qq,qlo,qhi =   1.0000E-01  3.1800E+01  3.8200E+01
colors set to 0.750 0.625 0.500     (color index   3)   ierr =  0
 frame advance no.   8
blkini: isec   =    36
 next section at  i,lon=   36    -27.00
xsecij - ia,ilo,xlo =    36   35  -27.000
 cross section: temperature merid.sec. 27.00w   year   0.00 (jan 16) [01.0H]
min  1.50E+00 at   8   7  max  2.72E+01 at  12  80  intvl.,lines  2.00E+00  12
xsecij - contour    =   2.0000E+00  1.4959E+00  2.7238E+01
xsecij - qq,qlo,qhi =   5.0000E-01 -2.0000E+00  3.0000E+01
colors set to 0.750 0.625 0.500     (color index   3)   ierr =  0
xsecij - ia,ilo,xlo =    36   35  -27.000
 cross section: salinity merid.sec. 27.00w   year   0.00 (jan 16) [01.0H]
min  3.44E+01 at   1  69  max  3.72E+01 at   2  80  intvl.,lines  2.00E-01  14
xsecij - contour    =   2.0000E-01  3.4398E+01  3.7245E+01
xsecij - qq,qlo,qhi =   1.0000E-01  3.1800E+01  3.8200E+01
colors set to 0.750 0.625 0.500     (color index   3)   ierr =  0
 frame advance no.   9
blkini: isec   =    40
 next section at  i,lon=   40    -19.00
xsecij - ia,ilo,xlo =    40   39  -19.000
 cross section: temperature merid.sec. 19.00w   year   0.00 (jan 16) [01.0H]
min  6.69E-01 at   1  13  max  2.78E+01 at  13  80  intvl.,lines  2.00E+00  13
xsecij - contour    =   2.0000E+00  6.6883E-01  2.7762E+01
xsecij - qq,qlo,qhi =   5.0000E-01 -2.0000E+00  3.0000E+01
colors set to 0.750 0.625 0.500     (color index   3)   ierr =  0
xsecij - ia,ilo,xlo =    40   39  -19.000
 cross section: salinity merid.sec. 19.00w   year   0.00 (jan 16) [01.0H]
min  3.44E+01 at   1  70  max  3.71E+01 at   2  80  intvl.,lines  2.00E-01  13
xsecij - contour    =   2.0000E-01  3.4435E+01  3.7105E+01
xsecij - qq,qlo,qhi =   1.0000E-01  3.1800E+01  3.8200E+01
colors set to 0.750 0.625 0.500     (color index   3)   ierr =  0
 frame advance no.  10
blkini: isec   =    44
 next section at  i,lon=   44    -11.00
xsecij - ia,ilo,xlo =    44   43  -11.000
 cross section: temperature merid.sec. 11.00w   year   0.00 (jan 16) [01.0H]
min  1.41E+00 at  34  36  max  2.86E+01 at  14  80  intvl.,lines  2.00E+00  13
xsecij - contour    =   2.0000E+00  1.4100E+00  2.8575E+01
xsecij - qq,qlo,qhi =   5.0000E-01 -2.0000E+00  3.0000E+01
colors set to 0.750 0.625 0.500     (color index   3)   ierr =  0
xsecij - ia,ilo,xlo =    44   43  -11.000
 cross section: salinity merid.sec. 11.00w   year   0.00 (jan 16) [01.0H]
min  3.40E+01 at  14  80  max  3.66E+01 at   4  80  intvl.,lines  2.00E-01  13
xsecij - contour    =   2.0000E-01  3.3999E+01  3.6629E+01
xsecij - qq,qlo,qhi =   1.0000E-01  3.1800E+01  3.8200E+01
colors set to 0.750 0.625 0.500     (color index   3)   ierr =  0
 frame advance no.  11
blkini: isec   =    48
 next section at  i,lon=   48     -3.00
xsecij - ia,ilo,xlo =    48   47   -3.000
 cross section: temperature merid.sec.  3.00w   year   0.00 (jan 16) [01.0H]
min -5.25E-01 at  51  61  max  2.81E+01 at  12  80  intvl.,lines  2.00E+00  14
xsecij - contour    =   2.0000E+00 -5.2494E-01  2.8118E+01
xsecij - qq,qlo,qhi =   5.0000E-01 -2.0000E+00  3.0000E+01
colors set to 0.750 0.625 0.500     (color index   3)   ierr =  0
xsecij - ia,ilo,xlo =    48   47   -3.000
 cross section: salinity merid.sec.  3.00w   year   0.00 (jan 16) [01.0H]
min  3.45E+01 at   1  71  max  3.65E+01 at   4  80  intvl.,lines  1.00E-01  20
xsecij - contour    =   1.0000E-01  3.4476E+01  3.6503E+01
xsecij - qq,qlo,qhi =   1.0000E-01  3.1800E+01  3.8200E+01
colors set to 0.750 0.625 0.500     (color index   3)   ierr =  0
 frame advance no.  12
blkini: isec   =    52
 next section at  i,lon=   52      5.00
xsecij - ia,ilo,xlo =    52   51    5.000
 cross section: temperature merid.sec.  5.00e   year   0.00 (jan 16) [01.0H]
min  1.91E+00 at   9  18  max  2.82E+01 at  14  80  intvl.,lines  2.00E+00  13
xsecij - contour    =   2.0000E+00  1.9061E+00  2.8165E+01
xsecij - qq,qlo,qhi =   5.0000E-01 -2.0000E+00  3.0000E+01
colors set to 0.750 0.625 0.500     (color index   3)   ierr =  0
xsecij - ia,ilo,xlo =    52   51    5.000
 cross section: salinity merid.sec.  5.00e   year   0.00 (jan 16) [01.0H]
min  2.87E+01 at  14  80  max  3.63E+01 at   4  80  intvl.,lines  5.00E-01  15
xsecij - contour    =   5.0000E-01  2.8720E+01  3.6315E+01
xsecij - qq,qlo,qhi =   1.0000E-01  3.1800E+01  3.8200E+01
colors set to 0.750 0.625 0.500     (color index   3)   ierr =  0
 frame advance no.  13
blkini: nojsec =    16
blkini: jsec   =     4
 next section at  j,lat =    4    -13.86
xsecij - ja,jla,xla =     4    3  -13.863
 cross section: temperature zonal sec. 13.86s   year   0.00 (jan 16) [01.0H]
min  1.94E+00 at  51   4  max  2.78E+01 at  31  80  intvl.,lines  2.00E+00  12
xsecij - contour    =   2.0000E+00  1.9370E+00  2.7782E+01
xsecij - qq,qlo,qhi =   5.0000E-01 -2.0000E+00  3.0000E+01
colors set to 0.750 0.625 0.500     (color index   3)   ierr =  0
ATLb2.00,x =     5.400
xsecij - ja,jla,xla =     4    3  -13.863
 cross section: salinity zonal sec. 13.86s   year   0.00 (jan 16) [01.0H]
min  3.44E+01 at  31  70  max  3.72E+01 at  34  79  intvl.,lines  2.00E-01  13
xsecij - contour    =   2.0000E-01  3.4403E+01  3.7183E+01
xsecij - qq,qlo,qhi =   1.0000E-01  3.1800E+01  3.8200E+01
colors set to 0.750 0.625 0.500     (color index   3)   ierr =  0
ATLb2.00,x =     5.400
 frame advance no.  14
blkini: jsec   =     6
 next section at  j,lat =    6     -9.95
xsecij - ja,jla,xla =     6    5   -9.950
 cross section: temperature zonal sec.  9.95s   year   0.00 (jan 16) [01.0H]
min  1.94E+00 at  39  40  max  2.75E+01 at  32  80  intvl.,lines  2.00E+00  12
xsecij - contour    =   2.0000E+00  1.9395E+00  2.7532E+01
xsecij - qq,qlo,qhi =   5.0000E-01 -2.0000E+00  3.0000E+01
colors set to 0.750 0.625 0.500     (color index   3)   ierr =  0
xsecij - ja,jla,xla =     6    5   -9.950
 cross section: salinity zonal sec.  9.95s   year   0.00 (jan 16) [01.0H]
min  3.35E+01 at  56  80  max  3.71E+01 at  35  79  intvl.,lines  2.00E-01  17
xsecij - contour    =   2.0000E-01  3.3506E+01  3.7076E+01
xsecij - qq,qlo,qhi =   1.0000E-01  3.1800E+01  3.8200E+01
colors set to 0.750 0.625 0.500     (color index   3)   ierr =  0
 frame advance no.  15
blkini: jsec   =     8
 next section at  j,lat =    8     -5.99
xsecij - ja,jla,xla =     8    7   -5.989
 cross section: temperature zonal sec.  5.99s   year   0.00 (jan 16) [01.0H]
min  1.16E+00 at  34  15  max  2.78E+01 at  32  80  intvl.,lines  2.00E+00  13
xsecij - contour    =   2.0000E+00  1.1615E+00  2.7842E+01
xsecij - qq,qlo,qhi =   5.0000E-01 -2.0000E+00  3.0000E+01
colors set to 0.750 0.625 0.500     (color index   3)   ierr =  0
xsecij - ja,jla,xla =     8    7   -5.989
 cross section: salinity zonal sec.  5.99s   year   0.00 (jan 16) [01.0H]
min  3.10E+01 at  55  80  max  3.70E+01 at  32  79  intvl.,lines  5.00E-01  11
xsecij - contour    =   5.0000E-01  3.1029E+01  3.6970E+01
xsecij - qq,qlo,qhi =   1.0000E-01  3.1800E+01  3.8200E+01
colors set to 0.750 0.625 0.500     (color index   3)   ierr =  0
 frame advance no.  16
blkini: jsec   =    10
 next section at  j,lat =   10     -2.00
xsecij - ja,jla,xla =    10    9   -2.000
 cross section: temperature zonal sec.  2.00s   year   0.00 (jan 16) [01.0H]
min  1.50E+00 at  35  16  max  2.78E+01 at  53  80  intvl.,lines  2.00E+00  13
xsecij - contour    =   2.0000E+00  1.4977E+00  2.7760E+01
xsecij - qq,qlo,qhi =   5.0000E-01 -2.0000E+00  3.0000E+01
colors set to 0.750 0.625 0.500     (color index   3)   ierr =  0
xsecij - ja,jla,xla =    10    9   -2.000
 cross section: salinity zonal sec.  2.00s   year   0.00 (jan 16) [01.0H]
min  3.29E+01 at  54  80  max  3.67E+01 at  27  80  intvl.,lines  2.00E-01  19
xsecij - contour    =   2.0000E-01  3.2880E+01  3.6743E+01
xsecij - qq,qlo,qhi =   1.0000E-01  3.1800E+01  3.8200E+01
colors set to 0.750 0.625 0.500     (color index   3)   ierr =  0
 frame advance no.  17
blkini: jsec   =    11
 next section at  j,lat =   11      0.00
xsecij - ja,jla,xla =    11   10    0.000
 cross section: temperature zonal sec.  0.00s   year   0.00 (jan 16) [01.0H]
min  1.85E+00 at  48  11  max  2.80E+01 at  54  80  intvl.,lines  2.00E+00  13
xsecij - contour    =   2.0000E+00  1.8476E+00  2.8035E+01
xsecij - qq,qlo,qhi =   5.0000E-01 -2.0000E+00  3.0000E+01
colors set to 0.750 0.625 0.500     (color index   3)   ierr =  0
xsecij - ja,jla,xla =    11   10    0.000
 cross section: salinity zonal sec.  0.00s   year   0.00 (jan 16) [01.0H]
min  3.00E+01 at  26  80  max  3.66E+01 at  29  79  intvl.,lines  5.00E-01  13
xsecij - contour    =   5.0000E-01  3.0014E+01  3.6636E+01
xsecij - qq,qlo,qhi =   1.0000E-01  3.1800E+01  3.8200E+01
colors set to 0.750 0.625 0.500     (color index   3)   ierr =  0
 frame advance no.  18
blkini: jsec   =    12
 next section at  j,lat =   12      2.00
xsecij - ja,jla,xla =    12   11    2.000
 cross section: temperature zonal sec.  2.00n   year   0.00 (jan 16) [01.0H]
min  1.92E+00 at  41  14  max  2.84E+01 at  54  80  intvl.,lines  2.00E+00  13
xsecij - contour    =   2.0000E+00  1.9236E+00  2.8369E+01
xsecij - qq,qlo,qhi =   5.0000E-01 -2.0000E+00  3.0000E+01
colors set to 0.750 0.625 0.500     (color index   3)   ierr =  0
xsecij - ja,jla,xla =    12   11    2.000
 cross section: salinity zonal sec.  2.00n   year   0.00 (jan 16) [01.0H]
min  2.38E+01 at  25  80  max  3.66E+01 at  29  79  intvl.,lines  1.00E+00  12
xsecij - contour    =   1.0000E+00  2.3808E+01  3.6628E+01
xsecij - qq,qlo,qhi =   1.0000E-01  3.1800E+01  3.8200E+01
colors set to 0.750 0.625 0.500     (color index   3)   ierr =  0
 frame advance no.  19
blkini: jsec   =    14
 next section at  j,lat =   14      5.99
xsecij - ja,jla,xla =    14   13    5.989
 cross section: temperature zonal sec.  5.99n   year   0.00 (jan 16) [01.0H]
min  1.80E+00 at  30  19  max  2.86E+01 at  44  80  intvl.,lines  2.00E+00  13
xsecij - contour    =   2.0000E+00  1.8004E+00  2.8575E+01
xsecij - qq,qlo,qhi =   5.0000E-01 -2.0000E+00  3.0000E+01
colors set to 0.750 0.625 0.500     (color index   3)   ierr =  0
xsecij - ja,jla,xla =    14   13    5.989
 cross section: salinity zonal sec.  5.99n   year   0.00 (jan 16) [01.0H]
min  2.87E+01 at  52  80  max  3.64E+01 at  23  78  intvl.,lines  5.00E-01  15
xsecij - contour    =   5.0000E-01  2.8720E+01  3.6418E+01
xsecij - qq,qlo,qhi =   1.0000E-01  3.1800E+01  3.8200E+01
colors set to 0.750 0.625 0.500     (color index   3)   ierr =  0
 frame advance no.  20
blkini: jsec   =    17
 next section at  j,lat =   17     11.91
xsecij - ja,jla,xla =    17   16   11.913
 cross section: temperature zonal sec. 11.91n   year   0.00 (jan 16) [01.0H]
min  1.76E+00 at  33   1  max  2.69E+01 at   9  80  intvl.,lines  2.00E+00  12
xsecij - contour    =   2.0000E+00  1.7599E+00  2.6905E+01
xsecij - qq,qlo,qhi =   5.0000E-01 -2.0000E+00  3.0000E+01
colors set to 0.750 0.625 0.500     (color index   3)   ierr =  0
xsecij - ja,jla,xla =    17   16   11.913
 cross section: salinity zonal sec. 11.91n   year   0.00 (jan 16) [01.0H]
min  3.41E+01 at  13  80  max  3.67E+01 at  24  79  intvl.,lines  2.00E-01  13
xsecij - contour    =   2.0000E-01  3.4083E+01  3.6747E+01
xsecij - qq,qlo,qhi =   1.0000E-01  3.1800E+01  3.8200E+01
colors set to 0.750 0.625 0.500     (color index   3)   ierr =  0
 frame advance no.  21
blkini: jsec   =    20
 next section at  j,lat =   20     17.71
xsecij - ja,jla,xla =    20   19   17.711
 cross section: temperature zonal sec. 17.71n   year   0.00 (jan 16) [01.0H]
min  1.66E+00 at  24  14  max  2.69E+01 at   6  80  intvl.,lines  2.00E+00  12
xsecij - contour    =   2.0000E+00  1.6556E+00  2.6905E+01
xsecij - qq,qlo,qhi =   5.0000E-01 -2.0000E+00  3.0000E+01
colors set to 0.750 0.625 0.500     (color index   3)   ierr =  0
xsecij - ja,jla,xla =    20   19   17.711
 cross section: salinity zonal sec. 17.71n   year   0.00 (jan 16) [01.0H]
min  3.48E+01 at  21  68  max  3.73E+01 at  28  79  intvl.,lines  2.00E-01  12
xsecij - contour    =   2.0000E-01  3.4781E+01  3.7317E+01
xsecij - qq,qlo,qhi =   1.0000E-01  3.1800E+01  3.8200E+01
colors set to 0.750 0.625 0.500     (color index   3)   ierr =  0
 frame advance no.  22
blkini: jsec   =    24
 next section at  j,lat =   24     25.15
xsecij - ja,jla,xla =    24   23   25.151
 cross section: temperature zonal sec. 25.15n   year   0.00 (jan 16) [01.0H]
min  1.73E+00 at  23   3  max  2.43E+01 at  10  80  intvl.,lines  2.00E+00  11
xsecij - contour    =   2.0000E+00  1.7272E+00  2.4313E+01
xsecij - qq,qlo,qhi =   5.0000E-01 -2.0000E+00  3.0000E+01
colors set to 0.750 0.625 0.500     (color index   3)   ierr =  0
xsecij - ja,jla,xla =    24   23   25.151
 cross section: salinity zonal sec. 25.15n   year   0.00 (jan 16) [01.0H]
min  3.49E+01 at   3  68  max  3.74E+01 at  28  80  intvl.,lines  2.00E-01  12
xsecij - contour    =   2.0000E-01  3.4889E+01  3.7423E+01
xsecij - qq,qlo,qhi =   1.0000E-01  3.1800E+01  3.8200E+01
colors set to 0.750 0.625 0.500     (color index   3)   ierr =  0
 frame advance no.  23
blkini: jsec   =    28
 next section at  j,lat =   28     32.16
xsecij - ja,jla,xla =    28   27   32.164
 cross section: temperature zonal sec. 32.16n   year   0.00 (jan 16) [01.0H]
min  1.47E+00 at  40  17  max  2.18E+01 at  11  79  intvl.,lines  1.00E+00  20
xsecij - contour    =   1.0000E+00  1.4740E+00  2.1783E+01
xsecij - qq,qlo,qhi =   5.0000E-01 -2.0000E+00  3.0000E+01
colors set to 0.750 0.625 0.500     (color index   3)   ierr =  0
xsecij - ja,jla,xla =    28   27   32.164
 cross section: salinity zonal sec. 32.16n   year   0.00 (jan 16) [01.0H]
min  3.49E+01 at  40  17  max  3.67E+01 at  37  80  intvl.,lines  1.00E-01  18
xsecij - contour    =   1.0000E-01  3.4910E+01  3.6721E+01
xsecij - qq,qlo,qhi =   1.0000E-01  3.1800E+01  3.8200E+01
colors set to 0.750 0.625 0.500     (color index   3)   ierr =  0
 frame advance no.  24
blkini: jsec   =    32
 next section at  j,lat =   32     38.68
xsecij - ja,jla,xla =    32   31   38.676
 cross section: temperature zonal sec. 38.68n   year   0.00 (jan 16) [01.0H]
min  1.78E+00 at  22  14  max  1.89E+01 at  20  80  intvl.,lines  1.00E+00  17
xsecij - contour    =   1.0000E+00  1.7815E+00  1.8902E+01
xsecij - qq,qlo,qhi =   5.0000E-01 -2.0000E+00  3.0000E+01
colors set to 0.750 0.625 0.500     (color index   3)   ierr =  0
xsecij - ja,jla,xla =    32   31   38.676
 cross section: salinity zonal sec. 38.68n   year   0.00 (jan 16) [01.0H]
min  3.26E+01 at  12  80  max  3.67E+01 at  45  63  intvl.,lines  2.00E-01  20
xsecij - contour    =   2.0000E-01  3.2579E+01  3.6686E+01
xsecij - qq,qlo,qhi =   1.0000E-01  3.1800E+01  3.8200E+01
colors set to 0.750 0.625 0.500     (color index   3)   ierr =  0
 frame advance no.  25
blkini: jsec   =    36
 next section at  j,lat =   36     44.65
xsecij - ja,jla,xla =    36   35   44.646
 cross section: temperature zonal sec. 44.65n   year   0.00 (jan 16) [01.0H]
min  2.01E+00 at  29  17  max  1.48E+01 at  30  80  intvl.,lines  1.00E+00  12
xsecij - contour    =   1.0000E+00  2.0067E+00  1.4752E+01
xsecij - qq,qlo,qhi =   5.0000E-01 -2.0000E+00  3.0000E+01
colors set to 0.750 0.625 0.500     (color index   3)   ierr =  0
xsecij - ja,jla,xla =    36   35   44.646
 cross section: salinity zonal sec. 44.65n   year   0.00 (jan 16) [01.0H]
min  3.09E+01 at  18  80  max  3.59E+01 at  33  79  intvl.,lines  5.00E-01   9
xsecij - contour    =   5.0000E-01  3.0890E+01  3.5860E+01
xsecij - qq,qlo,qhi =   1.0000E-01  3.1800E+01  3.8200E+01
colors set to 0.750 0.625 0.500     (color index   3)   ierr =  0
 frame advance no.  26
blkini: jsec   =    40
 next section at  j,lat =   40     50.06
xsecij - ja,jla,xla =    40   39   50.059
 cross section: temperature zonal sec. 50.06n   year   0.00 (jan 16) [01.0H]
min -7.68E-01 at  23  79  max  1.16E+01 at  40  79  intvl.,lines  1.00E+00  12
xsecij - contour    =   1.0000E+00 -7.6826E-01  1.1557E+01
xsecij - qq,qlo,qhi =   5.0000E-01 -2.0000E+00  3.0000E+01
colors set to 0.750 0.625 0.500     (color index   3)   ierr =  0
xsecij - ja,jla,xla =    40   39   50.059
 cross section: salinity zonal sec. 50.06n   year   0.00 (jan 16) [01.0H]
min  3.26E+01 at  23  80  max  3.55E+01 at  41  79  intvl.,lines  2.00E-01  14
xsecij - contour    =   2.0000E-01  3.2611E+01  3.5541E+01
xsecij - qq,qlo,qhi =   1.0000E-01  3.1800E+01  3.8200E+01
colors set to 0.750 0.625 0.500     (color index   3)   ierr =  0
 frame advance no.  27
blkini: jsec   =    44
 next section at  j,lat =   44     54.92
xsecij - ja,jla,xla =    44   43   54.924
 cross section: temperature zonal sec. 54.92n   year   0.00 (jan 16) [01.0H]
min -1.57E-02 at  21  80  max  1.02E+01 at  42  80  intvl.,lines  5.00E-01  20
xsecij - contour    =   5.0000E-01 -1.5692E-02  1.0208E+01
xsecij - qq,qlo,qhi =   5.0000E-01 -2.0000E+00  3.0000E+01
colors set to 0.750 0.625 0.500     (color index   3)   ierr =  0
xsecij - ja,jla,xla =    44   43   54.924
 cross section: salinity zonal sec. 54.92n   year   0.00 (jan 16) [01.0H]
min  3.17E+01 at  21  80  max  3.55E+01 at  44  65  intvl.,lines  2.00E-01  19
xsecij - contour    =   2.0000E-01  3.1697E+01  3.5523E+01
xsecij - qq,qlo,qhi =   1.0000E-01  3.1800E+01  3.8200E+01
colors set to 0.750 0.625 0.500     (color index   3)   ierr =  0
 frame advance no.  28
blkini: jsec   =    48
 next section at  j,lat =   48     59.26
xsecij - ja,jla,xla =    48   47   59.264
 cross section: temperature zonal sec. 59.26n   year   0.00 (jan 16) [01.0H]
min  6.03E-01 at  19  80  max  9.27E+00 at  41  79  intvl.,lines  5.00E-01  17
xsecij - contour    =   5.0000E-01  6.0318E-01  9.2681E+00
xsecij - qq,qlo,qhi =   5.0000E-01 -2.0000E+00  3.0000E+01
colors set to 0.750 0.625 0.500     (color index   3)   ierr =  0
xsecij - ja,jla,xla =    48   47   59.264
 cross section: salinity zonal sec. 59.26n   year   0.00 (jan 16) [01.0H]
min  3.41E+01 at  19  80  max  3.54E+01 at  46  78  intvl.,lines  1.00E-01  13
xsecij - contour    =   1.0000E-01  3.4060E+01  3.5428E+01
xsecij - qq,qlo,qhi =   1.0000E-01  3.1800E+01  3.8200E+01
colors set to 0.750 0.625 0.500     (color index   3)   ierr =  0
 frame advance no.  29
STOP: (normal)
